2024-08-16 09:25:09,617 [INFO] Activator:176 - 


2024-08-16 09:25:09,625 [INFO] Activator:177 - !SESSION log4j initialized
2024-08-16 09:25:14,911 [INFO] LogOutputStream:77 - [STDOUT_REDIRECT] 
2024-08-16 09:25:21,910 [INFO] ApplicationProperties:184 - Using Application install path: C:\ST\STM32CubeIDE_1.16.0\STM32CubeIDE\plugins\com.st.stm32cube.common.mx_6.12.0.202406281431
2024-08-16 09:25:21,932 [INFO] DbMcusXml:78 - Set database path to: C:\ST\STM32CubeIDE_1.16.0\STM32CubeIDE\plugins\com.st.stm32cube.common.mx_6.12.0.202406281431\\db\/mcu/
2024-08-16 09:25:21,932 [INFO] ApiDb:274 - Set plugin database path to: C:\ST\STM32CubeIDE_1.16.0\STM32CubeIDE\plugins\com.st.stm32cube.common.mx_6.12.0.202406281431\\db\/plugins/boardmanager/
2024-08-16 09:25:21,932 [WARN] ApiDb:259 - Overriding images path with different value:  => C:\ST\STM32CubeIDE_1.16.0\STM32CubeIDE\plugins\com.st.stm32cube.common.mx_6.12.0.202406281431\\db\/plugins/mcufinder/images/
2024-08-16 09:25:21,942 [INFO] ApiDb:250 - Set database path to: C:\Users\lagoeirl\.stmcufinder\plugins\mcufinder//mcu/
2024-08-16 09:25:21,943 [INFO] DbMcusAds:125 - Set database path to: C:\Users\lagoeirl\.stmcufinder\plugins\mcufinder//mcu/
2024-08-16 09:25:22,265 [INFO] CrossReferenceDbSqlite:203 - Set database path to: C:\Users\lagoeirl\.stmcufinder\plugins\mcufinder//mcu/cs/
2024-08-16 09:25:22,417 [INFO] RulesReader:64 - Compatibility file has been processed (297 Rules)
2024-08-16 09:25:22,527 [INFO] DbMcusXml:78 - Set database path to: C:\ST\STM32CubeIDE_1.16.0\STM32CubeIDE\plugins\com.st.stm32cube.common.mx_6.12.0.202406281431\\db\/mcu/
2024-08-16 09:25:22,527 [INFO] ApiDb:274 - Set plugin database path to: C:\ST\STM32CubeIDE_1.16.0\STM32CubeIDE\plugins\com.st.stm32cube.common.mx_6.12.0.202406281431\\db\/plugins/boardmanager/
2024-08-16 09:25:22,527 [INFO] ApiDb:261 - Set plugin images path to: C:\ST\STM32CubeIDE_1.16.0\STM32CubeIDE\plugins\com.st.stm32cube.common.mx_6.12.0.202406281431\\db\/plugins/mcufinder/images/
2024-08-16 09:25:22,528 [WARN] DbFile:41 - Overriding database path with different value: C:\Users\lagoeirl\.stmcufinder\plugins\mcufinder/ => C:\Users\lagoeirl\.stmcufinder\plugins\mcufinder
2024-08-16 09:25:22,528 [INFO] ApiDb:250 - Set database path to: C:\Users\lagoeirl\.stmcufinder\plugins\mcufinder//mcu/
2024-08-16 09:25:22,528 [WARN] DbFile:41 - Overriding database path with different value: C:\Users\lagoeirl\.stmcufinder\plugins\mcufinder/ => C:\Users\lagoeirl\.stmcufinder\plugins\mcufinder
2024-08-16 09:25:22,528 [INFO] DbMcusAds:125 - Set database path to: C:\Users\lagoeirl\.stmcufinder\plugins\mcufinder//mcu/
2024-08-16 09:25:22,528 [WARN] DbFile:41 - Overriding database path with different value: C:\Users\lagoeirl\.stmcufinder\plugins\mcufinder/ => C:\Users\lagoeirl\.stmcufinder\plugins\mcufinder
2024-08-16 09:25:22,528 [WARN] DbFile:41 - Overriding database path with different value: C:\Users\lagoeirl\.stmcufinder\plugins\mcufinder/ => C:\Users\lagoeirl\.stmcufinder\plugins\mcufinder
2024-08-16 09:25:22,808 [INFO] CrossReferenceDbSqlite:203 - Set database path to: C:\Users\lagoeirl\.stmcufinder\plugins\mcufinder//mcu/cs/
2024-08-16 09:25:22,959 [INFO] MainPanel:268 - HeapMemory: 268435456
2024-08-16 09:25:23,127 [INFO] DbMcusXml:78 - Set database path to: C:\ST\STM32CubeIDE_1.16.0\STM32CubeIDE\plugins\com.st.stm32cube.common.mx_6.12.0.202406281431\\db\/mcu/
2024-08-16 09:25:23,127 [INFO] ApiDb:274 - Set plugin database path to: C:\ST\STM32CubeIDE_1.16.0\STM32CubeIDE\plugins\com.st.stm32cube.common.mx_6.12.0.202406281431\\db\/plugins/boardmanager/
2024-08-16 09:25:23,127 [INFO] ApiDb:261 - Set plugin images path to: C:\ST\STM32CubeIDE_1.16.0\STM32CubeIDE\plugins\com.st.stm32cube.common.mx_6.12.0.202406281431\\db\/plugins/mcufinder/images/
2024-08-16 09:25:23,128 [WARN] DbFile:41 - Overriding database path with different value: C:\Users\lagoeirl\.stmcufinder\plugins\mcufinder/ => C:\Users\lagoeirl\.stmcufinder\plugins\mcufinder
2024-08-16 09:25:23,128 [INFO] ApiDb:250 - Set database path to: C:\Users\lagoeirl\.stmcufinder\plugins\mcufinder//mcu/
2024-08-16 09:25:23,128 [WARN] DbFile:41 - Overriding database path with different value: C:\Users\lagoeirl\.stmcufinder\plugins\mcufinder/ => C:\Users\lagoeirl\.stmcufinder\plugins\mcufinder
2024-08-16 09:25:23,128 [INFO] DbMcusAds:125 - Set database path to: C:\Users\lagoeirl\.stmcufinder\plugins\mcufinder//mcu/
2024-08-16 09:25:23,128 [WARN] DbFile:41 - Overriding database path with different value: C:\Users\lagoeirl\.stmcufinder\plugins\mcufinder/ => C:\Users\lagoeirl\.stmcufinder\plugins\mcufinder
2024-08-16 09:25:23,128 [WARN] DbFile:41 - Overriding database path with different value: C:\Users\lagoeirl\.stmcufinder\plugins\mcufinder/ => C:\Users\lagoeirl\.stmcufinder\plugins\mcufinder
2024-08-16 09:25:23,322 [ERROR] ConfigurationRetriever:142 - IOException on connection: Connect timed out
2024-08-16 09:25:23,418 [INFO] CrossReferenceDbSqlite:203 - Set database path to: C:\Users\lagoeirl\.stmcufinder\plugins\mcufinder//mcu/cs/
2024-08-16 09:25:23,483 [INFO] ApplicationProperties:184 - Using Application install path: C:\ST\STM32CubeIDE_1.16.0\STM32CubeIDE\plugins\com.st.stm32cube.common.mx_6.12.0.202406281431
2024-08-16 09:25:23,485 [INFO] PluginManage:196 - Search for loadable plugins [exclusion list=, ]
2024-08-16 09:25:23,488 [INFO] PluginManage:310 - Check plugin analytics
2024-08-16 09:25:25,326 [ERROR] ConfigurationRetriever:142 - IOException on connection: Connect timed out
2024-08-16 09:25:27,330 [ERROR] ConfigurationRetriever:142 - IOException on connection: Connect timed out
2024-08-16 09:25:29,130 [INFO] AnalyticsPlugin:253 - Accepted Software Licenses: STM32CubeMX.6.11.1
2024-08-16 09:25:29,130 [INFO] AnalyticsPlugin:255 - Accepted CMSIS Pack Licenses: 
2024-08-16 09:25:29,130 [INFO] AnalyticsPlugin:257 - Accepted Firmware Licenses: FW.H7.1.11.0,FW.L4.1.18.0
2024-08-16 09:25:29,134 [INFO] PluginManage:359 - Loaded plugin analytics (category:tool,tabindex:-1)
2024-08-16 09:25:29,134 [INFO] PluginManage:310 - Check plugin cadmodel
2024-08-16 09:25:29,142 [INFO] CADModel:105 - Init CAD model plugin
2024-08-16 09:25:29,142 [INFO] PluginManage:359 - Loaded plugin cadmodel (category:power,tabindex:5)
2024-08-16 09:25:29,142 [INFO] PluginManage:310 - Check plugin clock
2024-08-16 09:25:29,150 [INFO] PluginManage:359 - Loaded plugin clock (category:base,tabindex:2)
2024-08-16 09:25:29,151 [INFO] PluginManage:310 - Check plugin ddr
2024-08-16 09:25:29,154 [INFO] PluginManage:359 - Loaded plugin ddr (category:tool,tabindex:6)
2024-08-16 09:25:29,154 [INFO] PluginManage:310 - Check plugin filemanager
2024-08-16 09:25:29,338 [INFO] PluginManage:359 - Loaded plugin filemanager (category:base,tabindex:10)
2024-08-16 09:25:29,338 [INFO] PluginManage:310 - Check plugin ipmanager
2024-08-16 09:25:29,355 [INFO] PluginManage:359 - Loaded plugin ipmanager (category:base,tabindex:5)
2024-08-16 09:25:29,356 [INFO] PluginManage:310 - Check plugin lpbam
2024-08-16 09:25:29,376 [INFO] PluginManage:359 - Loaded plugin lpbam (category:base,tabindex:0)
2024-08-16 09:25:29,376 [INFO] PluginManage:310 - Check plugin memorymap
2024-08-16 09:25:29,402 [INFO] PluginManage:359 - Loaded plugin memorymap (category:base,tabindex:4)
2024-08-16 09:25:29,402 [INFO] PluginManage:310 - Check plugin pinoutandconfiguration
2024-08-16 09:25:29,419 [INFO] PluginManage:359 - Loaded plugin pinoutandconfiguration (category:base,tabindex:1)
2024-08-16 09:25:29,419 [INFO] PluginManage:310 - Check plugin pinoutconfig
2024-08-16 09:25:29,574 [WARN] SupportedApi:132 - Cannot load RTOS API schema: s4s-elt-must-match.1: The content of 'definitions' must match (annotation?, (simpleType | complexType)?, (unique | key | keyref)*)). A problem was found starting at: attribute.
2024-08-16 09:25:29,744 [INFO] PluginManage:359 - Loaded plugin pinoutconfig (category:base,tabindex:0)
2024-08-16 09:25:29,744 [INFO] PluginManage:310 - Check plugin power
2024-08-16 09:25:29,754 [INFO] PluginManage:359 - Loaded plugin power (category:power,tabindex:4)
2024-08-16 09:25:29,755 [INFO] PluginManage:310 - Check plugin projectmanager
2024-08-16 09:25:29,774 [INFO] PluginManage:359 - Loaded plugin projectmanager (category:projectmanager,tabindex:4)
2024-08-16 09:25:29,774 [INFO] PluginManage:310 - Check plugin rif
2024-08-16 09:25:29,781 [INFO] PluginManage:359 - Loaded plugin rif (category:base,tabindex:3)
2024-08-16 09:25:29,782 [INFO] PluginManage:310 - Check plugin thirdparty
2024-08-16 09:25:29,966 [INFO] PluginManage:359 - Loaded plugin thirdparty (category:base,tabindex:-1)
2024-08-16 09:25:29,966 [WARN] IntegrityCheckThread:84 - waiting for thirdparty lock release [integrity check]
2024-08-16 09:25:29,967 [INFO] PluginManage:310 - Check plugin tools
2024-08-16 09:25:29,967 [INFO] IntegrityCheckThread:86 - entering critical section [integrity check]
2024-08-16 09:25:29,967 [INFO] ThirdPartyUpdaterWithRetryManager:70 - Updater plugin not ready yet. [1/15]
2024-08-16 09:25:29,969 [INFO] PluginManage:359 - Loaded plugin tools (category:base,tabindex:7)
2024-08-16 09:25:29,969 [INFO] PluginManage:310 - Check plugin tutovideos
2024-08-16 09:25:30,149 [INFO] PluginManage:359 - Loaded plugin tutovideos (category:base,tabindex:-1)
2024-08-16 09:25:30,149 [INFO] PluginManage:310 - Check plugin updater
2024-08-16 09:25:30,170 [INFO] PluginManage:359 - Loaded plugin updater (category:base,tabindex:12)
2024-08-16 09:25:30,171 [INFO] PluginManage:310 - Check plugin userauth
2024-08-16 09:25:30,178 [INFO] UserAuth:113 - Init User Auth plugin
2024-08-16 09:25:30,178 [INFO] PluginManage:359 - Loaded plugin userauth (category:base,tabindex:14)
2024-08-16 09:25:30,178 [INFO] PluginManage:283 - PluginManage : Loaded plugins [18]
2024-08-16 09:25:30,499 [INFO] PinOutPanel:1561 - setPackage(No Configuration,No Configuration)
2024-08-16 09:25:30,731 [INFO] CADModel:165 - CPN selected for project level
2024-08-16 09:25:30,732 [INFO] CADModel:114 - Register for checkConnection events
2024-08-16 09:25:30,773 [INFO] IPUIPlugin:80 - create IPUIPlugin
2024-08-16 09:25:30,773 [INFO] PluginManager:220 - loadIPPluginJar : add adc
2024-08-16 09:25:30,779 [INFO] IPUIPlugin:80 - create IPUIPlugin
2024-08-16 09:25:30,779 [INFO] PluginManager:220 - loadIPPluginJar : add aes
2024-08-16 09:25:30,783 [INFO] IPUIPlugin:80 - create IPUIPlugin
2024-08-16 09:25:30,784 [INFO] PluginManager:220 - loadIPPluginJar : add can
2024-08-16 09:25:30,786 [INFO] IPUIPlugin:80 - create IPUIPlugin
2024-08-16 09:25:30,787 [INFO] PluginManager:220 - loadIPPluginJar : add comp
2024-08-16 09:25:30,790 [INFO] IPUIPlugin:80 - create IPUIPlugin
2024-08-16 09:25:30,791 [INFO] PluginManager:220 - loadIPPluginJar : add cryp
2024-08-16 09:25:30,795 [INFO] IPUIPlugin:80 - create IPUIPlugin
2024-08-16 09:25:30,795 [INFO] PluginManager:220 - loadIPPluginJar : add ddr_ctrl_phy
2024-08-16 09:25:30,798 [INFO] IPUIPlugin:80 - create IPUIPlugin
2024-08-16 09:25:30,799 [INFO] PluginManager:220 - loadIPPluginJar : add dfsdm
2024-08-16 09:25:30,806 [INFO] IPUIPlugin:80 - create IPUIPlugin
2024-08-16 09:25:30,807 [INFO] PluginManager:220 - loadIPPluginJar : add dma
2024-08-16 09:25:30,812 [INFO] IPUIPlugin:80 - create IPUIPlugin
2024-08-16 09:25:30,812 [INFO] PluginManager:220 - loadIPPluginJar : add dma3
2024-08-16 09:25:30,817 [INFO] IPUIPlugin:80 - create IPUIPlugin
2024-08-16 09:25:30,817 [INFO] PluginManager:220 - loadIPPluginJar : add extmemmanager
2024-08-16 09:25:30,819 [INFO] IPUIPlugin:80 - create IPUIPlugin
2024-08-16 09:25:30,820 [INFO] PluginManager:220 - loadIPPluginJar : add fatfs
2024-08-16 09:25:30,826 [INFO] IPUIPlugin:80 - create IPUIPlugin
2024-08-16 09:25:30,826 [INFO] PluginManager:220 - loadIPPluginJar : add fmc
2024-08-16 09:25:30,835 [INFO] IPUIPlugin:80 - create IPUIPlugin
2024-08-16 09:25:30,835 [INFO] PluginManager:220 - loadIPPluginJar : add freertos
2024-08-16 09:25:30,838 [INFO] IPUIPlugin:80 - create IPUIPlugin
2024-08-16 09:25:30,838 [INFO] PluginManager:220 - loadIPPluginJar : add genericplugin
2024-08-16 09:25:30,842 [INFO] IPUIPlugin:80 - create IPUIPlugin
2024-08-16 09:25:30,842 [INFO] PluginManager:220 - loadIPPluginJar : add gfxmmu
2024-08-16 09:25:30,850 [INFO] IPUIPlugin:80 - create IPUIPlugin
2024-08-16 09:25:30,850 [INFO] PluginManager:220 - loadIPPluginJar : add gic
2024-08-16 09:25:30,858 [INFO] IPUIPlugin:80 - create IPUIPlugin
2024-08-16 09:25:30,858 [INFO] PluginManager:220 - loadIPPluginJar : add gpio
2024-08-16 09:25:30,863 [INFO] IPUIPlugin:80 - create IPUIPlugin
2024-08-16 09:25:30,863 [INFO] PluginManager:220 - loadIPPluginJar : add gtzc
2024-08-16 09:25:30,869 [INFO] IPUIPlugin:80 - create IPUIPlugin
2024-08-16 09:25:30,869 [INFO] PluginManager:220 - loadIPPluginJar : add hash
2024-08-16 09:25:30,873 [INFO] IPUIPlugin:80 - create IPUIPlugin
2024-08-16 09:25:30,873 [INFO] PluginManager:220 - loadIPPluginJar : add i2c
2024-08-16 09:25:30,877 [INFO] IPUIPlugin:80 - create IPUIPlugin
2024-08-16 09:25:30,877 [INFO] PluginManager:220 - loadIPPluginJar : add i2s
2024-08-16 09:25:30,881 [INFO] IPUIPlugin:80 - create IPUIPlugin
2024-08-16 09:25:30,881 [INFO] PluginManager:220 - loadIPPluginJar : add i3c
2024-08-16 09:25:30,885 [INFO] IPUIPlugin:80 - create IPUIPlugin
2024-08-16 09:25:30,885 [INFO] PluginManager:220 - loadIPPluginJar : add ipddr
2024-08-16 09:25:30,898 [INFO] IPUIPlugin:80 - create IPUIPlugin
2024-08-16 09:25:30,899 [INFO] PluginManager:220 - loadIPPluginJar : add linkedlist
2024-08-16 09:25:30,905 [INFO] IPUIPlugin:80 - create IPUIPlugin
2024-08-16 09:25:30,905 [INFO] PluginManager:220 - loadIPPluginJar : add lorawan
2024-08-16 09:25:30,908 [INFO] IPUIPlugin:80 - create IPUIPlugin
2024-08-16 09:25:30,908 [INFO] PluginManager:220 - loadIPPluginJar : add ltdc
2024-08-16 09:25:30,919 [INFO] IPUIPlugin:80 - create IPUIPlugin
2024-08-16 09:25:30,919 [INFO] PluginManager:220 - loadIPPluginJar : add mdma
2024-08-16 09:25:30,927 [INFO] IPUIPlugin:80 - create IPUIPlugin
2024-08-16 09:25:30,928 [INFO] PluginManager:220 - loadIPPluginJar : add nvic
2024-08-16 09:25:30,934 [INFO] IPUIPlugin:80 - create IPUIPlugin
2024-08-16 09:25:30,934 [INFO] PluginManager:220 - loadIPPluginJar : add opamp
2024-08-16 09:25:30,940 [INFO] IPUIPlugin:80 - create IPUIPlugin
2024-08-16 09:25:30,940 [INFO] PluginManager:220 - loadIPPluginJar : add openamp
2024-08-16 09:25:30,949 [INFO] IPUIPlugin:80 - create IPUIPlugin
2024-08-16 09:25:30,950 [INFO] PluginManager:220 - loadIPPluginJar : add pdm2pcm
2024-08-16 09:25:30,960 [INFO] IPUIPlugin:80 - create IPUIPlugin
2024-08-16 09:25:30,964 [INFO] PluginManager:220 - loadIPPluginJar : add plateformsettings
2024-08-16 09:25:30,968 [INFO] IPUIPlugin:80 - create IPUIPlugin
2024-08-16 09:25:30,968 [INFO] PluginManager:220 - loadIPPluginJar : add quadspi
2024-08-16 09:25:30,972 [INFO] IPUIPlugin:80 - create IPUIPlugin
2024-08-16 09:25:30,973 [INFO] PluginManager:220 - loadIPPluginJar : add radio
2024-08-16 09:25:30,980 [INFO] IPUIPlugin:80 - create IPUIPlugin
2024-08-16 09:25:30,980 [INFO] PluginManager:220 - loadIPPluginJar : add resmgrutility
2024-08-16 09:25:30,984 [INFO] IPUIPlugin:80 - create IPUIPlugin
2024-08-16 09:25:30,985 [INFO] PluginManager:220 - loadIPPluginJar : add sai
2024-08-16 09:25:30,988 [INFO] IPUIPlugin:80 - create IPUIPlugin
2024-08-16 09:25:30,988 [INFO] PluginManager:220 - loadIPPluginJar : add spi
2024-08-16 09:25:30,996 [INFO] IPUIPlugin:80 - create IPUIPlugin
2024-08-16 09:25:30,996 [INFO] PluginManager:220 - loadIPPluginJar : add stm32_wpan
2024-08-16 09:25:30,998 [INFO] IPUIPlugin:80 - create IPUIPlugin
2024-08-16 09:25:30,998 [INFO] PluginManager:220 - loadIPPluginJar : add tim
2024-08-16 09:25:31,004 [INFO] IPUIPlugin:80 - create IPUIPlugin
2024-08-16 09:25:31,004 [INFO] PluginManager:220 - loadIPPluginJar : add touchsensing
2024-08-16 09:25:31,009 [INFO] IPUIPlugin:80 - create IPUIPlugin
2024-08-16 09:25:31,009 [INFO] PluginManager:220 - loadIPPluginJar : add tracer_emb
2024-08-16 09:25:31,013 [INFO] IPUIPlugin:80 - create IPUIPlugin
2024-08-16 09:25:31,013 [INFO] PluginManager:220 - loadIPPluginJar : add ts
2024-08-16 09:25:31,018 [INFO] IPUIPlugin:80 - create IPUIPlugin
2024-08-16 09:25:31,019 [INFO] PluginManager:220 - loadIPPluginJar : add tsc
2024-08-16 09:25:31,022 [INFO] IPUIPlugin:80 - create IPUIPlugin
2024-08-16 09:25:31,022 [INFO] PluginManager:220 - loadIPPluginJar : add ucpd
2024-08-16 09:25:31,027 [INFO] IPUIPlugin:80 - create IPUIPlugin
2024-08-16 09:25:31,027 [INFO] PluginManager:220 - loadIPPluginJar : add usart
2024-08-16 09:25:31,032 [INFO] IPUIPlugin:80 - create IPUIPlugin
2024-08-16 09:25:31,032 [INFO] PluginManager:220 - loadIPPluginJar : add usbx
2024-08-16 09:25:31,188 [INFO] CADModel:165 - CPN selected for project level
2024-08-16 09:25:31,188 [INFO] CADModel:114 - Register for checkConnection events
2024-08-16 09:25:31,190 [FATAL] Updater:334 - Updater called before beeing initialized
2024-08-16 09:25:31,190 [ERROR] CADModel:125 - Updater not yet initialized, retry later 
2024-08-16 09:25:31,371 [INFO] CADModel:165 - CPN selected for project level
2024-08-16 09:25:31,371 [INFO] CADModel:114 - Register for checkConnection events
2024-08-16 09:25:31,371 [FATAL] Updater:334 - Updater called before beeing initialized
2024-08-16 09:25:31,372 [ERROR] CADModel:125 - Updater not yet initialized, retry later 
2024-08-16 09:25:31,375 [FATAL] Updater:334 - Updater called before beeing initialized
2024-08-16 09:25:31,506 [FATAL] Updater:334 - Updater called before beeing initialized
2024-08-16 09:25:31,512 [INFO] DbMcusAds:53 - JSON generation date=Thu May 16 06:22:00 BRT 2024 (1715851320667)
2024-08-16 09:25:31,512 [FATAL] Updater:334 - Updater called before beeing initialized
2024-08-16 09:25:31,566 [WARN] DetailPanel:346 - Failed to get advertising image, set to default
2024-08-16 09:25:31,681 [FATAL] Updater:334 - Updater called before beeing initialized
2024-08-16 09:25:31,684 [FATAL] Updater:334 - Updater called before beeing initialized
2024-08-16 09:25:31,684 [FATAL] Updater:334 - Updater called before beeing initialized
2024-08-16 09:25:31,685 [WARN] DetailPanel:346 - Failed to get advertising image, set to default
2024-08-16 09:25:31,686 [FATAL] Updater:334 - Updater called before beeing initialized
2024-08-16 09:25:31,761 [ERROR] Updater:1164 - MainUpdater not yet initialized. External WinMGr cannot be set.
2024-08-16 09:25:31,766 [INFO] Updater:1100 - Updater Version found : 6.12.0
2024-08-16 09:25:31,793 [INFO] ApplicationProperties:184 - Using Application install path: C:\ST\STM32CubeIDE_1.16.0\STM32CubeIDE\plugins\com.st.stm32cube.common.mx_6.12.0.202406281431
2024-08-16 09:25:32,968 [INFO] ThirdPartyUpdaterWithRetryManager:70 - Updater plugin not ready yet. [2/15]
2024-08-16 09:25:33,429 [ERROR] LogOutputStream:75 - [STDERR_REDIRECT] Aug 16, 2024 9:25:33 AM java.util.prefs.WindowsPreferences <init>
2024-08-16 09:25:33,430 [ERROR] LogOutputStream:75 - [STDERR_REDIRECT] WARNING: Could not open/create prefs root node Software\JavaSoft\Prefs at root 0xffffffff80000002. Windows RegCreateKeyEx(...) returned error code 5.
2024-08-16 09:25:33,430 [ERROR] LogOutputStream:75 - [STDERR_REDIRECT] 
2024-08-16 09:25:33,487 [INFO] MainUpdater:526 - Copy updater definitions from MX database
2024-08-16 09:25:34,136 [ERROR] ConfigurationRetriever:142 - IOException on connection: Connect timed out
2024-08-16 09:25:35,969 [FATAL] Updater:334 - Updater called before beeing initialized
2024-08-16 09:25:35,971 [ERROR] IntegrityCheckThread:130 - Cannot retrieve database content from updater: error 21
2024-08-16 09:25:35,971 [INFO] ThirdParty:978 - Integrity check success = false
2024-08-16 09:25:35,972 [INFO] IntegrityCheckThread:100 - exiting critical section [integrity check]
2024-08-16 09:25:35,972 [INFO] IntegrityCheckThread:103 - End integrity checks thread
2024-08-16 09:25:37,633 [WARN] CheckConnectionManager:291 - Warning during Server Connection :  timeout Connect to sw-center.st.com:443 [sw-center.st.com/201.0.219.161, sw-center.st.com/201.0.219.41] failed: Connect timed out
2024-08-16 09:25:39,140 [ERROR] ConfigurationRetriever:142 - IOException on connection: Connect timed out
2024-08-16 09:25:41,649 [WARN] CheckConnectionManager:291 - Warning during Server Connection :  timeout Connect to sw-center.st.com:443 [sw-center.st.com/201.0.219.161, sw-center.st.com/201.0.219.41] failed: Connect timed out
2024-08-16 09:25:41,662 [INFO] MainUpdater:2873 - connection check result : 22
2024-08-16 09:25:41,664 [INFO] MainUpdater:290 - Updater Check For Update Now.
2024-08-16 09:25:41,665 [INFO] MicroXplorer:498 - Change Database Version : DB.6.0.120
2024-08-16 09:25:41,715 [INFO] McuFinderGlobals:63 - Set McuFinder mode to 2 (CubeIDE integrated)
2024-08-16 09:25:41,718 [INFO] UserAuth:417 - Internet connection configuration mode: 2
2024-08-16 09:25:41,735 [INFO] UserAuth:417 - Internet connection configuration mode: 2
2024-08-16 09:25:42,011 [INFO] CheckServerUpdateThread:120 - End of CheckServer Thread
2024-08-16 09:25:44,144 [ERROR] ConfigurationRetriever:142 - IOException on connection: Connect timed out
2024-08-16 09:33:30,590 [ERROR] ConfigurationRetriever:142 - IOException on connection: Connect timed out
2024-08-16 09:33:32,592 [ERROR] ConfigurationRetriever:142 - IOException on connection: Connect timed out
2024-08-16 09:33:34,595 [ERROR] ConfigurationRetriever:142 - IOException on connection: Connect timed out
2024-08-16 09:33:36,709 [ERROR] ConfigurationRetriever:142 - IOException on connection: Connect timed out
2024-08-16 09:33:38,711 [ERROR] ConfigurationRetriever:142 - IOException on connection: Connect timed out
2024-08-16 09:33:40,713 [ERROR] ConfigurationRetriever:142 - IOException on connection: Connect timed out
2024-08-16 09:34:28,599 [ERROR] ConfigurationRetriever:142 - IOException on connection: Connect timed out
2024-08-16 09:34:30,601 [ERROR] ConfigurationRetriever:142 - IOException on connection: Connect timed out
2024-08-16 09:34:32,604 [ERROR] ConfigurationRetriever:142 - IOException on connection: Connect timed out
2024-08-16 09:34:34,685 [ERROR] ConfigurationRetriever:142 - IOException on connection: Connect timed out
2024-08-16 09:34:36,689 [ERROR] ConfigurationRetriever:142 - IOException on connection: Connect timed out
2024-08-16 09:34:38,691 [ERROR] ConfigurationRetriever:142 - IOException on connection: Connect timed out
2024-08-16 09:35:14,686 [ERROR] ConfigurationRetriever:142 - IOException on connection: Connect timed out
2024-08-16 09:35:16,688 [ERROR] ConfigurationRetriever:142 - IOException on connection: Connect timed out
2024-08-16 09:35:18,691 [ERROR] ConfigurationRetriever:142 - IOException on connection: Connect timed out
2024-08-16 09:35:20,722 [ERROR] ConfigurationRetriever:142 - IOException on connection: Connect timed out
2024-08-16 09:35:22,724 [ERROR] ConfigurationRetriever:142 - IOException on connection: Connect timed out
2024-08-16 09:35:24,725 [ERROR] ConfigurationRetriever:142 - IOException on connection: Connect timed out
2024-08-16 09:36:10,327 [ERROR] ConfigurationRetriever:142 - IOException on connection: Connect timed out
2024-08-16 09:36:12,328 [ERROR] ConfigurationRetriever:142 - IOException on connection: Connect timed out
2024-08-16 09:36:14,331 [ERROR] ConfigurationRetriever:142 - IOException on connection: Connect timed out
2024-08-16 09:36:16,455 [ERROR] ConfigurationRetriever:142 - IOException on connection: Connect timed out
2024-08-16 09:36:18,458 [ERROR] ConfigurationRetriever:142 - IOException on connection: Connect timed out
2024-08-16 09:36:20,462 [ERROR] ConfigurationRetriever:142 - IOException on connection: Connect timed out
2024-08-16 09:39:55,378 [ERROR] ConfigurationRetriever:142 - IOException on connection: Connect timed out
2024-08-16 09:39:57,380 [ERROR] ConfigurationRetriever:142 - IOException on connection: Connect timed out
2024-08-16 09:39:59,383 [ERROR] ConfigurationRetriever:142 - IOException on connection: Connect timed out
2024-08-16 09:40:13,836 [ERROR] ConfigurationRetriever:142 - IOException on connection: Connect timed out
2024-08-16 09:40:15,837 [ERROR] ConfigurationRetriever:142 - IOException on connection: Connect timed out
2024-08-16 09:40:17,839 [ERROR] ConfigurationRetriever:142 - IOException on connection: Connect timed out
2024-08-16 09:45:08,901 [ERROR] ConfigurationRetriever:142 - IOException on connection: Connect timed out
2024-08-16 09:45:10,904 [ERROR] ConfigurationRetriever:142 - IOException on connection: Connect timed out
2024-08-16 09:45:12,906 [ERROR] ConfigurationRetriever:142 - IOException on connection: Connect timed out
2024-08-16 09:45:14,390 [INFO] McuFinderGlobals:63 - Set McuFinder mode to 2 (CubeIDE integrated)
2024-08-16 09:45:16,404 [WARN] CheckConnectionManager:291 - Warning during Server Connection :  timeout Connect to sw-center.st.com:443 [sw-center.st.com/201.0.219.41, sw-center.st.com/201.0.219.161] failed: Connect timed out
2024-08-16 09:45:18,412 [WARN] CheckConnectionManager:291 - Warning during Server Connection :  timeout Connect to sw-center.st.com:443 [sw-center.st.com/201.0.219.41, sw-center.st.com/201.0.219.161] failed: Connect timed out
2024-08-16 09:45:18,419 [INFO] MainUpdater:2873 - connection check result : 22
2024-08-16 09:45:20,428 [WARN] CheckConnectionManager:291 - Warning during Server Connection :  timeout Connect to sw-center.st.com:443 [sw-center.st.com/201.0.219.41, sw-center.st.com/201.0.219.161] failed: Connect timed out
2024-08-16 09:45:22,437 [WARN] CheckConnectionManager:291 - Warning during Server Connection :  timeout Connect to sw-center.st.com:443 [sw-center.st.com/201.0.219.41, sw-center.st.com/201.0.219.161] failed: Connect timed out
2024-08-16 09:45:22,439 [INFO] MainUpdater:2873 - connection check result : 22
2024-08-16 09:45:25,654 [INFO] RulesReader:64 - Compatibility file has been processed (297 Rules)
2024-08-16 09:45:25,666 [INFO] RulesReader:64 - Compatibility file has been processed (297 Rules)
2024-08-16 09:45:25,672 [INFO] MicroXplorer:468 - Change Database Path : 
2024-08-16 09:45:25,673 [INFO] MicroXplorer:498 - Change Database Version : DB.6.0.120
2024-08-16 09:45:25,681 [WARN] ThirdParty:871 - waiting for thirdparty lock release [close project]
2024-08-16 09:45:25,681 [INFO] ThirdParty:873 - entering critical section [close project]
2024-08-16 09:45:25,683 [INFO] ThirdParty:883 - exiting critical section [close project]
2024-08-16 09:45:25,686 [INFO] PinOutPanel:1561 - setPackage(No Configuration,No Configuration)
2024-08-16 09:45:25,692 [INFO] UtilMem:75 - Begin LoadConfig() Used Memory: 172420528 Bytes (311427072)
2024-08-16 09:45:25,695 [INFO] MicroXplorer:468 - Change Database Path : 
2024-08-16 09:45:25,695 [INFO] MicroXplorer:498 - Change Database Version : DB.6.0.120
2024-08-16 09:45:25,695 [INFO] OpenFileManager:332 - Change cursor
2024-08-16 09:45:25,715 [WARN] IntegrityCheckThread:84 - waiting for thirdparty lock release [integrity check]
2024-08-16 09:45:25,715 [INFO] IntegrityCheckThread:86 - entering critical section [integrity check]
2024-08-16 09:45:25,997 [WARN] PackLoader:240 - Cannot read IP mode file for STMicroelectronics.X-CUBE-SMBUS.2.1.0
2024-08-16 09:45:26,032 [WARN] PackLoader:240 - Cannot read IP mode file for STMicroelectronics.X-CUBE-AZRTOS-F7.1.1.0
2024-08-16 09:45:26,046 [WARN] PackLoader:240 - Cannot read IP mode file for STMicroelectronics.FP-SNS-FLIGHT1.5.0.2
2024-08-16 09:45:26,058 [WARN] PackLoader:240 - Cannot read IP mode file for STMicroelectronics.X-CUBE-DISPLAY.3.0.0
2024-08-16 09:45:26,074 [WARN] PackLoader:240 - Cannot read IP mode file for STMicroelectronics.X-CUBE-BLE1.7.0.0
2024-08-16 09:45:26,085 [WARN] PackLoader:240 - Cannot read IP mode file for emotas.I-CUBE-CANOPEN.1.3.0
2024-08-16 09:45:26,102 [WARN] PackLoader:240 - Cannot read IP mode file for STMicroelectronics.X-CUBE-BLEMGR.3.1.0
2024-08-16 09:45:26,113 [WARN] PackLoader:240 - Cannot read IP mode file for STMicroelectronics.FP-SNS-SMARTAG2.1.2.0
2024-08-16 09:45:26,127 [INFO] LogOutputStream:77 - [STDOUT_REDIRECT] 1 : Invalid condition id : UX_CORESTACK_Condition cause : null
2024-08-16 09:45:26,128 [INFO] LogOutputStream:77 - [STDOUT_REDIRECT] 1 : Invalid condition id : UX_CORESTACK_Condition cause : null
2024-08-16 09:45:26,129 [INFO] LogOutputStream:77 - [STDOUT_REDIRECT] 1 : Invalid condition id : UX_CORESTACK_Condition cause : null
2024-08-16 09:45:26,131 [INFO] LogOutputStream:77 - [STDOUT_REDIRECT] 1 : Invalid condition id : UX_CORESTACK_Condition cause : null
2024-08-16 09:45:26,132 [INFO] LogOutputStream:77 - [STDOUT_REDIRECT] 1 : Invalid condition id : UX_CORESTACK_Condition cause : null
2024-08-16 09:45:26,136 [WARN] PackLoader:240 - Cannot read IP mode file for STMicroelectronics.X-CUBE-AZRTOS-WL.2.0.0
2024-08-16 09:45:26,146 [WARN] PackLoader:240 - Cannot read IP mode file for wolfSSL.I-CUBE-wolfMQTT.1.19.0
2024-08-16 09:45:26,156 [WARN] PackLoader:240 - Cannot read IP mode file for WES.I-CUBE-Cesium.1.3.0
2024-08-16 09:45:26,165 [WARN] PackLoader:240 - Cannot read IP mode file for STMicroelectronics.X-CUBE-BLE2.3.3.0
2024-08-16 09:45:26,188 [WARN] PackLoader:240 - Cannot read IP mode file for STMicroelectronics.X-CUBE-AZRTOS-G0.1.1.0
2024-08-16 09:45:26,209 [WARN] PackLoader:240 - Cannot read IP mode file for STMicroelectronics.X-CUBE-NFC4.3.0.0
2024-08-16 09:45:26,227 [WARN] PackLoader:240 - Cannot read IP mode file for EmbeddedOffice.I-CUBE-FS-RTOS.1.0.1
2024-08-16 09:45:26,228 [ERROR] ConditionMgr:805 - Attr not supported : Dmpu
2024-08-16 09:45:26,228 [ERROR] ConditionMgr:805 - Attr not supported : Dmpu
2024-08-16 09:45:26,228 [ERROR] ConditionMgr:805 - Attr not supported : Dmpu
2024-08-16 09:45:26,228 [ERROR] ConditionMgr:805 - Attr not supported : Dmpu
2024-08-16 09:45:26,228 [ERROR] ConditionMgr:805 - Attr not supported : Dmpu
2024-08-16 09:45:26,228 [ERROR] ConditionMgr:805 - Attr not supported : Dmpu
2024-08-16 09:45:26,228 [ERROR] ConditionMgr:805 - Attr not supported : Dmpu
2024-08-16 09:45:26,228 [ERROR] ConditionMgr:805 - Attr not supported : Dmpu
2024-08-16 09:45:26,228 [ERROR] ConditionMgr:805 - Attr not supported : Dmpu
2024-08-16 09:45:26,228 [ERROR] ConditionMgr:805 - Attr not supported : Dmpu
2024-08-16 09:45:26,228 [ERROR] ConditionMgr:805 - Attr not supported : Dmpu
2024-08-16 09:45:26,228 [ERROR] ConditionMgr:805 - Attr not supported : Dmpu
2024-08-16 09:45:26,229 [ERROR] ConditionMgr:805 - Attr not supported : Dmpu
2024-08-16 09:45:26,229 [ERROR] ConditionMgr:805 - Attr not supported : Dmpu
2024-08-16 09:45:26,229 [ERROR] ConditionMgr:805 - Attr not supported : Dmpu
2024-08-16 09:45:26,229 [ERROR] ConditionMgr:805 - Attr not supported : Dmpu
2024-08-16 09:45:26,229 [ERROR] ConditionMgr:805 - Attr not supported : Dmpu
2024-08-16 09:45:26,229 [ERROR] ConditionMgr:805 - Attr not supported : Dmpu
2024-08-16 09:45:26,229 [ERROR] ConditionMgr:805 - Attr not supported : Dmpu
2024-08-16 09:45:26,229 [ERROR] ConditionMgr:805 - Attr not supported : Dmpu
2024-08-16 09:45:26,229 [ERROR] ConditionMgr:805 - Attr not supported : Dmpu
2024-08-16 09:45:26,229 [ERROR] ConditionMgr:805 - Attr not supported : Dmpu
2024-08-16 09:45:26,229 [ERROR] ConditionMgr:805 - Attr not supported : Dmpu
2024-08-16 09:45:26,229 [ERROR] ConditionMgr:805 - Attr not supported : Dmpu
2024-08-16 09:45:26,229 [ERROR] ConditionMgr:805 - Attr not supported : Dmpu
2024-08-16 09:45:26,229 [ERROR] ConditionMgr:805 - Attr not supported : Dmpu
2024-08-16 09:45:26,229 [ERROR] ConditionMgr:805 - Attr not supported : Dmpu
2024-08-16 09:45:26,229 [ERROR] ConditionMgr:805 - Attr not supported : Dmpu
2024-08-16 09:45:26,230 [ERROR] ConditionMgr:805 - Attr not supported : Dmpu
2024-08-16 09:45:26,230 [ERROR] ConditionMgr:805 - Attr not supported : Dmpu
2024-08-16 09:45:26,230 [ERROR] ConditionMgr:805 - Attr not supported : Dmpu
2024-08-16 09:45:26,230 [ERROR] ConditionMgr:805 - Attr not supported : Dmpu
2024-08-16 09:45:26,230 [ERROR] ConditionMgr:805 - Attr not supported : Dmpu
2024-08-16 09:45:26,230 [ERROR] ConditionMgr:805 - Attr not supported : Dmpu
2024-08-16 09:45:26,230 [ERROR] ConditionMgr:805 - Attr not supported : Dmpu
2024-08-16 09:45:26,230 [ERROR] ConditionMgr:805 - Attr not supported : Dmpu
2024-08-16 09:45:26,230 [ERROR] ConditionMgr:805 - Attr not supported : Dmpu
2024-08-16 09:45:26,230 [ERROR] ConditionMgr:805 - Attr not supported : Dmpu
2024-08-16 09:45:26,230 [ERROR] ConditionMgr:805 - Attr not supported : Dmpu
2024-08-16 09:45:26,230 [ERROR] ConditionMgr:805 - Attr not supported : Dmpu
2024-08-16 09:45:26,231 [ERROR] ConditionMgr:805 - Attr not supported : Dmpu
2024-08-16 09:45:26,231 [ERROR] ConditionMgr:805 - Attr not supported : Dmpu
2024-08-16 09:45:26,231 [ERROR] ConditionMgr:805 - Attr not supported : Dmpu
2024-08-16 09:45:26,231 [ERROR] ConditionMgr:805 - Attr not supported : Dmpu
2024-08-16 09:45:26,231 [ERROR] ConditionMgr:805 - Attr not supported : Dmpu
2024-08-16 09:45:26,231 [ERROR] ConditionMgr:805 - Attr not supported : Dmpu
2024-08-16 09:45:26,231 [ERROR] ConditionMgr:805 - Attr not supported : Dmpu
2024-08-16 09:45:26,231 [ERROR] ConditionMgr:805 - Attr not supported : Dmpu
2024-08-16 09:45:26,231 [ERROR] ConditionMgr:805 - Attr not supported : Dmpu
2024-08-16 09:45:26,231 [ERROR] ConditionMgr:805 - Attr not supported : Dmpu
2024-08-16 09:45:26,231 [ERROR] ConditionMgr:805 - Attr not supported : Dmpu
2024-08-16 09:45:26,231 [ERROR] ConditionMgr:805 - Attr not supported : Dmpu
2024-08-16 09:45:26,231 [ERROR] ConditionMgr:805 - Attr not supported : Dmpu
2024-08-16 09:45:26,231 [ERROR] ConditionMgr:805 - Attr not supported : Dmpu
2024-08-16 09:45:26,231 [ERROR] ConditionMgr:805 - Attr not supported : Dmpu
2024-08-16 09:45:26,231 [ERROR] ConditionMgr:805 - Attr not supported : Dmpu
2024-08-16 09:45:26,231 [ERROR] ConditionMgr:805 - Attr not supported : Dmpu
2024-08-16 09:45:26,231 [ERROR] ConditionMgr:805 - Attr not supported : Dmpu
2024-08-16 09:45:26,231 [ERROR] ConditionMgr:805 - Attr not supported : Dmpu
2024-08-16 09:45:26,232 [ERROR] ConditionMgr:805 - Attr not supported : Dmpu
2024-08-16 09:45:26,232 [ERROR] ConditionMgr:805 - Attr not supported : Dmpu
2024-08-16 09:45:26,232 [ERROR] ConditionMgr:805 - Attr not supported : Dmpu
2024-08-16 09:45:26,232 [ERROR] ConditionMgr:805 - Attr not supported : Dmpu
2024-08-16 09:45:26,232 [ERROR] ConditionMgr:805 - Attr not supported : Dmpu
2024-08-16 09:45:26,242 [WARN] PackLoader:240 - Cannot read IP mode file for RealThread.X-CUBE-RT-Thread_Nano.4.1.1
2024-08-16 09:45:26,252 [WARN] PackLoader:240 - Cannot read IP mode file for STMicroelectronics.FP-ATR-SIGFOX1.3.2.0
2024-08-16 09:45:26,262 [WARN] PackLoader:240 - Cannot read IP mode file for STMicroelectronics.X-CUBE-EEPRMA1.5.1.0
2024-08-16 09:45:26,271 [WARN] PackLoader:240 - Cannot read IP mode file for ITTIA_DB.I-CUBE-ITTIADB.8.9.0
2024-08-16 09:45:26,311 [WARN] PackLoader:240 - Cannot read IP mode file for SEGGER.I-CUBE-embOS.1.3.1
2024-08-16 09:45:26,350 [WARN] PackLoader:240 - Cannot read IP mode file for STMicroelectronics.X-CUBE-GNSS1.6.0.0
2024-08-16 09:45:26,366 [WARN] PackLoader:240 - Cannot read IP mode file for STMicroelectronics.X-CUBE-AZRTOS-F4.1.1.0
2024-08-16 09:45:26,385 [WARN] PackLoader:240 - Cannot read IP mode file for STMicroelectronics.X-CUBE-AZRTOS-L5.2.0.0
2024-08-16 09:45:26,397 [WARN] PackLoader:240 - Cannot read IP mode file for STMicroelectronics.X-CUBE-AI.9.0.0
2024-08-16 09:45:26,404 [WARN] PackLoader:240 - Cannot read IP mode file for STMicroelectronics.X-CUBE-NFC7.1.0.1
2024-08-16 09:45:26,410 [WARN] PackLoader:240 - Cannot read IP mode file for wolfSSL.I-CUBE-wolfTPM.3.2.0
2024-08-16 09:45:26,428 [WARN] ConditionMgr:438 - getConditionDescription Invalid condition id : LAN8742 Phy interface Condition cause : null
2024-08-16 09:45:26,428 [WARN] PackLoader:240 - Cannot read IP mode file for STMicroelectronics.X-CUBE-AZRTOS-L4.2.0.0
2024-08-16 09:45:26,429 [WARN] ConditionMgr:1039 - genDependencies : Invalid condition id : LAN8742 Phy interface Condition cause : null
2024-08-16 09:45:26,430 [WARN] ConditionMgr:1039 - genDependencies : Invalid condition id : LAN8742 Phy interface Condition cause : null
2024-08-16 09:45:26,430 [WARN] ConditionMgr:1039 - genDependencies : Invalid condition id : LAN8742 Phy interface Condition cause : null
2024-08-16 09:45:26,440 [WARN] PackLoader:240 - Cannot read IP mode file for STMicroelectronics.X-CUBE-SFXS2LP1.4.0.0
2024-08-16 09:45:26,458 [WARN] PackLoader:240 - Cannot read IP mode file for STMicroelectronics.X-CUBE-AZRTOS-H7.3.3.0
2024-08-16 09:45:26,477 [WARN] ConditionMgr:438 - getConditionDescription Invalid condition id : UX DEVICE CLASS RTOS Condition cause : null
2024-08-16 09:45:26,479 [WARN] ConditionMgr:438 - getConditionDescription Invalid condition id : UX DEVICE CLASS RTOS Condition cause : null
2024-08-16 09:45:26,481 [WARN] PackLoader:240 - Cannot read IP mode file for STMicroelectronics.X-CUBE-AZRTOS-WB.2.0.0
2024-08-16 09:45:26,482 [WARN] ConditionMgr:1039 - genDependencies : Invalid condition id : UX DEVICE CLASS RTOS Condition cause : null
2024-08-16 09:45:26,482 [WARN] ConditionMgr:1039 - genDependencies : Invalid condition id : UX DEVICE CLASS RTOS Condition cause : null
2024-08-16 09:45:26,482 [WARN] ConditionMgr:1039 - genDependencies : Invalid condition id : UX DEVICE CLASS RTOS Condition cause : null
2024-08-16 09:45:26,482 [WARN] ConditionMgr:1039 - genDependencies : Invalid condition id : UX DEVICE CLASS RTOS Condition cause : null
2024-08-16 09:45:26,482 [WARN] ConditionMgr:1039 - genDependencies : Invalid condition id : UX DEVICE CLASS RTOS Condition cause : null
2024-08-16 09:45:26,496 [WARN] PackLoader:240 - Cannot read IP mode file for STMicroelectronics.X-CUBE-SUBG2.5.0.0
2024-08-16 09:45:26,507 [WARN] PackLoader:240 - Cannot read IP mode file for Cesanta.I-CUBE-Mongoose.7.13.0
2024-08-16 09:45:26,525 [WARN] PackLoader:240 - Cannot read IP mode file for STMicroelectronics.X-CUBE-AZRTOS-G4.2.0.0
2024-08-16 09:45:26,534 [WARN] PackLoader:240 - Cannot read IP mode file for STMicroelectronics.X-CUBE-ISPU.2.0.0
2024-08-16 09:45:26,588 [WARN] PackLoader:240 - Cannot read IP mode file for STMicroelectronics.X-CUBE-MEMS1.10.0.0
2024-08-16 09:45:26,736 [WARN] PackLoader:240 - Cannot read IP mode file for portGmbH.I-Cube-SoM-uGOAL.1.1.0
2024-08-16 09:45:26,743 [WARN] PackLoader:240 - Cannot read IP mode file for STMicroelectronics.FP-ATR-ASTRA1.2.0.0
2024-08-16 09:45:26,765 [WARN] PackLoader:240 - Cannot read IP mode file for Infineon.AIROC-Wi-Fi-Bluetooth-STM32.1.6.1
2024-08-16 09:45:26,787 [WARN] PackLoader:240 - Cannot read IP mode file for STMicroelectronics.X-CUBE-AZRTOS-H7.3.2.0
2024-08-16 09:45:26,797 [WARN] PackLoader:240 - Cannot read IP mode file for wolfSSL.I-CUBE-wolfSSH.1.4.17
2024-08-16 09:45:26,798 [INFO] ThirdParty:978 - Integrity check success = true
2024-08-16 09:45:26,798 [INFO] IntegrityCheckThread:100 - exiting critical section [integrity check]
2024-08-16 09:45:26,798 [INFO] IntegrityCheckThread:103 - End integrity checks thread
2024-08-16 09:45:26,814 [INFO] Mcu:2032 - Initializing MCU STM32G070RBTx STM32G070RBTx STM32G070RBT6
2024-08-16 09:45:28,180 [INFO] Context:742 - Trying to add GPIOservice into a context  which must be forbidden
2024-08-16 09:45:28,682 [INFO] RtosManager:555 - Registered RTOS mode: class=CMSIS, group=RTOS, mode=CMSIS_V1, owner=FREERTOS
2024-08-16 09:45:28,683 [INFO] RtosManager:555 - Registered RTOS mode: class=CMSIS, group=RTOS2, mode=CMSIS_V2, owner=FREERTOS
2024-08-16 09:45:28,683 [INFO] RtosManager:555 - Registered RTOS mode: class=RTOS, group=Core, mode=CMSIS_V1, owner=FREERTOS
2024-08-16 09:45:28,683 [INFO] RtosManager:555 - Registered RTOS mode: class=RTOS, group=Core, mode=CMSIS_V2, owner=FREERTOS
2024-08-16 09:45:28,683 [WARN] ModelIntegratedComponent:184 - Missing modes for component STMicroelectronics:FreeRTOS:0.0.1:STMicroelectronics:RTOS:FreeRTOS:Core:::10.2.0:
2024-08-16 09:45:28,695 [WARN] ModelIntegratedComponent:63 - No mode defined for component null
2024-08-16 09:45:28,695 [WARN] ModelIntegratedComponent:63 - No mode defined for component null
2024-08-16 09:45:28,695 [WARN] ModelIntegratedComponent:63 - No mode defined for component null
2024-08-16 09:45:28,695 [WARN] ModelIntegratedComponent:63 - No mode defined for component null
2024-08-16 09:45:28,695 [WARN] ModelIntegratedComponent:63 - No mode defined for component null
2024-08-16 09:45:28,695 [WARN] ModelIntegratedComponent:63 - No mode defined for component null
2024-08-16 09:45:28,695 [WARN] ModelIntegratedComponent:63 - No mode defined for component null
2024-08-16 09:45:28,695 [WARN] ModelIntegratedComponent:63 - No mode defined for component null
2024-08-16 09:45:28,695 [WARN] ModelIntegratedComponent:63 - No mode defined for component null
2024-08-16 09:45:28,695 [WARN] ModelIntegratedComponent:63 - No mode defined for component null
2024-08-16 09:45:28,695 [WARN] ModelIntegratedComponent:63 - No mode defined for component null
2024-08-16 09:45:28,695 [WARN] ModelIntegratedComponent:63 - No mode defined for component null
2024-08-16 09:45:28,695 [WARN] ModelIntegratedComponent:63 - No mode defined for component null
2024-08-16 09:45:28,695 [WARN] ModelIntegratedComponent:63 - No mode defined for component null
2024-08-16 09:45:28,695 [WARN] ModelIntegratedComponent:63 - No mode defined for component null
2024-08-16 09:45:28,695 [WARN] ModelIntegratedComponent:63 - No mode defined for component null
2024-08-16 09:45:28,696 [WARN] ModelIntegratedComponent:63 - No mode defined for component null
2024-08-16 09:45:28,696 [WARN] ModelIntegratedComponent:63 - No mode defined for component null
2024-08-16 09:45:28,696 [WARN] ModelIntegratedComponent:63 - No mode defined for component null
2024-08-16 09:45:28,696 [WARN] ModelIntegratedComponent:63 - No mode defined for component null
2024-08-16 09:45:28,696 [WARN] ModelIntegratedComponent:63 - No mode defined for component null
2024-08-16 09:45:28,696 [WARN] ModelIntegratedComponent:63 - No mode defined for component null
2024-08-16 09:45:28,696 [WARN] ModelIntegratedComponent:63 - No mode defined for component null
2024-08-16 09:45:28,696 [WARN] ModelIntegratedComponent:63 - No mode defined for component null
2024-08-16 09:45:28,696 [WARN] ModelIntegratedComponent:63 - No mode defined for component null
2024-08-16 09:45:28,696 [WARN] ModelIntegratedComponent:63 - No mode defined for component null
2024-08-16 09:45:28,696 [WARN] ModelIntegratedComponent:63 - No mode defined for component null
2024-08-16 09:45:28,696 [WARN] ModelIntegratedComponent:63 - No mode defined for component null
2024-08-16 09:45:28,696 [WARN] ModelIntegratedComponent:63 - No mode defined for component null
2024-08-16 09:45:28,696 [WARN] ModelIntegratedComponent:63 - No mode defined for component null
2024-08-16 09:45:28,696 [WARN] ModelIntegratedComponent:63 - No mode defined for component null
2024-08-16 09:45:28,696 [WARN] ModelIntegratedComponent:63 - No mode defined for component null
2024-08-16 09:45:28,696 [WARN] ModelIntegratedComponent:63 - No mode defined for component null
2024-08-16 09:45:28,696 [WARN] ModelIntegratedComponent:63 - No mode defined for component null
2024-08-16 09:45:28,697 [WARN] ModelIntegratedComponent:63 - No mode defined for component null
2024-08-16 09:45:28,697 [WARN] ModelPack:524 - Component already loaded: STMicroelectronics:HAL Drivers:0.0.0:STMicroelectronics:Device:STMicro_Driver:XSPI:HAL::0.0.1:HAL_XSPI
2024-08-16 09:45:28,804 [INFO] ThirdPartyModel:298 - Start build external matchings
2024-08-16 09:45:28,933 [INFO] ThirdPartyModel:316 - End build external matchings
2024-08-16 09:45:28,943 [INFO] ImportTextPane:205 - (OptionalMessage_ERROR) IP (RCC) : Invalid parameter (FamilyName)
2024-08-16 09:45:28,944 [INFO] ImportTextPane:205 - (OptionalMessage_ERROR) IP (RCC) : Parameter (PLLPoutputFreq_Value) has invalid value (64000000)
2024-08-16 09:45:28,944 [INFO] ImportTextPane:205 - (OptionalMessage_ERROR) IP (RCC) : Parameter (PLLQoutputFreq_Value) has invalid value (64000000)
2024-08-16 09:45:28,946 [INFO] ImportTextPane:205 - (OptionalMessage_ERROR) IP (RCC) : Parameter (PLLRCLKFreq_Value) has invalid value (64000000)
2024-08-16 09:45:29,217 [INFO] ApiDb:581 - Connected to CubeFinder SQLite database (C:\Users\lagoeirl\.stmcufinder\plugins\mcufinder\mcu\cube-finder-db.db)
2024-08-16 09:45:29,289 [INFO] ApiDb:668 - CubeFinder database Data Model version=2.1
2024-08-16 09:45:29,289 [INFO] ApiDb:669 - CubeFinder database Configuration version=3.0.39
2024-08-16 09:45:29,290 [INFO] ApiDb:670 - CubeFinder database generation date=2024-06-20 (1718880634)
2024-08-16 09:45:29,290 [INFO] ApiDb:671 - CubeFinder database FW Pack versions=[FP-ATR-ASTRA1_V2.0.0, FP-SNS-FLIGHT1_V5.0.2, FP-SNS-MOTENV1_V5.0.0, FP-SNS-MOTENVWB1_V1.4.0, FP-SNS-SMARTAG2_V1.2.0, STM32Cube_FW_C0_V1.2.0, STM32Cube_FW_F4_V1.28.0, STM32Cube_FW_F7_V1.17.2, STM32Cube_FW_G0_V1.6.2, STM32Cube_FW_G4_V1.6.0, STM32Cube_FW_H5_V1.3.0, STM32Cube_FW_H7RS_V1.1.0, STM32Cube_FW_H7_V1.11.2, STM32Cube_FW_L0_V1.12.2, STM32Cube_FW_L5_V1.5.1, STM32Cube_FW_U0_V1.1.0, STM32Cube_FW_U5_V1.6.0, STM32Cube_FW_WB0_V1.0.0, STM32Cube_FW_WBA_V1.4.0, STM32Cube_FW_WB_V1.20.0, STM32Cube_FW_WL_V1.3.0, X-CUBE-ALGOBUILD_V1.4.0, X-CUBE-ALS_V1.0.2, X-CUBE-AZRTOS-F4_V1.1.0, X-CUBE-AZRTOS-F7_V1.1.0, X-CUBE-AZRTOS-G0_V1.1.0, X-CUBE-AZRTOS-G4_V2.0.0, X-CUBE-AZRTOS-H7RS_V1.0.0, X-CUBE-AZRTOS-H7_V3.2.0, X-CUBE-AZRTOS-L4_V2.0.0, X-CUBE-AZRTOS-L5_V1.1.0, X-CUBE-AZRTOS-WB_V2.0.0, X-CUBE-AZRTOS-WL_V2.0.0, X-CUBE-BLE1_V7.0.0, X-CUBE-BLE2_V3.3.0, X-CUBE-BLEMGR_V3.1.0, X-CUBE-EEPRMA1_V5.1.0, X-CUBE-FREERTOS_V1.2.0, X-CUBE-GNSS1_V6.0.0, X-CUBE-MEMS1_V10.0.0, X-CUBE-NFC4_V3.0.0, X-CUBE-NFC7_V1.0.1, X-CUBE-SFXS2LP1_V4.0.0, X-CUBE-SUBG2_V5.0.0, X-CUBE-TOF1_V3.4.1]
2024-08-16 09:45:29,393 [INFO] DbBoardsSqlite:226 - include board P-NUCLEO-WB55-NUCLEO as a kit item of type 'Nucleo-64'
2024-08-16 09:45:29,393 [INFO] DbBoardsSqlite:226 - include board P-NUCLEO-WB55-USBDONGLE as a kit item of type 'Nucleo USB Dongle'
2024-08-16 09:45:29,394 [INFO] DbBoardsSqlite:226 - include board STEVAL-IDP005V1 as a kit item of type 'Evaluation Board'
2024-08-16 09:45:29,395 [INFO] DbBoardsSqlite:226 - include board STEVAL-IDP005V2 as a kit item of type 'Evaluation Board'
2024-08-16 09:45:29,628 [INFO] ApiDb:240 - Found 646 in-development CPN: [B-G473E-ZEST1S, B-WB1M-WPAN1, B-WL5M-SUBG1, NUCLEO-C031C6, NUCLEO-C071RB, NUCLEO-H503RB, NUCLEO-H533RE, NUCLEO-H563ZI, NUCLEO-H7S3L8, NUCLEO-U031R8, NUCLEO-U083RC, NUCLEO-U545RE-Q, NUCLEO-U5A5ZJ-Q, NUCLEO-WB05KZ, NUCLEO-WB07CC, NUCLEO-WB09KE, NUCLEO-WBA52CG, NUCLEO-WBA55CG, STEVAL-PROTEUS1, STEVAL-SMARTAG2, STEVAL-STWINBX1, STM320518-EVAL, STM32C0116-DK, STM32C011D6Y3TR, STM32C011D6Y6TR, STM32C011F4P3, STM32C011F4P6, STM32C011F4U3, STM32C011F4U6TR, STM32C011F6P3, STM32C011F6P6, STM32C011F6U3, STM32C011F6U6TR, STM32C011J4M3, STM32C011J4M6, STM32C011J6M3, STM32C011J6M6, STM32C0316-DK, STM32C031C4T3, STM32C031C4T6, STM32C031C4U3, STM32C031C4U6, STM32C031C6T3, STM32C031C6T6, STM32C031C6U3, STM32C031C6U6, STM32C031F4P3, STM32C031F4P6, STM32C031F6P3, STM32C031F6P6, STM32C031G4U3, STM32C031G4U6, STM32C031G6U3, STM32C031G6U6, STM32C031K4T3, STM32C031K4T6, STM32C031K4U3, STM32C031K4U6, STM32C031K6T3, STM32C031K6T6, STM32C031K6U3, STM32C031K6U6, STM32C071C8T6, STM32C071C8T6N, STM32C071C8U6, STM32C071C8U6N, STM32C071CBT6, STM32C071CBT6N, STM32C071CBU6, STM32C071CBU6N, STM32C071F8P6, STM32C071F8P6N, STM32C071FBP6, STM32C071FBP6N, STM32C071FBY6TR, STM32C071G8U6, STM32C071G8U6N, STM32C071GBU6, STM32C071GBU6N, STM32C071K8T6, STM32C071K8T6N, STM32C071K8U6, STM32C071K8U6N, STM32C071KBT6, STM32C071KBT6N, STM32C071KBU6, STM32C071KBU6N, STM32C071R8T6, STM32C071R8T6N, STM32C071RBI6N, STM32C071RBT6, STM32C071RBT6N, STM32G071K8TXN, STM32G071K8UXN, STM32G081GBU6N, STM32G081KBT6N, STM32G081KBUXN, STM32G0B1CCT6N, STM32G0B1KCT6, STM32G0B1NEY6TR, STM32G0B1RCT6N, STM32G0C1CCT6, STM32G0C1CCT6N, STM32G0C1CCU6N, STM32G0C1CET6N, STM32G0C1CEU6N, STM32G0C1KCT6, STM32G0C1NEY6TR, STM32G0C1RCI6N, STM32G0C1RCT6N, STM32G0C1REI6N, STM32G0C1RET6N, STM32G0C1VCI6, STM32G0C1VEI6, STM32G411C6T3, STM32G411C6T6, STM32G411C6U3, STM32G411C6U6, STM32G411C8T3, STM32G411C8T6, STM32G411C8U3, STM32G411C8U6, STM32G411CBT3, STM32G411CBT6, STM32G411CBU3, STM32G411CBU6, STM32G411K6T3, STM32G411K6T6, STM32G411K6U3, STM32G411K6U6, STM32G411K8T3, STM32G411K8T6, STM32G411K8U3, STM32G411K8U6, STM32G411KBT3, STM32G411KBT6, STM32G411KBU3, STM32G411KBU6, STM32G411M6T3, STM32G411M6T6, STM32G411M8T3, STM32G411M8T6, STM32G411MBT3, STM32G411MBT6, STM32G411R6T3, STM32G411R6T6, STM32G411R8T3, STM32G411R8T6, STM32G411RBT3, STM32G411RBT6, STM32G414CBT3, STM32G414CBT6, STM32G414CBU3, STM32G414CBU6, STM32G414CCT3, STM32G414CCT6, STM32G414CCU3, STM32G414CCU6, STM32G414MBT3, STM32G414MBT6, STM32G414MCT3, STM32G414MCT6, STM32G414RBT3, STM32G414RBT6, STM32G414RCT3, STM32G414RCT6, STM32G414VBT3, STM32G414VBT6, STM32G414VCT3, STM32G414VCT6, STM32G431CBT3Z, STM32G431RBT3Z, STM32G471CCT6, STM32G471CCU6, STM32G471CET3, STM32G471CET6, STM32G471CEU3, STM32G471CEU6, STM32G471MCT6, STM32G471MET3, STM32G471MET6, STM32G471MEY6TR, STM32G471QCT6, STM32G471QET3, STM32G471RCT6, STM32G471RET3, STM32G471RET6, STM32G471VCH6, STM32G471VCI6, STM32G471VCT6, STM32G471VEH3, STM32G471VEH6, STM32G471VEI3, STM32G471VEI6, STM32G471VET3, STM32G471VET6, STM32G473QET3Z, STM32G473RET3Z, STM32G474CCT6, STM32G491RET3Z, STM32H503CBT6, STM32H503CBU6, STM32H503EBY6TR, STM32H503KBU6, STM32H503RBT6, STM32H523CCT6, STM32H523CCU6, STM32H523CET6, STM32H523CEU6, STM32H523HEY6TR, STM32H523RCT6, STM32H523RET6, STM32H523VCI6, STM32H523VCT6, STM32H523VEI6, STM32H523VET6, STM32H523ZCJ6, STM32H523ZCT6, STM32H523ZEJ6, STM32H523ZET6, STM32H533CET6, STM32H533CEU6, STM32H533HEY6TR, STM32H533RET6, STM32H533VEI6, STM32H533VET6, STM32H533ZEJ6, STM32H533ZET6, STM32H562AGI6, STM32H562AII6, STM32H562IGK6, STM32H562IGT6, STM32H562IIK6, STM32H562IIT6, STM32H562RGT6, STM32H562RGV6, STM32H562RIT6, STM32H562RIV6, STM32H562VGT6, STM32H562VIT6, STM32H562ZGT6, STM32H562ZIT6, STM32H563AGI6, STM32H563AII3Q, STM32H563AII6, STM32H563IGK6, STM32H563IGT6, STM32H563IIK3Q, STM32H563IIK6, STM32H563IIT3Q, STM32H563IIT6, STM32H563MIY3QTR, STM32H563RGT6, STM32H563RGV6, STM32H563RIT6, STM32H563RIV6, STM32H563VGT6, STM32H563VIT3Q, STM32H563VIT6, STM32H563ZGT6, STM32H563ZIT3Q, STM32H563ZIT6, STM32H573AII3Q, STM32H573AII6, STM32H573I-DK, STM32H573IIK3Q, STM32H573IIK6, STM32H573IIT3Q, STM32H573IIT6, STM32H573MIY3QTR, STM32H573RIT6, STM32H573RIV6, STM32H573VIT3Q, STM32H573VIT6, STM32H573ZIT3Q, STM32H573ZIT6, STM32H7R3A8I6, STM32H7R3I8K6, STM32H7R3I8T6, STM32H7R3L8H6, STM32H7R3L8H6H, STM32H7R3R8V6, STM32H7R3V8H6, STM32H7R3V8T6, STM32H7R3V8Y6TR, STM32H7R3Z8J6, STM32H7R3Z8T6, STM32H7R7A8I6, STM32H7R7I8K6, STM32H7R7I8T6, STM32H7R7L8H6, STM32H7R7L8H6H, STM32H7R7Z8J6, STM32H7S3A8I6, STM32H7S3I8K6, STM32H7S3I8T6, STM32H7S3L8H6, STM32H7S3L8H6H, STM32H7S3R8V6, STM32H7S3V8H6, STM32H7S3V8T6, STM32H7S3V8Y6TR, STM32H7S3Z8J6, STM32H7S3Z8T6, STM32H7S78-DK, STM32H7S7A8I6, STM32H7S7I8K6, STM32H7S7I8T6, STM32H7S7L8H6, STM32H7S7L8H6H, STM32H7S7Z8J6, STM32L4R5QGI6STR, STM32MP131AAE3, STM32MP131AAF3, STM32MP131AAG3, STM32MP131CAE3, STM32MP131CAF3, STM32MP131CAG3, STM32MP131DAE7, STM32MP131DAF7, STM32MP131DAG7, STM32MP131FAE7, STM32MP131FAF7, STM32MP131FAG7, STM32MP133AAE3, STM32MP133AAF3, STM32MP133AAG3, STM32MP133CAE3, STM32MP133CAF3, STM32MP133CAG3, STM32MP133DAE7, STM32MP133DAF7, STM32MP133DAG7, STM32MP133FAE7, STM32MP133FAF7, STM32MP133FAG7, STM32MP135AAE3, STM32MP135AAF3, STM32MP135AAG3, STM32MP135CAE3, STM32MP135CAF3, STM32MP135CAG3, STM32MP135DAE7, STM32MP135DAF7, STM32MP135DAG7, STM32MP135F-DK, STM32MP135FAE7, STM32MP135FAF7, STM32MP135FAF7T, STM32MP135FAF7U, STM32MP135FAG7, STM32MP251AAI3, STM32MP251AAK3, STM32MP251AAL3, STM32MP251CAI3, STM32MP251CAK3, STM32MP251CAL3, STM32MP251DAI3, STM32MP251DAK3, STM32MP251DAL3, STM32MP251FAI3, STM32MP251FAK3, STM32MP251FAL3, STM32MP253AAI3, STM32MP253AAK3, STM32MP253AAL3, STM32MP253CAI3, STM32MP253CAK3, STM32MP253CAL3, STM32MP253DAI3, STM32MP253DAK3, STM32MP253DAL3, STM32MP253FAI3, STM32MP253FAK3, STM32MP253FAL3, STM32MP255AAI3, STM32MP255AAK3, STM32MP255AAL3, STM32MP255CAI3, STM32MP255CAK3, STM32MP255CAL3, STM32MP255DAI3, STM32MP255DAK3, STM32MP255DAL3, STM32MP255FAI3, STM32MP255FAK3, STM32MP255FAL3, STM32MP257AAI3, STM32MP257AAK3, STM32MP257AAL3, STM32MP257CAI3, STM32MP257CAK3, STM32MP257CAL3, STM32MP257DAI3, STM32MP257DAK3, STM32MP257DAL3, STM32MP257F-DK, STM32MP257F-EV1, STM32MP257FAI3, STM32MP257FAK3, STM32MP257FAL3, STM32U031C6T6, STM32U031C6U6, STM32U031C8T6, STM32U031C8U6, STM32U031F4P6, STM32U031F6P6, STM32U031F8P6, STM32U031G6Y6TR, STM32U031G8Y6TR, STM32U031K4U6, STM32U031K6U6, STM32U031K8U6, STM32U031R6I6, STM32U031R6T6, STM32U031R8I6, STM32U031R8T6, STM32U073C8T6, STM32U073C8U6, STM32U073CBT6, STM32U073CBU6, STM32U073CCT6, STM32U073CCU6, STM32U073H8Y6TR, STM32U073HBY6TR, STM32U073HCY6TR, STM32U073K8U6, STM32U073KBU6, STM32U073KCU6, STM32U073M8I6, STM32U073M8T6, STM32U073MBI6, STM32U073MBT6, STM32U073MCI6, STM32U073MCT6, STM32U073R8I6, STM32U073R8T6, STM32U073RBI6, STM32U073RBT6, STM32U073RCI6, STM32U073RCT6, STM32U083C-DK, STM32U083CCT6, STM32U083CCU6, STM32U083HCY6TR, STM32U083KCU6, STM32U083MCI6, STM32U083MCT6, STM32U083RCI6, STM32U083RCT6, STM32U535CBT6, STM32U535CBT6Q, STM32U535CBU6, STM32U535CBU6Q, STM32U535CCT6, STM32U535CCT6Q, STM32U535CCU6, STM32U535CCU6Q, STM32U535CET6, STM32U535CET6Q, STM32U535CEU6, STM32U535CEU6Q, STM32U535JEY6QTR, STM32U535NCY6QTR, STM32U535NEY6QTR, STM32U535RBI6, STM32U535RBI6Q, STM32U535RBT6, STM32U535RBT6Q, STM32U535RCI6, STM32U535RCI6Q, STM32U535RCT6, STM32U535RCT6Q, STM32U535REI6, STM32U535REI6Q, STM32U535RET6, STM32U535RET6Q, STM32U535VCI6, STM32U535VCI6Q, STM32U535VCT6, STM32U535VCT6Q, STM32U535VEI6, STM32U535VEI6Q, STM32U535VET6, STM32U535VET6Q, STM32U545CET6, STM32U545CET6Q, STM32U545CEU6, STM32U545CEU6Q, STM32U545JEY6QTR, STM32U545NEY6QTR, STM32U545REI6, STM32U545REI6Q, STM32U545RET6, STM32U545RET6Q, STM32U545VEI6, STM32U545VEI6Q, STM32U545VET6, STM32U545VET6Q, STM32U595AIH6, STM32U595AIH6Q, STM32U595AJH6, STM32U595AJH6Q, STM32U595QII6, STM32U595QII6Q, STM32U595QJI6, STM32U595QJI6Q, STM32U595RIT6, STM32U595RIT6Q, STM32U595RJT6, STM32U595RJT6Q, STM32U595VIT6, STM32U595VIT6Q, STM32U595VJT6, STM32U595VJT6Q, STM32U595ZIT6, STM32U595ZIT6Q, STM32U595ZIY6QTR, STM32U595ZJT6, STM32U595ZJT6Q, STM32U595ZJY6QTR, STM32U599BJY6QTR, STM32U599NIH6Q, STM32U599NJH6Q, STM32U599VIT6Q, STM32U599VJT6, STM32U599VJT6Q, STM32U599ZIT6Q, STM32U599ZIY6QTR, STM32U599ZJT6Q, STM32U599ZJY6QTR, STM32U5A5AJH6, STM32U5A5AJH6Q, STM32U5A5QII3Q , STM32U5A5QJI6, STM32U5A5QJI6Q, STM32U5A5RJT6, STM32U5A5RJT6Q, STM32U5A5VJT6, STM32U5A5VJT6Q, STM32U5A5ZJT6, STM32U5A5ZJT6Q, STM32U5A5ZJY6QTR, STM32U5A9BJY6QTR, STM32U5A9J-DK, STM32U5A9NJH6Q, STM32U5A9VJT6Q, STM32U5A9ZJT6Q, STM32U5A9ZJY6QTR, STM32U5F7VIT6, STM32U5F7VIT6Q, STM32U5F7VJT6, STM32U5F7VJT6Q, STM32U5F9BJY6QTR, STM32U5F9NJH6Q, STM32U5F9VIT6Q, STM32U5F9VJT6Q, STM32U5F9ZIJ6QTR, STM32U5F9ZIT6Q, STM32U5F9ZJJ6QTR, STM32U5F9ZJT6Q, STM32U5G7VJT6, STM32U5G7VJT6Q, STM32U5G9BJY6QTR, STM32U5G9J-DK1, STM32U5G9J-DK2, STM32U5G9NJH6Q, STM32U5G9VJT6Q, STM32U5G9ZJJ6QTR, STM32U5G9ZJT6Q, STM32WB05KZV6TR, STM32WB05KZV7TR, STM32WB05TZF6TR, STM32WB05TZF7TR, STM32WB06CCF6TR, STM32WB06CCF7TR, STM32WB06CCV6TR, STM32WB06CCV7TR, STM32WB06KCV6TR, STM32WB06KCV7TR, STM32WB07CCF6TR, STM32WB07CCF7TR, STM32WB07CCV6TR, STM32WB07CCV7TR, STM32WB07KCV6TR, STM32WB07KCV7TR, STM32WB09KEV6TR, STM32WB09KEV7TR, STM32WB09TEF6TR, STM32WB09TEF7TR, STM32WB1MMCH6, STM32WBA50KGU6, STM32WBA50KGU6TR, STM32WBA52CEU6, STM32WBA52CEU6TR, STM32WBA52CEU7, STM32WBA52CEU7TR, STM32WBA52CGU6, STM32WBA52CGU6TR, STM32WBA52CGU6U, STM32WBA52CGU7, STM32WBA52CGU7TR, STM32WBA52KEU6, STM32WBA52KEU6TR, STM32WBA52KGU6, STM32WBA52KGU6TR, STM32WBA54CEU6, STM32WBA54CEU6TR, STM32WBA54CEU7, STM32WBA54CEU7TR, STM32WBA54CGU6, STM32WBA54CGU6TR, STM32WBA54CGU7, STM32WBA54CGU7TR, STM32WBA54KEU6, STM32WBA54KEU6TR, STM32WBA54KEU7, STM32WBA54KEU7TR, STM32WBA54KGU6, STM32WBA54KGU6TR, STM32WBA54KGU7, STM32WBA54KGU7TR, STM32WBA55CEU6, STM32WBA55CEU6TR, STM32WBA55CEU7, STM32WBA55CEU7TR, STM32WBA55CGU6, STM32WBA55CGU6TR, STM32WBA55CGU6U, STM32WBA55CGU7, STM32WBA55CGU7TR, STM32WBA55G-DK1, STM32WBA55HEF6, STM32WBA55HEF7, STM32WBA55HGF6, STM32WBA55HGF7, STM32WBA55UEI6, STM32WBA55UEI6TR, STM32WBA55UEI7, STM32WBA55UEI7TR, STM32WBA55UGI6, STM32WBA55UGI6TR, STM32WBA55UGI7, STM32WBA55UGI7TR, STM32WL5MOCH6, STM32WL5MOCH6TR]
2024-08-16 09:45:29,797 [INFO] BoardInfo:889 - No configuration file found for board P-NUCLEO-WB55
2024-08-16 09:45:29,798 [INFO] DbBoards:161 - Kit is not supported: P-NUCLEO-WB55
2024-08-16 09:45:29,804 [INFO] BoardInfo:889 - No configuration file found for board STEVAL-BFA001V1B
2024-08-16 09:45:29,804 [INFO] DbBoards:161 - Kit is not supported: STEVAL-BFA001V1B
2024-08-16 09:45:29,805 [INFO] BoardInfo:889 - No configuration file found for board STEVAL-BFA001V2B
2024-08-16 09:45:29,806 [INFO] DbBoards:161 - Kit is not supported: STEVAL-BFA001V2B
2024-08-16 09:45:29,995 [INFO] DbBoards:168 - Found 201 boards, 198 are supported
2024-08-16 09:45:29,995 [INFO] DbBoards:169 - Found 201 boards, 25 of them is supported for  Bsp
2024-08-16 09:45:29,998 [INFO] ApiDb:668 - CubeFinder database Data Model version=2.1
2024-08-16 09:45:29,998 [INFO] ApiDb:669 - CubeFinder database Configuration version=3.0.39
2024-08-16 09:45:29,998 [INFO] ApiDb:670 - CubeFinder database generation date=2024-06-20 (1718880634)
2024-08-16 09:45:29,998 [INFO] ApiDb:671 - CubeFinder database FW Pack versions=[FP-ATR-ASTRA1_V2.0.0, FP-SNS-FLIGHT1_V5.0.2, FP-SNS-MOTENV1_V5.0.0, FP-SNS-MOTENVWB1_V1.4.0, FP-SNS-SMARTAG2_V1.2.0, STM32Cube_FW_C0_V1.2.0, STM32Cube_FW_F4_V1.28.0, STM32Cube_FW_F7_V1.17.2, STM32Cube_FW_G0_V1.6.2, STM32Cube_FW_G4_V1.6.0, STM32Cube_FW_H5_V1.3.0, STM32Cube_FW_H7RS_V1.1.0, STM32Cube_FW_H7_V1.11.2, STM32Cube_FW_L0_V1.12.2, STM32Cube_FW_L5_V1.5.1, STM32Cube_FW_U0_V1.1.0, STM32Cube_FW_U5_V1.6.0, STM32Cube_FW_WB0_V1.0.0, STM32Cube_FW_WBA_V1.4.0, STM32Cube_FW_WB_V1.20.0, STM32Cube_FW_WL_V1.3.0, X-CUBE-ALGOBUILD_V1.4.0, X-CUBE-ALS_V1.0.2, X-CUBE-AZRTOS-F4_V1.1.0, X-CUBE-AZRTOS-F7_V1.1.0, X-CUBE-AZRTOS-G0_V1.1.0, X-CUBE-AZRTOS-G4_V2.0.0, X-CUBE-AZRTOS-H7RS_V1.0.0, X-CUBE-AZRTOS-H7_V3.2.0, X-CUBE-AZRTOS-L4_V2.0.0, X-CUBE-AZRTOS-L5_V1.1.0, X-CUBE-AZRTOS-WB_V2.0.0, X-CUBE-AZRTOS-WL_V2.0.0, X-CUBE-BLE1_V7.0.0, X-CUBE-BLE2_V3.3.0, X-CUBE-BLEMGR_V3.1.0, X-CUBE-EEPRMA1_V5.1.0, X-CUBE-FREERTOS_V1.2.0, X-CUBE-GNSS1_V6.0.0, X-CUBE-MEMS1_V10.0.0, X-CUBE-NFC4_V3.0.0, X-CUBE-NFC7_V1.0.1, X-CUBE-SFXS2LP1_V4.0.0, X-CUBE-SUBG2_V5.0.0, X-CUBE-TOF1_V3.4.1]
2024-08-16 09:45:31,564 [INFO] ApiDb:240 - Found 646 in-development CPN: [B-G473E-ZEST1S, B-WB1M-WPAN1, B-WL5M-SUBG1, NUCLEO-C031C6, NUCLEO-C071RB, NUCLEO-H503RB, NUCLEO-H533RE, NUCLEO-H563ZI, NUCLEO-H7S3L8, NUCLEO-U031R8, NUCLEO-U083RC, NUCLEO-U545RE-Q, NUCLEO-U5A5ZJ-Q, NUCLEO-WB05KZ, NUCLEO-WB07CC, NUCLEO-WB09KE, NUCLEO-WBA52CG, NUCLEO-WBA55CG, STEVAL-PROTEUS1, STEVAL-SMARTAG2, STEVAL-STWINBX1, STM320518-EVAL, STM32C0116-DK, STM32C011D6Y3TR, STM32C011D6Y6TR, STM32C011F4P3, STM32C011F4P6, STM32C011F4U3, STM32C011F4U6TR, STM32C011F6P3, STM32C011F6P6, STM32C011F6U3, STM32C011F6U6TR, STM32C011J4M3, STM32C011J4M6, STM32C011J6M3, STM32C011J6M6, STM32C0316-DK, STM32C031C4T3, STM32C031C4T6, STM32C031C4U3, STM32C031C4U6, STM32C031C6T3, STM32C031C6T6, STM32C031C6U3, STM32C031C6U6, STM32C031F4P3, STM32C031F4P6, STM32C031F6P3, STM32C031F6P6, STM32C031G4U3, STM32C031G4U6, STM32C031G6U3, STM32C031G6U6, STM32C031K4T3, STM32C031K4T6, STM32C031K4U3, STM32C031K4U6, STM32C031K6T3, STM32C031K6T6, STM32C031K6U3, STM32C031K6U6, STM32C071C8T6, STM32C071C8T6N, STM32C071C8U6, STM32C071C8U6N, STM32C071CBT6, STM32C071CBT6N, STM32C071CBU6, STM32C071CBU6N, STM32C071F8P6, STM32C071F8P6N, STM32C071FBP6, STM32C071FBP6N, STM32C071FBY6TR, STM32C071G8U6, STM32C071G8U6N, STM32C071GBU6, STM32C071GBU6N, STM32C071K8T6, STM32C071K8T6N, STM32C071K8U6, STM32C071K8U6N, STM32C071KBT6, STM32C071KBT6N, STM32C071KBU6, STM32C071KBU6N, STM32C071R8T6, STM32C071R8T6N, STM32C071RBI6N, STM32C071RBT6, STM32C071RBT6N, STM32G071K8TXN, STM32G071K8UXN, STM32G081GBU6N, STM32G081KBT6N, STM32G081KBUXN, STM32G0B1CCT6N, STM32G0B1KCT6, STM32G0B1NEY6TR, STM32G0B1RCT6N, STM32G0C1CCT6, STM32G0C1CCT6N, STM32G0C1CCU6N, STM32G0C1CET6N, STM32G0C1CEU6N, STM32G0C1KCT6, STM32G0C1NEY6TR, STM32G0C1RCI6N, STM32G0C1RCT6N, STM32G0C1REI6N, STM32G0C1RET6N, STM32G0C1VCI6, STM32G0C1VEI6, STM32G411C6T3, STM32G411C6T6, STM32G411C6U3, STM32G411C6U6, STM32G411C8T3, STM32G411C8T6, STM32G411C8U3, STM32G411C8U6, STM32G411CBT3, STM32G411CBT6, STM32G411CBU3, STM32G411CBU6, STM32G411K6T3, STM32G411K6T6, STM32G411K6U3, STM32G411K6U6, STM32G411K8T3, STM32G411K8T6, STM32G411K8U3, STM32G411K8U6, STM32G411KBT3, STM32G411KBT6, STM32G411KBU3, STM32G411KBU6, STM32G411M6T3, STM32G411M6T6, STM32G411M8T3, STM32G411M8T6, STM32G411MBT3, STM32G411MBT6, STM32G411R6T3, STM32G411R6T6, STM32G411R8T3, STM32G411R8T6, STM32G411RBT3, STM32G411RBT6, STM32G414CBT3, STM32G414CBT6, STM32G414CBU3, STM32G414CBU6, STM32G414CCT3, STM32G414CCT6, STM32G414CCU3, STM32G414CCU6, STM32G414MBT3, STM32G414MBT6, STM32G414MCT3, STM32G414MCT6, STM32G414RBT3, STM32G414RBT6, STM32G414RCT3, STM32G414RCT6, STM32G414VBT3, STM32G414VBT6, STM32G414VCT3, STM32G414VCT6, STM32G431CBT3Z, STM32G431RBT3Z, STM32G471CCT6, STM32G471CCU6, STM32G471CET3, STM32G471CET6, STM32G471CEU3, STM32G471CEU6, STM32G471MCT6, STM32G471MET3, STM32G471MET6, STM32G471MEY6TR, STM32G471QCT6, STM32G471QET3, STM32G471RCT6, STM32G471RET3, STM32G471RET6, STM32G471VCH6, STM32G471VCI6, STM32G471VCT6, STM32G471VEH3, STM32G471VEH6, STM32G471VEI3, STM32G471VEI6, STM32G471VET3, STM32G471VET6, STM32G473QET3Z, STM32G473RET3Z, STM32G474CCT6, STM32G491RET3Z, STM32H503CBT6, STM32H503CBU6, STM32H503EBY6TR, STM32H503KBU6, STM32H503RBT6, STM32H523CCT6, STM32H523CCU6, STM32H523CET6, STM32H523CEU6, STM32H523HEY6TR, STM32H523RCT6, STM32H523RET6, STM32H523VCI6, STM32H523VCT6, STM32H523VEI6, STM32H523VET6, STM32H523ZCJ6, STM32H523ZCT6, STM32H523ZEJ6, STM32H523ZET6, STM32H533CET6, STM32H533CEU6, STM32H533HEY6TR, STM32H533RET6, STM32H533VEI6, STM32H533VET6, STM32H533ZEJ6, STM32H533ZET6, STM32H562AGI6, STM32H562AII6, STM32H562IGK6, STM32H562IGT6, STM32H562IIK6, STM32H562IIT6, STM32H562RGT6, STM32H562RGV6, STM32H562RIT6, STM32H562RIV6, STM32H562VGT6, STM32H562VIT6, STM32H562ZGT6, STM32H562ZIT6, STM32H563AGI6, STM32H563AII3Q, STM32H563AII6, STM32H563IGK6, STM32H563IGT6, STM32H563IIK3Q, STM32H563IIK6, STM32H563IIT3Q, STM32H563IIT6, STM32H563MIY3QTR, STM32H563RGT6, STM32H563RGV6, STM32H563RIT6, STM32H563RIV6, STM32H563VGT6, STM32H563VIT3Q, STM32H563VIT6, STM32H563ZGT6, STM32H563ZIT3Q, STM32H563ZIT6, STM32H573AII3Q, STM32H573AII6, STM32H573I-DK, STM32H573IIK3Q, STM32H573IIK6, STM32H573IIT3Q, STM32H573IIT6, STM32H573MIY3QTR, STM32H573RIT6, STM32H573RIV6, STM32H573VIT3Q, STM32H573VIT6, STM32H573ZIT3Q, STM32H573ZIT6, STM32H7R3A8I6, STM32H7R3I8K6, STM32H7R3I8T6, STM32H7R3L8H6, STM32H7R3L8H6H, STM32H7R3R8V6, STM32H7R3V8H6, STM32H7R3V8T6, STM32H7R3V8Y6TR, STM32H7R3Z8J6, STM32H7R3Z8T6, STM32H7R7A8I6, STM32H7R7I8K6, STM32H7R7I8T6, STM32H7R7L8H6, STM32H7R7L8H6H, STM32H7R7Z8J6, STM32H7S3A8I6, STM32H7S3I8K6, STM32H7S3I8T6, STM32H7S3L8H6, STM32H7S3L8H6H, STM32H7S3R8V6, STM32H7S3V8H6, STM32H7S3V8T6, STM32H7S3V8Y6TR, STM32H7S3Z8J6, STM32H7S3Z8T6, STM32H7S78-DK, STM32H7S7A8I6, STM32H7S7I8K6, STM32H7S7I8T6, STM32H7S7L8H6, STM32H7S7L8H6H, STM32H7S7Z8J6, STM32L4R5QGI6STR, STM32MP131AAE3, STM32MP131AAF3, STM32MP131AAG3, STM32MP131CAE3, STM32MP131CAF3, STM32MP131CAG3, STM32MP131DAE7, STM32MP131DAF7, STM32MP131DAG7, STM32MP131FAE7, STM32MP131FAF7, STM32MP131FAG7, STM32MP133AAE3, STM32MP133AAF3, STM32MP133AAG3, STM32MP133CAE3, STM32MP133CAF3, STM32MP133CAG3, STM32MP133DAE7, STM32MP133DAF7, STM32MP133DAG7, STM32MP133FAE7, STM32MP133FAF7, STM32MP133FAG7, STM32MP135AAE3, STM32MP135AAF3, STM32MP135AAG3, STM32MP135CAE3, STM32MP135CAF3, STM32MP135CAG3, STM32MP135DAE7, STM32MP135DAF7, STM32MP135DAG7, STM32MP135F-DK, STM32MP135FAE7, STM32MP135FAF7, STM32MP135FAF7T, STM32MP135FAF7U, STM32MP135FAG7, STM32MP251AAI3, STM32MP251AAK3, STM32MP251AAL3, STM32MP251CAI3, STM32MP251CAK3, STM32MP251CAL3, STM32MP251DAI3, STM32MP251DAK3, STM32MP251DAL3, STM32MP251FAI3, STM32MP251FAK3, STM32MP251FAL3, STM32MP253AAI3, STM32MP253AAK3, STM32MP253AAL3, STM32MP253CAI3, STM32MP253CAK3, STM32MP253CAL3, STM32MP253DAI3, STM32MP253DAK3, STM32MP253DAL3, STM32MP253FAI3, STM32MP253FAK3, STM32MP253FAL3, STM32MP255AAI3, STM32MP255AAK3, STM32MP255AAL3, STM32MP255CAI3, STM32MP255CAK3, STM32MP255CAL3, STM32MP255DAI3, STM32MP255DAK3, STM32MP255DAL3, STM32MP255FAI3, STM32MP255FAK3, STM32MP255FAL3, STM32MP257AAI3, STM32MP257AAK3, STM32MP257AAL3, STM32MP257CAI3, STM32MP257CAK3, STM32MP257CAL3, STM32MP257DAI3, STM32MP257DAK3, STM32MP257DAL3, STM32MP257F-DK, STM32MP257F-EV1, STM32MP257FAI3, STM32MP257FAK3, STM32MP257FAL3, STM32U031C6T6, STM32U031C6U6, STM32U031C8T6, STM32U031C8U6, STM32U031F4P6, STM32U031F6P6, STM32U031F8P6, STM32U031G6Y6TR, STM32U031G8Y6TR, STM32U031K4U6, STM32U031K6U6, STM32U031K8U6, STM32U031R6I6, STM32U031R6T6, STM32U031R8I6, STM32U031R8T6, STM32U073C8T6, STM32U073C8U6, STM32U073CBT6, STM32U073CBU6, STM32U073CCT6, STM32U073CCU6, STM32U073H8Y6TR, STM32U073HBY6TR, STM32U073HCY6TR, STM32U073K8U6, STM32U073KBU6, STM32U073KCU6, STM32U073M8I6, STM32U073M8T6, STM32U073MBI6, STM32U073MBT6, STM32U073MCI6, STM32U073MCT6, STM32U073R8I6, STM32U073R8T6, STM32U073RBI6, STM32U073RBT6, STM32U073RCI6, STM32U073RCT6, STM32U083C-DK, STM32U083CCT6, STM32U083CCU6, STM32U083HCY6TR, STM32U083KCU6, STM32U083MCI6, STM32U083MCT6, STM32U083RCI6, STM32U083RCT6, STM32U535CBT6, STM32U535CBT6Q, STM32U535CBU6, STM32U535CBU6Q, STM32U535CCT6, STM32U535CCT6Q, STM32U535CCU6, STM32U535CCU6Q, STM32U535CET6, STM32U535CET6Q, STM32U535CEU6, STM32U535CEU6Q, STM32U535JEY6QTR, STM32U535NCY6QTR, STM32U535NEY6QTR, STM32U535RBI6, STM32U535RBI6Q, STM32U535RBT6, STM32U535RBT6Q, STM32U535RCI6, STM32U535RCI6Q, STM32U535RCT6, STM32U535RCT6Q, STM32U535REI6, STM32U535REI6Q, STM32U535RET6, STM32U535RET6Q, STM32U535VCI6, STM32U535VCI6Q, STM32U535VCT6, STM32U535VCT6Q, STM32U535VEI6, STM32U535VEI6Q, STM32U535VET6, STM32U535VET6Q, STM32U545CET6, STM32U545CET6Q, STM32U545CEU6, STM32U545CEU6Q, STM32U545JEY6QTR, STM32U545NEY6QTR, STM32U545REI6, STM32U545REI6Q, STM32U545RET6, STM32U545RET6Q, STM32U545VEI6, STM32U545VEI6Q, STM32U545VET6, STM32U545VET6Q, STM32U595AIH6, STM32U595AIH6Q, STM32U595AJH6, STM32U595AJH6Q, STM32U595QII6, STM32U595QII6Q, STM32U595QJI6, STM32U595QJI6Q, STM32U595RIT6, STM32U595RIT6Q, STM32U595RJT6, STM32U595RJT6Q, STM32U595VIT6, STM32U595VIT6Q, STM32U595VJT6, STM32U595VJT6Q, STM32U595ZIT6, STM32U595ZIT6Q, STM32U595ZIY6QTR, STM32U595ZJT6, STM32U595ZJT6Q, STM32U595ZJY6QTR, STM32U599BJY6QTR, STM32U599NIH6Q, STM32U599NJH6Q, STM32U599VIT6Q, STM32U599VJT6, STM32U599VJT6Q, STM32U599ZIT6Q, STM32U599ZIY6QTR, STM32U599ZJT6Q, STM32U599ZJY6QTR, STM32U5A5AJH6, STM32U5A5AJH6Q, STM32U5A5QII3Q , STM32U5A5QJI6, STM32U5A5QJI6Q, STM32U5A5RJT6, STM32U5A5RJT6Q, STM32U5A5VJT6, STM32U5A5VJT6Q, STM32U5A5ZJT6, STM32U5A5ZJT6Q, STM32U5A5ZJY6QTR, STM32U5A9BJY6QTR, STM32U5A9J-DK, STM32U5A9NJH6Q, STM32U5A9VJT6Q, STM32U5A9ZJT6Q, STM32U5A9ZJY6QTR, STM32U5F7VIT6, STM32U5F7VIT6Q, STM32U5F7VJT6, STM32U5F7VJT6Q, STM32U5F9BJY6QTR, STM32U5F9NJH6Q, STM32U5F9VIT6Q, STM32U5F9VJT6Q, STM32U5F9ZIJ6QTR, STM32U5F9ZIT6Q, STM32U5F9ZJJ6QTR, STM32U5F9ZJT6Q, STM32U5G7VJT6, STM32U5G7VJT6Q, STM32U5G9BJY6QTR, STM32U5G9J-DK1, STM32U5G9J-DK2, STM32U5G9NJH6Q, STM32U5G9VJT6Q, STM32U5G9ZJJ6QTR, STM32U5G9ZJT6Q, STM32WB05KZV6TR, STM32WB05KZV7TR, STM32WB05TZF6TR, STM32WB05TZF7TR, STM32WB06CCF6TR, STM32WB06CCF7TR, STM32WB06CCV6TR, STM32WB06CCV7TR, STM32WB06KCV6TR, STM32WB06KCV7TR, STM32WB07CCF6TR, STM32WB07CCF7TR, STM32WB07CCV6TR, STM32WB07CCV7TR, STM32WB07KCV6TR, STM32WB07KCV7TR, STM32WB09KEV6TR, STM32WB09KEV7TR, STM32WB09TEF6TR, STM32WB09TEF7TR, STM32WB1MMCH6, STM32WBA50KGU6, STM32WBA50KGU6TR, STM32WBA52CEU6, STM32WBA52CEU6TR, STM32WBA52CEU7, STM32WBA52CEU7TR, STM32WBA52CGU6, STM32WBA52CGU6TR, STM32WBA52CGU6U, STM32WBA52CGU7, STM32WBA52CGU7TR, STM32WBA52KEU6, STM32WBA52KEU6TR, STM32WBA52KGU6, STM32WBA52KGU6TR, STM32WBA54CEU6, STM32WBA54CEU6TR, STM32WBA54CEU7, STM32WBA54CEU7TR, STM32WBA54CGU6, STM32WBA54CGU6TR, STM32WBA54CGU7, STM32WBA54CGU7TR, STM32WBA54KEU6, STM32WBA54KEU6TR, STM32WBA54KEU7, STM32WBA54KEU7TR, STM32WBA54KGU6, STM32WBA54KGU6TR, STM32WBA54KGU7, STM32WBA54KGU7TR, STM32WBA55CEU6, STM32WBA55CEU6TR, STM32WBA55CEU7, STM32WBA55CEU7TR, STM32WBA55CGU6, STM32WBA55CGU6TR, STM32WBA55CGU6U, STM32WBA55CGU7, STM32WBA55CGU7TR, STM32WBA55G-DK1, STM32WBA55HEF6, STM32WBA55HEF7, STM32WBA55HGF6, STM32WBA55HGF7, STM32WBA55UEI6, STM32WBA55UEI6TR, STM32WBA55UEI7, STM32WBA55UEI7TR, STM32WBA55UGI6, STM32WBA55UGI6TR, STM32WBA55UGI7, STM32WBA55UGI7TR, STM32WL5MOCH6, STM32WL5MOCH6TR]
2024-08-16 09:45:31,568 [INFO] DbMcus:218 - Found 4251 MCUs, 4251 are supported
2024-08-16 09:45:31,569 [INFO] ApiDb:423 - Load user favorites file C:\Users\lagoeirl/.stm32cubeide/favorites.mcus.txt: 0 item(s)
2024-08-16 09:45:31,570 [INFO] ApiDb:427 - User favorites MCUs=[]
2024-08-16 09:45:31,570 [INFO] DbMcus:224 - Set 0 / 0 favorites MCUs
2024-08-16 09:45:31,810 [INFO] ApiDb:423 - Load user favorites file C:\Users\lagoeirl/.stm32cubeide/favorites.boards.txt: 1 item(s)
2024-08-16 09:45:31,810 [INFO] ApiDb:427 - User favorites Boards=[NUCLEO-G070RB]
2024-08-16 09:45:31,810 [INFO] DbBoards:198 - Set 1 / 1 favorites Boards
2024-08-16 09:45:31,873 [INFO] UtilMem:75 - End LoadConfig() Used Memory: 270009160 Bytes (616562688)
2024-08-16 09:45:31,997 [WARN] ThirdParty:833 - waiting for thirdparty lock release [change project]
2024-08-16 09:45:31,997 [INFO] ThirdParty:835 - entering critical section [change project]
2024-08-16 09:45:31,997 [INFO] ThirdParty:1030 - CMSIS Pack Vendor :STMicroelectronics USBPD 4.1
2024-08-16 09:45:31,997 [INFO] ThirdParty:1030 - CMSIS Pack Vendor :STMicroelectronics X-CUBE-AZRTOS-H7 3.3.0
2024-08-16 09:45:31,997 [INFO] ThirdParty:1030 - CMSIS Pack Vendor :STMicroelectronics X-CUBE-GNSS1 6.0.0
2024-08-16 09:45:31,997 [INFO] ThirdParty:1030 - CMSIS Pack Vendor :STMicroelectronics USB_HOST 2.0.0
2024-08-16 09:45:31,997 [INFO] ThirdParty:1030 - CMSIS Pack Vendor :STMicroelectronics X-CUBE-AZRTOS-F4 1.1.0
2024-08-16 09:45:31,997 [INFO] ThirdParty:1030 - CMSIS Pack Vendor :STMicroelectronics LIBJPEG 8.0.0
2024-08-16 09:45:31,997 [INFO] ThirdParty:1030 - CMSIS Pack Vendor :STMicroelectronics X-CUBE-SMBUS 2.1.0
2024-08-16 09:45:31,997 [INFO] ThirdParty:1030 - CMSIS Pack Vendor :STMicroelectronics USB_DEVICE 3.0.0
2024-08-16 09:45:31,998 [INFO] ThirdParty:1030 - CMSIS Pack Vendor :STMicroelectronics X-CUBE-AZRTOS-WB 2.0.0
2024-08-16 09:45:31,998 [INFO] ThirdParty:1030 - CMSIS Pack Vendor :STMicroelectronics X-CUBE-AZRTOS-F7 1.1.0
2024-08-16 09:45:31,998 [INFO] ThirdParty:1030 - CMSIS Pack Vendor :STMicroelectronics X-CUBE-AZRTOS-L5 2.0.0
2024-08-16 09:45:31,998 [INFO] ThirdParty:1030 - CMSIS Pack Vendor :STMicroelectronics USB_DEVICE 2.0.0
2024-08-16 09:45:31,998 [INFO] ThirdParty:1030 - CMSIS Pack Vendor :STMicroelectronics FreeRTOS 0.0.1
2024-08-16 09:45:31,998 [INFO] ThirdParty:1030 - CMSIS Pack Vendor :STMicroelectronics X-CUBE-AZRTOS-G0 1.1.0
2024-08-16 09:45:31,998 [INFO] ThirdParty:1030 - CMSIS Pack Vendor :STMicroelectronics X-CUBE-NFC4 3.0.0
2024-08-16 09:45:31,998 [INFO] ThirdParty:1030 - CMSIS Pack Vendor :STMicroelectronics X-CUBE-SUBG2 5.0.0
2024-08-16 09:45:31,998 [INFO] ThirdParty:1030 - CMSIS Pack Vendor :STMicroelectronics STM32_WPAN 1.0.0
2024-08-16 09:45:31,998 [INFO] ThirdParty:1030 - CMSIS Pack Vendor :EmbeddedOffice I-CUBE-FS-RTOS 1.0.1
2024-08-16 09:45:31,998 [INFO] ThirdParty:1030 - CMSIS Pack Vendor :STMicroelectronics lwIP 2.0.3
2024-08-16 09:45:31,998 [INFO] ThirdParty:1030 - CMSIS Pack Vendor :STMicroelectronics FP-SNS-FLIGHT1 5.0.2
2024-08-16 09:45:31,998 [INFO] ThirdParty:1030 - CMSIS Pack Vendor :Cesanta I-CUBE-Mongoose 7.13.0
2024-08-16 09:45:31,998 [INFO] ThirdParty:1030 - CMSIS Pack Vendor :STMicroelectronics USB_HOST 1.0.0
2024-08-16 09:45:31,998 [INFO] ThirdParty:1030 - CMSIS Pack Vendor :STMicroelectronics X-CUBE-AI 9.0.0
2024-08-16 09:45:31,998 [INFO] ThirdParty:1030 - CMSIS Pack Vendor :STMicroelectronics X-CUBE-AZRTOS-G4 2.0.0
2024-08-16 09:45:31,998 [INFO] ThirdParty:1030 - CMSIS Pack Vendor :STMicroelectronics PDM2PCM 3.1.0
2024-08-16 09:45:31,998 [INFO] ThirdParty:1030 - CMSIS Pack Vendor :STMicroelectronics PDM2PCM 3.3.0
2024-08-16 09:45:31,998 [INFO] ThirdParty:1030 - CMSIS Pack Vendor :STMicroelectronics X-CUBE-DISPLAY 3.0.0
2024-08-16 09:45:31,998 [INFO] ThirdParty:1030 - CMSIS Pack Vendor :RealThread X-CUBE-RT-Thread_Nano 4.1.1
2024-08-16 09:45:31,998 [INFO] ThirdParty:1030 - CMSIS Pack Vendor :STMicroelectronics X-CUBE-BLE1 7.0.0
2024-08-16 09:45:31,998 [INFO] ThirdParty:1030 - CMSIS Pack Vendor :STMicroelectronics FP-ATR-SIGFOX1 3.2.0
2024-08-16 09:45:31,998 [INFO] ThirdParty:1030 - CMSIS Pack Vendor :STMicroelectronics X-CUBE-ISPU 2.0.0
2024-08-16 09:45:31,998 [INFO] ThirdParty:1030 - CMSIS Pack Vendor :STMicroelectronics X-CUBE-EEPRMA1 5.1.0
2024-08-16 09:45:31,998 [INFO] ThirdParty:1030 - CMSIS Pack Vendor :STMicroelectronics HAL Drivers 0.0.0
2024-08-16 09:45:31,998 [INFO] ThirdParty:1030 - CMSIS Pack Vendor :STMicroelectronics MBEDTLS 2.16.2
2024-08-16 09:45:31,998 [INFO] ThirdParty:1030 - CMSIS Pack Vendor :emotas I-CUBE-CANOPEN 1.3.0
2024-08-16 09:45:31,998 [INFO] ThirdParty:1030 - CMSIS Pack Vendor :STMicroelectronics X-CUBE-MEMS1 10.0.0
2024-08-16 09:45:31,998 [INFO] ThirdParty:1030 - CMSIS Pack Vendor :STMicroelectronics X-CUBE-NFC7 1.0.1
2024-08-16 09:45:31,998 [INFO] ThirdParty:1030 - CMSIS Pack Vendor :STMicroelectronics MBEDTLS 2.14.1
2024-08-16 09:45:31,998 [INFO] ThirdParty:1030 - CMSIS Pack Vendor :ITTIA_DB I-CUBE-ITTIADB 8.9.0
2024-08-16 09:45:31,998 [INFO] ThirdParty:1030 - CMSIS Pack Vendor :wolfSSL I-CUBE-wolfTPM 3.2.0
2024-08-16 09:45:31,998 [INFO] ThirdParty:1030 - CMSIS Pack Vendor :portGmbH I-Cube-SoM-uGOAL 1.1.0
2024-08-16 09:45:31,998 [INFO] ThirdParty:1030 - CMSIS Pack Vendor :STMicroelectronics X-CUBE-BLEMGR 3.1.0
2024-08-16 09:45:31,998 [INFO] ThirdParty:1030 - CMSIS Pack Vendor :STMicroelectronics ThreadX 1.0.0
2024-08-16 09:45:31,999 [INFO] ThirdParty:1030 - CMSIS Pack Vendor :STMicroelectronics FP-SNS-SMARTAG2 1.2.0
2024-08-16 09:45:31,999 [INFO] ThirdParty:1030 - CMSIS Pack Vendor :STMicroelectronics X-CUBE-AZRTOS-WL 2.0.0
2024-08-16 09:45:31,999 [INFO] ThirdParty:1030 - CMSIS Pack Vendor :SEGGER I-CUBE-embOS 1.3.1
2024-08-16 09:45:31,999 [INFO] ThirdParty:1030 - CMSIS Pack Vendor :STMicroelectronics USB_DEVICE 1.0.0
2024-08-16 09:45:31,999 [INFO] ThirdParty:1030 - CMSIS Pack Vendor :wolfSSL I-CUBE-wolfMQTT 1.19.0
2024-08-16 09:45:31,999 [INFO] ThirdParty:1030 - CMSIS Pack Vendor :STMicroelectronics X-CUBE-AZRTOS-L4 2.0.0
2024-08-16 09:45:31,999 [INFO] ThirdParty:1030 - CMSIS Pack Vendor :STMicroelectronics ThreadX 0.0.2
2024-08-16 09:45:31,999 [INFO] ThirdParty:1030 - CMSIS Pack Vendor :WES I-CUBE-Cesium 1.3.0
2024-08-16 09:45:31,999 [INFO] ThirdParty:1030 - CMSIS Pack Vendor :STMicroelectronics FP-ATR-ASTRA1 2.0.0
2024-08-16 09:45:31,999 [INFO] ThirdParty:1030 - CMSIS Pack Vendor :STMicroelectronics lwIP 2.1.2
2024-08-16 09:45:31,999 [INFO] ThirdParty:1030 - CMSIS Pack Vendor :STMicroelectronics X-CUBE-SFXS2LP1 4.0.0
2024-08-16 09:45:31,999 [INFO] ThirdParty:1030 - CMSIS Pack Vendor :STMicroelectronics X-CUBE-BLE2 3.3.0
2024-08-16 09:45:31,999 [INFO] ThirdParty:1030 - CMSIS Pack Vendor :Infineon AIROC-Wi-Fi-Bluetooth-STM32 1.6.1
2024-08-16 09:45:31,999 [INFO] ThirdParty:1030 - CMSIS Pack Vendor :STMicroelectronics X-CUBE-AZRTOS-H7 3.2.0
2024-08-16 09:45:31,999 [INFO] ThirdParty:1030 - CMSIS Pack Vendor :STMicroelectronics PDM2PCM 3.2.0
2024-08-16 09:45:31,999 [INFO] ThirdParty:1030 - CMSIS Pack Vendor :wolfSSL I-CUBE-wolfSSH 1.4.17
2024-08-16 09:45:31,999 [INFO] ThirdParty:841 - exiting critical section [change project]
2024-08-16 09:45:32,274 [INFO] PinOutPanel:1561 - setPackage(No Configuration,No Configuration)
2024-08-16 09:45:32,278 [INFO] PinOutPanel:1561 - setPackage(STM32G070RBTx,LQFP64)
2024-08-16 09:45:32,749 [INFO] UtilMem:75 - Before build in PCC Used Memory: 234186168 Bytes (616562688)
2024-08-16 09:45:33,575 [INFO] UtilMem:75 - After build in PCC Used Memory: 376792504 Bytes (616562688)
2024-08-16 09:45:33,606 [INFO] IPUIPlugin:80 - create IPUIPlugin
2024-08-16 09:45:33,607 [INFO] IPUIPlugin:80 - create IPUIPlugin
2024-08-16 09:45:33,607 [INFO] IPUIPlugin:80 - create IPUIPlugin
2024-08-16 09:45:33,607 [INFO] IPUIPlugin:80 - create IPUIPlugin
2024-08-16 09:45:33,607 [INFO] IPUIPlugin:80 - create IPUIPlugin
2024-08-16 09:45:33,607 [INFO] IPUIPlugin:80 - create IPUIPlugin
2024-08-16 09:45:33,607 [INFO] IPUIPlugin:80 - create IPUIPlugin
2024-08-16 09:45:33,607 [INFO] IPUIPlugin:80 - create IPUIPlugin
2024-08-16 09:45:33,607 [INFO] IPUIPlugin:80 - create IPUIPlugin
2024-08-16 09:45:33,608 [INFO] IPUIPlugin:80 - create IPUIPlugin
2024-08-16 09:45:33,608 [INFO] IPUIPlugin:80 - create IPUIPlugin
2024-08-16 09:45:33,608 [INFO] IPUIPlugin:80 - create IPUIPlugin
2024-08-16 09:45:33,608 [INFO] IPUIPlugin:80 - create IPUIPlugin
2024-08-16 09:45:33,608 [INFO] IPUIPlugin:80 - create IPUIPlugin
2024-08-16 09:45:33,609 [INFO] IPUIPlugin:80 - create IPUIPlugin
2024-08-16 09:45:33,609 [INFO] IPUIPlugin:80 - create IPUIPlugin
2024-08-16 09:45:33,609 [INFO] IPUIPlugin:80 - create IPUIPlugin
2024-08-16 09:45:33,610 [INFO] IPUIPlugin:80 - create IPUIPlugin
2024-08-16 09:45:33,610 [INFO] IPUIPlugin:80 - create IPUIPlugin
2024-08-16 09:45:33,610 [INFO] IPUIPlugin:80 - create IPUIPlugin
2024-08-16 09:45:33,610 [INFO] IPUIPlugin:80 - create IPUIPlugin
2024-08-16 09:45:33,610 [INFO] IPUIPlugin:80 - create IPUIPlugin
2024-08-16 09:45:33,611 [INFO] IPUIPlugin:80 - create IPUIPlugin
2024-08-16 09:45:33,611 [INFO] IPUIPlugin:80 - create IPUIPlugin
2024-08-16 09:45:33,611 [INFO] IPUIPlugin:80 - create IPUIPlugin
2024-08-16 09:45:33,612 [INFO] IPUIPlugin:80 - create IPUIPlugin
2024-08-16 09:45:33,612 [INFO] IPUIPlugin:80 - create IPUIPlugin
2024-08-16 09:45:33,612 [INFO] IPUIPlugin:80 - create IPUIPlugin
2024-08-16 09:45:33,612 [INFO] IPUIPlugin:80 - create IPUIPlugin
2024-08-16 09:45:33,613 [INFO] IPUIPlugin:80 - create IPUIPlugin
2024-08-16 09:45:33,840 [INFO] CADModel:165 - CPN selected for project levelSTM32G070RBT6
2024-08-16 09:45:33,841 [INFO] CADModel:114 - Register for checkConnection events
2024-08-16 09:45:33,901 [INFO] OpenFileManager:363 - Restore cursor
2024-08-16 09:51:03,989 [INFO] NvicIntPanel:101 - NVIC parent = com.st.microxplorer.plugins.ip.nvic.MultiNvicIntPanel[,0,0,450x125,layout=javax.swing.BoxLayout,alignmentX=0.0,alignmentY=0.0,border=,flags=9,maximumSize=,minimumSize=,preferredSize=]
2024-08-16 09:51:10,485 [INFO] NvicIntPanel:101 - NVIC parent = com.st.microxplorer.plugins.ip.nvic.MultiNvicIntPanel[,0,0,0x0,invalid,layout=javax.swing.BoxLayout,alignmentX=0.0,alignmentY=0.0,border=,flags=9,maximumSize=,minimumSize=,preferredSize=]
2024-08-16 09:51:14,231 [INFO] UtilMem:75 - End SaveConfig() Used Memory: 430083808 Bytes (616562688)
2024-08-16 09:51:15,682 [INFO] UtilMem:75 - End SaveConfig() Used Memory: 456067880 Bytes (616562688)
2024-08-16 09:51:16,253 [INFO] UtilMem:75 - End SaveConfig() Used Memory: 492476128 Bytes (616562688)
2024-08-16 09:51:16,754 [INFO] BlockDiagram:2766 - set Specific Code input for plugin: NVIC
2024-08-16 09:51:16,755 [INFO] BlockDiagram:2766 - set Specific Code input for plugin: USART
2024-08-16 09:51:16,755 [INFO] BlockDiagram:2766 - set Specific Code input for plugin: SYS
2024-08-16 09:51:16,756 [INFO] BlockDiagram:2766 - set Specific Code input for plugin: GPIO
2024-08-16 09:51:16,756 [INFO] BlockDiagram:2766 - set Specific Code input for plugin: RCC
2024-08-16 09:51:16,761 [INFO] CodeGenerator:807 - code generatio: config db path: C:\ST\STM32CubeIDE_1.16.0\STM32CubeIDE\plugins\com.st.stm32cube.common.mx_6.12.0.202406281431\\db\
2024-08-16 09:51:16,933 [INFO] CodeEngine:255 - oldGeneratedFile, C:\Users\lagoeirl\STM32CubeIDE\workspace_1.16.0\Blink_inRAM\MXTmpFiles\license.tmp_save
2024-08-16 09:51:17,255 [INFO] CodeEngine:279 - Generated code: C:\Users\lagoeirl\STM32CubeIDE\workspace_1.16.0\Blink_inRAM\MXTmpFiles\license.tmp
2024-08-16 09:51:17,341 [INFO] CodeEngine:255 - oldGeneratedFile, C:\Users\lagoeirl\STM32CubeIDE\workspace_1.16.0\Blink_inRAM\MXTmpFiles\gpio.tmp_save
2024-08-16 09:51:17,444 [INFO] CodeEngine:279 - Generated code: C:\Users\lagoeirl\STM32CubeIDE\workspace_1.16.0\Blink_inRAM\MXTmpFiles\gpio.tmp
2024-08-16 09:51:17,656 [INFO] CodeEngine:255 - oldGeneratedFile, C:\Users\lagoeirl\STM32CubeIDE\workspace_1.16.0\Blink_inRAM\Core\Src\stm32g0xx_it.c_save
2024-08-16 09:51:17,784 [INFO] CodeEngine:279 - Generated code: C:\Users\lagoeirl\STM32CubeIDE\workspace_1.16.0\Blink_inRAM\Core\Src\stm32g0xx_it.c
2024-08-16 09:51:17,798 [INFO] CodeEngine:255 - oldGeneratedFile, C:\Users\lagoeirl\STM32CubeIDE\workspace_1.16.0\Blink_inRAM\Core\Inc\stm32g0xx_it.h_save
2024-08-16 09:51:17,885 [INFO] CodeEngine:279 - Generated code: C:\Users\lagoeirl\STM32CubeIDE\workspace_1.16.0\Blink_inRAM\Core\Inc\stm32g0xx_it.h
2024-08-16 09:51:17,913 [INFO] CodeEngine:255 - oldGeneratedFile, C:\Users\lagoeirl\STM32CubeIDE\workspace_1.16.0\Blink_inRAM\Core\Src\stm32g0xx_hal_msp.c_save
2024-08-16 09:51:18,091 [INFO] CodeEngine:279 - Generated code: C:\Users\lagoeirl\STM32CubeIDE\workspace_1.16.0\Blink_inRAM\Core\Src\stm32g0xx_hal_msp.c
2024-08-16 09:51:18,103 [INFO] CodeEngine:255 - oldGeneratedFile, C:\Users\lagoeirl\STM32CubeIDE\workspace_1.16.0\Blink_inRAM\MXTmpFiles\system.tmp_save
2024-08-16 09:51:18,170 [INFO] CodeEngine:279 - Generated code: C:\Users\lagoeirl\STM32CubeIDE\workspace_1.16.0\Blink_inRAM\MXTmpFiles\system.tmp
2024-08-16 09:51:18,194 [INFO] CodeEngine:311 - oldGeneratedFile, C:\Users\lagoeirl\STM32CubeIDE\workspace_1.16.0\Blink_inRAM\Core\Inc\stm32g0xx_hal_conf.h_save
2024-08-16 09:51:18,280 [INFO] CodeEngine:335 - Generated code: C:\Users\lagoeirl\STM32CubeIDE\workspace_1.16.0\Blink_inRAM\Core\Inc\stm32g0xx_hal_conf.h
2024-08-16 09:51:18,336 [INFO] CodeEngine:255 - oldGeneratedFile, C:\Users\lagoeirl\STM32CubeIDE\workspace_1.16.0\Blink_inRAM\Core\Inc\main.h_save
2024-08-16 09:51:18,433 [INFO] CodeEngine:279 - Generated code: C:\Users\lagoeirl\STM32CubeIDE\workspace_1.16.0\Blink_inRAM\Core\Inc\main.h
2024-08-16 09:51:18,446 [INFO] CodeEngine:255 - oldGeneratedFile, C:\Users\lagoeirl\STM32CubeIDE\workspace_1.16.0\Blink_inRAM\Core\Src\main.c_save
2024-08-16 09:51:18,563 [INFO] CodeEngine:279 - Generated code: C:\Users\lagoeirl\STM32CubeIDE\workspace_1.16.0\Blink_inRAM\Core\Src\main.c
2024-08-16 09:51:18,990 [INFO] ProjectBuilder:3249 - Time for Copy HAL[1] : 248mS.
2024-08-16 09:51:18,996 [INFO] ProjectBuilder:4828 - Project Generator version: 4.4.0-B60
2024-08-16 09:51:19,109 [INFO] ConfigFileManager:1531 - The Die is : DIE460
2024-08-16 09:51:19,123 [INFO] ApiDbMcu:508 - Load IP Config File for FATFS
2024-08-16 09:51:19,145 [INFO] ApiDbMcu:508 - Load IP Config File for FREERTOS
2024-08-16 09:51:19,460 [ERROR] ConfigurationRetriever:142 - IOException on connection: Connect timed out
2024-08-16 09:51:19,478 [INFO] LogOutputStream:77 - [STDOUT_REDIRECT] 
2024-08-16 09:51:20,462 [INFO] ProjectBuilder:5097 - Time for Generating toolchain IDE Files: 1466mS.
2024-08-16 09:51:20,464 [INFO] ProjectBuilder:3107 - Time for Copy CMSIS : 1mS.
2024-08-16 09:51:20,471 [INFO] ProjectBuilder:3107 - Time for Copy CMSIS : 0mS.
2024-08-16 09:51:21,315 [ERROR] ConfigurationRetriever:142 - IOException on connection: Connect timed out
2024-08-16 09:51:24,462 [ERROR] ConfigurationRetriever:142 - IOException on connection: Connect timed out
2024-08-16 09:51:26,318 [ERROR] ConfigurationRetriever:142 - IOException on connection: Connect timed out
2024-08-16 09:51:29,464 [ERROR] ConfigurationRetriever:142 - IOException on connection: Connect timed out
2024-08-16 09:51:29,976 [ERROR] ConfigurationRetriever:142 - IOException on connection: Connect timed out
2024-08-16 09:51:31,321 [ERROR] ConfigurationRetriever:142 - IOException on connection: Connect timed out
2024-08-16 09:51:31,979 [ERROR] ConfigurationRetriever:142 - IOException on connection: Connect timed out
2024-08-16 09:51:33,982 [ERROR] ConfigurationRetriever:142 - IOException on connection: Connect timed out
2024-08-16 09:51:45,752 [ERROR] ConfigurationRetriever:142 - IOException on connection: Connect timed out
2024-08-16 09:51:47,911 [ERROR] ConfigurationRetriever:142 - IOException on connection: Connect timed out
2024-08-16 09:51:49,915 [ERROR] ConfigurationRetriever:142 - IOException on connection: Connect timed out
2024-08-16 09:53:12,937 [INFO] NvicIntPanel:101 - NVIC parent = com.st.microxplorer.plugins.ip.nvic.MultiNvicIntPanel[,0,0,0x0,invalid,layout=javax.swing.BoxLayout,alignmentX=0.0,alignmentY=0.0,border=,flags=9,maximumSize=,minimumSize=,preferredSize=]
2024-08-16 09:53:21,143 [INFO] NvicIntPanel:101 - NVIC parent = com.st.microxplorer.plugins.ip.nvic.MultiNvicIntPanel[,0,0,0x0,invalid,layout=javax.swing.BoxLayout,alignmentX=0.0,alignmentY=0.0,border=,flags=9,maximumSize=,minimumSize=,preferredSize=]
2024-08-16 09:53:53,110 [INFO] NvicIntPanel:101 - NVIC parent = com.st.microxplorer.plugins.ip.nvic.MultiNvicIntPanel[,0,0,462x145,layout=javax.swing.BoxLayout,alignmentX=0.0,alignmentY=0.0,border=,flags=9,maximumSize=,minimumSize=,preferredSize=]
2024-08-16 09:54:52,265 [INFO] UtilMem:75 - End SaveConfig() Used Memory: 293838832 Bytes (616562688)
2024-08-16 09:54:57,593 [ERROR] ConfigurationRetriever:142 - IOException on connection: Connect timed out
2024-08-16 09:55:02,594 [ERROR] ConfigurationRetriever:142 - IOException on connection: Connect timed out
2024-08-16 09:55:07,597 [ERROR] ConfigurationRetriever:142 - IOException on connection: Connect timed out
2024-08-16 09:55:11,964 [ERROR] ConfigurationRetriever:142 - IOException on connection: Connect timed out
2024-08-16 09:55:13,967 [ERROR] ConfigurationRetriever:142 - IOException on connection: Connect timed out
2024-08-16 09:55:15,970 [ERROR] ConfigurationRetriever:142 - IOException on connection: Connect timed out
2024-08-16 09:55:17,994 [ERROR] ConfigurationRetriever:142 - IOException on connection: Connect timed out
2024-08-16 09:55:19,996 [ERROR] ConfigurationRetriever:142 - IOException on connection: Connect timed out
2024-08-16 09:55:21,998 [ERROR] ConfigurationRetriever:142 - IOException on connection: Connect timed out
2024-08-16 09:55:51,696 [INFO] NvicIntPanel:101 - NVIC parent = com.st.microxplorer.plugins.ip.nvic.MultiNvicIntPanel[,0,0,0x0,invalid,layout=javax.swing.BoxLayout,alignmentX=0.0,alignmentY=0.0,border=,flags=9,maximumSize=,minimumSize=,preferredSize=]
2024-08-16 09:55:56,201 [INFO] NvicIntPanel:101 - NVIC parent = com.st.microxplorer.plugins.ip.nvic.MultiNvicIntPanel[,0,0,0x0,invalid,layout=javax.swing.BoxLayout,alignmentX=0.0,alignmentY=0.0,border=,flags=9,maximumSize=,minimumSize=,preferredSize=]
2024-08-16 09:59:19,121 [INFO] UtilMem:75 - End SaveConfig() Used Memory: 411260224 Bytes (616562688)
2024-08-16 09:59:20,598 [INFO] UtilMem:75 - End SaveConfig() Used Memory: 432222232 Bytes (616562688)
2024-08-16 09:59:20,812 [INFO] UtilMem:75 - End SaveConfig() Used Memory: 479934488 Bytes (616562688)
2024-08-16 09:59:20,954 [INFO] BlockDiagram:2766 - set Specific Code input for plugin: NVIC
2024-08-16 09:59:20,954 [INFO] BlockDiagram:2766 - set Specific Code input for plugin: USART
2024-08-16 09:59:20,954 [INFO] BlockDiagram:2766 - set Specific Code input for plugin: SYS
2024-08-16 09:59:20,955 [INFO] BlockDiagram:2766 - set Specific Code input for plugin: GPIO
2024-08-16 09:59:20,955 [INFO] BlockDiagram:2766 - set Specific Code input for plugin: RCC
2024-08-16 09:59:20,957 [INFO] CodeGenerator:807 - code generatio: config db path: C:\ST\STM32CubeIDE_1.16.0\STM32CubeIDE\plugins\com.st.stm32cube.common.mx_6.12.0.202406281431\\db\
2024-08-16 09:59:21,037 [INFO] CodeEngine:255 - oldGeneratedFile, C:\Users\lagoeirl\STM32CubeIDE\workspace_1.16.0\Blink_inRAM\MXTmpFiles\license.tmp_save
2024-08-16 09:59:21,107 [INFO] CodeEngine:279 - Generated code: C:\Users\lagoeirl\STM32CubeIDE\workspace_1.16.0\Blink_inRAM\MXTmpFiles\license.tmp
2024-08-16 09:59:21,162 [INFO] CodeEngine:255 - oldGeneratedFile, C:\Users\lagoeirl\STM32CubeIDE\workspace_1.16.0\Blink_inRAM\MXTmpFiles\gpio.tmp_save
2024-08-16 09:59:21,234 [INFO] CodeEngine:279 - Generated code: C:\Users\lagoeirl\STM32CubeIDE\workspace_1.16.0\Blink_inRAM\MXTmpFiles\gpio.tmp
2024-08-16 09:59:21,312 [INFO] CodeEngine:255 - oldGeneratedFile, C:\Users\lagoeirl\STM32CubeIDE\workspace_1.16.0\Blink_inRAM\Core\Src\stm32g0xx_it.c_save
2024-08-16 09:59:21,435 [INFO] CodeEngine:279 - Generated code: C:\Users\lagoeirl\STM32CubeIDE\workspace_1.16.0\Blink_inRAM\Core\Src\stm32g0xx_it.c
2024-08-16 09:59:21,451 [INFO] CodeEngine:255 - oldGeneratedFile, C:\Users\lagoeirl\STM32CubeIDE\workspace_1.16.0\Blink_inRAM\Core\Inc\stm32g0xx_it.h_save
2024-08-16 09:59:21,524 [INFO] CodeEngine:279 - Generated code: C:\Users\lagoeirl\STM32CubeIDE\workspace_1.16.0\Blink_inRAM\Core\Inc\stm32g0xx_it.h
2024-08-16 09:59:21,549 [INFO] CodeEngine:255 - oldGeneratedFile, C:\Users\lagoeirl\STM32CubeIDE\workspace_1.16.0\Blink_inRAM\Core\Src\stm32g0xx_hal_msp.c_save
2024-08-16 09:59:21,648 [INFO] CodeEngine:279 - Generated code: C:\Users\lagoeirl\STM32CubeIDE\workspace_1.16.0\Blink_inRAM\Core\Src\stm32g0xx_hal_msp.c
2024-08-16 09:59:21,657 [INFO] CodeEngine:255 - oldGeneratedFile, C:\Users\lagoeirl\STM32CubeIDE\workspace_1.16.0\Blink_inRAM\MXTmpFiles\system.tmp_save
2024-08-16 09:59:21,717 [INFO] CodeEngine:279 - Generated code: C:\Users\lagoeirl\STM32CubeIDE\workspace_1.16.0\Blink_inRAM\MXTmpFiles\system.tmp
2024-08-16 09:59:21,743 [INFO] CodeEngine:311 - oldGeneratedFile, C:\Users\lagoeirl\STM32CubeIDE\workspace_1.16.0\Blink_inRAM\Core\Inc\stm32g0xx_hal_conf.h_save
2024-08-16 09:59:21,801 [INFO] CodeEngine:335 - Generated code: C:\Users\lagoeirl\STM32CubeIDE\workspace_1.16.0\Blink_inRAM\Core\Inc\stm32g0xx_hal_conf.h
2024-08-16 09:59:21,829 [INFO] CodeEngine:255 - oldGeneratedFile, C:\Users\lagoeirl\STM32CubeIDE\workspace_1.16.0\Blink_inRAM\Core\Inc\main.h_save
2024-08-16 09:59:21,893 [INFO] CodeEngine:279 - Generated code: C:\Users\lagoeirl\STM32CubeIDE\workspace_1.16.0\Blink_inRAM\Core\Inc\main.h
2024-08-16 09:59:21,906 [INFO] CodeEngine:255 - oldGeneratedFile, C:\Users\lagoeirl\STM32CubeIDE\workspace_1.16.0\Blink_inRAM\Core\Src\main.c_save
2024-08-16 09:59:22,000 [INFO] CodeEngine:279 - Generated code: C:\Users\lagoeirl\STM32CubeIDE\workspace_1.16.0\Blink_inRAM\Core\Src\main.c
2024-08-16 09:59:22,425 [INFO] ProjectBuilder:3249 - Time for Copy HAL[1] : 273mS.
2024-08-16 09:59:22,429 [INFO] ProjectBuilder:4828 - Project Generator version: 4.4.0-B60
2024-08-16 09:59:22,489 [INFO] ConfigFileManager:1531 - The Die is : DIE460
2024-08-16 09:59:23,533 [INFO] ProjectBuilder:5097 - Time for Generating toolchain IDE Files: 1104mS.
2024-08-16 09:59:23,534 [INFO] ProjectBuilder:3107 - Time for Copy CMSIS : 1mS.
2024-08-16 09:59:23,539 [INFO] ProjectBuilder:3107 - Time for Copy CMSIS : 0mS.
2024-08-16 09:59:24,321 [ERROR] ConfigurationRetriever:142 - IOException on connection: Connect timed out
2024-08-16 09:59:29,324 [ERROR] ConfigurationRetriever:142 - IOException on connection: Connect timed out
2024-08-16 09:59:29,438 [ERROR] ConfigurationRetriever:142 - IOException on connection: Connect timed out
2024-08-16 09:59:31,441 [ERROR] ConfigurationRetriever:142 - IOException on connection: Connect timed out
2024-08-16 09:59:33,443 [ERROR] ConfigurationRetriever:142 - IOException on connection: Connect timed out
2024-08-16 09:59:34,325 [ERROR] ConfigurationRetriever:142 - IOException on connection: Connect timed out
2024-08-16 10:49:03,733 [INFO] NvicIntPanel:101 - NVIC parent = com.st.microxplorer.plugins.ip.nvic.MultiNvicIntPanel[,0,0,0x0,invalid,layout=javax.swing.BoxLayout,alignmentX=0.0,alignmentY=0.0,border=,flags=9,maximumSize=,minimumSize=,preferredSize=]
2024-08-16 10:49:09,902 [INFO] UtilMem:75 - End SaveConfig() Used Memory: 618254744 Bytes (785383424)
2024-08-16 10:49:11,602 [INFO] UtilMem:75 - End SaveConfig() Used Memory: 642374192 Bytes (785383424)
2024-08-16 10:49:12,131 [INFO] UtilMem:75 - End SaveConfig() Used Memory: 677605696 Bytes (785383424)
2024-08-16 10:49:12,444 [INFO] BlockDiagram:2766 - set Specific Code input for plugin: NVIC
2024-08-16 10:49:12,445 [INFO] BlockDiagram:2766 - set Specific Code input for plugin: USART
2024-08-16 10:49:12,445 [INFO] BlockDiagram:2766 - set Specific Code input for plugin: SYS
2024-08-16 10:49:12,445 [INFO] BlockDiagram:2766 - set Specific Code input for plugin: GPIO
2024-08-16 10:49:12,445 [INFO] BlockDiagram:2766 - set Specific Code input for plugin: RCC
2024-08-16 10:49:12,448 [INFO] CodeGenerator:807 - code generatio: config db path: C:\ST\STM32CubeIDE_1.16.0\STM32CubeIDE\plugins\com.st.stm32cube.common.mx_6.12.0.202406281431\\db\
2024-08-16 10:49:12,548 [INFO] CodeEngine:255 - oldGeneratedFile, C:\Users\lagoeirl\STM32CubeIDE\workspace_1.16.0\Blink_inRAM\MXTmpFiles\license.tmp_save
2024-08-16 10:49:12,683 [INFO] CodeEngine:279 - Generated code: C:\Users\lagoeirl\STM32CubeIDE\workspace_1.16.0\Blink_inRAM\MXTmpFiles\license.tmp
2024-08-16 10:49:12,725 [INFO] CodeEngine:255 - oldGeneratedFile, C:\Users\lagoeirl\STM32CubeIDE\workspace_1.16.0\Blink_inRAM\MXTmpFiles\gpio.tmp_save
2024-08-16 10:49:12,815 [INFO] CodeEngine:279 - Generated code: C:\Users\lagoeirl\STM32CubeIDE\workspace_1.16.0\Blink_inRAM\MXTmpFiles\gpio.tmp
2024-08-16 10:49:12,867 [INFO] CodeEngine:255 - oldGeneratedFile, C:\Users\lagoeirl\STM32CubeIDE\workspace_1.16.0\Blink_inRAM\Core\Src\stm32g0xx_it.c_save
2024-08-16 10:49:13,007 [INFO] CodeEngine:279 - Generated code: C:\Users\lagoeirl\STM32CubeIDE\workspace_1.16.0\Blink_inRAM\Core\Src\stm32g0xx_it.c
2024-08-16 10:49:13,020 [INFO] CodeEngine:255 - oldGeneratedFile, C:\Users\lagoeirl\STM32CubeIDE\workspace_1.16.0\Blink_inRAM\Core\Inc\stm32g0xx_it.h_save
2024-08-16 10:49:13,090 [INFO] CodeEngine:279 - Generated code: C:\Users\lagoeirl\STM32CubeIDE\workspace_1.16.0\Blink_inRAM\Core\Inc\stm32g0xx_it.h
2024-08-16 10:49:13,116 [INFO] CodeEngine:255 - oldGeneratedFile, C:\Users\lagoeirl\STM32CubeIDE\workspace_1.16.0\Blink_inRAM\Core\Src\stm32g0xx_hal_msp.c_save
2024-08-16 10:49:13,213 [INFO] CodeEngine:279 - Generated code: C:\Users\lagoeirl\STM32CubeIDE\workspace_1.16.0\Blink_inRAM\Core\Src\stm32g0xx_hal_msp.c
2024-08-16 10:49:13,221 [INFO] CodeEngine:255 - oldGeneratedFile, C:\Users\lagoeirl\STM32CubeIDE\workspace_1.16.0\Blink_inRAM\MXTmpFiles\system.tmp_save
2024-08-16 10:49:13,271 [INFO] CodeEngine:279 - Generated code: C:\Users\lagoeirl\STM32CubeIDE\workspace_1.16.0\Blink_inRAM\MXTmpFiles\system.tmp
2024-08-16 10:49:13,291 [INFO] CodeEngine:311 - oldGeneratedFile, C:\Users\lagoeirl\STM32CubeIDE\workspace_1.16.0\Blink_inRAM\Core\Inc\stm32g0xx_hal_conf.h_save
2024-08-16 10:49:13,354 [INFO] CodeEngine:335 - Generated code: C:\Users\lagoeirl\STM32CubeIDE\workspace_1.16.0\Blink_inRAM\Core\Inc\stm32g0xx_hal_conf.h
2024-08-16 10:49:13,381 [INFO] CodeEngine:255 - oldGeneratedFile, C:\Users\lagoeirl\STM32CubeIDE\workspace_1.16.0\Blink_inRAM\Core\Inc\main.h_save
2024-08-16 10:49:13,453 [INFO] CodeEngine:279 - Generated code: C:\Users\lagoeirl\STM32CubeIDE\workspace_1.16.0\Blink_inRAM\Core\Inc\main.h
2024-08-16 10:49:13,465 [INFO] CodeEngine:255 - oldGeneratedFile, C:\Users\lagoeirl\STM32CubeIDE\workspace_1.16.0\Blink_inRAM\Core\Src\main.c_save
2024-08-16 10:49:13,559 [INFO] CodeEngine:279 - Generated code: C:\Users\lagoeirl\STM32CubeIDE\workspace_1.16.0\Blink_inRAM\Core\Src\main.c
2024-08-16 10:49:14,066 [INFO] ProjectBuilder:3249 - Time for Copy HAL[1] : 351mS.
2024-08-16 10:49:14,070 [INFO] ProjectBuilder:4828 - Project Generator version: 4.4.0-B60
2024-08-16 10:49:14,161 [INFO] ConfigFileManager:1531 - The Die is : DIE460
2024-08-16 10:49:15,120 [ERROR] ConfigurationRetriever:142 - IOException on connection: Connect timed out
2024-08-16 10:49:15,582 [INFO] ProjectBuilder:5097 - Time for Generating toolchain IDE Files: 1512mS.
2024-08-16 10:49:15,583 [INFO] ProjectBuilder:3107 - Time for Copy CMSIS : 1mS.
2024-08-16 10:49:15,586 [INFO] ProjectBuilder:3107 - Time for Copy CMSIS : 0mS.
2024-08-16 10:49:17,199 [ERROR] ConfigurationRetriever:142 - IOException on connection: Connect timed out
2024-08-16 10:49:20,122 [ERROR] ConfigurationRetriever:142 - IOException on connection: Connect timed out
2024-08-16 10:49:22,206 [ERROR] ConfigurationRetriever:142 - IOException on connection: Connect timed out
2024-08-16 10:49:25,127 [ERROR] ConfigurationRetriever:142 - IOException on connection: Connect timed out
2024-08-16 10:49:27,209 [ERROR] ConfigurationRetriever:142 - IOException on connection: Connect timed out
2024-08-16 10:57:34,900 [ERROR] ConfigurationRetriever:142 - IOException on connection: Connect timed out
2024-08-16 10:57:36,905 [ERROR] ConfigurationRetriever:142 - IOException on connection: Connect timed out
2024-08-16 10:57:38,906 [ERROR] ConfigurationRetriever:142 - IOException on connection: Connect timed out
2024-08-16 10:57:49,558 [INFO] NvicIntPanel:101 - NVIC parent = com.st.microxplorer.plugins.ip.nvic.MultiNvicIntPanel[,0,0,450x172,layout=javax.swing.BoxLayout,alignmentX=0.0,alignmentY=0.0,border=,flags=9,maximumSize=,minimumSize=,preferredSize=]
2024-08-16 10:58:10,448 [ERROR] ConfigurationRetriever:142 - IOException on connection: Connect timed out
2024-08-16 10:58:12,450 [ERROR] ConfigurationRetriever:142 - IOException on connection: Connect timed out
2024-08-16 10:58:14,453 [ERROR] ConfigurationRetriever:142 - IOException on connection: Connect timed out
2024-08-16 13:49:41,865 [ERROR] LogOutputStream:75 - [STDERR_REDIRECT] 
