2024-08-17 15:33:58,398 [INFO] Activator:176 - 


2024-08-17 15:33:58,405 [INFO] Activator:177 - !SESSION log4j initialized
2024-08-17 15:34:04,099 [INFO] LogOutputStream:77 - [STDOUT_REDIRECT] 
2024-08-17 15:34:05,631 [INFO] ApplicationProperties:184 - Using Application install path: C:\ST\STM32CubeIDE_1.16.0\STM32CubeIDE\plugins\com.st.stm32cube.common.mx_6.12.0.202406281431
2024-08-17 15:34:05,653 [INFO] DbMcusXml:78 - Set database path to: C:\ST\STM32CubeIDE_1.16.0\STM32CubeIDE\plugins\com.st.stm32cube.common.mx_6.12.0.202406281431\\db\/mcu/
2024-08-17 15:34:05,653 [INFO] ApiDb:274 - Set plugin database path to: C:\ST\STM32CubeIDE_1.16.0\STM32CubeIDE\plugins\com.st.stm32cube.common.mx_6.12.0.202406281431\\db\/plugins/boardmanager/
2024-08-17 15:34:05,654 [WARN] ApiDb:259 - Overriding images path with different value:  => C:\ST\STM32CubeIDE_1.16.0\STM32CubeIDE\plugins\com.st.stm32cube.common.mx_6.12.0.202406281431\\db\/plugins/mcufinder/images/
2024-08-17 15:34:05,664 [INFO] ApiDb:250 - Set database path to: C:\Users\lagoeirl\.stmcufinder\plugins\mcufinder//mcu/
2024-08-17 15:34:05,667 [INFO] DbMcusAds:125 - Set database path to: C:\Users\lagoeirl\.stmcufinder\plugins\mcufinder//mcu/
2024-08-17 15:34:05,670 [INFO] CrossReferenceDbSqlite:203 - Set database path to: C:\Users\lagoeirl\.stmcufinder\plugins\mcufinder//mcu/cs/
2024-08-17 15:34:05,791 [INFO] RulesReader:64 - Compatibility file has been processed (297 Rules)
2024-08-17 15:34:05,902 [INFO] DbMcusXml:78 - Set database path to: C:\ST\STM32CubeIDE_1.16.0\STM32CubeIDE\plugins\com.st.stm32cube.common.mx_6.12.0.202406281431\\db\/mcu/
2024-08-17 15:34:05,902 [INFO] ApiDb:274 - Set plugin database path to: C:\ST\STM32CubeIDE_1.16.0\STM32CubeIDE\plugins\com.st.stm32cube.common.mx_6.12.0.202406281431\\db\/plugins/boardmanager/
2024-08-17 15:34:05,902 [INFO] ApiDb:261 - Set plugin images path to: C:\ST\STM32CubeIDE_1.16.0\STM32CubeIDE\plugins\com.st.stm32cube.common.mx_6.12.0.202406281431\\db\/plugins/mcufinder/images/
2024-08-17 15:34:05,902 [WARN] DbFile:41 - Overriding database path with different value: C:\Users\lagoeirl\.stmcufinder\plugins\mcufinder/ => C:\Users\lagoeirl\.stmcufinder\plugins\mcufinder
2024-08-17 15:34:05,902 [INFO] ApiDb:250 - Set database path to: C:\Users\lagoeirl\.stmcufinder\plugins\mcufinder//mcu/
2024-08-17 15:34:05,902 [WARN] DbFile:41 - Overriding database path with different value: C:\Users\lagoeirl\.stmcufinder\plugins\mcufinder/ => C:\Users\lagoeirl\.stmcufinder\plugins\mcufinder
2024-08-17 15:34:05,903 [INFO] DbMcusAds:125 - Set database path to: C:\Users\lagoeirl\.stmcufinder\plugins\mcufinder//mcu/
2024-08-17 15:34:05,903 [WARN] DbFile:41 - Overriding database path with different value: C:\Users\lagoeirl\.stmcufinder\plugins\mcufinder/ => C:\Users\lagoeirl\.stmcufinder\plugins\mcufinder
2024-08-17 15:34:05,903 [WARN] DbFile:41 - Overriding database path with different value: C:\Users\lagoeirl\.stmcufinder\plugins\mcufinder/ => C:\Users\lagoeirl\.stmcufinder\plugins\mcufinder
2024-08-17 15:34:05,903 [INFO] CrossReferenceDbSqlite:203 - Set database path to: C:\Users\lagoeirl\.stmcufinder\plugins\mcufinder//mcu/cs/
2024-08-17 15:34:06,008 [INFO] MainPanel:268 - HeapMemory: 268435456
2024-08-17 15:34:06,128 [INFO] DbMcusXml:78 - Set database path to: C:\ST\STM32CubeIDE_1.16.0\STM32CubeIDE\plugins\com.st.stm32cube.common.mx_6.12.0.202406281431\\db\/mcu/
2024-08-17 15:34:06,128 [INFO] ApiDb:274 - Set plugin database path to: C:\ST\STM32CubeIDE_1.16.0\STM32CubeIDE\plugins\com.st.stm32cube.common.mx_6.12.0.202406281431\\db\/plugins/boardmanager/
2024-08-17 15:34:06,129 [INFO] ApiDb:261 - Set plugin images path to: C:\ST\STM32CubeIDE_1.16.0\STM32CubeIDE\plugins\com.st.stm32cube.common.mx_6.12.0.202406281431\\db\/plugins/mcufinder/images/
2024-08-17 15:34:06,130 [WARN] DbFile:41 - Overriding database path with different value: C:\Users\lagoeirl\.stmcufinder\plugins\mcufinder/ => C:\Users\lagoeirl\.stmcufinder\plugins\mcufinder
2024-08-17 15:34:06,130 [INFO] ApiDb:250 - Set database path to: C:\Users\lagoeirl\.stmcufinder\plugins\mcufinder//mcu/
2024-08-17 15:34:06,130 [WARN] DbFile:41 - Overriding database path with different value: C:\Users\lagoeirl\.stmcufinder\plugins\mcufinder/ => C:\Users\lagoeirl\.stmcufinder\plugins\mcufinder
2024-08-17 15:34:06,130 [INFO] DbMcusAds:125 - Set database path to: C:\Users\lagoeirl\.stmcufinder\plugins\mcufinder//mcu/
2024-08-17 15:34:06,130 [WARN] DbFile:41 - Overriding database path with different value: C:\Users\lagoeirl\.stmcufinder\plugins\mcufinder/ => C:\Users\lagoeirl\.stmcufinder\plugins\mcufinder
2024-08-17 15:34:06,130 [WARN] DbFile:41 - Overriding database path with different value: C:\Users\lagoeirl\.stmcufinder\plugins\mcufinder/ => C:\Users\lagoeirl\.stmcufinder\plugins\mcufinder
2024-08-17 15:34:06,130 [INFO] CrossReferenceDbSqlite:203 - Set database path to: C:\Users\lagoeirl\.stmcufinder\plugins\mcufinder//mcu/cs/
2024-08-17 15:34:06,150 [INFO] ApplicationProperties:184 - Using Application install path: C:\ST\STM32CubeIDE_1.16.0\STM32CubeIDE\plugins\com.st.stm32cube.common.mx_6.12.0.202406281431
2024-08-17 15:34:06,151 [INFO] PluginManage:196 - Search for loadable plugins [exclusion list=, ]
2024-08-17 15:34:06,154 [INFO] PluginManage:310 - Check plugin analytics
2024-08-17 15:34:06,393 [INFO] AnalyticsPlugin:253 - Accepted Software Licenses: STM32CubeMX.6.11.1
2024-08-17 15:34:06,393 [INFO] AnalyticsPlugin:255 - Accepted CMSIS Pack Licenses: 
2024-08-17 15:34:06,394 [INFO] AnalyticsPlugin:257 - Accepted Firmware Licenses: FW.H7.1.11.0,FW.L4.1.18.0
2024-08-17 15:34:06,399 [INFO] PluginManage:359 - Loaded plugin analytics (category:tool,tabindex:-1)
2024-08-17 15:34:06,400 [INFO] PluginManage:310 - Check plugin cadmodel
2024-08-17 15:34:06,412 [INFO] CADModel:105 - Init CAD model plugin
2024-08-17 15:34:06,412 [INFO] PluginManage:359 - Loaded plugin cadmodel (category:power,tabindex:5)
2024-08-17 15:34:06,412 [INFO] PluginManage:310 - Check plugin clock
2024-08-17 15:34:06,431 [INFO] PluginManage:359 - Loaded plugin clock (category:base,tabindex:2)
2024-08-17 15:34:06,431 [INFO] PluginManage:310 - Check plugin ddr
2024-08-17 15:34:06,438 [INFO] PluginManage:359 - Loaded plugin ddr (category:tool,tabindex:6)
2024-08-17 15:34:06,438 [INFO] PluginManage:310 - Check plugin filemanager
2024-08-17 15:34:06,684 [INFO] PluginManage:359 - Loaded plugin filemanager (category:base,tabindex:10)
2024-08-17 15:34:06,685 [INFO] PluginManage:310 - Check plugin ipmanager
2024-08-17 15:34:06,699 [INFO] PluginManage:359 - Loaded plugin ipmanager (category:base,tabindex:5)
2024-08-17 15:34:06,699 [INFO] PluginManage:310 - Check plugin lpbam
2024-08-17 15:34:06,715 [INFO] PluginManage:359 - Loaded plugin lpbam (category:base,tabindex:0)
2024-08-17 15:34:06,716 [INFO] PluginManage:310 - Check plugin memorymap
2024-08-17 15:34:06,740 [INFO] PluginManage:359 - Loaded plugin memorymap (category:base,tabindex:4)
2024-08-17 15:34:06,741 [INFO] PluginManage:310 - Check plugin pinoutandconfiguration
2024-08-17 15:34:06,757 [INFO] PluginManage:359 - Loaded plugin pinoutandconfiguration (category:base,tabindex:1)
2024-08-17 15:34:06,758 [INFO] PluginManage:310 - Check plugin pinoutconfig
2024-08-17 15:34:06,882 [WARN] SupportedApi:132 - Cannot load RTOS API schema: s4s-elt-must-match.1: The content of 'definitions' must match (annotation?, (simpleType | complexType)?, (unique | key | keyref)*)). A problem was found starting at: attribute.
2024-08-17 15:34:07,065 [INFO] PluginManage:359 - Loaded plugin pinoutconfig (category:base,tabindex:0)
2024-08-17 15:34:07,066 [INFO] PluginManage:310 - Check plugin power
2024-08-17 15:34:07,079 [INFO] PluginManage:359 - Loaded plugin power (category:power,tabindex:4)
2024-08-17 15:34:07,079 [INFO] PluginManage:310 - Check plugin projectmanager
2024-08-17 15:34:07,099 [INFO] PluginManage:359 - Loaded plugin projectmanager (category:projectmanager,tabindex:4)
2024-08-17 15:34:07,099 [INFO] PluginManage:310 - Check plugin rif
2024-08-17 15:34:07,106 [INFO] PluginManage:359 - Loaded plugin rif (category:base,tabindex:3)
2024-08-17 15:34:07,106 [INFO] PluginManage:310 - Check plugin thirdparty
2024-08-17 15:34:07,266 [INFO] PluginManage:359 - Loaded plugin thirdparty (category:base,tabindex:-1)
2024-08-17 15:34:07,266 [INFO] PluginManage:310 - Check plugin tools
2024-08-17 15:34:07,266 [WARN] IntegrityCheckThread:84 - waiting for thirdparty lock release [integrity check]
2024-08-17 15:34:07,267 [INFO] IntegrityCheckThread:86 - entering critical section [integrity check]
2024-08-17 15:34:07,268 [INFO] ThirdPartyUpdaterWithRetryManager:70 - Updater plugin not ready yet. [1/15]
2024-08-17 15:34:07,272 [INFO] PluginManage:359 - Loaded plugin tools (category:base,tabindex:7)
2024-08-17 15:34:07,272 [INFO] PluginManage:310 - Check plugin tutovideos
2024-08-17 15:34:07,437 [INFO] PluginManage:359 - Loaded plugin tutovideos (category:base,tabindex:-1)
2024-08-17 15:34:07,437 [INFO] PluginManage:310 - Check plugin updater
2024-08-17 15:34:07,457 [INFO] PluginManage:359 - Loaded plugin updater (category:base,tabindex:12)
2024-08-17 15:34:07,457 [INFO] PluginManage:310 - Check plugin userauth
2024-08-17 15:34:07,463 [INFO] UserAuth:113 - Init User Auth plugin
2024-08-17 15:34:07,464 [INFO] PluginManage:359 - Loaded plugin userauth (category:base,tabindex:14)
2024-08-17 15:34:07,465 [INFO] PluginManage:283 - PluginManage : Loaded plugins [18]
2024-08-17 15:34:07,695 [INFO] PinOutPanel:1561 - setPackage(No Configuration,No Configuration)
2024-08-17 15:34:07,794 [INFO] CADModel:165 - CPN selected for project level
2024-08-17 15:34:07,794 [INFO] CADModel:114 - Register for checkConnection events
2024-08-17 15:34:07,813 [INFO] IPUIPlugin:80 - create IPUIPlugin
2024-08-17 15:34:07,813 [INFO] PluginManager:220 - loadIPPluginJar : add adc
2024-08-17 15:34:07,815 [INFO] IPUIPlugin:80 - create IPUIPlugin
2024-08-17 15:34:07,815 [INFO] PluginManager:220 - loadIPPluginJar : add aes
2024-08-17 15:34:07,818 [INFO] IPUIPlugin:80 - create IPUIPlugin
2024-08-17 15:34:07,818 [INFO] PluginManager:220 - loadIPPluginJar : add can
2024-08-17 15:34:07,820 [INFO] IPUIPlugin:80 - create IPUIPlugin
2024-08-17 15:34:07,820 [INFO] PluginManager:220 - loadIPPluginJar : add comp
2024-08-17 15:34:07,822 [INFO] IPUIPlugin:80 - create IPUIPlugin
2024-08-17 15:34:07,823 [INFO] PluginManager:220 - loadIPPluginJar : add cryp
2024-08-17 15:34:07,826 [INFO] IPUIPlugin:80 - create IPUIPlugin
2024-08-17 15:34:07,827 [INFO] PluginManager:220 - loadIPPluginJar : add ddr_ctrl_phy
2024-08-17 15:34:07,829 [INFO] IPUIPlugin:80 - create IPUIPlugin
2024-08-17 15:34:07,829 [INFO] PluginManager:220 - loadIPPluginJar : add dfsdm
2024-08-17 15:34:07,833 [INFO] IPUIPlugin:80 - create IPUIPlugin
2024-08-17 15:34:07,834 [INFO] PluginManager:220 - loadIPPluginJar : add dma
2024-08-17 15:34:07,837 [INFO] IPUIPlugin:80 - create IPUIPlugin
2024-08-17 15:34:07,837 [INFO] PluginManager:220 - loadIPPluginJar : add dma3
2024-08-17 15:34:07,839 [INFO] IPUIPlugin:80 - create IPUIPlugin
2024-08-17 15:34:07,839 [INFO] PluginManager:220 - loadIPPluginJar : add extmemmanager
2024-08-17 15:34:07,840 [INFO] IPUIPlugin:80 - create IPUIPlugin
2024-08-17 15:34:07,840 [INFO] PluginManager:220 - loadIPPluginJar : add fatfs
2024-08-17 15:34:07,845 [INFO] IPUIPlugin:80 - create IPUIPlugin
2024-08-17 15:34:07,845 [INFO] PluginManager:220 - loadIPPluginJar : add fmc
2024-08-17 15:34:07,851 [INFO] IPUIPlugin:80 - create IPUIPlugin
2024-08-17 15:34:07,851 [INFO] PluginManager:220 - loadIPPluginJar : add freertos
2024-08-17 15:34:07,853 [INFO] IPUIPlugin:80 - create IPUIPlugin
2024-08-17 15:34:07,853 [INFO] PluginManager:220 - loadIPPluginJar : add genericplugin
2024-08-17 15:34:07,856 [INFO] IPUIPlugin:80 - create IPUIPlugin
2024-08-17 15:34:07,856 [INFO] PluginManager:220 - loadIPPluginJar : add gfxmmu
2024-08-17 15:34:07,861 [INFO] IPUIPlugin:80 - create IPUIPlugin
2024-08-17 15:34:07,861 [INFO] PluginManager:220 - loadIPPluginJar : add gic
2024-08-17 15:34:07,865 [INFO] IPUIPlugin:80 - create IPUIPlugin
2024-08-17 15:34:07,865 [INFO] PluginManager:220 - loadIPPluginJar : add gpio
2024-08-17 15:34:07,868 [INFO] IPUIPlugin:80 - create IPUIPlugin
2024-08-17 15:34:07,868 [INFO] PluginManager:220 - loadIPPluginJar : add gtzc
2024-08-17 15:34:07,871 [INFO] IPUIPlugin:80 - create IPUIPlugin
2024-08-17 15:34:07,871 [INFO] PluginManager:220 - loadIPPluginJar : add hash
2024-08-17 15:34:07,875 [INFO] IPUIPlugin:80 - create IPUIPlugin
2024-08-17 15:34:07,875 [INFO] PluginManager:220 - loadIPPluginJar : add i2c
2024-08-17 15:34:07,877 [INFO] IPUIPlugin:80 - create IPUIPlugin
2024-08-17 15:34:07,877 [INFO] PluginManager:220 - loadIPPluginJar : add i2s
2024-08-17 15:34:07,880 [INFO] IPUIPlugin:80 - create IPUIPlugin
2024-08-17 15:34:07,881 [INFO] PluginManager:220 - loadIPPluginJar : add i3c
2024-08-17 15:34:07,884 [INFO] IPUIPlugin:80 - create IPUIPlugin
2024-08-17 15:34:07,884 [INFO] PluginManager:220 - loadIPPluginJar : add ipddr
2024-08-17 15:34:07,892 [INFO] IPUIPlugin:80 - create IPUIPlugin
2024-08-17 15:34:07,892 [INFO] PluginManager:220 - loadIPPluginJar : add linkedlist
2024-08-17 15:34:07,894 [INFO] IPUIPlugin:80 - create IPUIPlugin
2024-08-17 15:34:07,894 [INFO] PluginManager:220 - loadIPPluginJar : add lorawan
2024-08-17 15:34:07,895 [INFO] IPUIPlugin:80 - create IPUIPlugin
2024-08-17 15:34:07,895 [INFO] PluginManager:220 - loadIPPluginJar : add ltdc
2024-08-17 15:34:07,901 [INFO] IPUIPlugin:80 - create IPUIPlugin
2024-08-17 15:34:07,901 [INFO] PluginManager:220 - loadIPPluginJar : add mdma
2024-08-17 15:34:07,905 [INFO] IPUIPlugin:80 - create IPUIPlugin
2024-08-17 15:34:07,905 [INFO] PluginManager:220 - loadIPPluginJar : add nvic
2024-08-17 15:34:07,908 [INFO] IPUIPlugin:80 - create IPUIPlugin
2024-08-17 15:34:07,908 [INFO] PluginManager:220 - loadIPPluginJar : add opamp
2024-08-17 15:34:07,910 [INFO] IPUIPlugin:80 - create IPUIPlugin
2024-08-17 15:34:07,910 [INFO] PluginManager:220 - loadIPPluginJar : add openamp
2024-08-17 15:34:07,913 [INFO] IPUIPlugin:80 - create IPUIPlugin
2024-08-17 15:34:07,913 [INFO] PluginManager:220 - loadIPPluginJar : add pdm2pcm
2024-08-17 15:34:07,918 [INFO] IPUIPlugin:80 - create IPUIPlugin
2024-08-17 15:34:07,920 [INFO] PluginManager:220 - loadIPPluginJar : add plateformsettings
2024-08-17 15:34:07,923 [INFO] IPUIPlugin:80 - create IPUIPlugin
2024-08-17 15:34:07,923 [INFO] PluginManager:220 - loadIPPluginJar : add quadspi
2024-08-17 15:34:07,925 [INFO] IPUIPlugin:80 - create IPUIPlugin
2024-08-17 15:34:07,925 [INFO] PluginManager:220 - loadIPPluginJar : add radio
2024-08-17 15:34:07,930 [INFO] IPUIPlugin:80 - create IPUIPlugin
2024-08-17 15:34:07,930 [INFO] PluginManager:220 - loadIPPluginJar : add resmgrutility
2024-08-17 15:34:07,932 [INFO] IPUIPlugin:80 - create IPUIPlugin
2024-08-17 15:34:07,933 [INFO] PluginManager:220 - loadIPPluginJar : add sai
2024-08-17 15:34:07,935 [INFO] IPUIPlugin:80 - create IPUIPlugin
2024-08-17 15:34:07,935 [INFO] PluginManager:220 - loadIPPluginJar : add spi
2024-08-17 15:34:07,941 [INFO] IPUIPlugin:80 - create IPUIPlugin
2024-08-17 15:34:07,941 [INFO] PluginManager:220 - loadIPPluginJar : add stm32_wpan
2024-08-17 15:34:07,943 [INFO] IPUIPlugin:80 - create IPUIPlugin
2024-08-17 15:34:07,943 [INFO] PluginManager:220 - loadIPPluginJar : add tim
2024-08-17 15:34:07,948 [INFO] IPUIPlugin:80 - create IPUIPlugin
2024-08-17 15:34:07,948 [INFO] PluginManager:220 - loadIPPluginJar : add touchsensing
2024-08-17 15:34:07,950 [INFO] IPUIPlugin:80 - create IPUIPlugin
2024-08-17 15:34:07,951 [INFO] PluginManager:220 - loadIPPluginJar : add tracer_emb
2024-08-17 15:34:07,953 [INFO] IPUIPlugin:80 - create IPUIPlugin
2024-08-17 15:34:07,953 [INFO] PluginManager:220 - loadIPPluginJar : add ts
2024-08-17 15:34:07,955 [INFO] IPUIPlugin:80 - create IPUIPlugin
2024-08-17 15:34:07,955 [INFO] PluginManager:220 - loadIPPluginJar : add tsc
2024-08-17 15:34:07,958 [INFO] IPUIPlugin:80 - create IPUIPlugin
2024-08-17 15:34:07,958 [INFO] PluginManager:220 - loadIPPluginJar : add ucpd
2024-08-17 15:34:07,960 [INFO] IPUIPlugin:80 - create IPUIPlugin
2024-08-17 15:34:07,960 [INFO] PluginManager:220 - loadIPPluginJar : add usart
2024-08-17 15:34:07,962 [INFO] IPUIPlugin:80 - create IPUIPlugin
2024-08-17 15:34:07,962 [INFO] PluginManager:220 - loadIPPluginJar : add usbx
2024-08-17 15:34:08,095 [INFO] CADModel:165 - CPN selected for project level
2024-08-17 15:34:08,096 [INFO] CADModel:114 - Register for checkConnection events
2024-08-17 15:34:08,096 [FATAL] Updater:334 - Updater called before beeing initialized
2024-08-17 15:34:08,096 [ERROR] CADModel:125 - Updater not yet initialized, retry later 
2024-08-17 15:34:08,234 [INFO] CADModel:165 - CPN selected for project level
2024-08-17 15:34:08,234 [INFO] CADModel:114 - Register for checkConnection events
2024-08-17 15:34:08,234 [FATAL] Updater:334 - Updater called before beeing initialized
2024-08-17 15:34:08,234 [ERROR] CADModel:125 - Updater not yet initialized, retry later 
2024-08-17 15:34:08,238 [FATAL] Updater:334 - Updater called before beeing initialized
2024-08-17 15:34:08,336 [FATAL] Updater:334 - Updater called before beeing initialized
2024-08-17 15:34:08,339 [INFO] DbMcusAds:53 - JSON generation date=Thu May 16 06:22:00 BRT 2024 (1715851320667)
2024-08-17 15:34:08,340 [FATAL] Updater:334 - Updater called before beeing initialized
2024-08-17 15:34:08,373 [WARN] DetailPanel:346 - Failed to get advertising image, set to default
2024-08-17 15:34:08,460 [FATAL] Updater:334 - Updater called before beeing initialized
2024-08-17 15:34:08,463 [FATAL] Updater:334 - Updater called before beeing initialized
2024-08-17 15:34:08,463 [FATAL] Updater:334 - Updater called before beeing initialized
2024-08-17 15:34:08,463 [WARN] DetailPanel:346 - Failed to get advertising image, set to default
2024-08-17 15:34:08,464 [FATAL] Updater:334 - Updater called before beeing initialized
2024-08-17 15:34:08,508 [ERROR] Updater:1164 - MainUpdater not yet initialized. External WinMGr cannot be set.
2024-08-17 15:34:08,510 [INFO] Updater:1100 - Updater Version found : 6.12.0
2024-08-17 15:34:08,530 [INFO] ApplicationProperties:184 - Using Application install path: C:\ST\STM32CubeIDE_1.16.0\STM32CubeIDE\plugins\com.st.stm32cube.common.mx_6.12.0.202406281431
2024-08-17 15:34:10,156 [ERROR] LogOutputStream:75 - [STDERR_REDIRECT] Aug 17, 2024 3:34:10 PM java.util.prefs.WindowsPreferences <init>
2024-08-17 15:34:10,158 [ERROR] LogOutputStream:75 - [STDERR_REDIRECT] WARNING: Could not open/create prefs root node Software\JavaSoft\Prefs at root 0xffffffff80000002. Windows RegCreateKeyEx(...) returned error code 5.
2024-08-17 15:34:10,158 [ERROR] LogOutputStream:75 - [STDERR_REDIRECT] 
2024-08-17 15:34:10,221 [INFO] MainUpdater:526 - Copy updater definitions from MX database
2024-08-17 15:34:10,269 [INFO] ThirdPartyUpdaterWithRetryManager:70 - Updater plugin not ready yet. [2/15]
2024-08-17 15:34:10,548 [INFO] MainUpdater:2873 - connection check result : 10
2024-08-17 15:34:10,549 [INFO] MainUpdater:3567 - Updater definition file requires update
2024-08-17 15:34:10,550 [INFO] MainUpdater:290 - Updater Check For Update Now.
2024-08-17 15:34:10,550 [INFO] MicroXplorer:498 - Change Database Version : DB.6.0.120
2024-08-17 15:34:10,558 [INFO] McuFinderGlobals:63 - Set McuFinder mode to 2 (CubeIDE integrated)
2024-08-17 15:34:10,560 [INFO] UserAuth:417 - Internet connection configuration mode: 1
2024-08-17 15:34:10,583 [INFO] JxBrowserEngine:152 - Initiate JxBrowser Engine with user profile folder
2024-08-17 15:34:10,636 [INFO] ServerAccessManage:473 - Download File updaters.zip
2024-08-17 15:34:10,983 [INFO] FileExtend:240 - Unzip File : updaters.zip
2024-08-17 15:34:10,983 [INFO] FileExtend:255 - Standard Zip Deflate
2024-08-17 15:34:11,736 [INFO] WebApp:167 - Instantiating new browser for Auth
2024-08-17 15:34:12,810 [INFO] ServerAccessManage:473 - Download File PacksControlFlags.xml
2024-08-17 15:34:13,273 [WARN] MainUpdater:1194 - Updater busy. Cannot search thirdparties
2024-08-17 15:34:13,276 [INFO] ThirdPartyUpdaterWithRetryManager:96 - Updater plugin is busy. [1/15]
2024-08-17 15:34:13,660 [INFO] WebApp:448 - Apply proxy settings
2024-08-17 15:34:13,660 [INFO] WebApp:533 - Chromium requires no authentication
2024-08-17 15:34:13,676 [INFO] WebApp:476 - Direct internet connection detected
2024-08-17 15:34:13,713 [INFO] WebApp:869 - Register for checkConnection events
2024-08-17 15:34:13,713 [INFO] WebApp:448 - Apply proxy settings
2024-08-17 15:34:13,713 [INFO] WebApp:533 - Chromium requires no authentication
2024-08-17 15:34:13,714 [INFO] WebApp:476 - Direct internet connection detected
2024-08-17 15:34:13,931 [INFO] ServerAccessManage:473 - Download File cubemx.pidx
2024-08-17 15:34:13,958 [INFO] WebApp:220 - Starting web application
2024-08-17 15:34:13,958 [INFO] WebApp:578 - Web application path used C:\ST\STM32CubeIDE_1.16.0\STM32CubeIDE\plugins\com.st.stm32cube.common.mx_6.12.0.202406281431\db\plugins\mcufinder\reactClient1\index.html
2024-08-17 15:34:14,142 [INFO] LoadServerUpdatesThread:375 - End of LoadServerUpdate Thread
2024-08-17 15:34:14,252 [INFO] UserAuth:417 - Internet connection configuration mode: 1
2024-08-17 15:34:14,343 [INFO] CheckServerUpdateThread:120 - End of CheckServer Thread
2024-08-17 15:34:14,649 [INFO] WebApp:186 - Connection restablished
2024-08-17 15:34:16,665 [WARN] PackLoader:240 - Cannot read IP mode file for STMicroelectronics.X-CUBE-SMBUS.2.1.0
2024-08-17 15:34:16,706 [WARN] PackLoader:240 - Cannot read IP mode file for STMicroelectronics.X-CUBE-AZRTOS-F7.1.1.0
2024-08-17 15:34:16,720 [WARN] PackLoader:240 - Cannot read IP mode file for STMicroelectronics.FP-SNS-FLIGHT1.5.0.2
2024-08-17 15:34:16,732 [WARN] PackLoader:240 - Cannot read IP mode file for STMicroelectronics.X-CUBE-DISPLAY.3.0.0
2024-08-17 15:34:16,751 [WARN] PackLoader:240 - Cannot read IP mode file for STMicroelectronics.X-CUBE-BLE1.7.0.0
2024-08-17 15:34:16,763 [WARN] PackLoader:240 - Cannot read IP mode file for emotas.I-CUBE-CANOPEN.1.3.0
2024-08-17 15:34:16,780 [WARN] PackLoader:240 - Cannot read IP mode file for STMicroelectronics.X-CUBE-BLEMGR.3.1.0
2024-08-17 15:34:16,793 [WARN] PackLoader:240 - Cannot read IP mode file for STMicroelectronics.FP-SNS-SMARTAG2.1.2.0
2024-08-17 15:34:16,809 [INFO] LogOutputStream:77 - [STDOUT_REDIRECT] 1 : Invalid condition id : UX_CORESTACK_Condition cause : null
2024-08-17 15:34:16,809 [INFO] LogOutputStream:77 - [STDOUT_REDIRECT] 1 : Invalid condition id : UX_CORESTACK_Condition cause : null
2024-08-17 15:34:16,811 [INFO] LogOutputStream:77 - [STDOUT_REDIRECT] 1 : Invalid condition id : UX_CORESTACK_Condition cause : null
2024-08-17 15:34:16,813 [INFO] LogOutputStream:77 - [STDOUT_REDIRECT] 1 : Invalid condition id : UX_CORESTACK_Condition cause : null
2024-08-17 15:34:16,814 [INFO] LogOutputStream:77 - [STDOUT_REDIRECT] 1 : Invalid condition id : UX_CORESTACK_Condition cause : null
2024-08-17 15:34:16,819 [WARN] PackLoader:240 - Cannot read IP mode file for STMicroelectronics.X-CUBE-AZRTOS-WL.2.0.0
2024-08-17 15:34:16,830 [WARN] PackLoader:240 - Cannot read IP mode file for wolfSSL.I-CUBE-wolfMQTT.1.19.0
2024-08-17 15:34:16,846 [WARN] PackLoader:240 - Cannot read IP mode file for WES.I-CUBE-Cesium.1.3.0
2024-08-17 15:34:16,854 [WARN] PackLoader:240 - Cannot read IP mode file for STMicroelectronics.X-CUBE-BLE2.3.3.0
2024-08-17 15:34:16,873 [WARN] PackLoader:240 - Cannot read IP mode file for STMicroelectronics.X-CUBE-AZRTOS-G0.1.1.0
2024-08-17 15:34:16,884 [WARN] PackLoader:240 - Cannot read IP mode file for STMicroelectronics.X-CUBE-NFC4.3.0.0
2024-08-17 15:34:16,899 [WARN] PackLoader:240 - Cannot read IP mode file for EmbeddedOffice.I-CUBE-FS-RTOS.1.0.1
2024-08-17 15:34:16,900 [ERROR] ConditionMgr:805 - Attr not supported : Dmpu
2024-08-17 15:34:16,900 [ERROR] ConditionMgr:805 - Attr not supported : Dmpu
2024-08-17 15:34:16,900 [ERROR] ConditionMgr:805 - Attr not supported : Dmpu
2024-08-17 15:34:16,900 [ERROR] ConditionMgr:805 - Attr not supported : Dmpu
2024-08-17 15:34:16,900 [ERROR] ConditionMgr:805 - Attr not supported : Dmpu
2024-08-17 15:34:16,900 [ERROR] ConditionMgr:805 - Attr not supported : Dmpu
2024-08-17 15:34:16,900 [ERROR] ConditionMgr:805 - Attr not supported : Dmpu
2024-08-17 15:34:16,900 [ERROR] ConditionMgr:805 - Attr not supported : Dmpu
2024-08-17 15:34:16,900 [ERROR] ConditionMgr:805 - Attr not supported : Dmpu
2024-08-17 15:34:16,900 [ERROR] ConditionMgr:805 - Attr not supported : Dmpu
2024-08-17 15:34:16,900 [ERROR] ConditionMgr:805 - Attr not supported : Dmpu
2024-08-17 15:34:16,900 [ERROR] ConditionMgr:805 - Attr not supported : Dmpu
2024-08-17 15:34:16,900 [ERROR] ConditionMgr:805 - Attr not supported : Dmpu
2024-08-17 15:34:16,900 [ERROR] ConditionMgr:805 - Attr not supported : Dmpu
2024-08-17 15:34:16,901 [ERROR] ConditionMgr:805 - Attr not supported : Dmpu
2024-08-17 15:34:16,901 [ERROR] ConditionMgr:805 - Attr not supported : Dmpu
2024-08-17 15:34:16,901 [ERROR] ConditionMgr:805 - Attr not supported : Dmpu
2024-08-17 15:34:16,901 [ERROR] ConditionMgr:805 - Attr not supported : Dmpu
2024-08-17 15:34:16,901 [ERROR] ConditionMgr:805 - Attr not supported : Dmpu
2024-08-17 15:34:16,901 [ERROR] ConditionMgr:805 - Attr not supported : Dmpu
2024-08-17 15:34:16,901 [ERROR] ConditionMgr:805 - Attr not supported : Dmpu
2024-08-17 15:34:16,901 [ERROR] ConditionMgr:805 - Attr not supported : Dmpu
2024-08-17 15:34:16,901 [ERROR] ConditionMgr:805 - Attr not supported : Dmpu
2024-08-17 15:34:16,901 [ERROR] ConditionMgr:805 - Attr not supported : Dmpu
2024-08-17 15:34:16,901 [ERROR] ConditionMgr:805 - Attr not supported : Dmpu
2024-08-17 15:34:16,901 [ERROR] ConditionMgr:805 - Attr not supported : Dmpu
2024-08-17 15:34:16,901 [ERROR] ConditionMgr:805 - Attr not supported : Dmpu
2024-08-17 15:34:16,901 [ERROR] ConditionMgr:805 - Attr not supported : Dmpu
2024-08-17 15:34:16,901 [ERROR] ConditionMgr:805 - Attr not supported : Dmpu
2024-08-17 15:34:16,901 [ERROR] ConditionMgr:805 - Attr not supported : Dmpu
2024-08-17 15:34:16,901 [ERROR] ConditionMgr:805 - Attr not supported : Dmpu
2024-08-17 15:34:16,901 [ERROR] ConditionMgr:805 - Attr not supported : Dmpu
2024-08-17 15:34:16,901 [ERROR] ConditionMgr:805 - Attr not supported : Dmpu
2024-08-17 15:34:16,902 [ERROR] ConditionMgr:805 - Attr not supported : Dmpu
2024-08-17 15:34:16,902 [ERROR] ConditionMgr:805 - Attr not supported : Dmpu
2024-08-17 15:34:16,902 [ERROR] ConditionMgr:805 - Attr not supported : Dmpu
2024-08-17 15:34:16,902 [ERROR] ConditionMgr:805 - Attr not supported : Dmpu
2024-08-17 15:34:16,902 [ERROR] ConditionMgr:805 - Attr not supported : Dmpu
2024-08-17 15:34:16,902 [ERROR] ConditionMgr:805 - Attr not supported : Dmpu
2024-08-17 15:34:16,902 [ERROR] ConditionMgr:805 - Attr not supported : Dmpu
2024-08-17 15:34:16,904 [ERROR] ConditionMgr:805 - Attr not supported : Dmpu
2024-08-17 15:34:16,904 [ERROR] ConditionMgr:805 - Attr not supported : Dmpu
2024-08-17 15:34:16,904 [ERROR] ConditionMgr:805 - Attr not supported : Dmpu
2024-08-17 15:34:16,904 [ERROR] ConditionMgr:805 - Attr not supported : Dmpu
2024-08-17 15:34:16,904 [ERROR] ConditionMgr:805 - Attr not supported : Dmpu
2024-08-17 15:34:16,904 [ERROR] ConditionMgr:805 - Attr not supported : Dmpu
2024-08-17 15:34:16,904 [ERROR] ConditionMgr:805 - Attr not supported : Dmpu
2024-08-17 15:34:16,904 [ERROR] ConditionMgr:805 - Attr not supported : Dmpu
2024-08-17 15:34:16,904 [ERROR] ConditionMgr:805 - Attr not supported : Dmpu
2024-08-17 15:34:16,904 [ERROR] ConditionMgr:805 - Attr not supported : Dmpu
2024-08-17 15:34:16,904 [ERROR] ConditionMgr:805 - Attr not supported : Dmpu
2024-08-17 15:34:16,905 [ERROR] ConditionMgr:805 - Attr not supported : Dmpu
2024-08-17 15:34:16,905 [ERROR] ConditionMgr:805 - Attr not supported : Dmpu
2024-08-17 15:34:16,905 [ERROR] ConditionMgr:805 - Attr not supported : Dmpu
2024-08-17 15:34:16,905 [ERROR] ConditionMgr:805 - Attr not supported : Dmpu
2024-08-17 15:34:16,905 [ERROR] ConditionMgr:805 - Attr not supported : Dmpu
2024-08-17 15:34:16,905 [ERROR] ConditionMgr:805 - Attr not supported : Dmpu
2024-08-17 15:34:16,905 [ERROR] ConditionMgr:805 - Attr not supported : Dmpu
2024-08-17 15:34:16,905 [ERROR] ConditionMgr:805 - Attr not supported : Dmpu
2024-08-17 15:34:16,906 [ERROR] ConditionMgr:805 - Attr not supported : Dmpu
2024-08-17 15:34:16,906 [ERROR] ConditionMgr:805 - Attr not supported : Dmpu
2024-08-17 15:34:16,906 [ERROR] ConditionMgr:805 - Attr not supported : Dmpu
2024-08-17 15:34:16,906 [ERROR] ConditionMgr:805 - Attr not supported : Dmpu
2024-08-17 15:34:16,906 [ERROR] ConditionMgr:805 - Attr not supported : Dmpu
2024-08-17 15:34:16,916 [WARN] PackLoader:240 - Cannot read IP mode file for RealThread.X-CUBE-RT-Thread_Nano.4.1.1
2024-08-17 15:34:16,925 [WARN] PackLoader:240 - Cannot read IP mode file for STMicroelectronics.FP-ATR-SIGFOX1.3.2.0
2024-08-17 15:34:16,931 [WARN] PackLoader:240 - Cannot read IP mode file for STMicroelectronics.X-CUBE-EEPRMA1.5.1.0
2024-08-17 15:34:16,942 [WARN] PackLoader:240 - Cannot read IP mode file for ITTIA_DB.I-CUBE-ITTIADB.8.9.0
2024-08-17 15:34:16,974 [WARN] PackLoader:240 - Cannot read IP mode file for SEGGER.I-CUBE-embOS.1.3.1
2024-08-17 15:34:17,026 [WARN] PackLoader:240 - Cannot read IP mode file for STMicroelectronics.X-CUBE-GNSS1.6.0.0
2024-08-17 15:34:17,048 [WARN] PackLoader:240 - Cannot read IP mode file for STMicroelectronics.X-CUBE-AZRTOS-F4.1.1.0
2024-08-17 15:34:17,070 [WARN] PackLoader:240 - Cannot read IP mode file for STMicroelectronics.X-CUBE-AZRTOS-L5.2.0.0
2024-08-17 15:34:17,082 [WARN] PackLoader:240 - Cannot read IP mode file for STMicroelectronics.X-CUBE-AI.9.0.0
2024-08-17 15:34:17,092 [WARN] PackLoader:240 - Cannot read IP mode file for STMicroelectronics.X-CUBE-NFC7.1.0.1
2024-08-17 15:34:17,100 [WARN] PackLoader:240 - Cannot read IP mode file for wolfSSL.I-CUBE-wolfTPM.3.2.0
2024-08-17 15:34:17,136 [WARN] ConditionMgr:438 - getConditionDescription Invalid condition id : LAN8742 Phy interface Condition cause : null
2024-08-17 15:34:17,137 [WARN] PackLoader:240 - Cannot read IP mode file for STMicroelectronics.X-CUBE-AZRTOS-L4.2.0.0
2024-08-17 15:34:17,139 [WARN] ConditionMgr:1039 - genDependencies : Invalid condition id : LAN8742 Phy interface Condition cause : null
2024-08-17 15:34:17,140 [WARN] ConditionMgr:1039 - genDependencies : Invalid condition id : LAN8742 Phy interface Condition cause : null
2024-08-17 15:34:17,141 [WARN] ConditionMgr:1039 - genDependencies : Invalid condition id : LAN8742 Phy interface Condition cause : null
2024-08-17 15:34:17,195 [WARN] PackLoader:240 - Cannot read IP mode file for STMicroelectronics.X-CUBE-SFXS2LP1.4.0.0
2024-08-17 15:34:17,242 [WARN] PackLoader:240 - Cannot read IP mode file for STMicroelectronics.X-CUBE-AZRTOS-H7.3.3.0
2024-08-17 15:34:17,274 [WARN] ConditionMgr:438 - getConditionDescription Invalid condition id : UX DEVICE CLASS RTOS Condition cause : null
2024-08-17 15:34:17,274 [WARN] ConditionMgr:438 - getConditionDescription Invalid condition id : UX DEVICE CLASS RTOS Condition cause : null
2024-08-17 15:34:17,277 [WARN] PackLoader:240 - Cannot read IP mode file for STMicroelectronics.X-CUBE-AZRTOS-WB.2.0.0
2024-08-17 15:34:17,278 [WARN] ConditionMgr:1039 - genDependencies : Invalid condition id : UX DEVICE CLASS RTOS Condition cause : null
2024-08-17 15:34:17,278 [WARN] ConditionMgr:1039 - genDependencies : Invalid condition id : UX DEVICE CLASS RTOS Condition cause : null
2024-08-17 15:34:17,279 [WARN] ConditionMgr:1039 - genDependencies : Invalid condition id : UX DEVICE CLASS RTOS Condition cause : null
2024-08-17 15:34:17,279 [WARN] ConditionMgr:1039 - genDependencies : Invalid condition id : UX DEVICE CLASS RTOS Condition cause : null
2024-08-17 15:34:17,279 [WARN] ConditionMgr:1039 - genDependencies : Invalid condition id : UX DEVICE CLASS RTOS Condition cause : null
2024-08-17 15:34:17,300 [WARN] PackLoader:240 - Cannot read IP mode file for STMicroelectronics.X-CUBE-SUBG2.5.0.0
2024-08-17 15:34:17,320 [WARN] PackLoader:240 - Cannot read IP mode file for Cesanta.I-CUBE-Mongoose.7.13.0
2024-08-17 15:34:17,345 [WARN] PackLoader:240 - Cannot read IP mode file for STMicroelectronics.X-CUBE-AZRTOS-G4.2.0.0
2024-08-17 15:34:17,357 [WARN] PackLoader:240 - Cannot read IP mode file for STMicroelectronics.X-CUBE-ISPU.2.0.0
2024-08-17 15:34:17,418 [WARN] PackLoader:240 - Cannot read IP mode file for STMicroelectronics.X-CUBE-MEMS1.10.0.0
2024-08-17 15:34:17,708 [WARN] PackLoader:240 - Cannot read IP mode file for portGmbH.I-Cube-SoM-uGOAL.1.1.0
2024-08-17 15:34:17,715 [WARN] PackLoader:240 - Cannot read IP mode file for STMicroelectronics.FP-ATR-ASTRA1.2.0.0
2024-08-17 15:34:17,744 [WARN] PackLoader:240 - Cannot read IP mode file for Infineon.AIROC-Wi-Fi-Bluetooth-STM32.1.6.1
2024-08-17 15:34:17,769 [WARN] PackLoader:240 - Cannot read IP mode file for STMicroelectronics.X-CUBE-AZRTOS-H7.3.2.0
2024-08-17 15:34:17,781 [WARN] PackLoader:240 - Cannot read IP mode file for wolfSSL.I-CUBE-wolfSSH.1.4.17
2024-08-17 15:34:17,782 [INFO] ThirdParty:978 - Integrity check success = true
2024-08-17 15:34:17,782 [INFO] IntegrityCheckThread:100 - exiting critical section [integrity check]
2024-08-17 15:34:17,782 [INFO] IntegrityCheckThread:103 - End integrity checks thread
2024-08-17 16:21:32,698 [ERROR] LogOutputStream:75 - [STDERR_REDIRECT] 
2024-08-17 16:21:32,703 [ERROR] LogOutputStream:75 - [STDERR_REDIRECT] 
2024-08-17 18:52:18,591 [INFO] Activator:176 - 


2024-08-17 18:52:18,594 [INFO] Activator:177 - !SESSION log4j initialized
2024-08-17 18:52:23,924 [INFO] LogOutputStream:77 - [STDOUT_REDIRECT] 
2024-08-17 18:52:26,704 [INFO] ApplicationProperties:184 - Using Application install path: C:\ST\STM32CubeIDE_1.16.0\STM32CubeIDE\plugins\com.st.stm32cube.common.mx_6.12.0.202406281431
2024-08-17 18:52:26,726 [INFO] DbMcusXml:78 - Set database path to: C:\ST\STM32CubeIDE_1.16.0\STM32CubeIDE\plugins\com.st.stm32cube.common.mx_6.12.0.202406281431\\db\/mcu/
2024-08-17 18:52:26,726 [INFO] ApiDb:274 - Set plugin database path to: C:\ST\STM32CubeIDE_1.16.0\STM32CubeIDE\plugins\com.st.stm32cube.common.mx_6.12.0.202406281431\\db\/plugins/boardmanager/
2024-08-17 18:52:26,727 [WARN] ApiDb:259 - Overriding images path with different value:  => C:\ST\STM32CubeIDE_1.16.0\STM32CubeIDE\plugins\com.st.stm32cube.common.mx_6.12.0.202406281431\\db\/plugins/mcufinder/images/
2024-08-17 18:52:26,737 [INFO] ApiDb:250 - Set database path to: C:\Users\lagoeirl\.stmcufinder\plugins\mcufinder//mcu/
2024-08-17 18:52:26,738 [INFO] DbMcusAds:125 - Set database path to: C:\Users\lagoeirl\.stmcufinder\plugins\mcufinder//mcu/
2024-08-17 18:52:27,029 [INFO] CrossReferenceDbSqlite:203 - Set database path to: C:\Users\lagoeirl\.stmcufinder\plugins\mcufinder//mcu/cs/
2024-08-17 18:52:27,165 [INFO] RulesReader:64 - Compatibility file has been processed (297 Rules)
2024-08-17 18:52:27,274 [INFO] DbMcusXml:78 - Set database path to: C:\ST\STM32CubeIDE_1.16.0\STM32CubeIDE\plugins\com.st.stm32cube.common.mx_6.12.0.202406281431\\db\/mcu/
2024-08-17 18:52:27,274 [INFO] ApiDb:274 - Set plugin database path to: C:\ST\STM32CubeIDE_1.16.0\STM32CubeIDE\plugins\com.st.stm32cube.common.mx_6.12.0.202406281431\\db\/plugins/boardmanager/
2024-08-17 18:52:27,274 [INFO] ApiDb:261 - Set plugin images path to: C:\ST\STM32CubeIDE_1.16.0\STM32CubeIDE\plugins\com.st.stm32cube.common.mx_6.12.0.202406281431\\db\/plugins/mcufinder/images/
2024-08-17 18:52:27,274 [WARN] DbFile:41 - Overriding database path with different value: C:\Users\lagoeirl\.stmcufinder\plugins\mcufinder/ => C:\Users\lagoeirl\.stmcufinder\plugins\mcufinder
2024-08-17 18:52:27,274 [INFO] ApiDb:250 - Set database path to: C:\Users\lagoeirl\.stmcufinder\plugins\mcufinder//mcu/
2024-08-17 18:52:27,274 [WARN] DbFile:41 - Overriding database path with different value: C:\Users\lagoeirl\.stmcufinder\plugins\mcufinder/ => C:\Users\lagoeirl\.stmcufinder\plugins\mcufinder
2024-08-17 18:52:27,274 [INFO] DbMcusAds:125 - Set database path to: C:\Users\lagoeirl\.stmcufinder\plugins\mcufinder//mcu/
2024-08-17 18:52:27,274 [WARN] DbFile:41 - Overriding database path with different value: C:\Users\lagoeirl\.stmcufinder\plugins\mcufinder/ => C:\Users\lagoeirl\.stmcufinder\plugins\mcufinder
2024-08-17 18:52:27,275 [WARN] DbFile:41 - Overriding database path with different value: C:\Users\lagoeirl\.stmcufinder\plugins\mcufinder/ => C:\Users\lagoeirl\.stmcufinder\plugins\mcufinder
2024-08-17 18:52:27,649 [INFO] CrossReferenceDbSqlite:203 - Set database path to: C:\Users\lagoeirl\.stmcufinder\plugins\mcufinder//mcu/cs/
2024-08-17 18:52:27,753 [INFO] MainPanel:268 - HeapMemory: 268435456
2024-08-17 18:52:27,890 [INFO] DbMcusXml:78 - Set database path to: C:\ST\STM32CubeIDE_1.16.0\STM32CubeIDE\plugins\com.st.stm32cube.common.mx_6.12.0.202406281431\\db\/mcu/
2024-08-17 18:52:27,891 [INFO] ApiDb:274 - Set plugin database path to: C:\ST\STM32CubeIDE_1.16.0\STM32CubeIDE\plugins\com.st.stm32cube.common.mx_6.12.0.202406281431\\db\/plugins/boardmanager/
2024-08-17 18:52:27,891 [INFO] ApiDb:261 - Set plugin images path to: C:\ST\STM32CubeIDE_1.16.0\STM32CubeIDE\plugins\com.st.stm32cube.common.mx_6.12.0.202406281431\\db\/plugins/mcufinder/images/
2024-08-17 18:52:27,891 [WARN] DbFile:41 - Overriding database path with different value: C:\Users\lagoeirl\.stmcufinder\plugins\mcufinder/ => C:\Users\lagoeirl\.stmcufinder\plugins\mcufinder
2024-08-17 18:52:27,891 [INFO] ApiDb:250 - Set database path to: C:\Users\lagoeirl\.stmcufinder\plugins\mcufinder//mcu/
2024-08-17 18:52:27,891 [WARN] DbFile:41 - Overriding database path with different value: C:\Users\lagoeirl\.stmcufinder\plugins\mcufinder/ => C:\Users\lagoeirl\.stmcufinder\plugins\mcufinder
2024-08-17 18:52:27,891 [INFO] DbMcusAds:125 - Set database path to: C:\Users\lagoeirl\.stmcufinder\plugins\mcufinder//mcu/
2024-08-17 18:52:27,891 [WARN] DbFile:41 - Overriding database path with different value: C:\Users\lagoeirl\.stmcufinder\plugins\mcufinder/ => C:\Users\lagoeirl\.stmcufinder\plugins\mcufinder
2024-08-17 18:52:27,891 [WARN] DbFile:41 - Overriding database path with different value: C:\Users\lagoeirl\.stmcufinder\plugins\mcufinder/ => C:\Users\lagoeirl\.stmcufinder\plugins\mcufinder
2024-08-17 18:52:28,163 [INFO] CrossReferenceDbSqlite:203 - Set database path to: C:\Users\lagoeirl\.stmcufinder\plugins\mcufinder//mcu/cs/
2024-08-17 18:52:28,186 [INFO] ApplicationProperties:184 - Using Application install path: C:\ST\STM32CubeIDE_1.16.0\STM32CubeIDE\plugins\com.st.stm32cube.common.mx_6.12.0.202406281431
2024-08-17 18:52:28,188 [INFO] PluginManage:196 - Search for loadable plugins [exclusion list=, ]
2024-08-17 18:52:28,191 [INFO] PluginManage:310 - Check plugin analytics
2024-08-17 18:52:28,311 [ERROR] ConfigurationRetriever:142 - IOException on connection: Connect timed out
2024-08-17 18:52:28,665 [INFO] AnalyticsPlugin:253 - Accepted Software Licenses: STM32CubeMX.6.11.1
2024-08-17 18:52:28,665 [INFO] AnalyticsPlugin:255 - Accepted CMSIS Pack Licenses: 
2024-08-17 18:52:28,665 [INFO] AnalyticsPlugin:257 - Accepted Firmware Licenses: FW.H7.1.11.0,FW.L4.1.18.0
2024-08-17 18:52:28,669 [INFO] PluginManage:359 - Loaded plugin analytics (category:tool,tabindex:-1)
2024-08-17 18:52:28,669 [INFO] PluginManage:310 - Check plugin cadmodel
2024-08-17 18:52:28,677 [INFO] CADModel:105 - Init CAD model plugin
2024-08-17 18:52:28,677 [INFO] PluginManage:359 - Loaded plugin cadmodel (category:power,tabindex:5)
2024-08-17 18:52:28,677 [INFO] PluginManage:310 - Check plugin clock
2024-08-17 18:52:28,687 [INFO] PluginManage:359 - Loaded plugin clock (category:base,tabindex:2)
2024-08-17 18:52:28,687 [INFO] PluginManage:310 - Check plugin ddr
2024-08-17 18:52:28,690 [INFO] PluginManage:359 - Loaded plugin ddr (category:tool,tabindex:6)
2024-08-17 18:52:28,691 [INFO] PluginManage:310 - Check plugin filemanager
2024-08-17 18:52:28,852 [INFO] PluginManage:359 - Loaded plugin filemanager (category:base,tabindex:10)
2024-08-17 18:52:28,853 [INFO] PluginManage:310 - Check plugin ipmanager
2024-08-17 18:52:28,863 [INFO] PluginManage:359 - Loaded plugin ipmanager (category:base,tabindex:5)
2024-08-17 18:52:28,863 [INFO] PluginManage:310 - Check plugin lpbam
2024-08-17 18:52:28,874 [INFO] PluginManage:359 - Loaded plugin lpbam (category:base,tabindex:0)
2024-08-17 18:52:28,875 [INFO] PluginManage:310 - Check plugin memorymap
2024-08-17 18:52:28,890 [INFO] PluginManage:359 - Loaded plugin memorymap (category:base,tabindex:4)
2024-08-17 18:52:28,891 [INFO] PluginManage:310 - Check plugin pinoutandconfiguration
2024-08-17 18:52:28,902 [INFO] PluginManage:359 - Loaded plugin pinoutandconfiguration (category:base,tabindex:1)
2024-08-17 18:52:28,902 [INFO] PluginManage:310 - Check plugin pinoutconfig
2024-08-17 18:52:29,000 [WARN] SupportedApi:132 - Cannot load RTOS API schema: s4s-elt-must-match.1: The content of 'definitions' must match (annotation?, (simpleType | complexType)?, (unique | key | keyref)*)). A problem was found starting at: attribute.
2024-08-17 18:52:29,130 [INFO] PluginManage:359 - Loaded plugin pinoutconfig (category:base,tabindex:0)
2024-08-17 18:52:29,130 [INFO] PluginManage:310 - Check plugin power
2024-08-17 18:52:29,141 [INFO] PluginManage:359 - Loaded plugin power (category:power,tabindex:4)
2024-08-17 18:52:29,143 [INFO] PluginManage:310 - Check plugin projectmanager
2024-08-17 18:52:29,162 [INFO] PluginManage:359 - Loaded plugin projectmanager (category:projectmanager,tabindex:4)
2024-08-17 18:52:29,163 [INFO] PluginManage:310 - Check plugin rif
2024-08-17 18:52:29,171 [INFO] PluginManage:359 - Loaded plugin rif (category:base,tabindex:3)
2024-08-17 18:52:29,172 [INFO] PluginManage:310 - Check plugin thirdparty
2024-08-17 18:52:29,333 [INFO] PluginManage:359 - Loaded plugin thirdparty (category:base,tabindex:-1)
2024-08-17 18:52:29,333 [WARN] IntegrityCheckThread:84 - waiting for thirdparty lock release [integrity check]
2024-08-17 18:52:29,333 [INFO] PluginManage:310 - Check plugin tools
2024-08-17 18:52:29,333 [INFO] IntegrityCheckThread:86 - entering critical section [integrity check]
2024-08-17 18:52:29,335 [INFO] ThirdPartyUpdaterWithRetryManager:70 - Updater plugin not ready yet. [1/15]
2024-08-17 18:52:29,338 [INFO] PluginManage:359 - Loaded plugin tools (category:base,tabindex:7)
2024-08-17 18:52:29,338 [INFO] PluginManage:310 - Check plugin tutovideos
2024-08-17 18:52:29,541 [INFO] PluginManage:359 - Loaded plugin tutovideos (category:base,tabindex:-1)
2024-08-17 18:52:29,541 [INFO] PluginManage:310 - Check plugin updater
2024-08-17 18:52:29,557 [INFO] PluginManage:359 - Loaded plugin updater (category:base,tabindex:12)
2024-08-17 18:52:29,557 [INFO] PluginManage:310 - Check plugin userauth
2024-08-17 18:52:29,564 [INFO] UserAuth:113 - Init User Auth plugin
2024-08-17 18:52:29,565 [INFO] PluginManage:359 - Loaded plugin userauth (category:base,tabindex:14)
2024-08-17 18:52:29,565 [INFO] PluginManage:283 - PluginManage : Loaded plugins [18]
2024-08-17 18:52:29,808 [INFO] PinOutPanel:1561 - setPackage(No Configuration,No Configuration)
2024-08-17 18:52:29,933 [INFO] CADModel:165 - CPN selected for project level
2024-08-17 18:52:29,935 [INFO] CADModel:114 - Register for checkConnection events
2024-08-17 18:52:29,957 [INFO] IPUIPlugin:80 - create IPUIPlugin
2024-08-17 18:52:29,957 [INFO] PluginManager:220 - loadIPPluginJar : add adc
2024-08-17 18:52:29,960 [INFO] IPUIPlugin:80 - create IPUIPlugin
2024-08-17 18:52:29,960 [INFO] PluginManager:220 - loadIPPluginJar : add aes
2024-08-17 18:52:29,964 [INFO] IPUIPlugin:80 - create IPUIPlugin
2024-08-17 18:52:29,966 [INFO] PluginManager:220 - loadIPPluginJar : add can
2024-08-17 18:52:29,968 [INFO] IPUIPlugin:80 - create IPUIPlugin
2024-08-17 18:52:29,968 [INFO] PluginManager:220 - loadIPPluginJar : add comp
2024-08-17 18:52:29,971 [INFO] IPUIPlugin:80 - create IPUIPlugin
2024-08-17 18:52:29,973 [INFO] PluginManager:220 - loadIPPluginJar : add cryp
2024-08-17 18:52:29,976 [INFO] IPUIPlugin:80 - create IPUIPlugin
2024-08-17 18:52:29,976 [INFO] PluginManager:220 - loadIPPluginJar : add ddr_ctrl_phy
2024-08-17 18:52:29,978 [INFO] IPUIPlugin:80 - create IPUIPlugin
2024-08-17 18:52:29,978 [INFO] PluginManager:220 - loadIPPluginJar : add dfsdm
2024-08-17 18:52:29,985 [INFO] IPUIPlugin:80 - create IPUIPlugin
2024-08-17 18:52:29,985 [INFO] PluginManager:220 - loadIPPluginJar : add dma
2024-08-17 18:52:29,989 [INFO] IPUIPlugin:80 - create IPUIPlugin
2024-08-17 18:52:29,989 [INFO] PluginManager:220 - loadIPPluginJar : add dma3
2024-08-17 18:52:29,992 [INFO] IPUIPlugin:80 - create IPUIPlugin
2024-08-17 18:52:29,992 [INFO] PluginManager:220 - loadIPPluginJar : add extmemmanager
2024-08-17 18:52:29,994 [INFO] IPUIPlugin:80 - create IPUIPlugin
2024-08-17 18:52:29,994 [INFO] PluginManager:220 - loadIPPluginJar : add fatfs
2024-08-17 18:52:29,998 [INFO] IPUIPlugin:80 - create IPUIPlugin
2024-08-17 18:52:29,998 [INFO] PluginManager:220 - loadIPPluginJar : add fmc
2024-08-17 18:52:30,008 [INFO] IPUIPlugin:80 - create IPUIPlugin
2024-08-17 18:52:30,008 [INFO] PluginManager:220 - loadIPPluginJar : add freertos
2024-08-17 18:52:30,010 [INFO] IPUIPlugin:80 - create IPUIPlugin
2024-08-17 18:52:30,010 [INFO] PluginManager:220 - loadIPPluginJar : add genericplugin
2024-08-17 18:52:30,013 [INFO] IPUIPlugin:80 - create IPUIPlugin
2024-08-17 18:52:30,014 [INFO] PluginManager:220 - loadIPPluginJar : add gfxmmu
2024-08-17 18:52:30,020 [INFO] IPUIPlugin:80 - create IPUIPlugin
2024-08-17 18:52:30,020 [INFO] PluginManager:220 - loadIPPluginJar : add gic
2024-08-17 18:52:30,026 [INFO] IPUIPlugin:80 - create IPUIPlugin
2024-08-17 18:52:30,026 [INFO] PluginManager:220 - loadIPPluginJar : add gpio
2024-08-17 18:52:30,031 [INFO] IPUIPlugin:80 - create IPUIPlugin
2024-08-17 18:52:30,031 [INFO] PluginManager:220 - loadIPPluginJar : add gtzc
2024-08-17 18:52:30,035 [INFO] IPUIPlugin:80 - create IPUIPlugin
2024-08-17 18:52:30,035 [INFO] PluginManager:220 - loadIPPluginJar : add hash
2024-08-17 18:52:30,040 [INFO] IPUIPlugin:80 - create IPUIPlugin
2024-08-17 18:52:30,040 [INFO] PluginManager:220 - loadIPPluginJar : add i2c
2024-08-17 18:52:30,044 [INFO] IPUIPlugin:80 - create IPUIPlugin
2024-08-17 18:52:30,044 [INFO] PluginManager:220 - loadIPPluginJar : add i2s
2024-08-17 18:52:30,049 [INFO] IPUIPlugin:80 - create IPUIPlugin
2024-08-17 18:52:30,049 [INFO] PluginManager:220 - loadIPPluginJar : add i3c
2024-08-17 18:52:30,056 [INFO] IPUIPlugin:80 - create IPUIPlugin
2024-08-17 18:52:30,056 [INFO] PluginManager:220 - loadIPPluginJar : add ipddr
2024-08-17 18:52:30,070 [INFO] IPUIPlugin:80 - create IPUIPlugin
2024-08-17 18:52:30,070 [INFO] PluginManager:220 - loadIPPluginJar : add linkedlist
2024-08-17 18:52:30,077 [INFO] IPUIPlugin:80 - create IPUIPlugin
2024-08-17 18:52:30,078 [INFO] PluginManager:220 - loadIPPluginJar : add lorawan
2024-08-17 18:52:30,082 [INFO] IPUIPlugin:80 - create IPUIPlugin
2024-08-17 18:52:30,082 [INFO] PluginManager:220 - loadIPPluginJar : add ltdc
2024-08-17 18:52:30,087 [INFO] IPUIPlugin:80 - create IPUIPlugin
2024-08-17 18:52:30,088 [INFO] PluginManager:220 - loadIPPluginJar : add mdma
2024-08-17 18:52:30,092 [INFO] IPUIPlugin:80 - create IPUIPlugin
2024-08-17 18:52:30,092 [INFO] PluginManager:220 - loadIPPluginJar : add nvic
2024-08-17 18:52:30,097 [INFO] IPUIPlugin:80 - create IPUIPlugin
2024-08-17 18:52:30,097 [INFO] PluginManager:220 - loadIPPluginJar : add opamp
2024-08-17 18:52:30,101 [INFO] IPUIPlugin:80 - create IPUIPlugin
2024-08-17 18:52:30,101 [INFO] PluginManager:220 - loadIPPluginJar : add openamp
2024-08-17 18:52:30,106 [INFO] IPUIPlugin:80 - create IPUIPlugin
2024-08-17 18:52:30,106 [INFO] PluginManager:220 - loadIPPluginJar : add pdm2pcm
2024-08-17 18:52:30,114 [INFO] IPUIPlugin:80 - create IPUIPlugin
2024-08-17 18:52:30,116 [INFO] PluginManager:220 - loadIPPluginJar : add plateformsettings
2024-08-17 18:52:30,120 [INFO] IPUIPlugin:80 - create IPUIPlugin
2024-08-17 18:52:30,120 [INFO] PluginManager:220 - loadIPPluginJar : add quadspi
2024-08-17 18:52:30,123 [INFO] IPUIPlugin:80 - create IPUIPlugin
2024-08-17 18:52:30,124 [INFO] PluginManager:220 - loadIPPluginJar : add radio
2024-08-17 18:52:30,130 [INFO] IPUIPlugin:80 - create IPUIPlugin
2024-08-17 18:52:30,130 [INFO] PluginManager:220 - loadIPPluginJar : add resmgrutility
2024-08-17 18:52:30,136 [INFO] IPUIPlugin:80 - create IPUIPlugin
2024-08-17 18:52:30,136 [INFO] PluginManager:220 - loadIPPluginJar : add sai
2024-08-17 18:52:30,139 [INFO] IPUIPlugin:80 - create IPUIPlugin
2024-08-17 18:52:30,140 [INFO] PluginManager:220 - loadIPPluginJar : add spi
2024-08-17 18:52:30,147 [INFO] IPUIPlugin:80 - create IPUIPlugin
2024-08-17 18:52:30,147 [INFO] PluginManager:220 - loadIPPluginJar : add stm32_wpan
2024-08-17 18:52:30,149 [INFO] IPUIPlugin:80 - create IPUIPlugin
2024-08-17 18:52:30,150 [INFO] PluginManager:220 - loadIPPluginJar : add tim
2024-08-17 18:52:30,155 [INFO] IPUIPlugin:80 - create IPUIPlugin
2024-08-17 18:52:30,156 [INFO] PluginManager:220 - loadIPPluginJar : add touchsensing
2024-08-17 18:52:30,159 [INFO] IPUIPlugin:80 - create IPUIPlugin
2024-08-17 18:52:30,159 [INFO] PluginManager:220 - loadIPPluginJar : add tracer_emb
2024-08-17 18:52:30,162 [INFO] IPUIPlugin:80 - create IPUIPlugin
2024-08-17 18:52:30,162 [INFO] PluginManager:220 - loadIPPluginJar : add ts
2024-08-17 18:52:30,164 [INFO] IPUIPlugin:80 - create IPUIPlugin
2024-08-17 18:52:30,164 [INFO] PluginManager:220 - loadIPPluginJar : add tsc
2024-08-17 18:52:30,166 [INFO] IPUIPlugin:80 - create IPUIPlugin
2024-08-17 18:52:30,166 [INFO] PluginManager:220 - loadIPPluginJar : add ucpd
2024-08-17 18:52:30,171 [INFO] IPUIPlugin:80 - create IPUIPlugin
2024-08-17 18:52:30,171 [INFO] PluginManager:220 - loadIPPluginJar : add usart
2024-08-17 18:52:30,175 [INFO] IPUIPlugin:80 - create IPUIPlugin
2024-08-17 18:52:30,175 [INFO] PluginManager:220 - loadIPPluginJar : add usbx
2024-08-17 18:52:30,313 [ERROR] ConfigurationRetriever:142 - IOException on connection: Connect timed out
2024-08-17 18:52:30,317 [INFO] CADModel:165 - CPN selected for project level
2024-08-17 18:52:30,318 [INFO] CADModel:114 - Register for checkConnection events
2024-08-17 18:52:30,318 [FATAL] Updater:334 - Updater called before beeing initialized
2024-08-17 18:52:30,318 [ERROR] CADModel:125 - Updater not yet initialized, retry later 
2024-08-17 18:52:30,486 [INFO] CADModel:165 - CPN selected for project level
2024-08-17 18:52:30,486 [INFO] CADModel:114 - Register for checkConnection events
2024-08-17 18:52:30,486 [FATAL] Updater:334 - Updater called before beeing initialized
2024-08-17 18:52:30,486 [ERROR] CADModel:125 - Updater not yet initialized, retry later 
2024-08-17 18:52:30,490 [FATAL] Updater:334 - Updater called before beeing initialized
2024-08-17 18:52:30,604 [FATAL] Updater:334 - Updater called before beeing initialized
2024-08-17 18:52:30,608 [INFO] DbMcusAds:53 - JSON generation date=Thu May 16 06:22:00 BRT 2024 (1715851320667)
2024-08-17 18:52:30,609 [FATAL] Updater:334 - Updater called before beeing initialized
2024-08-17 18:52:30,644 [WARN] DetailPanel:346 - Failed to get advertising image, set to default
2024-08-17 18:52:30,735 [FATAL] Updater:334 - Updater called before beeing initialized
2024-08-17 18:52:30,737 [FATAL] Updater:334 - Updater called before beeing initialized
2024-08-17 18:52:30,738 [FATAL] Updater:334 - Updater called before beeing initialized
2024-08-17 18:52:30,738 [WARN] DetailPanel:346 - Failed to get advertising image, set to default
2024-08-17 18:52:30,738 [FATAL] Updater:334 - Updater called before beeing initialized
2024-08-17 18:52:30,788 [ERROR] Updater:1164 - MainUpdater not yet initialized. External WinMGr cannot be set.
2024-08-17 18:52:30,790 [INFO] Updater:1100 - Updater Version found : 6.12.0
2024-08-17 18:52:30,808 [INFO] ApplicationProperties:184 - Using Application install path: C:\ST\STM32CubeIDE_1.16.0\STM32CubeIDE\plugins\com.st.stm32cube.common.mx_6.12.0.202406281431
2024-08-17 18:52:32,316 [ERROR] ConfigurationRetriever:142 - IOException on connection: Connect timed out
2024-08-17 18:52:32,336 [INFO] ThirdPartyUpdaterWithRetryManager:70 - Updater plugin not ready yet. [2/15]
2024-08-17 18:52:32,398 [ERROR] LogOutputStream:75 - [STDERR_REDIRECT] Aug 17, 2024 6:52:32 PM java.util.prefs.WindowsPreferences <init>
2024-08-17 18:52:32,401 [ERROR] LogOutputStream:75 - [STDERR_REDIRECT] WARNING: Could not open/create prefs root node Software\JavaSoft\Prefs at root 0xffffffff80000002. Windows RegCreateKeyEx(...) returned error code 5.
2024-08-17 18:52:32,401 [ERROR] LogOutputStream:75 - [STDERR_REDIRECT] 
2024-08-17 18:52:32,469 [INFO] MainUpdater:526 - Copy updater definitions from MX database
2024-08-17 18:52:33,671 [ERROR] ConfigurationRetriever:142 - IOException on connection: Connect timed out
2024-08-17 18:52:35,338 [FATAL] Updater:334 - Updater called before beeing initialized
2024-08-17 18:52:35,340 [ERROR] IntegrityCheckThread:130 - Cannot retrieve database content from updater: error 21
2024-08-17 18:52:35,341 [INFO] ThirdParty:978 - Integrity check success = false
2024-08-17 18:52:35,341 [INFO] IntegrityCheckThread:100 - exiting critical section [integrity check]
2024-08-17 18:52:35,341 [INFO] IntegrityCheckThread:103 - End integrity checks thread
2024-08-17 18:52:36,657 [WARN] CheckConnectionManager:291 - Warning during Server Connection :  timeout Connect to sw-center.st.com:443 [sw-center.st.com/2.18.248.248, sw-center.st.com/2.18.248.234] failed: Connect timed out
2024-08-17 18:52:38,674 [ERROR] ConfigurationRetriever:142 - IOException on connection: Connect timed out
2024-08-17 18:52:40,670 [WARN] CheckConnectionManager:291 - Warning during Server Connection :  timeout Connect to sw-center.st.com:443 [sw-center.st.com/2.18.248.248, sw-center.st.com/2.18.248.234] failed: Connect timed out
2024-08-17 18:52:40,677 [INFO] MainUpdater:2873 - connection check result : 22
2024-08-17 18:52:40,678 [INFO] MainUpdater:290 - Updater Check For Update Now.
2024-08-17 18:52:40,678 [INFO] MicroXplorer:498 - Change Database Version : DB.6.0.120
2024-08-17 18:52:40,688 [INFO] McuFinderGlobals:63 - Set McuFinder mode to 2 (CubeIDE integrated)
2024-08-17 18:52:40,690 [INFO] UserAuth:417 - Internet connection configuration mode: 2
2024-08-17 18:52:40,698 [INFO] UserAuth:417 - Internet connection configuration mode: 2
2024-08-17 18:52:40,880 [INFO] CheckServerUpdateThread:120 - End of CheckServer Thread
2024-08-17 18:52:43,677 [ERROR] ConfigurationRetriever:142 - IOException on connection: Connect timed out
2024-08-17 19:01:17,178 [INFO] McuFinderGlobals:63 - Set McuFinder mode to 2 (CubeIDE integrated)
2024-08-17 19:01:19,427 [WARN] CheckConnectionManager:291 - Warning during Server Connection :  timeout Connect to sw-center.st.com:443 [sw-center.st.com/2.18.248.248, sw-center.st.com/2.18.248.234] failed: Connect timed out
2024-08-17 19:01:21,436 [WARN] CheckConnectionManager:291 - Warning during Server Connection :  timeout Connect to sw-center.st.com:443 [sw-center.st.com/2.18.248.248, sw-center.st.com/2.18.248.234] failed: Connect timed out
2024-08-17 19:01:21,439 [INFO] MainUpdater:2873 - connection check result : 22
2024-08-17 23:26:00,159 [INFO] ApiDb:581 - Connected to CubeFinder SQLite database (C:\Users\lagoeirl\.stmcufinder\plugins\mcufinder\mcu\cube-finder-db.db)
2024-08-17 23:26:00,236 [INFO] ApiDb:668 - CubeFinder database Data Model version=2.1
2024-08-17 23:26:00,236 [INFO] ApiDb:669 - CubeFinder database Configuration version=3.0.39
2024-08-17 23:26:00,236 [INFO] ApiDb:670 - CubeFinder database generation date=2024-06-20 (1718880634)
2024-08-17 23:26:00,236 [INFO] ApiDb:671 - CubeFinder database FW Pack versions=[FP-ATR-ASTRA1_V2.0.0, FP-SNS-FLIGHT1_V5.0.2, FP-SNS-MOTENV1_V5.0.0, FP-SNS-MOTENVWB1_V1.4.0, FP-SNS-SMARTAG2_V1.2.0, STM32Cube_FW_C0_V1.2.0, STM32Cube_FW_F4_V1.28.0, STM32Cube_FW_F7_V1.17.2, STM32Cube_FW_G0_V1.6.2, STM32Cube_FW_G4_V1.6.0, STM32Cube_FW_H5_V1.3.0, STM32Cube_FW_H7RS_V1.1.0, STM32Cube_FW_H7_V1.11.2, STM32Cube_FW_L0_V1.12.2, STM32Cube_FW_L5_V1.5.1, STM32Cube_FW_U0_V1.1.0, STM32Cube_FW_U5_V1.6.0, STM32Cube_FW_WB0_V1.0.0, STM32Cube_FW_WBA_V1.4.0, STM32Cube_FW_WB_V1.20.0, STM32Cube_FW_WL_V1.3.0, X-CUBE-ALGOBUILD_V1.4.0, X-CUBE-ALS_V1.0.2, X-CUBE-AZRTOS-F4_V1.1.0, X-CUBE-AZRTOS-F7_V1.1.0, X-CUBE-AZRTOS-G0_V1.1.0, X-CUBE-AZRTOS-G4_V2.0.0, X-CUBE-AZRTOS-H7RS_V1.0.0, X-CUBE-AZRTOS-H7_V3.2.0, X-CUBE-AZRTOS-L4_V2.0.0, X-CUBE-AZRTOS-L5_V1.1.0, X-CUBE-AZRTOS-WB_V2.0.0, X-CUBE-AZRTOS-WL_V2.0.0, X-CUBE-BLE1_V7.0.0, X-CUBE-BLE2_V3.3.0, X-CUBE-BLEMGR_V3.1.0, X-CUBE-EEPRMA1_V5.1.0, X-CUBE-FREERTOS_V1.2.0, X-CUBE-GNSS1_V6.0.0, X-CUBE-MEMS1_V10.0.0, X-CUBE-NFC4_V3.0.0, X-CUBE-NFC7_V1.0.1, X-CUBE-SFXS2LP1_V4.0.0, X-CUBE-SUBG2_V5.0.0, X-CUBE-TOF1_V3.4.1]
2024-08-17 23:26:00,363 [INFO] DbBoardsSqlite:226 - include board P-NUCLEO-WB55-NUCLEO as a kit item of type 'Nucleo-64'
2024-08-17 23:26:00,363 [INFO] DbBoardsSqlite:226 - include board P-NUCLEO-WB55-USBDONGLE as a kit item of type 'Nucleo USB Dongle'
2024-08-17 23:26:00,363 [INFO] DbBoardsSqlite:226 - include board STEVAL-IDP005V1 as a kit item of type 'Evaluation Board'
2024-08-17 23:26:00,363 [INFO] DbBoardsSqlite:226 - include board STEVAL-IDP005V2 as a kit item of type 'Evaluation Board'
2024-08-17 23:26:00,613 [INFO] ApiDb:240 - Found 646 in-development CPN: [B-G473E-ZEST1S, B-WB1M-WPAN1, B-WL5M-SUBG1, NUCLEO-C031C6, NUCLEO-C071RB, NUCLEO-H503RB, NUCLEO-H533RE, NUCLEO-H563ZI, NUCLEO-H7S3L8, NUCLEO-U031R8, NUCLEO-U083RC, NUCLEO-U545RE-Q, NUCLEO-U5A5ZJ-Q, NUCLEO-WB05KZ, NUCLEO-WB07CC, NUCLEO-WB09KE, NUCLEO-WBA52CG, NUCLEO-WBA55CG, STEVAL-PROTEUS1, STEVAL-SMARTAG2, STEVAL-STWINBX1, STM320518-EVAL, STM32C0116-DK, STM32C011D6Y3TR, STM32C011D6Y6TR, STM32C011F4P3, STM32C011F4P6, STM32C011F4U3, STM32C011F4U6TR, STM32C011F6P3, STM32C011F6P6, STM32C011F6U3, STM32C011F6U6TR, STM32C011J4M3, STM32C011J4M6, STM32C011J6M3, STM32C011J6M6, STM32C0316-DK, STM32C031C4T3, STM32C031C4T6, STM32C031C4U3, STM32C031C4U6, STM32C031C6T3, STM32C031C6T6, STM32C031C6U3, STM32C031C6U6, STM32C031F4P3, STM32C031F4P6, STM32C031F6P3, STM32C031F6P6, STM32C031G4U3, STM32C031G4U6, STM32C031G6U3, STM32C031G6U6, STM32C031K4T3, STM32C031K4T6, STM32C031K4U3, STM32C031K4U6, STM32C031K6T3, STM32C031K6T6, STM32C031K6U3, STM32C031K6U6, STM32C071C8T6, STM32C071C8T6N, STM32C071C8U6, STM32C071C8U6N, STM32C071CBT6, STM32C071CBT6N, STM32C071CBU6, STM32C071CBU6N, STM32C071F8P6, STM32C071F8P6N, STM32C071FBP6, STM32C071FBP6N, STM32C071FBY6TR, STM32C071G8U6, STM32C071G8U6N, STM32C071GBU6, STM32C071GBU6N, STM32C071K8T6, STM32C071K8T6N, STM32C071K8U6, STM32C071K8U6N, STM32C071KBT6, STM32C071KBT6N, STM32C071KBU6, STM32C071KBU6N, STM32C071R8T6, STM32C071R8T6N, STM32C071RBI6N, STM32C071RBT6, STM32C071RBT6N, STM32G071K8TXN, STM32G071K8UXN, STM32G081GBU6N, STM32G081KBT6N, STM32G081KBUXN, STM32G0B1CCT6N, STM32G0B1KCT6, STM32G0B1NEY6TR, STM32G0B1RCT6N, STM32G0C1CCT6, STM32G0C1CCT6N, STM32G0C1CCU6N, STM32G0C1CET6N, STM32G0C1CEU6N, STM32G0C1KCT6, STM32G0C1NEY6TR, STM32G0C1RCI6N, STM32G0C1RCT6N, STM32G0C1REI6N, STM32G0C1RET6N, STM32G0C1VCI6, STM32G0C1VEI6, STM32G411C6T3, STM32G411C6T6, STM32G411C6U3, STM32G411C6U6, STM32G411C8T3, STM32G411C8T6, STM32G411C8U3, STM32G411C8U6, STM32G411CBT3, STM32G411CBT6, STM32G411CBU3, STM32G411CBU6, STM32G411K6T3, STM32G411K6T6, STM32G411K6U3, STM32G411K6U6, STM32G411K8T3, STM32G411K8T6, STM32G411K8U3, STM32G411K8U6, STM32G411KBT3, STM32G411KBT6, STM32G411KBU3, STM32G411KBU6, STM32G411M6T3, STM32G411M6T6, STM32G411M8T3, STM32G411M8T6, STM32G411MBT3, STM32G411MBT6, STM32G411R6T3, STM32G411R6T6, STM32G411R8T3, STM32G411R8T6, STM32G411RBT3, STM32G411RBT6, STM32G414CBT3, STM32G414CBT6, STM32G414CBU3, STM32G414CBU6, STM32G414CCT3, STM32G414CCT6, STM32G414CCU3, STM32G414CCU6, STM32G414MBT3, STM32G414MBT6, STM32G414MCT3, STM32G414MCT6, STM32G414RBT3, STM32G414RBT6, STM32G414RCT3, STM32G414RCT6, STM32G414VBT3, STM32G414VBT6, STM32G414VCT3, STM32G414VCT6, STM32G431CBT3Z, STM32G431RBT3Z, STM32G471CCT6, STM32G471CCU6, STM32G471CET3, STM32G471CET6, STM32G471CEU3, STM32G471CEU6, STM32G471MCT6, STM32G471MET3, STM32G471MET6, STM32G471MEY6TR, STM32G471QCT6, STM32G471QET3, STM32G471RCT6, STM32G471RET3, STM32G471RET6, STM32G471VCH6, STM32G471VCI6, STM32G471VCT6, STM32G471VEH3, STM32G471VEH6, STM32G471VEI3, STM32G471VEI6, STM32G471VET3, STM32G471VET6, STM32G473QET3Z, STM32G473RET3Z, STM32G474CCT6, STM32G491RET3Z, STM32H503CBT6, STM32H503CBU6, STM32H503EBY6TR, STM32H503KBU6, STM32H503RBT6, STM32H523CCT6, STM32H523CCU6, STM32H523CET6, STM32H523CEU6, STM32H523HEY6TR, STM32H523RCT6, STM32H523RET6, STM32H523VCI6, STM32H523VCT6, STM32H523VEI6, STM32H523VET6, STM32H523ZCJ6, STM32H523ZCT6, STM32H523ZEJ6, STM32H523ZET6, STM32H533CET6, STM32H533CEU6, STM32H533HEY6TR, STM32H533RET6, STM32H533VEI6, STM32H533VET6, STM32H533ZEJ6, STM32H533ZET6, STM32H562AGI6, STM32H562AII6, STM32H562IGK6, STM32H562IGT6, STM32H562IIK6, STM32H562IIT6, STM32H562RGT6, STM32H562RGV6, STM32H562RIT6, STM32H562RIV6, STM32H562VGT6, STM32H562VIT6, STM32H562ZGT6, STM32H562ZIT6, STM32H563AGI6, STM32H563AII3Q, STM32H563AII6, STM32H563IGK6, STM32H563IGT6, STM32H563IIK3Q, STM32H563IIK6, STM32H563IIT3Q, STM32H563IIT6, STM32H563MIY3QTR, STM32H563RGT6, STM32H563RGV6, STM32H563RIT6, STM32H563RIV6, STM32H563VGT6, STM32H563VIT3Q, STM32H563VIT6, STM32H563ZGT6, STM32H563ZIT3Q, STM32H563ZIT6, STM32H573AII3Q, STM32H573AII6, STM32H573I-DK, STM32H573IIK3Q, STM32H573IIK6, STM32H573IIT3Q, STM32H573IIT6, STM32H573MIY3QTR, STM32H573RIT6, STM32H573RIV6, STM32H573VIT3Q, STM32H573VIT6, STM32H573ZIT3Q, STM32H573ZIT6, STM32H7R3A8I6, STM32H7R3I8K6, STM32H7R3I8T6, STM32H7R3L8H6, STM32H7R3L8H6H, STM32H7R3R8V6, STM32H7R3V8H6, STM32H7R3V8T6, STM32H7R3V8Y6TR, STM32H7R3Z8J6, STM32H7R3Z8T6, STM32H7R7A8I6, STM32H7R7I8K6, STM32H7R7I8T6, STM32H7R7L8H6, STM32H7R7L8H6H, STM32H7R7Z8J6, STM32H7S3A8I6, STM32H7S3I8K6, STM32H7S3I8T6, STM32H7S3L8H6, STM32H7S3L8H6H, STM32H7S3R8V6, STM32H7S3V8H6, STM32H7S3V8T6, STM32H7S3V8Y6TR, STM32H7S3Z8J6, STM32H7S3Z8T6, STM32H7S78-DK, STM32H7S7A8I6, STM32H7S7I8K6, STM32H7S7I8T6, STM32H7S7L8H6, STM32H7S7L8H6H, STM32H7S7Z8J6, STM32L4R5QGI6STR, STM32MP131AAE3, STM32MP131AAF3, STM32MP131AAG3, STM32MP131CAE3, STM32MP131CAF3, STM32MP131CAG3, STM32MP131DAE7, STM32MP131DAF7, STM32MP131DAG7, STM32MP131FAE7, STM32MP131FAF7, STM32MP131FAG7, STM32MP133AAE3, STM32MP133AAF3, STM32MP133AAG3, STM32MP133CAE3, STM32MP133CAF3, STM32MP133CAG3, STM32MP133DAE7, STM32MP133DAF7, STM32MP133DAG7, STM32MP133FAE7, STM32MP133FAF7, STM32MP133FAG7, STM32MP135AAE3, STM32MP135AAF3, STM32MP135AAG3, STM32MP135CAE3, STM32MP135CAF3, STM32MP135CAG3, STM32MP135DAE7, STM32MP135DAF7, STM32MP135DAG7, STM32MP135F-DK, STM32MP135FAE7, STM32MP135FAF7, STM32MP135FAF7T, STM32MP135FAF7U, STM32MP135FAG7, STM32MP251AAI3, STM32MP251AAK3, STM32MP251AAL3, STM32MP251CAI3, STM32MP251CAK3, STM32MP251CAL3, STM32MP251DAI3, STM32MP251DAK3, STM32MP251DAL3, STM32MP251FAI3, STM32MP251FAK3, STM32MP251FAL3, STM32MP253AAI3, STM32MP253AAK3, STM32MP253AAL3, STM32MP253CAI3, STM32MP253CAK3, STM32MP253CAL3, STM32MP253DAI3, STM32MP253DAK3, STM32MP253DAL3, STM32MP253FAI3, STM32MP253FAK3, STM32MP253FAL3, STM32MP255AAI3, STM32MP255AAK3, STM32MP255AAL3, STM32MP255CAI3, STM32MP255CAK3, STM32MP255CAL3, STM32MP255DAI3, STM32MP255DAK3, STM32MP255DAL3, STM32MP255FAI3, STM32MP255FAK3, STM32MP255FAL3, STM32MP257AAI3, STM32MP257AAK3, STM32MP257AAL3, STM32MP257CAI3, STM32MP257CAK3, STM32MP257CAL3, STM32MP257DAI3, STM32MP257DAK3, STM32MP257DAL3, STM32MP257F-DK, STM32MP257F-EV1, STM32MP257FAI3, STM32MP257FAK3, STM32MP257FAL3, STM32U031C6T6, STM32U031C6U6, STM32U031C8T6, STM32U031C8U6, STM32U031F4P6, STM32U031F6P6, STM32U031F8P6, STM32U031G6Y6TR, STM32U031G8Y6TR, STM32U031K4U6, STM32U031K6U6, STM32U031K8U6, STM32U031R6I6, STM32U031R6T6, STM32U031R8I6, STM32U031R8T6, STM32U073C8T6, STM32U073C8U6, STM32U073CBT6, STM32U073CBU6, STM32U073CCT6, STM32U073CCU6, STM32U073H8Y6TR, STM32U073HBY6TR, STM32U073HCY6TR, STM32U073K8U6, STM32U073KBU6, STM32U073KCU6, STM32U073M8I6, STM32U073M8T6, STM32U073MBI6, STM32U073MBT6, STM32U073MCI6, STM32U073MCT6, STM32U073R8I6, STM32U073R8T6, STM32U073RBI6, STM32U073RBT6, STM32U073RCI6, STM32U073RCT6, STM32U083C-DK, STM32U083CCT6, STM32U083CCU6, STM32U083HCY6TR, STM32U083KCU6, STM32U083MCI6, STM32U083MCT6, STM32U083RCI6, STM32U083RCT6, STM32U535CBT6, STM32U535CBT6Q, STM32U535CBU6, STM32U535CBU6Q, STM32U535CCT6, STM32U535CCT6Q, STM32U535CCU6, STM32U535CCU6Q, STM32U535CET6, STM32U535CET6Q, STM32U535CEU6, STM32U535CEU6Q, STM32U535JEY6QTR, STM32U535NCY6QTR, STM32U535NEY6QTR, STM32U535RBI6, STM32U535RBI6Q, STM32U535RBT6, STM32U535RBT6Q, STM32U535RCI6, STM32U535RCI6Q, STM32U535RCT6, STM32U535RCT6Q, STM32U535REI6, STM32U535REI6Q, STM32U535RET6, STM32U535RET6Q, STM32U535VCI6, STM32U535VCI6Q, STM32U535VCT6, STM32U535VCT6Q, STM32U535VEI6, STM32U535VEI6Q, STM32U535VET6, STM32U535VET6Q, STM32U545CET6, STM32U545CET6Q, STM32U545CEU6, STM32U545CEU6Q, STM32U545JEY6QTR, STM32U545NEY6QTR, STM32U545REI6, STM32U545REI6Q, STM32U545RET6, STM32U545RET6Q, STM32U545VEI6, STM32U545VEI6Q, STM32U545VET6, STM32U545VET6Q, STM32U595AIH6, STM32U595AIH6Q, STM32U595AJH6, STM32U595AJH6Q, STM32U595QII6, STM32U595QII6Q, STM32U595QJI6, STM32U595QJI6Q, STM32U595RIT6, STM32U595RIT6Q, STM32U595RJT6, STM32U595RJT6Q, STM32U595VIT6, STM32U595VIT6Q, STM32U595VJT6, STM32U595VJT6Q, STM32U595ZIT6, STM32U595ZIT6Q, STM32U595ZIY6QTR, STM32U595ZJT6, STM32U595ZJT6Q, STM32U595ZJY6QTR, STM32U599BJY6QTR, STM32U599NIH6Q, STM32U599NJH6Q, STM32U599VIT6Q, STM32U599VJT6, STM32U599VJT6Q, STM32U599ZIT6Q, STM32U599ZIY6QTR, STM32U599ZJT6Q, STM32U599ZJY6QTR, STM32U5A5AJH6, STM32U5A5AJH6Q, STM32U5A5QII3Q , STM32U5A5QJI6, STM32U5A5QJI6Q, STM32U5A5RJT6, STM32U5A5RJT6Q, STM32U5A5VJT6, STM32U5A5VJT6Q, STM32U5A5ZJT6, STM32U5A5ZJT6Q, STM32U5A5ZJY6QTR, STM32U5A9BJY6QTR, STM32U5A9J-DK, STM32U5A9NJH6Q, STM32U5A9VJT6Q, STM32U5A9ZJT6Q, STM32U5A9ZJY6QTR, STM32U5F7VIT6, STM32U5F7VIT6Q, STM32U5F7VJT6, STM32U5F7VJT6Q, STM32U5F9BJY6QTR, STM32U5F9NJH6Q, STM32U5F9VIT6Q, STM32U5F9VJT6Q, STM32U5F9ZIJ6QTR, STM32U5F9ZIT6Q, STM32U5F9ZJJ6QTR, STM32U5F9ZJT6Q, STM32U5G7VJT6, STM32U5G7VJT6Q, STM32U5G9BJY6QTR, STM32U5G9J-DK1, STM32U5G9J-DK2, STM32U5G9NJH6Q, STM32U5G9VJT6Q, STM32U5G9ZJJ6QTR, STM32U5G9ZJT6Q, STM32WB05KZV6TR, STM32WB05KZV7TR, STM32WB05TZF6TR, STM32WB05TZF7TR, STM32WB06CCF6TR, STM32WB06CCF7TR, STM32WB06CCV6TR, STM32WB06CCV7TR, STM32WB06KCV6TR, STM32WB06KCV7TR, STM32WB07CCF6TR, STM32WB07CCF7TR, STM32WB07CCV6TR, STM32WB07CCV7TR, STM32WB07KCV6TR, STM32WB07KCV7TR, STM32WB09KEV6TR, STM32WB09KEV7TR, STM32WB09TEF6TR, STM32WB09TEF7TR, STM32WB1MMCH6, STM32WBA50KGU6, STM32WBA50KGU6TR, STM32WBA52CEU6, STM32WBA52CEU6TR, STM32WBA52CEU7, STM32WBA52CEU7TR, STM32WBA52CGU6, STM32WBA52CGU6TR, STM32WBA52CGU6U, STM32WBA52CGU7, STM32WBA52CGU7TR, STM32WBA52KEU6, STM32WBA52KEU6TR, STM32WBA52KGU6, STM32WBA52KGU6TR, STM32WBA54CEU6, STM32WBA54CEU6TR, STM32WBA54CEU7, STM32WBA54CEU7TR, STM32WBA54CGU6, STM32WBA54CGU6TR, STM32WBA54CGU7, STM32WBA54CGU7TR, STM32WBA54KEU6, STM32WBA54KEU6TR, STM32WBA54KEU7, STM32WBA54KEU7TR, STM32WBA54KGU6, STM32WBA54KGU6TR, STM32WBA54KGU7, STM32WBA54KGU7TR, STM32WBA55CEU6, STM32WBA55CEU6TR, STM32WBA55CEU7, STM32WBA55CEU7TR, STM32WBA55CGU6, STM32WBA55CGU6TR, STM32WBA55CGU6U, STM32WBA55CGU7, STM32WBA55CGU7TR, STM32WBA55G-DK1, STM32WBA55HEF6, STM32WBA55HEF7, STM32WBA55HGF6, STM32WBA55HGF7, STM32WBA55UEI6, STM32WBA55UEI6TR, STM32WBA55UEI7, STM32WBA55UEI7TR, STM32WBA55UGI6, STM32WBA55UGI6TR, STM32WBA55UGI7, STM32WBA55UGI7TR, STM32WL5MOCH6, STM32WL5MOCH6TR]
2024-08-17 23:26:01,100 [INFO] BoardInfo:889 - No configuration file found for board P-NUCLEO-WB55
2024-08-17 23:26:01,100 [INFO] DbBoards:161 - Kit is not supported: P-NUCLEO-WB55
2024-08-17 23:26:01,116 [INFO] BoardInfo:889 - No configuration file found for board STEVAL-BFA001V1B
2024-08-17 23:26:01,116 [INFO] DbBoards:161 - Kit is not supported: STEVAL-BFA001V1B
2024-08-17 23:26:01,116 [INFO] BoardInfo:889 - No configuration file found for board STEVAL-BFA001V2B
2024-08-17 23:26:01,116 [INFO] DbBoards:161 - Kit is not supported: STEVAL-BFA001V2B
2024-08-17 23:26:01,274 [INFO] DbBoards:168 - Found 201 boards, 198 are supported
2024-08-17 23:26:01,274 [INFO] DbBoards:169 - Found 201 boards, 25 of them is supported for  Bsp
2024-08-17 23:26:01,274 [INFO] ApiDb:668 - CubeFinder database Data Model version=2.1
2024-08-17 23:26:01,274 [INFO] ApiDb:669 - CubeFinder database Configuration version=3.0.39
2024-08-17 23:26:01,274 [INFO] ApiDb:670 - CubeFinder database generation date=2024-06-20 (1718880634)
2024-08-17 23:26:01,274 [INFO] ApiDb:671 - CubeFinder database FW Pack versions=[FP-ATR-ASTRA1_V2.0.0, FP-SNS-FLIGHT1_V5.0.2, FP-SNS-MOTENV1_V5.0.0, FP-SNS-MOTENVWB1_V1.4.0, FP-SNS-SMARTAG2_V1.2.0, STM32Cube_FW_C0_V1.2.0, STM32Cube_FW_F4_V1.28.0, STM32Cube_FW_F7_V1.17.2, STM32Cube_FW_G0_V1.6.2, STM32Cube_FW_G4_V1.6.0, STM32Cube_FW_H5_V1.3.0, STM32Cube_FW_H7RS_V1.1.0, STM32Cube_FW_H7_V1.11.2, STM32Cube_FW_L0_V1.12.2, STM32Cube_FW_L5_V1.5.1, STM32Cube_FW_U0_V1.1.0, STM32Cube_FW_U5_V1.6.0, STM32Cube_FW_WB0_V1.0.0, STM32Cube_FW_WBA_V1.4.0, STM32Cube_FW_WB_V1.20.0, STM32Cube_FW_WL_V1.3.0, X-CUBE-ALGOBUILD_V1.4.0, X-CUBE-ALS_V1.0.2, X-CUBE-AZRTOS-F4_V1.1.0, X-CUBE-AZRTOS-F7_V1.1.0, X-CUBE-AZRTOS-G0_V1.1.0, X-CUBE-AZRTOS-G4_V2.0.0, X-CUBE-AZRTOS-H7RS_V1.0.0, X-CUBE-AZRTOS-H7_V3.2.0, X-CUBE-AZRTOS-L4_V2.0.0, X-CUBE-AZRTOS-L5_V1.1.0, X-CUBE-AZRTOS-WB_V2.0.0, X-CUBE-AZRTOS-WL_V2.0.0, X-CUBE-BLE1_V7.0.0, X-CUBE-BLE2_V3.3.0, X-CUBE-BLEMGR_V3.1.0, X-CUBE-EEPRMA1_V5.1.0, X-CUBE-FREERTOS_V1.2.0, X-CUBE-GNSS1_V6.0.0, X-CUBE-MEMS1_V10.0.0, X-CUBE-NFC4_V3.0.0, X-CUBE-NFC7_V1.0.1, X-CUBE-SFXS2LP1_V4.0.0, X-CUBE-SUBG2_V5.0.0, X-CUBE-TOF1_V3.4.1]
2024-08-17 23:26:02,738 [INFO] ApiDb:240 - Found 646 in-development CPN: [B-G473E-ZEST1S, B-WB1M-WPAN1, B-WL5M-SUBG1, NUCLEO-C031C6, NUCLEO-C071RB, NUCLEO-H503RB, NUCLEO-H533RE, NUCLEO-H563ZI, NUCLEO-H7S3L8, NUCLEO-U031R8, NUCLEO-U083RC, NUCLEO-U545RE-Q, NUCLEO-U5A5ZJ-Q, NUCLEO-WB05KZ, NUCLEO-WB07CC, NUCLEO-WB09KE, NUCLEO-WBA52CG, NUCLEO-WBA55CG, STEVAL-PROTEUS1, STEVAL-SMARTAG2, STEVAL-STWINBX1, STM320518-EVAL, STM32C0116-DK, STM32C011D6Y3TR, STM32C011D6Y6TR, STM32C011F4P3, STM32C011F4P6, STM32C011F4U3, STM32C011F4U6TR, STM32C011F6P3, STM32C011F6P6, STM32C011F6U3, STM32C011F6U6TR, STM32C011J4M3, STM32C011J4M6, STM32C011J6M3, STM32C011J6M6, STM32C0316-DK, STM32C031C4T3, STM32C031C4T6, STM32C031C4U3, STM32C031C4U6, STM32C031C6T3, STM32C031C6T6, STM32C031C6U3, STM32C031C6U6, STM32C031F4P3, STM32C031F4P6, STM32C031F6P3, STM32C031F6P6, STM32C031G4U3, STM32C031G4U6, STM32C031G6U3, STM32C031G6U6, STM32C031K4T3, STM32C031K4T6, STM32C031K4U3, STM32C031K4U6, STM32C031K6T3, STM32C031K6T6, STM32C031K6U3, STM32C031K6U6, STM32C071C8T6, STM32C071C8T6N, STM32C071C8U6, STM32C071C8U6N, STM32C071CBT6, STM32C071CBT6N, STM32C071CBU6, STM32C071CBU6N, STM32C071F8P6, STM32C071F8P6N, STM32C071FBP6, STM32C071FBP6N, STM32C071FBY6TR, STM32C071G8U6, STM32C071G8U6N, STM32C071GBU6, STM32C071GBU6N, STM32C071K8T6, STM32C071K8T6N, STM32C071K8U6, STM32C071K8U6N, STM32C071KBT6, STM32C071KBT6N, STM32C071KBU6, STM32C071KBU6N, STM32C071R8T6, STM32C071R8T6N, STM32C071RBI6N, STM32C071RBT6, STM32C071RBT6N, STM32G071K8TXN, STM32G071K8UXN, STM32G081GBU6N, STM32G081KBT6N, STM32G081KBUXN, STM32G0B1CCT6N, STM32G0B1KCT6, STM32G0B1NEY6TR, STM32G0B1RCT6N, STM32G0C1CCT6, STM32G0C1CCT6N, STM32G0C1CCU6N, STM32G0C1CET6N, STM32G0C1CEU6N, STM32G0C1KCT6, STM32G0C1NEY6TR, STM32G0C1RCI6N, STM32G0C1RCT6N, STM32G0C1REI6N, STM32G0C1RET6N, STM32G0C1VCI6, STM32G0C1VEI6, STM32G411C6T3, STM32G411C6T6, STM32G411C6U3, STM32G411C6U6, STM32G411C8T3, STM32G411C8T6, STM32G411C8U3, STM32G411C8U6, STM32G411CBT3, STM32G411CBT6, STM32G411CBU3, STM32G411CBU6, STM32G411K6T3, STM32G411K6T6, STM32G411K6U3, STM32G411K6U6, STM32G411K8T3, STM32G411K8T6, STM32G411K8U3, STM32G411K8U6, STM32G411KBT3, STM32G411KBT6, STM32G411KBU3, STM32G411KBU6, STM32G411M6T3, STM32G411M6T6, STM32G411M8T3, STM32G411M8T6, STM32G411MBT3, STM32G411MBT6, STM32G411R6T3, STM32G411R6T6, STM32G411R8T3, STM32G411R8T6, STM32G411RBT3, STM32G411RBT6, STM32G414CBT3, STM32G414CBT6, STM32G414CBU3, STM32G414CBU6, STM32G414CCT3, STM32G414CCT6, STM32G414CCU3, STM32G414CCU6, STM32G414MBT3, STM32G414MBT6, STM32G414MCT3, STM32G414MCT6, STM32G414RBT3, STM32G414RBT6, STM32G414RCT3, STM32G414RCT6, STM32G414VBT3, STM32G414VBT6, STM32G414VCT3, STM32G414VCT6, STM32G431CBT3Z, STM32G431RBT3Z, STM32G471CCT6, STM32G471CCU6, STM32G471CET3, STM32G471CET6, STM32G471CEU3, STM32G471CEU6, STM32G471MCT6, STM32G471MET3, STM32G471MET6, STM32G471MEY6TR, STM32G471QCT6, STM32G471QET3, STM32G471RCT6, STM32G471RET3, STM32G471RET6, STM32G471VCH6, STM32G471VCI6, STM32G471VCT6, STM32G471VEH3, STM32G471VEH6, STM32G471VEI3, STM32G471VEI6, STM32G471VET3, STM32G471VET6, STM32G473QET3Z, STM32G473RET3Z, STM32G474CCT6, STM32G491RET3Z, STM32H503CBT6, STM32H503CBU6, STM32H503EBY6TR, STM32H503KBU6, STM32H503RBT6, STM32H523CCT6, STM32H523CCU6, STM32H523CET6, STM32H523CEU6, STM32H523HEY6TR, STM32H523RCT6, STM32H523RET6, STM32H523VCI6, STM32H523VCT6, STM32H523VEI6, STM32H523VET6, STM32H523ZCJ6, STM32H523ZCT6, STM32H523ZEJ6, STM32H523ZET6, STM32H533CET6, STM32H533CEU6, STM32H533HEY6TR, STM32H533RET6, STM32H533VEI6, STM32H533VET6, STM32H533ZEJ6, STM32H533ZET6, STM32H562AGI6, STM32H562AII6, STM32H562IGK6, STM32H562IGT6, STM32H562IIK6, STM32H562IIT6, STM32H562RGT6, STM32H562RGV6, STM32H562RIT6, STM32H562RIV6, STM32H562VGT6, STM32H562VIT6, STM32H562ZGT6, STM32H562ZIT6, STM32H563AGI6, STM32H563AII3Q, STM32H563AII6, STM32H563IGK6, STM32H563IGT6, STM32H563IIK3Q, STM32H563IIK6, STM32H563IIT3Q, STM32H563IIT6, STM32H563MIY3QTR, STM32H563RGT6, STM32H563RGV6, STM32H563RIT6, STM32H563RIV6, STM32H563VGT6, STM32H563VIT3Q, STM32H563VIT6, STM32H563ZGT6, STM32H563ZIT3Q, STM32H563ZIT6, STM32H573AII3Q, STM32H573AII6, STM32H573I-DK, STM32H573IIK3Q, STM32H573IIK6, STM32H573IIT3Q, STM32H573IIT6, STM32H573MIY3QTR, STM32H573RIT6, STM32H573RIV6, STM32H573VIT3Q, STM32H573VIT6, STM32H573ZIT3Q, STM32H573ZIT6, STM32H7R3A8I6, STM32H7R3I8K6, STM32H7R3I8T6, STM32H7R3L8H6, STM32H7R3L8H6H, STM32H7R3R8V6, STM32H7R3V8H6, STM32H7R3V8T6, STM32H7R3V8Y6TR, STM32H7R3Z8J6, STM32H7R3Z8T6, STM32H7R7A8I6, STM32H7R7I8K6, STM32H7R7I8T6, STM32H7R7L8H6, STM32H7R7L8H6H, STM32H7R7Z8J6, STM32H7S3A8I6, STM32H7S3I8K6, STM32H7S3I8T6, STM32H7S3L8H6, STM32H7S3L8H6H, STM32H7S3R8V6, STM32H7S3V8H6, STM32H7S3V8T6, STM32H7S3V8Y6TR, STM32H7S3Z8J6, STM32H7S3Z8T6, STM32H7S78-DK, STM32H7S7A8I6, STM32H7S7I8K6, STM32H7S7I8T6, STM32H7S7L8H6, STM32H7S7L8H6H, STM32H7S7Z8J6, STM32L4R5QGI6STR, STM32MP131AAE3, STM32MP131AAF3, STM32MP131AAG3, STM32MP131CAE3, STM32MP131CAF3, STM32MP131CAG3, STM32MP131DAE7, STM32MP131DAF7, STM32MP131DAG7, STM32MP131FAE7, STM32MP131FAF7, STM32MP131FAG7, STM32MP133AAE3, STM32MP133AAF3, STM32MP133AAG3, STM32MP133CAE3, STM32MP133CAF3, STM32MP133CAG3, STM32MP133DAE7, STM32MP133DAF7, STM32MP133DAG7, STM32MP133FAE7, STM32MP133FAF7, STM32MP133FAG7, STM32MP135AAE3, STM32MP135AAF3, STM32MP135AAG3, STM32MP135CAE3, STM32MP135CAF3, STM32MP135CAG3, STM32MP135DAE7, STM32MP135DAF7, STM32MP135DAG7, STM32MP135F-DK, STM32MP135FAE7, STM32MP135FAF7, STM32MP135FAF7T, STM32MP135FAF7U, STM32MP135FAG7, STM32MP251AAI3, STM32MP251AAK3, STM32MP251AAL3, STM32MP251CAI3, STM32MP251CAK3, STM32MP251CAL3, STM32MP251DAI3, STM32MP251DAK3, STM32MP251DAL3, STM32MP251FAI3, STM32MP251FAK3, STM32MP251FAL3, STM32MP253AAI3, STM32MP253AAK3, STM32MP253AAL3, STM32MP253CAI3, STM32MP253CAK3, STM32MP253CAL3, STM32MP253DAI3, STM32MP253DAK3, STM32MP253DAL3, STM32MP253FAI3, STM32MP253FAK3, STM32MP253FAL3, STM32MP255AAI3, STM32MP255AAK3, STM32MP255AAL3, STM32MP255CAI3, STM32MP255CAK3, STM32MP255CAL3, STM32MP255DAI3, STM32MP255DAK3, STM32MP255DAL3, STM32MP255FAI3, STM32MP255FAK3, STM32MP255FAL3, STM32MP257AAI3, STM32MP257AAK3, STM32MP257AAL3, STM32MP257CAI3, STM32MP257CAK3, STM32MP257CAL3, STM32MP257DAI3, STM32MP257DAK3, STM32MP257DAL3, STM32MP257F-DK, STM32MP257F-EV1, STM32MP257FAI3, STM32MP257FAK3, STM32MP257FAL3, STM32U031C6T6, STM32U031C6U6, STM32U031C8T6, STM32U031C8U6, STM32U031F4P6, STM32U031F6P6, STM32U031F8P6, STM32U031G6Y6TR, STM32U031G8Y6TR, STM32U031K4U6, STM32U031K6U6, STM32U031K8U6, STM32U031R6I6, STM32U031R6T6, STM32U031R8I6, STM32U031R8T6, STM32U073C8T6, STM32U073C8U6, STM32U073CBT6, STM32U073CBU6, STM32U073CCT6, STM32U073CCU6, STM32U073H8Y6TR, STM32U073HBY6TR, STM32U073HCY6TR, STM32U073K8U6, STM32U073KBU6, STM32U073KCU6, STM32U073M8I6, STM32U073M8T6, STM32U073MBI6, STM32U073MBT6, STM32U073MCI6, STM32U073MCT6, STM32U073R8I6, STM32U073R8T6, STM32U073RBI6, STM32U073RBT6, STM32U073RCI6, STM32U073RCT6, STM32U083C-DK, STM32U083CCT6, STM32U083CCU6, STM32U083HCY6TR, STM32U083KCU6, STM32U083MCI6, STM32U083MCT6, STM32U083RCI6, STM32U083RCT6, STM32U535CBT6, STM32U535CBT6Q, STM32U535CBU6, STM32U535CBU6Q, STM32U535CCT6, STM32U535CCT6Q, STM32U535CCU6, STM32U535CCU6Q, STM32U535CET6, STM32U535CET6Q, STM32U535CEU6, STM32U535CEU6Q, STM32U535JEY6QTR, STM32U535NCY6QTR, STM32U535NEY6QTR, STM32U535RBI6, STM32U535RBI6Q, STM32U535RBT6, STM32U535RBT6Q, STM32U535RCI6, STM32U535RCI6Q, STM32U535RCT6, STM32U535RCT6Q, STM32U535REI6, STM32U535REI6Q, STM32U535RET6, STM32U535RET6Q, STM32U535VCI6, STM32U535VCI6Q, STM32U535VCT6, STM32U535VCT6Q, STM32U535VEI6, STM32U535VEI6Q, STM32U535VET6, STM32U535VET6Q, STM32U545CET6, STM32U545CET6Q, STM32U545CEU6, STM32U545CEU6Q, STM32U545JEY6QTR, STM32U545NEY6QTR, STM32U545REI6, STM32U545REI6Q, STM32U545RET6, STM32U545RET6Q, STM32U545VEI6, STM32U545VEI6Q, STM32U545VET6, STM32U545VET6Q, STM32U595AIH6, STM32U595AIH6Q, STM32U595AJH6, STM32U595AJH6Q, STM32U595QII6, STM32U595QII6Q, STM32U595QJI6, STM32U595QJI6Q, STM32U595RIT6, STM32U595RIT6Q, STM32U595RJT6, STM32U595RJT6Q, STM32U595VIT6, STM32U595VIT6Q, STM32U595VJT6, STM32U595VJT6Q, STM32U595ZIT6, STM32U595ZIT6Q, STM32U595ZIY6QTR, STM32U595ZJT6, STM32U595ZJT6Q, STM32U595ZJY6QTR, STM32U599BJY6QTR, STM32U599NIH6Q, STM32U599NJH6Q, STM32U599VIT6Q, STM32U599VJT6, STM32U599VJT6Q, STM32U599ZIT6Q, STM32U599ZIY6QTR, STM32U599ZJT6Q, STM32U599ZJY6QTR, STM32U5A5AJH6, STM32U5A5AJH6Q, STM32U5A5QII3Q , STM32U5A5QJI6, STM32U5A5QJI6Q, STM32U5A5RJT6, STM32U5A5RJT6Q, STM32U5A5VJT6, STM32U5A5VJT6Q, STM32U5A5ZJT6, STM32U5A5ZJT6Q, STM32U5A5ZJY6QTR, STM32U5A9BJY6QTR, STM32U5A9J-DK, STM32U5A9NJH6Q, STM32U5A9VJT6Q, STM32U5A9ZJT6Q, STM32U5A9ZJY6QTR, STM32U5F7VIT6, STM32U5F7VIT6Q, STM32U5F7VJT6, STM32U5F7VJT6Q, STM32U5F9BJY6QTR, STM32U5F9NJH6Q, STM32U5F9VIT6Q, STM32U5F9VJT6Q, STM32U5F9ZIJ6QTR, STM32U5F9ZIT6Q, STM32U5F9ZJJ6QTR, STM32U5F9ZJT6Q, STM32U5G7VJT6, STM32U5G7VJT6Q, STM32U5G9BJY6QTR, STM32U5G9J-DK1, STM32U5G9J-DK2, STM32U5G9NJH6Q, STM32U5G9VJT6Q, STM32U5G9ZJJ6QTR, STM32U5G9ZJT6Q, STM32WB05KZV6TR, STM32WB05KZV7TR, STM32WB05TZF6TR, STM32WB05TZF7TR, STM32WB06CCF6TR, STM32WB06CCF7TR, STM32WB06CCV6TR, STM32WB06CCV7TR, STM32WB06KCV6TR, STM32WB06KCV7TR, STM32WB07CCF6TR, STM32WB07CCF7TR, STM32WB07CCV6TR, STM32WB07CCV7TR, STM32WB07KCV6TR, STM32WB07KCV7TR, STM32WB09KEV6TR, STM32WB09KEV7TR, STM32WB09TEF6TR, STM32WB09TEF7TR, STM32WB1MMCH6, STM32WBA50KGU6, STM32WBA50KGU6TR, STM32WBA52CEU6, STM32WBA52CEU6TR, STM32WBA52CEU7, STM32WBA52CEU7TR, STM32WBA52CGU6, STM32WBA52CGU6TR, STM32WBA52CGU6U, STM32WBA52CGU7, STM32WBA52CGU7TR, STM32WBA52KEU6, STM32WBA52KEU6TR, STM32WBA52KGU6, STM32WBA52KGU6TR, STM32WBA54CEU6, STM32WBA54CEU6TR, STM32WBA54CEU7, STM32WBA54CEU7TR, STM32WBA54CGU6, STM32WBA54CGU6TR, STM32WBA54CGU7, STM32WBA54CGU7TR, STM32WBA54KEU6, STM32WBA54KEU6TR, STM32WBA54KEU7, STM32WBA54KEU7TR, STM32WBA54KGU6, STM32WBA54KGU6TR, STM32WBA54KGU7, STM32WBA54KGU7TR, STM32WBA55CEU6, STM32WBA55CEU6TR, STM32WBA55CEU7, STM32WBA55CEU7TR, STM32WBA55CGU6, STM32WBA55CGU6TR, STM32WBA55CGU6U, STM32WBA55CGU7, STM32WBA55CGU7TR, STM32WBA55G-DK1, STM32WBA55HEF6, STM32WBA55HEF7, STM32WBA55HGF6, STM32WBA55HGF7, STM32WBA55UEI6, STM32WBA55UEI6TR, STM32WBA55UEI7, STM32WBA55UEI7TR, STM32WBA55UGI6, STM32WBA55UGI6TR, STM32WBA55UGI7, STM32WBA55UGI7TR, STM32WL5MOCH6, STM32WL5MOCH6TR]
2024-08-17 23:26:02,754 [INFO] DbMcus:218 - Found 4251 MCUs, 4251 are supported
2024-08-17 23:26:02,754 [INFO] ApiDb:423 - Load user favorites file C:\Users\lagoeirl/.stm32cubeide/favorites.mcus.txt: 0 item(s)
2024-08-17 23:26:02,754 [INFO] ApiDb:427 - User favorites MCUs=[]
2024-08-17 23:26:02,754 [INFO] DbMcus:224 - Set 0 / 0 favorites MCUs
2024-08-17 23:26:03,055 [INFO] ApiDb:423 - Load user favorites file C:\Users\lagoeirl/.stm32cubeide/favorites.boards.txt: 1 item(s)
2024-08-17 23:26:03,055 [INFO] ApiDb:427 - User favorites Boards=[NUCLEO-G070RB]
2024-08-17 23:26:03,055 [INFO] DbBoards:198 - Set 1 / 1 favorites Boards
2024-08-17 23:26:03,055 [INFO] McuFinderGlobals:76 - Set McuFinderConnectedMode to false
2024-08-17 23:26:03,064 [INFO] MultiScanPanel:200 - Auto-refresh data requested => check proxy status ongoing
2024-08-17 23:26:03,064 [INFO] MultiScanPanel:204 - Proxy status is invalid
2024-08-17 23:26:03,071 [INFO] FinderPluginLoader:95 - Searching for filters in installed packs
2024-08-17 23:26:04,358 [INFO] DetailPanel:341 - Set advertising image to C:/Users/lagoeirl/STM32Cube/Repository/\en.prom-stm32h7rs-mcu-finder.jpg
2024-08-17 23:26:08,973 [INFO] McuFinderGlobals:76 - Set McuFinderConnectedMode to true
2024-08-17 23:26:09,065 [INFO] ApiDb:448 - Save user favorites file C:\Users\lagoeirl/.stm32cubeide/favorites.mcus.txt: 0 item(s)
2024-08-17 23:26:09,067 [INFO] ApiDb:452 - User favorites MCUs=[]
2024-08-17 23:26:16,984 [ERROR] LogOutputStream:75 - [STDERR_REDIRECT] 
