2024-08-16 09:56:38,008 [INFO] Activator:176 - 


2024-08-16 09:56:38,020 [INFO] Activator:177 - !SESSION log4j initialized
2024-08-16 09:56:42,991 [INFO] LogOutputStream:77 - [STDOUT_REDIRECT] 
2024-08-16 09:56:50,951 [ERROR] ConfigurationRetriever:142 - IOException on connection: Connect timed out
2024-08-16 09:56:52,954 [ERROR] ConfigurationRetriever:142 - IOException on connection: Connect timed out
2024-08-16 09:56:54,956 [ERROR] ConfigurationRetriever:142 - IOException on connection: Connect timed out
2024-08-16 09:57:09,375 [INFO] ApplicationProperties:184 - Using Application install path: C:\ST\STM32CubeIDE_1.15.1\STM32CubeIDE\plugins\com.st.stm32cube.common.mx_6.11.1.202404110753
2024-08-16 09:57:09,390 [INFO] DbMcusXml:78 - Set database path to: C:\ST\STM32CubeIDE_1.15.1\STM32CubeIDE\plugins\com.st.stm32cube.common.mx_6.11.1.202404110753\\db\/mcu/
2024-08-16 09:57:09,390 [INFO] ApiDb:274 - Set plugin database path to: C:\ST\STM32CubeIDE_1.15.1\STM32CubeIDE\plugins\com.st.stm32cube.common.mx_6.11.1.202404110753\\db\/plugins/boardmanager/
2024-08-16 09:57:09,391 [WARN] ApiDb:259 - Overriding images path with different value:  => C:\ST\STM32CubeIDE_1.15.1\STM32CubeIDE\plugins\com.st.stm32cube.common.mx_6.11.1.202404110753\\db\/plugins/mcufinder/images/
2024-08-16 09:57:09,400 [INFO] ApiDb:250 - Set database path to: C:\Users\lagoeirl\.stmcufinder\plugins\mcufinder//mcu/
2024-08-16 09:57:09,401 [INFO] DbMcusAds:125 - Set database path to: C:\Users\lagoeirl\.stmcufinder\plugins\mcufinder//mcu/
2024-08-16 09:57:09,682 [INFO] CrossReferenceDbSqlite:203 - Set database path to: C:\Users\lagoeirl\.stmcufinder\plugins\mcufinder//mcu/cs/
2024-08-16 09:57:09,774 [INFO] RulesReader:64 - Compatibility file has been processed (297 Rules)
2024-08-16 09:57:09,867 [INFO] DbMcusXml:78 - Set database path to: C:\ST\STM32CubeIDE_1.15.1\STM32CubeIDE\plugins\com.st.stm32cube.common.mx_6.11.1.202404110753\\db\/mcu/
2024-08-16 09:57:09,867 [INFO] ApiDb:274 - Set plugin database path to: C:\ST\STM32CubeIDE_1.15.1\STM32CubeIDE\plugins\com.st.stm32cube.common.mx_6.11.1.202404110753\\db\/plugins/boardmanager/
2024-08-16 09:57:09,867 [INFO] ApiDb:261 - Set plugin images path to: C:\ST\STM32CubeIDE_1.15.1\STM32CubeIDE\plugins\com.st.stm32cube.common.mx_6.11.1.202404110753\\db\/plugins/mcufinder/images/
2024-08-16 09:57:09,867 [WARN] DbFile:41 - Overriding database path with different value: C:\Users\lagoeirl\.stmcufinder\plugins\mcufinder/ => C:\Users\lagoeirl\.stmcufinder\plugins\mcufinder
2024-08-16 09:57:09,867 [INFO] ApiDb:250 - Set database path to: C:\Users\lagoeirl\.stmcufinder\plugins\mcufinder//mcu/
2024-08-16 09:57:09,867 [WARN] DbFile:41 - Overriding database path with different value: C:\Users\lagoeirl\.stmcufinder\plugins\mcufinder/ => C:\Users\lagoeirl\.stmcufinder\plugins\mcufinder
2024-08-16 09:57:09,867 [INFO] DbMcusAds:125 - Set database path to: C:\Users\lagoeirl\.stmcufinder\plugins\mcufinder//mcu/
2024-08-16 09:57:09,867 [WARN] DbFile:41 - Overriding database path with different value: C:\Users\lagoeirl\.stmcufinder\plugins\mcufinder/ => C:\Users\lagoeirl\.stmcufinder\plugins\mcufinder
2024-08-16 09:57:09,867 [WARN] DbFile:41 - Overriding database path with different value: C:\Users\lagoeirl\.stmcufinder\plugins\mcufinder/ => C:\Users\lagoeirl\.stmcufinder\plugins\mcufinder
2024-08-16 09:57:10,138 [INFO] CrossReferenceDbSqlite:203 - Set database path to: C:\Users\lagoeirl\.stmcufinder\plugins\mcufinder//mcu/cs/
2024-08-16 09:57:10,232 [INFO] MainPanel:264 - HeapMemory: 268435456
2024-08-16 09:57:10,330 [INFO] DbMcusXml:78 - Set database path to: C:\ST\STM32CubeIDE_1.15.1\STM32CubeIDE\plugins\com.st.stm32cube.common.mx_6.11.1.202404110753\\db\/mcu/
2024-08-16 09:57:10,330 [INFO] ApiDb:274 - Set plugin database path to: C:\ST\STM32CubeIDE_1.15.1\STM32CubeIDE\plugins\com.st.stm32cube.common.mx_6.11.1.202404110753\\db\/plugins/boardmanager/
2024-08-16 09:57:10,330 [INFO] ApiDb:261 - Set plugin images path to: C:\ST\STM32CubeIDE_1.15.1\STM32CubeIDE\plugins\com.st.stm32cube.common.mx_6.11.1.202404110753\\db\/plugins/mcufinder/images/
2024-08-16 09:57:10,331 [WARN] DbFile:41 - Overriding database path with different value: C:\Users\lagoeirl\.stmcufinder\plugins\mcufinder/ => C:\Users\lagoeirl\.stmcufinder\plugins\mcufinder
2024-08-16 09:57:10,331 [INFO] ApiDb:250 - Set database path to: C:\Users\lagoeirl\.stmcufinder\plugins\mcufinder//mcu/
2024-08-16 09:57:10,331 [WARN] DbFile:41 - Overriding database path with different value: C:\Users\lagoeirl\.stmcufinder\plugins\mcufinder/ => C:\Users\lagoeirl\.stmcufinder\plugins\mcufinder
2024-08-16 09:57:10,331 [INFO] DbMcusAds:125 - Set database path to: C:\Users\lagoeirl\.stmcufinder\plugins\mcufinder//mcu/
2024-08-16 09:57:10,331 [WARN] DbFile:41 - Overriding database path with different value: C:\Users\lagoeirl\.stmcufinder\plugins\mcufinder/ => C:\Users\lagoeirl\.stmcufinder\plugins\mcufinder
2024-08-16 09:57:10,331 [WARN] DbFile:41 - Overriding database path with different value: C:\Users\lagoeirl\.stmcufinder\plugins\mcufinder/ => C:\Users\lagoeirl\.stmcufinder\plugins\mcufinder
2024-08-16 09:57:10,621 [INFO] CrossReferenceDbSqlite:203 - Set database path to: C:\Users\lagoeirl\.stmcufinder\plugins\mcufinder//mcu/cs/
2024-08-16 09:57:10,647 [INFO] ApplicationProperties:184 - Using Application install path: C:\ST\STM32CubeIDE_1.15.1\STM32CubeIDE\plugins\com.st.stm32cube.common.mx_6.11.1.202404110753
2024-08-16 09:57:10,649 [INFO] PluginManage:196 - Search for loadable plugins [exclusion list=, ]
2024-08-16 09:57:10,651 [INFO] PluginManage:310 - Check plugin analytics
2024-08-16 09:57:16,175 [INFO] AnalyticsPlugin:253 - Accepted Software Licenses: STM32CubeMX.6.11.1
2024-08-16 09:57:16,175 [INFO] AnalyticsPlugin:255 - Accepted CMSIS Pack Licenses: 
2024-08-16 09:57:16,175 [INFO] AnalyticsPlugin:257 - Accepted Firmware Licenses: FW.H7.1.11.0,FW.L4.1.18.0
2024-08-16 09:57:16,178 [INFO] PluginManage:359 - Loaded plugin analytics (category:tool,tabindex:-1)
2024-08-16 09:57:16,179 [INFO] PluginManage:310 - Check plugin cadmodel
2024-08-16 09:57:16,185 [INFO] CADModel:105 - Init CAD model plugin
2024-08-16 09:57:16,185 [INFO] PluginManage:359 - Loaded plugin cadmodel (category:power,tabindex:5)
2024-08-16 09:57:16,185 [INFO] PluginManage:310 - Check plugin clock
2024-08-16 09:57:16,197 [INFO] PluginManage:359 - Loaded plugin clock (category:base,tabindex:2)
2024-08-16 09:57:16,198 [INFO] PluginManage:310 - Check plugin ddr
2024-08-16 09:57:16,200 [INFO] PluginManage:359 - Loaded plugin ddr (category:tool,tabindex:6)
2024-08-16 09:57:16,200 [INFO] PluginManage:310 - Check plugin filemanager
2024-08-16 09:57:16,327 [INFO] PluginManage:359 - Loaded plugin filemanager (category:base,tabindex:10)
2024-08-16 09:57:16,327 [INFO] PluginManage:310 - Check plugin ipmanager
2024-08-16 09:57:16,337 [INFO] PluginManage:359 - Loaded plugin ipmanager (category:base,tabindex:5)
2024-08-16 09:57:16,338 [INFO] PluginManage:310 - Check plugin lpbam
2024-08-16 09:57:16,345 [INFO] PluginManage:359 - Loaded plugin lpbam (category:base,tabindex:0)
2024-08-16 09:57:16,345 [INFO] PluginManage:310 - Check plugin memorymap
2024-08-16 09:57:16,360 [INFO] PluginManage:359 - Loaded plugin memorymap (category:base,tabindex:4)
2024-08-16 09:57:16,360 [INFO] PluginManage:310 - Check plugin pinoutandconfiguration
2024-08-16 09:57:16,366 [INFO] PluginManage:359 - Loaded plugin pinoutandconfiguration (category:base,tabindex:1)
2024-08-16 09:57:16,366 [INFO] PluginManage:310 - Check plugin pinoutconfig
2024-08-16 09:57:16,437 [WARN] SupportedApi:132 - Cannot load RTOS API schema: s4s-elt-must-match.1: The content of 'definitions' must match (annotation?, (simpleType | complexType)?, (unique | key | keyref)*)). A problem was found starting at: attribute.
2024-08-16 09:57:16,557 [INFO] PluginManage:359 - Loaded plugin pinoutconfig (category:base,tabindex:0)
2024-08-16 09:57:16,557 [INFO] PluginManage:310 - Check plugin power
2024-08-16 09:57:16,567 [INFO] PluginManage:359 - Loaded plugin power (category:power,tabindex:4)
2024-08-16 09:57:16,568 [INFO] PluginManage:310 - Check plugin projectmanager
2024-08-16 09:57:16,583 [INFO] PluginManage:359 - Loaded plugin projectmanager (category:projectmanager,tabindex:3)
2024-08-16 09:57:16,583 [INFO] PluginManage:310 - Check plugin thirdparty
2024-08-16 09:57:16,718 [INFO] PluginManage:359 - Loaded plugin thirdparty (category:base,tabindex:-1)
2024-08-16 09:57:16,718 [WARN] IntegrityCheckThread:84 - waiting for thirdparty lock release [integrity check]
2024-08-16 09:57:16,718 [INFO] PluginManage:310 - Check plugin tools
2024-08-16 09:57:16,718 [INFO] IntegrityCheckThread:86 - entering critical section [integrity check]
2024-08-16 09:57:16,718 [INFO] ThirdPartyUpdaterWithRetryManager:70 - Updater plugin not ready yet. [1/15]
2024-08-16 09:57:16,720 [INFO] PluginManage:359 - Loaded plugin tools (category:base,tabindex:7)
2024-08-16 09:57:16,721 [INFO] PluginManage:310 - Check plugin tutovideos
2024-08-16 09:57:16,871 [INFO] PluginManage:359 - Loaded plugin tutovideos (category:base,tabindex:-1)
2024-08-16 09:57:16,871 [INFO] PluginManage:310 - Check plugin updater
2024-08-16 09:57:16,882 [INFO] PluginManage:359 - Loaded plugin updater (category:base,tabindex:12)
2024-08-16 09:57:16,882 [INFO] PluginManage:310 - Check plugin userauth
2024-08-16 09:57:16,888 [INFO] UserAuth:114 - Init User Auth plugin
2024-08-16 09:57:16,888 [INFO] PluginManage:359 - Loaded plugin userauth (category:base,tabindex:14)
2024-08-16 09:57:16,888 [INFO] PluginManage:283 - PluginManage : Loaded plugins [17]
2024-08-16 09:57:17,137 [INFO] PinOutPanel:1561 - setPackage(No Configuration,No Configuration)
2024-08-16 09:57:17,232 [INFO] CADModel:165 - CPN selected for project level
2024-08-16 09:57:17,232 [INFO] CADModel:114 - Register for checkConnection events
2024-08-16 09:57:17,248 [INFO] IPUIPlugin:80 - create IPUIPlugin
2024-08-16 09:57:17,248 [INFO] PluginManager:220 - loadIPPluginJar : add adc
2024-08-16 09:57:17,251 [INFO] IPUIPlugin:80 - create IPUIPlugin
2024-08-16 09:57:17,251 [INFO] PluginManager:220 - loadIPPluginJar : add aes
2024-08-16 09:57:17,254 [INFO] IPUIPlugin:80 - create IPUIPlugin
2024-08-16 09:57:17,254 [INFO] PluginManager:220 - loadIPPluginJar : add can
2024-08-16 09:57:17,257 [INFO] IPUIPlugin:80 - create IPUIPlugin
2024-08-16 09:57:17,257 [INFO] PluginManager:220 - loadIPPluginJar : add comp
2024-08-16 09:57:17,260 [INFO] IPUIPlugin:80 - create IPUIPlugin
2024-08-16 09:57:17,260 [INFO] PluginManager:220 - loadIPPluginJar : add cryp
2024-08-16 09:57:17,262 [INFO] IPUIPlugin:80 - create IPUIPlugin
2024-08-16 09:57:17,262 [INFO] PluginManager:220 - loadIPPluginJar : add dfsdm
2024-08-16 09:57:17,267 [INFO] IPUIPlugin:80 - create IPUIPlugin
2024-08-16 09:57:17,267 [INFO] PluginManager:220 - loadIPPluginJar : add dma
2024-08-16 09:57:17,270 [INFO] IPUIPlugin:80 - create IPUIPlugin
2024-08-16 09:57:17,270 [INFO] PluginManager:220 - loadIPPluginJar : add dma3
2024-08-16 09:57:17,272 [INFO] IPUIPlugin:80 - create IPUIPlugin
2024-08-16 09:57:17,272 [INFO] PluginManager:220 - loadIPPluginJar : add extmemmanager
2024-08-16 09:57:17,274 [INFO] IPUIPlugin:80 - create IPUIPlugin
2024-08-16 09:57:17,275 [INFO] PluginManager:220 - loadIPPluginJar : add fatfs
2024-08-16 09:57:17,279 [INFO] IPUIPlugin:80 - create IPUIPlugin
2024-08-16 09:57:17,279 [INFO] PluginManager:220 - loadIPPluginJar : add fmc
2024-08-16 09:57:17,284 [INFO] IPUIPlugin:80 - create IPUIPlugin
2024-08-16 09:57:17,284 [INFO] PluginManager:220 - loadIPPluginJar : add freertos
2024-08-16 09:57:17,286 [INFO] IPUIPlugin:80 - create IPUIPlugin
2024-08-16 09:57:17,287 [INFO] PluginManager:220 - loadIPPluginJar : add genericplugin
2024-08-16 09:57:17,290 [INFO] IPUIPlugin:80 - create IPUIPlugin
2024-08-16 09:57:17,290 [INFO] PluginManager:220 - loadIPPluginJar : add gfxmmu
2024-08-16 09:57:17,294 [INFO] IPUIPlugin:80 - create IPUIPlugin
2024-08-16 09:57:17,294 [INFO] PluginManager:220 - loadIPPluginJar : add gic
2024-08-16 09:57:17,298 [INFO] IPUIPlugin:80 - create IPUIPlugin
2024-08-16 09:57:17,299 [INFO] PluginManager:220 - loadIPPluginJar : add gpio
2024-08-16 09:57:17,302 [INFO] IPUIPlugin:80 - create IPUIPlugin
2024-08-16 09:57:17,302 [INFO] PluginManager:220 - loadIPPluginJar : add gtzc
2024-08-16 09:57:17,304 [INFO] IPUIPlugin:80 - create IPUIPlugin
2024-08-16 09:57:17,304 [INFO] PluginManager:220 - loadIPPluginJar : add hash
2024-08-16 09:57:17,307 [INFO] IPUIPlugin:80 - create IPUIPlugin
2024-08-16 09:57:17,307 [INFO] PluginManager:220 - loadIPPluginJar : add i2c
2024-08-16 09:57:17,311 [INFO] IPUIPlugin:80 - create IPUIPlugin
2024-08-16 09:57:17,312 [INFO] PluginManager:220 - loadIPPluginJar : add i2s
2024-08-16 09:57:17,314 [INFO] IPUIPlugin:80 - create IPUIPlugin
2024-08-16 09:57:17,315 [INFO] PluginManager:220 - loadIPPluginJar : add i3c
2024-08-16 09:57:17,318 [INFO] IPUIPlugin:80 - create IPUIPlugin
2024-08-16 09:57:17,318 [INFO] PluginManager:220 - loadIPPluginJar : add ipddr
2024-08-16 09:57:17,325 [INFO] IPUIPlugin:80 - create IPUIPlugin
2024-08-16 09:57:17,325 [INFO] PluginManager:220 - loadIPPluginJar : add linkedlist
2024-08-16 09:57:17,328 [INFO] IPUIPlugin:80 - create IPUIPlugin
2024-08-16 09:57:17,328 [INFO] PluginManager:220 - loadIPPluginJar : add lorawan
2024-08-16 09:57:17,329 [INFO] IPUIPlugin:80 - create IPUIPlugin
2024-08-16 09:57:17,329 [INFO] PluginManager:220 - loadIPPluginJar : add ltdc
2024-08-16 09:57:17,334 [INFO] IPUIPlugin:80 - create IPUIPlugin
2024-08-16 09:57:17,334 [INFO] PluginManager:220 - loadIPPluginJar : add mdma
2024-08-16 09:57:17,338 [INFO] IPUIPlugin:80 - create IPUIPlugin
2024-08-16 09:57:17,339 [INFO] PluginManager:220 - loadIPPluginJar : add nvic
2024-08-16 09:57:17,341 [INFO] IPUIPlugin:80 - create IPUIPlugin
2024-08-16 09:57:17,341 [INFO] PluginManager:220 - loadIPPluginJar : add opamp
2024-08-16 09:57:17,344 [INFO] IPUIPlugin:80 - create IPUIPlugin
2024-08-16 09:57:17,344 [INFO] PluginManager:220 - loadIPPluginJar : add openamp
2024-08-16 09:57:17,346 [INFO] IPUIPlugin:80 - create IPUIPlugin
2024-08-16 09:57:17,346 [INFO] PluginManager:220 - loadIPPluginJar : add pdm2pcm
2024-08-16 09:57:17,351 [INFO] IPUIPlugin:80 - create IPUIPlugin
2024-08-16 09:57:17,353 [INFO] PluginManager:220 - loadIPPluginJar : add plateformsettings
2024-08-16 09:57:17,355 [INFO] IPUIPlugin:80 - create IPUIPlugin
2024-08-16 09:57:17,355 [INFO] PluginManager:220 - loadIPPluginJar : add quadspi
2024-08-16 09:57:17,359 [INFO] IPUIPlugin:80 - create IPUIPlugin
2024-08-16 09:57:17,359 [INFO] PluginManager:220 - loadIPPluginJar : add resmgrutility
2024-08-16 09:57:17,362 [INFO] IPUIPlugin:80 - create IPUIPlugin
2024-08-16 09:57:17,362 [INFO] PluginManager:220 - loadIPPluginJar : add sai
2024-08-16 09:57:17,365 [INFO] IPUIPlugin:80 - create IPUIPlugin
2024-08-16 09:57:17,365 [INFO] PluginManager:220 - loadIPPluginJar : add spi
2024-08-16 09:57:17,370 [INFO] IPUIPlugin:80 - create IPUIPlugin
2024-08-16 09:57:17,370 [INFO] PluginManager:220 - loadIPPluginJar : add stm32_wpan
2024-08-16 09:57:17,372 [INFO] IPUIPlugin:80 - create IPUIPlugin
2024-08-16 09:57:17,372 [INFO] PluginManager:220 - loadIPPluginJar : add tim
2024-08-16 09:57:17,375 [INFO] IPUIPlugin:80 - create IPUIPlugin
2024-08-16 09:57:17,375 [INFO] PluginManager:220 - loadIPPluginJar : add touchsensing
2024-08-16 09:57:17,378 [INFO] IPUIPlugin:80 - create IPUIPlugin
2024-08-16 09:57:17,378 [INFO] PluginManager:220 - loadIPPluginJar : add tracer_emb
2024-08-16 09:57:17,380 [INFO] IPUIPlugin:80 - create IPUIPlugin
2024-08-16 09:57:17,380 [INFO] PluginManager:220 - loadIPPluginJar : add ts
2024-08-16 09:57:17,381 [INFO] IPUIPlugin:80 - create IPUIPlugin
2024-08-16 09:57:17,381 [INFO] PluginManager:220 - loadIPPluginJar : add tsc
2024-08-16 09:57:17,384 [INFO] IPUIPlugin:80 - create IPUIPlugin
2024-08-16 09:57:17,384 [INFO] PluginManager:220 - loadIPPluginJar : add ucpd
2024-08-16 09:57:17,387 [INFO] IPUIPlugin:80 - create IPUIPlugin
2024-08-16 09:57:17,387 [INFO] PluginManager:220 - loadIPPluginJar : add usart
2024-08-16 09:57:17,391 [INFO] IPUIPlugin:80 - create IPUIPlugin
2024-08-16 09:57:17,391 [INFO] PluginManager:220 - loadIPPluginJar : add usbx
2024-08-16 09:57:17,517 [INFO] CADModel:165 - CPN selected for project level
2024-08-16 09:57:17,517 [INFO] CADModel:114 - Register for checkConnection events
2024-08-16 09:57:17,518 [FATAL] Updater:308 - Updater called before beeing initialized
2024-08-16 09:57:17,518 [ERROR] CADModel:125 - Updater not yet initialized, retry later 
2024-08-16 09:57:17,650 [INFO] CADModel:165 - CPN selected for project level
2024-08-16 09:57:17,650 [INFO] CADModel:114 - Register for checkConnection events
2024-08-16 09:57:17,650 [FATAL] Updater:308 - Updater called before beeing initialized
2024-08-16 09:57:17,650 [ERROR] CADModel:125 - Updater not yet initialized, retry later 
2024-08-16 09:57:17,653 [FATAL] Updater:308 - Updater called before beeing initialized
2024-08-16 09:57:17,757 [FATAL] Updater:308 - Updater called before beeing initialized
2024-08-16 09:57:17,761 [INFO] DbMcusAds:53 - JSON generation date=Thu May 16 06:22:00 BRT 2024 (1715851320667)
2024-08-16 09:57:17,762 [FATAL] Updater:308 - Updater called before beeing initialized
2024-08-16 09:57:17,803 [WARN] DetailPanel:346 - Failed to get advertising image, set to default
2024-08-16 09:57:17,883 [FATAL] Updater:308 - Updater called before beeing initialized
2024-08-16 09:57:17,885 [FATAL] Updater:308 - Updater called before beeing initialized
2024-08-16 09:57:17,885 [FATAL] Updater:308 - Updater called before beeing initialized
2024-08-16 09:57:17,885 [WARN] DetailPanel:346 - Failed to get advertising image, set to default
2024-08-16 09:57:17,886 [FATAL] Updater:308 - Updater called before beeing initialized
2024-08-16 09:57:17,929 [ERROR] Updater:1120 - MainUpdater not yet initialized. External WinMGr cannot be set.
2024-08-16 09:57:17,933 [INFO] Updater:1056 - Updater Version found : 6.11.1
2024-08-16 09:57:17,950 [INFO] ApplicationProperties:184 - Using Application install path: C:\ST\STM32CubeIDE_1.15.1\STM32CubeIDE\plugins\com.st.stm32cube.common.mx_6.11.1.202404110753
2024-08-16 09:57:19,540 [ERROR] LogOutputStream:75 - [STDERR_REDIRECT] Aug 16, 2024 9:57:19 AM java.util.prefs.WindowsPreferences <init>
2024-08-16 09:57:19,542 [ERROR] LogOutputStream:75 - [STDERR_REDIRECT] WARNING: Could not open/create prefs root node Software\JavaSoft\Prefs at root 0xffffffff80000002. Windows RegCreateKeyEx(...) returned error code 5.
2024-08-16 09:57:19,542 [ERROR] LogOutputStream:75 - [STDERR_REDIRECT] 
2024-08-16 09:57:19,579 [INFO] MainUpdater:526 - Copy updater definitions from MX database
2024-08-16 09:57:19,719 [INFO] ThirdPartyUpdaterWithRetryManager:70 - Updater plugin not ready yet. [2/15]
2024-08-16 09:57:19,873 [ERROR] ConfigurationRetriever:142 - IOException on connection: Connect timed out
2024-08-16 09:57:21,179 [ERROR] ConfigurationRetriever:142 - IOException on connection: Connect timed out
2024-08-16 09:57:22,687 [INFO] MainUpdater:2873 - connection check result : 10
2024-08-16 09:57:22,687 [INFO] MainUpdater:3567 - Updater definition file requires update
2024-08-16 09:57:22,689 [INFO] MainUpdater:290 - Updater Check For Update Now.
2024-08-16 09:57:22,689 [INFO] MicroXplorer:498 - Change Database Version : DB.6.0.111
2024-08-16 09:57:22,709 [INFO] McuFinderGlobals:63 - Set McuFinder mode to 2 (CubeIDE integrated)
2024-08-16 09:57:22,714 [INFO] UserAuth:415 - Internet connection configuration mode: 1
2024-08-16 09:57:22,720 [WARN] MainUpdater:1194 - Updater busy. Cannot search thirdparties
2024-08-16 09:57:22,720 [INFO] ThirdPartyUpdaterWithRetryManager:96 - Updater plugin is busy. [1/15]
2024-08-16 09:57:22,730 [INFO] JxBrowserEngine:152 - Initiate JxBrowser Engine with user profile folder
2024-08-16 09:57:23,852 [INFO] WebApp:161 - Instantiating new browser for Auth
2024-08-16 09:57:25,366 [INFO] ServerAccessManage:473 - Download File updaters.zip
2024-08-16 09:57:25,472 [INFO] WebApp:779 - Register for checkConnection events
2024-08-16 09:57:25,472 [INFO] WebApp:414 - Apply proxy settings
2024-08-16 09:57:25,473 [INFO] WebApp:459 - Chromium authenticates against Manually configured proxy
2024-08-16 09:57:25,480 [INFO] WebApp:467 - Username used for proxy authentication: lagoeirl
2024-08-16 09:57:25,643 [INFO] WebApp:192 - Starting web application
2024-08-16 09:57:25,644 [INFO] WebApp:544 - Web application path used C:\ST\STM32CubeIDE_1.15.1\STM32CubeIDE\plugins\com.st.stm32cube.common.mx_6.11.1.202404110753\db\plugins\mcufinder\reactClient1\index.html
2024-08-16 09:57:25,721 [WARN] MainUpdater:1194 - Updater busy. Cannot search thirdparties
2024-08-16 09:57:25,721 [INFO] ThirdPartyUpdaterWithRetryManager:96 - Updater plugin is busy. [2/15]
2024-08-16 09:57:28,105 [INFO] FileExtend:240 - Unzip File : updaters.zip
2024-08-16 09:57:28,105 [INFO] FileExtend:255 - Standard Zip Deflate
2024-08-16 09:57:28,724 [WARN] MainUpdater:1194 - Updater busy. Cannot search thirdparties
2024-08-16 09:57:28,725 [INFO] ThirdPartyUpdaterWithRetryManager:96 - Updater plugin is busy. [3/15]
2024-08-16 09:57:29,051 [INFO] ServerAccessManage:473 - Download File PacksControlFlags.xml
2024-08-16 09:57:30,448 [ERROR] ConfigurationRetriever:142 - IOException on connection: Unable to tunnel through proxy. Proxy returns "HTTP/1.1 503 Service Unavailable"
2024-08-16 09:57:31,039 [ERROR] ConfigurationRetriever:142 - IOException on connection: Unable to tunnel through proxy. Proxy returns "HTTP/1.1 503 Service Unavailable"
2024-08-16 09:57:31,594 [INFO] ServerAccessManage:473 - Download File cubemx.pidx
2024-08-16 09:57:31,708 [INFO] LoadServerUpdatesThread:375 - End of LoadServerUpdate Thread
2024-08-16 09:57:31,725 [WARN] MainUpdater:1194 - Updater busy. Cannot search thirdparties
2024-08-16 09:57:31,725 [INFO] ThirdPartyUpdaterWithRetryManager:96 - Updater plugin is busy. [4/15]
2024-08-16 09:57:31,945 [INFO] CheckServerUpdateThread:120 - End of CheckServer Thread
2024-08-16 09:57:35,017 [WARN] PackLoader:240 - Cannot read IP mode file for STMicroelectronics.X-CUBE-SMBUS.2.1.0
2024-08-16 09:57:35,050 [WARN] PackLoader:240 - Cannot read IP mode file for STMicroelectronics.X-CUBE-AZRTOS-F7.1.1.0
2024-08-16 09:57:35,062 [WARN] PackLoader:240 - Cannot read IP mode file for STMicroelectronics.FP-SNS-FLIGHT1.5.0.2
2024-08-16 09:57:35,072 [WARN] PackLoader:240 - Cannot read IP mode file for STMicroelectronics.X-CUBE-DISPLAY.3.0.0
2024-08-16 09:57:35,090 [WARN] PackLoader:240 - Cannot read IP mode file for STMicroelectronics.X-CUBE-BLE1.7.0.0
2024-08-16 09:57:35,100 [WARN] PackLoader:240 - Cannot read IP mode file for emotas.I-CUBE-CANOPEN.1.3.0
2024-08-16 09:57:35,114 [WARN] PackLoader:240 - Cannot read IP mode file for STMicroelectronics.X-CUBE-BLEMGR.3.1.0
2024-08-16 09:57:35,122 [WARN] PackLoader:240 - Cannot read IP mode file for STMicroelectronics.FP-SNS-SMARTAG2.1.2.0
2024-08-16 09:57:35,133 [INFO] LogOutputStream:77 - [STDOUT_REDIRECT] 1 : Invalid condition id : UX_CORESTACK_Condition cause : null
2024-08-16 09:57:35,134 [INFO] LogOutputStream:77 - [STDOUT_REDIRECT] 1 : Invalid condition id : UX_CORESTACK_Condition cause : null
2024-08-16 09:57:35,134 [INFO] LogOutputStream:77 - [STDOUT_REDIRECT] 1 : Invalid condition id : UX_CORESTACK_Condition cause : null
2024-08-16 09:57:35,135 [INFO] LogOutputStream:77 - [STDOUT_REDIRECT] 1 : Invalid condition id : UX_CORESTACK_Condition cause : null
2024-08-16 09:57:35,136 [INFO] LogOutputStream:77 - [STDOUT_REDIRECT] 1 : Invalid condition id : UX_CORESTACK_Condition cause : null
2024-08-16 09:57:35,141 [WARN] PackLoader:240 - Cannot read IP mode file for STMicroelectronics.X-CUBE-AZRTOS-WL.2.0.0
2024-08-16 09:57:35,150 [WARN] PackLoader:240 - Cannot read IP mode file for wolfSSL.I-CUBE-wolfMQTT.1.19.0
2024-08-16 09:57:35,162 [WARN] PackLoader:240 - Cannot read IP mode file for WES.I-CUBE-Cesium.1.3.0
2024-08-16 09:57:35,170 [WARN] PackLoader:240 - Cannot read IP mode file for STMicroelectronics.X-CUBE-BLE2.3.3.0
2024-08-16 09:57:35,190 [WARN] PackLoader:240 - Cannot read IP mode file for STMicroelectronics.X-CUBE-AZRTOS-G0.1.1.0
2024-08-16 09:57:35,200 [WARN] PackLoader:240 - Cannot read IP mode file for STMicroelectronics.X-CUBE-NFC4.3.0.0
2024-08-16 09:57:35,211 [WARN] PackLoader:240 - Cannot read IP mode file for EmbeddedOffice.I-CUBE-FS-RTOS.1.0.1
2024-08-16 09:57:35,214 [ERROR] ConditionMgr:805 - Attr not supported : Dmpu
2024-08-16 09:57:35,214 [ERROR] ConditionMgr:805 - Attr not supported : Dmpu
2024-08-16 09:57:35,214 [ERROR] ConditionMgr:805 - Attr not supported : Dmpu
2024-08-16 09:57:35,214 [ERROR] ConditionMgr:805 - Attr not supported : Dmpu
2024-08-16 09:57:35,214 [ERROR] ConditionMgr:805 - Attr not supported : Dmpu
2024-08-16 09:57:35,214 [ERROR] ConditionMgr:805 - Attr not supported : Dmpu
2024-08-16 09:57:35,214 [ERROR] ConditionMgr:805 - Attr not supported : Dmpu
2024-08-16 09:57:35,214 [ERROR] ConditionMgr:805 - Attr not supported : Dmpu
2024-08-16 09:57:35,214 [ERROR] ConditionMgr:805 - Attr not supported : Dmpu
2024-08-16 09:57:35,214 [ERROR] ConditionMgr:805 - Attr not supported : Dmpu
2024-08-16 09:57:35,214 [ERROR] ConditionMgr:805 - Attr not supported : Dmpu
2024-08-16 09:57:35,214 [ERROR] ConditionMgr:805 - Attr not supported : Dmpu
2024-08-16 09:57:35,214 [ERROR] ConditionMgr:805 - Attr not supported : Dmpu
2024-08-16 09:57:35,214 [ERROR] ConditionMgr:805 - Attr not supported : Dmpu
2024-08-16 09:57:35,214 [ERROR] ConditionMgr:805 - Attr not supported : Dmpu
2024-08-16 09:57:35,215 [ERROR] ConditionMgr:805 - Attr not supported : Dmpu
2024-08-16 09:57:35,215 [ERROR] ConditionMgr:805 - Attr not supported : Dmpu
2024-08-16 09:57:35,215 [ERROR] ConditionMgr:805 - Attr not supported : Dmpu
2024-08-16 09:57:35,215 [ERROR] ConditionMgr:805 - Attr not supported : Dmpu
2024-08-16 09:57:35,215 [ERROR] ConditionMgr:805 - Attr not supported : Dmpu
2024-08-16 09:57:35,215 [ERROR] ConditionMgr:805 - Attr not supported : Dmpu
2024-08-16 09:57:35,215 [ERROR] ConditionMgr:805 - Attr not supported : Dmpu
2024-08-16 09:57:35,215 [ERROR] ConditionMgr:805 - Attr not supported : Dmpu
2024-08-16 09:57:35,215 [ERROR] ConditionMgr:805 - Attr not supported : Dmpu
2024-08-16 09:57:35,215 [ERROR] ConditionMgr:805 - Attr not supported : Dmpu
2024-08-16 09:57:35,215 [ERROR] ConditionMgr:805 - Attr not supported : Dmpu
2024-08-16 09:57:35,215 [ERROR] ConditionMgr:805 - Attr not supported : Dmpu
2024-08-16 09:57:35,215 [ERROR] ConditionMgr:805 - Attr not supported : Dmpu
2024-08-16 09:57:35,215 [ERROR] ConditionMgr:805 - Attr not supported : Dmpu
2024-08-16 09:57:35,215 [ERROR] ConditionMgr:805 - Attr not supported : Dmpu
2024-08-16 09:57:35,215 [ERROR] ConditionMgr:805 - Attr not supported : Dmpu
2024-08-16 09:57:35,215 [ERROR] ConditionMgr:805 - Attr not supported : Dmpu
2024-08-16 09:57:35,215 [ERROR] ConditionMgr:805 - Attr not supported : Dmpu
2024-08-16 09:57:35,215 [ERROR] ConditionMgr:805 - Attr not supported : Dmpu
2024-08-16 09:57:35,215 [ERROR] ConditionMgr:805 - Attr not supported : Dmpu
2024-08-16 09:57:35,215 [ERROR] ConditionMgr:805 - Attr not supported : Dmpu
2024-08-16 09:57:35,215 [ERROR] ConditionMgr:805 - Attr not supported : Dmpu
2024-08-16 09:57:35,216 [ERROR] ConditionMgr:805 - Attr not supported : Dmpu
2024-08-16 09:57:35,216 [ERROR] ConditionMgr:805 - Attr not supported : Dmpu
2024-08-16 09:57:35,216 [ERROR] ConditionMgr:805 - Attr not supported : Dmpu
2024-08-16 09:57:35,216 [ERROR] ConditionMgr:805 - Attr not supported : Dmpu
2024-08-16 09:57:35,216 [ERROR] ConditionMgr:805 - Attr not supported : Dmpu
2024-08-16 09:57:35,216 [ERROR] ConditionMgr:805 - Attr not supported : Dmpu
2024-08-16 09:57:35,216 [ERROR] ConditionMgr:805 - Attr not supported : Dmpu
2024-08-16 09:57:35,216 [ERROR] ConditionMgr:805 - Attr not supported : Dmpu
2024-08-16 09:57:35,216 [ERROR] ConditionMgr:805 - Attr not supported : Dmpu
2024-08-16 09:57:35,216 [ERROR] ConditionMgr:805 - Attr not supported : Dmpu
2024-08-16 09:57:35,216 [ERROR] ConditionMgr:805 - Attr not supported : Dmpu
2024-08-16 09:57:35,217 [ERROR] ConditionMgr:805 - Attr not supported : Dmpu
2024-08-16 09:57:35,217 [ERROR] ConditionMgr:805 - Attr not supported : Dmpu
2024-08-16 09:57:35,217 [ERROR] ConditionMgr:805 - Attr not supported : Dmpu
2024-08-16 09:57:35,217 [ERROR] ConditionMgr:805 - Attr not supported : Dmpu
2024-08-16 09:57:35,217 [ERROR] ConditionMgr:805 - Attr not supported : Dmpu
2024-08-16 09:57:35,217 [ERROR] ConditionMgr:805 - Attr not supported : Dmpu
2024-08-16 09:57:35,217 [ERROR] ConditionMgr:805 - Attr not supported : Dmpu
2024-08-16 09:57:35,217 [ERROR] ConditionMgr:805 - Attr not supported : Dmpu
2024-08-16 09:57:35,217 [ERROR] ConditionMgr:805 - Attr not supported : Dmpu
2024-08-16 09:57:35,217 [ERROR] ConditionMgr:805 - Attr not supported : Dmpu
2024-08-16 09:57:35,217 [ERROR] ConditionMgr:805 - Attr not supported : Dmpu
2024-08-16 09:57:35,218 [ERROR] ConditionMgr:805 - Attr not supported : Dmpu
2024-08-16 09:57:35,218 [ERROR] ConditionMgr:805 - Attr not supported : Dmpu
2024-08-16 09:57:35,218 [ERROR] ConditionMgr:805 - Attr not supported : Dmpu
2024-08-16 09:57:35,218 [ERROR] ConditionMgr:805 - Attr not supported : Dmpu
2024-08-16 09:57:35,218 [ERROR] ConditionMgr:805 - Attr not supported : Dmpu
2024-08-16 09:57:35,225 [WARN] PackLoader:240 - Cannot read IP mode file for RealThread.X-CUBE-RT-Thread_Nano.4.1.1
2024-08-16 09:57:35,232 [WARN] PackLoader:240 - Cannot read IP mode file for STMicroelectronics.FP-ATR-SIGFOX1.3.2.0
2024-08-16 09:57:35,240 [WARN] PackLoader:240 - Cannot read IP mode file for STMicroelectronics.X-CUBE-EEPRMA1.5.1.0
2024-08-16 09:57:35,250 [WARN] PackLoader:240 - Cannot read IP mode file for ITTIA_DB.I-CUBE-ITTIADB.8.9.0
2024-08-16 09:57:35,275 [WARN] PackLoader:240 - Cannot read IP mode file for SEGGER.I-CUBE-embOS.1.3.1
2024-08-16 09:57:35,308 [WARN] PackLoader:240 - Cannot read IP mode file for STMicroelectronics.X-CUBE-GNSS1.6.0.0
2024-08-16 09:57:35,324 [WARN] PackLoader:240 - Cannot read IP mode file for STMicroelectronics.X-CUBE-AZRTOS-F4.1.1.0
2024-08-16 09:57:35,343 [WARN] PackLoader:240 - Cannot read IP mode file for STMicroelectronics.X-CUBE-AZRTOS-L5.2.0.0
2024-08-16 09:57:35,353 [WARN] PackLoader:240 - Cannot read IP mode file for STMicroelectronics.X-CUBE-AI.9.0.0
2024-08-16 09:57:35,359 [WARN] PackLoader:240 - Cannot read IP mode file for STMicroelectronics.X-CUBE-NFC7.1.0.1
2024-08-16 09:57:35,365 [WARN] PackLoader:240 - Cannot read IP mode file for wolfSSL.I-CUBE-wolfTPM.3.2.0
2024-08-16 09:57:35,381 [WARN] ConditionMgr:438 - getConditionDescription Invalid condition id : LAN8742 Phy interface Condition cause : null
2024-08-16 09:57:35,382 [WARN] PackLoader:240 - Cannot read IP mode file for STMicroelectronics.X-CUBE-AZRTOS-L4.2.0.0
2024-08-16 09:57:35,383 [WARN] ConditionMgr:1039 - genDependencies : Invalid condition id : LAN8742 Phy interface Condition cause : null
2024-08-16 09:57:35,384 [WARN] ConditionMgr:1039 - genDependencies : Invalid condition id : LAN8742 Phy interface Condition cause : null
2024-08-16 09:57:35,384 [WARN] ConditionMgr:1039 - genDependencies : Invalid condition id : LAN8742 Phy interface Condition cause : null
2024-08-16 09:57:35,392 [WARN] PackLoader:240 - Cannot read IP mode file for STMicroelectronics.X-CUBE-SFXS2LP1.4.0.0
2024-08-16 09:57:35,415 [WARN] PackLoader:240 - Cannot read IP mode file for STMicroelectronics.X-CUBE-AZRTOS-H7.3.3.0
2024-08-16 09:57:35,427 [WARN] ConditionMgr:438 - getConditionDescription Invalid condition id : UX DEVICE CLASS RTOS Condition cause : null
2024-08-16 09:57:35,428 [WARN] ConditionMgr:438 - getConditionDescription Invalid condition id : UX DEVICE CLASS RTOS Condition cause : null
2024-08-16 09:57:35,435 [WARN] PackLoader:240 - Cannot read IP mode file for STMicroelectronics.X-CUBE-AZRTOS-WB.2.0.0
2024-08-16 09:57:35,436 [WARN] ConditionMgr:1039 - genDependencies : Invalid condition id : UX DEVICE CLASS RTOS Condition cause : null
2024-08-16 09:57:35,436 [WARN] ConditionMgr:1039 - genDependencies : Invalid condition id : UX DEVICE CLASS RTOS Condition cause : null
2024-08-16 09:57:35,437 [WARN] ConditionMgr:1039 - genDependencies : Invalid condition id : UX DEVICE CLASS RTOS Condition cause : null
2024-08-16 09:57:35,438 [WARN] ConditionMgr:1039 - genDependencies : Invalid condition id : UX DEVICE CLASS RTOS Condition cause : null
2024-08-16 09:57:35,438 [WARN] ConditionMgr:1039 - genDependencies : Invalid condition id : UX DEVICE CLASS RTOS Condition cause : null
2024-08-16 09:57:35,450 [WARN] PackLoader:240 - Cannot read IP mode file for STMicroelectronics.X-CUBE-SUBG2.5.0.0
2024-08-16 09:57:35,464 [WARN] PackLoader:240 - Cannot read IP mode file for Cesanta.I-CUBE-Mongoose.7.13.0
2024-08-16 09:57:35,483 [WARN] PackLoader:240 - Cannot read IP mode file for STMicroelectronics.X-CUBE-AZRTOS-G4.2.0.0
2024-08-16 09:57:35,489 [WARN] PackLoader:240 - Cannot read IP mode file for STMicroelectronics.X-CUBE-ISPU.2.0.0
2024-08-16 09:57:35,521 [WARN] PackLoader:240 - Cannot read IP mode file for STMicroelectronics.X-CUBE-MEMS1.10.0.0
2024-08-16 09:57:35,633 [WARN] PackLoader:240 - Cannot read IP mode file for portGmbH.I-Cube-SoM-uGOAL.1.1.0
2024-08-16 09:57:35,640 [WARN] PackLoader:240 - Cannot read IP mode file for STMicroelectronics.FP-ATR-ASTRA1.2.0.0
2024-08-16 09:57:35,660 [WARN] PackLoader:240 - Cannot read IP mode file for Infineon.AIROC-Wi-Fi-Bluetooth-STM32.1.6.1
2024-08-16 09:57:35,677 [WARN] PackLoader:240 - Cannot read IP mode file for STMicroelectronics.X-CUBE-AZRTOS-H7.3.2.0
2024-08-16 09:57:35,685 [WARN] PackLoader:240 - Cannot read IP mode file for wolfSSL.I-CUBE-wolfSSH.1.4.17
2024-08-16 09:57:35,688 [INFO] ThirdParty:978 - Integrity check success = true
2024-08-16 09:57:35,688 [INFO] IntegrityCheckThread:100 - exiting critical section [integrity check]
2024-08-16 09:57:35,688 [INFO] IntegrityCheckThread:103 - End integrity checks thread
2024-08-16 09:57:38,373 [ERROR] LogOutputStream:75 - [STDERR_REDIRECT] 
2024-08-16 09:57:38,374 [ERROR] LogOutputStream:75 - [STDERR_REDIRECT] 
