2024-08-22 10:08:18,165 [INFO] Activator:176 - 


2024-08-22 10:08:18,184 [INFO] Activator:177 - !SESSION log4j initialized
2024-08-22 10:08:29,050 [INFO] LogOutputStream:77 - [STDOUT_REDIRECT] 
2024-08-22 10:08:33,039 [ERROR] ConfigurationRetriever:142 - IOException on connection: Connect timed out
2024-08-22 10:08:33,433 [INFO] ApplicationProperties:184 - Using Application install path: C:\ST\STM32CubeIDE_1.16.0\STM32CubeIDE\plugins\com.st.stm32cube.common.mx_6.12.0.202406281431
2024-08-22 10:08:33,480 [INFO] DbMcusXml:78 - Set database path to: C:\ST\STM32CubeIDE_1.16.0\STM32CubeIDE\plugins\com.st.stm32cube.common.mx_6.12.0.202406281431\\db\/mcu/
2024-08-22 10:08:33,480 [INFO] ApiDb:274 - Set plugin database path to: C:\ST\STM32CubeIDE_1.16.0\STM32CubeIDE\plugins\com.st.stm32cube.common.mx_6.12.0.202406281431\\db\/plugins/boardmanager/
2024-08-22 10:08:33,480 [WARN] ApiDb:259 - Overriding images path with different value:  => C:\ST\STM32CubeIDE_1.16.0\STM32CubeIDE\plugins\com.st.stm32cube.common.mx_6.12.0.202406281431\\db\/plugins/mcufinder/images/
2024-08-22 10:08:33,512 [INFO] ApiDb:250 - Set database path to: C:\Users\lagoeirl\.stmcufinder\plugins\mcufinder//mcu/
2024-08-22 10:08:33,512 [INFO] DbMcusAds:125 - Set database path to: C:\Users\lagoeirl\.stmcufinder\plugins\mcufinder//mcu/
2024-08-22 10:08:33,818 [INFO] CrossReferenceDbSqlite:203 - Set database path to: C:\Users\lagoeirl\.stmcufinder\plugins\mcufinder//mcu/cs/
2024-08-22 10:08:34,122 [INFO] RulesReader:64 - Compatibility file has been processed (297 Rules)
2024-08-22 10:08:34,367 [INFO] DbMcusXml:78 - Set database path to: C:\ST\STM32CubeIDE_1.16.0\STM32CubeIDE\plugins\com.st.stm32cube.common.mx_6.12.0.202406281431\\db\/mcu/
2024-08-22 10:08:34,383 [INFO] ApiDb:274 - Set plugin database path to: C:\ST\STM32CubeIDE_1.16.0\STM32CubeIDE\plugins\com.st.stm32cube.common.mx_6.12.0.202406281431\\db\/plugins/boardmanager/
2024-08-22 10:08:34,384 [INFO] ApiDb:261 - Set plugin images path to: C:\ST\STM32CubeIDE_1.16.0\STM32CubeIDE\plugins\com.st.stm32cube.common.mx_6.12.0.202406281431\\db\/plugins/mcufinder/images/
2024-08-22 10:08:34,384 [WARN] DbFile:41 - Overriding database path with different value: C:\Users\lagoeirl\.stmcufinder\plugins\mcufinder/ => C:\Users\lagoeirl\.stmcufinder\plugins\mcufinder
2024-08-22 10:08:34,384 [INFO] ApiDb:250 - Set database path to: C:\Users\lagoeirl\.stmcufinder\plugins\mcufinder//mcu/
2024-08-22 10:08:34,384 [WARN] DbFile:41 - Overriding database path with different value: C:\Users\lagoeirl\.stmcufinder\plugins\mcufinder/ => C:\Users\lagoeirl\.stmcufinder\plugins\mcufinder
2024-08-22 10:08:34,384 [INFO] DbMcusAds:125 - Set database path to: C:\Users\lagoeirl\.stmcufinder\plugins\mcufinder//mcu/
2024-08-22 10:08:34,384 [WARN] DbFile:41 - Overriding database path with different value: C:\Users\lagoeirl\.stmcufinder\plugins\mcufinder/ => C:\Users\lagoeirl\.stmcufinder\plugins\mcufinder
2024-08-22 10:08:34,384 [WARN] DbFile:41 - Overriding database path with different value: C:\Users\lagoeirl\.stmcufinder\plugins\mcufinder/ => C:\Users\lagoeirl\.stmcufinder\plugins\mcufinder
2024-08-22 10:08:34,692 [INFO] CrossReferenceDbSqlite:203 - Set database path to: C:\Users\lagoeirl\.stmcufinder\plugins\mcufinder//mcu/cs/
2024-08-22 10:08:34,959 [INFO] MainPanel:268 - HeapMemory: 268435456
2024-08-22 10:08:35,133 [ERROR] ConfigurationRetriever:142 - IOException on connection: Connect timed out
2024-08-22 10:08:35,244 [INFO] DbMcusXml:78 - Set database path to: C:\ST\STM32CubeIDE_1.16.0\STM32CubeIDE\plugins\com.st.stm32cube.common.mx_6.12.0.202406281431\\db\/mcu/
2024-08-22 10:08:35,244 [INFO] ApiDb:274 - Set plugin database path to: C:\ST\STM32CubeIDE_1.16.0\STM32CubeIDE\plugins\com.st.stm32cube.common.mx_6.12.0.202406281431\\db\/plugins/boardmanager/
2024-08-22 10:08:35,244 [INFO] ApiDb:261 - Set plugin images path to: C:\ST\STM32CubeIDE_1.16.0\STM32CubeIDE\plugins\com.st.stm32cube.common.mx_6.12.0.202406281431\\db\/plugins/mcufinder/images/
2024-08-22 10:08:35,244 [WARN] DbFile:41 - Overriding database path with different value: C:\Users\lagoeirl\.stmcufinder\plugins\mcufinder/ => C:\Users\lagoeirl\.stmcufinder\plugins\mcufinder
2024-08-22 10:08:35,244 [INFO] ApiDb:250 - Set database path to: C:\Users\lagoeirl\.stmcufinder\plugins\mcufinder//mcu/
2024-08-22 10:08:35,244 [WARN] DbFile:41 - Overriding database path with different value: C:\Users\lagoeirl\.stmcufinder\plugins\mcufinder/ => C:\Users\lagoeirl\.stmcufinder\plugins\mcufinder
2024-08-22 10:08:35,244 [INFO] DbMcusAds:125 - Set database path to: C:\Users\lagoeirl\.stmcufinder\plugins\mcufinder//mcu/
2024-08-22 10:08:35,244 [WARN] DbFile:41 - Overriding database path with different value: C:\Users\lagoeirl\.stmcufinder\plugins\mcufinder/ => C:\Users\lagoeirl\.stmcufinder\plugins\mcufinder
2024-08-22 10:08:35,244 [WARN] DbFile:41 - Overriding database path with different value: C:\Users\lagoeirl\.stmcufinder\plugins\mcufinder/ => C:\Users\lagoeirl\.stmcufinder\plugins\mcufinder
2024-08-22 10:08:35,528 [INFO] CrossReferenceDbSqlite:203 - Set database path to: C:\Users\lagoeirl\.stmcufinder\plugins\mcufinder//mcu/cs/
2024-08-22 10:08:35,575 [INFO] ApplicationProperties:184 - Using Application install path: C:\ST\STM32CubeIDE_1.16.0\STM32CubeIDE\plugins\com.st.stm32cube.common.mx_6.12.0.202406281431
2024-08-22 10:08:35,575 [INFO] PluginManage:196 - Search for loadable plugins [exclusion list=, ]
2024-08-22 10:08:35,591 [INFO] PluginManage:310 - Check plugin analytics
2024-08-22 10:08:37,137 [ERROR] ConfigurationRetriever:142 - IOException on connection: Connect timed out
2024-08-22 10:08:37,358 [INFO] AnalyticsPlugin:253 - Accepted Software Licenses: STM32CubeMX.6.11.1
2024-08-22 10:08:37,358 [INFO] AnalyticsPlugin:255 - Accepted CMSIS Pack Licenses: 
2024-08-22 10:08:37,358 [INFO] AnalyticsPlugin:257 - Accepted Firmware Licenses: FW.H7.1.11.0,FW.L4.1.18.0
2024-08-22 10:08:37,358 [INFO] PluginManage:359 - Loaded plugin analytics (category:tool,tabindex:-1)
2024-08-22 10:08:37,358 [INFO] PluginManage:310 - Check plugin cadmodel
2024-08-22 10:08:37,422 [INFO] CADModel:105 - Init CAD model plugin
2024-08-22 10:08:37,422 [INFO] PluginManage:359 - Loaded plugin cadmodel (category:power,tabindex:5)
2024-08-22 10:08:37,422 [INFO] PluginManage:310 - Check plugin clock
2024-08-22 10:08:37,485 [INFO] PluginManage:359 - Loaded plugin clock (category:base,tabindex:2)
2024-08-22 10:08:37,485 [INFO] PluginManage:310 - Check plugin ddr
2024-08-22 10:08:37,500 [INFO] PluginManage:359 - Loaded plugin ddr (category:tool,tabindex:6)
2024-08-22 10:08:37,500 [INFO] PluginManage:310 - Check plugin filemanager
2024-08-22 10:08:38,229 [INFO] PluginManage:359 - Loaded plugin filemanager (category:base,tabindex:10)
2024-08-22 10:08:38,229 [INFO] PluginManage:310 - Check plugin ipmanager
2024-08-22 10:08:38,261 [INFO] PluginManage:359 - Loaded plugin ipmanager (category:base,tabindex:5)
2024-08-22 10:08:38,261 [INFO] PluginManage:310 - Check plugin lpbam
2024-08-22 10:08:38,309 [INFO] PluginManage:359 - Loaded plugin lpbam (category:base,tabindex:0)
2024-08-22 10:08:38,309 [INFO] PluginManage:310 - Check plugin memorymap
2024-08-22 10:08:38,340 [INFO] PluginManage:359 - Loaded plugin memorymap (category:base,tabindex:4)
2024-08-22 10:08:38,340 [INFO] PluginManage:310 - Check plugin pinoutandconfiguration
2024-08-22 10:08:38,372 [INFO] PluginManage:359 - Loaded plugin pinoutandconfiguration (category:base,tabindex:1)
2024-08-22 10:08:38,372 [INFO] PluginManage:310 - Check plugin pinoutconfig
2024-08-22 10:08:38,609 [WARN] SupportedApi:132 - Cannot load RTOS API schema: s4s-elt-must-match.1: The content of 'definitions' must match (annotation?, (simpleType | complexType)?, (unique | key | keyref)*)). A problem was found starting at: attribute.
2024-08-22 10:08:39,006 [INFO] PluginManage:359 - Loaded plugin pinoutconfig (category:base,tabindex:0)
2024-08-22 10:08:39,007 [INFO] PluginManage:310 - Check plugin power
2024-08-22 10:08:39,022 [INFO] PluginManage:359 - Loaded plugin power (category:power,tabindex:4)
2024-08-22 10:08:39,022 [INFO] PluginManage:310 - Check plugin projectmanager
2024-08-22 10:08:39,075 [INFO] PluginManage:359 - Loaded plugin projectmanager (category:projectmanager,tabindex:4)
2024-08-22 10:08:39,075 [INFO] PluginManage:310 - Check plugin rif
2024-08-22 10:08:39,086 [INFO] PluginManage:359 - Loaded plugin rif (category:base,tabindex:3)
2024-08-22 10:08:39,086 [INFO] PluginManage:310 - Check plugin thirdparty
2024-08-22 10:08:39,450 [WARN] IntegrityCheckThread:84 - waiting for thirdparty lock release [integrity check]
2024-08-22 10:08:39,450 [INFO] PluginManage:359 - Loaded plugin thirdparty (category:base,tabindex:-1)
2024-08-22 10:08:39,466 [INFO] PluginManage:310 - Check plugin tools
2024-08-22 10:08:39,466 [INFO] IntegrityCheckThread:86 - entering critical section [integrity check]
2024-08-22 10:08:39,467 [INFO] ThirdPartyUpdaterWithRetryManager:70 - Updater plugin not ready yet. [1/15]
2024-08-22 10:08:39,467 [INFO] PluginManage:359 - Loaded plugin tools (category:base,tabindex:7)
2024-08-22 10:08:39,467 [INFO] PluginManage:310 - Check plugin tutovideos
2024-08-22 10:08:39,942 [INFO] PluginManage:359 - Loaded plugin tutovideos (category:base,tabindex:-1)
2024-08-22 10:08:39,942 [INFO] PluginManage:310 - Check plugin updater
2024-08-22 10:08:40,005 [INFO] PluginManage:359 - Loaded plugin updater (category:base,tabindex:12)
2024-08-22 10:08:40,005 [INFO] PluginManage:310 - Check plugin userauth
2024-08-22 10:08:40,021 [INFO] UserAuth:113 - Init User Auth plugin
2024-08-22 10:08:40,021 [INFO] PluginManage:359 - Loaded plugin userauth (category:base,tabindex:14)
2024-08-22 10:08:40,021 [INFO] PluginManage:283 - PluginManage : Loaded plugins [18]
2024-08-22 10:08:40,620 [INFO] PinOutPanel:1561 - setPackage(No Configuration,No Configuration)
2024-08-22 10:08:40,922 [INFO] CADModel:165 - CPN selected for project level
2024-08-22 10:08:40,922 [INFO] CADModel:114 - Register for checkConnection events
2024-08-22 10:08:40,969 [INFO] IPUIPlugin:80 - create IPUIPlugin
2024-08-22 10:08:40,969 [INFO] PluginManager:220 - loadIPPluginJar : add adc
2024-08-22 10:08:40,969 [INFO] IPUIPlugin:80 - create IPUIPlugin
2024-08-22 10:08:40,969 [INFO] PluginManager:220 - loadIPPluginJar : add aes
2024-08-22 10:08:40,985 [INFO] IPUIPlugin:80 - create IPUIPlugin
2024-08-22 10:08:40,985 [INFO] PluginManager:220 - loadIPPluginJar : add can
2024-08-22 10:08:40,985 [INFO] IPUIPlugin:80 - create IPUIPlugin
2024-08-22 10:08:40,985 [INFO] PluginManager:220 - loadIPPluginJar : add comp
2024-08-22 10:08:40,985 [INFO] IPUIPlugin:80 - create IPUIPlugin
2024-08-22 10:08:40,985 [INFO] PluginManager:220 - loadIPPluginJar : add cryp
2024-08-22 10:08:41,000 [INFO] IPUIPlugin:80 - create IPUIPlugin
2024-08-22 10:08:41,007 [INFO] PluginManager:220 - loadIPPluginJar : add ddr_ctrl_phy
2024-08-22 10:08:41,007 [INFO] IPUIPlugin:80 - create IPUIPlugin
2024-08-22 10:08:41,007 [INFO] PluginManager:220 - loadIPPluginJar : add dfsdm
2024-08-22 10:08:41,016 [INFO] IPUIPlugin:80 - create IPUIPlugin
2024-08-22 10:08:41,016 [INFO] PluginManager:220 - loadIPPluginJar : add dma
2024-08-22 10:08:41,033 [INFO] IPUIPlugin:80 - create IPUIPlugin
2024-08-22 10:08:41,033 [INFO] PluginManager:220 - loadIPPluginJar : add dma3
2024-08-22 10:08:41,033 [INFO] IPUIPlugin:80 - create IPUIPlugin
2024-08-22 10:08:41,033 [INFO] PluginManager:220 - loadIPPluginJar : add extmemmanager
2024-08-22 10:08:41,048 [INFO] IPUIPlugin:80 - create IPUIPlugin
2024-08-22 10:08:41,048 [INFO] PluginManager:220 - loadIPPluginJar : add fatfs
2024-08-22 10:08:41,048 [INFO] IPUIPlugin:80 - create IPUIPlugin
2024-08-22 10:08:41,048 [INFO] PluginManager:220 - loadIPPluginJar : add fmc
2024-08-22 10:08:41,079 [INFO] IPUIPlugin:80 - create IPUIPlugin
2024-08-22 10:08:41,079 [INFO] PluginManager:220 - loadIPPluginJar : add freertos
2024-08-22 10:08:41,079 [INFO] IPUIPlugin:80 - create IPUIPlugin
2024-08-22 10:08:41,079 [INFO] PluginManager:220 - loadIPPluginJar : add genericplugin
2024-08-22 10:08:41,079 [INFO] IPUIPlugin:80 - create IPUIPlugin
2024-08-22 10:08:41,079 [INFO] PluginManager:220 - loadIPPluginJar : add gfxmmu
2024-08-22 10:08:41,095 [INFO] IPUIPlugin:80 - create IPUIPlugin
2024-08-22 10:08:41,095 [INFO] PluginManager:220 - loadIPPluginJar : add gic
2024-08-22 10:08:41,111 [INFO] IPUIPlugin:80 - create IPUIPlugin
2024-08-22 10:08:41,111 [INFO] PluginManager:220 - loadIPPluginJar : add gpio
2024-08-22 10:08:41,111 [INFO] IPUIPlugin:80 - create IPUIPlugin
2024-08-22 10:08:41,111 [INFO] PluginManager:220 - loadIPPluginJar : add gtzc
2024-08-22 10:08:41,127 [INFO] IPUIPlugin:80 - create IPUIPlugin
2024-08-22 10:08:41,127 [INFO] PluginManager:220 - loadIPPluginJar : add hash
2024-08-22 10:08:41,127 [INFO] IPUIPlugin:80 - create IPUIPlugin
2024-08-22 10:08:41,127 [INFO] PluginManager:220 - loadIPPluginJar : add i2c
2024-08-22 10:08:41,142 [INFO] IPUIPlugin:80 - create IPUIPlugin
2024-08-22 10:08:41,142 [INFO] PluginManager:220 - loadIPPluginJar : add i2s
2024-08-22 10:08:41,142 [INFO] IPUIPlugin:80 - create IPUIPlugin
2024-08-22 10:08:41,142 [INFO] PluginManager:220 - loadIPPluginJar : add i3c
2024-08-22 10:08:41,159 [INFO] IPUIPlugin:80 - create IPUIPlugin
2024-08-22 10:08:41,159 [INFO] PluginManager:220 - loadIPPluginJar : add ipddr
2024-08-22 10:08:41,174 [INFO] IPUIPlugin:80 - create IPUIPlugin
2024-08-22 10:08:41,174 [INFO] PluginManager:220 - loadIPPluginJar : add linkedlist
2024-08-22 10:08:41,174 [INFO] IPUIPlugin:80 - create IPUIPlugin
2024-08-22 10:08:41,174 [INFO] PluginManager:220 - loadIPPluginJar : add lorawan
2024-08-22 10:08:41,189 [INFO] IPUIPlugin:80 - create IPUIPlugin
2024-08-22 10:08:41,189 [INFO] PluginManager:220 - loadIPPluginJar : add ltdc
2024-08-22 10:08:41,207 [INFO] IPUIPlugin:80 - create IPUIPlugin
2024-08-22 10:08:41,207 [INFO] PluginManager:220 - loadIPPluginJar : add mdma
2024-08-22 10:08:41,207 [INFO] IPUIPlugin:80 - create IPUIPlugin
2024-08-22 10:08:41,207 [INFO] PluginManager:220 - loadIPPluginJar : add nvic
2024-08-22 10:08:41,221 [INFO] IPUIPlugin:80 - create IPUIPlugin
2024-08-22 10:08:41,221 [INFO] PluginManager:220 - loadIPPluginJar : add opamp
2024-08-22 10:08:41,221 [INFO] IPUIPlugin:80 - create IPUIPlugin
2024-08-22 10:08:41,221 [INFO] PluginManager:220 - loadIPPluginJar : add openamp
2024-08-22 10:08:41,237 [INFO] IPUIPlugin:80 - create IPUIPlugin
2024-08-22 10:08:41,237 [INFO] PluginManager:220 - loadIPPluginJar : add pdm2pcm
2024-08-22 10:08:41,253 [INFO] IPUIPlugin:80 - create IPUIPlugin
2024-08-22 10:08:41,253 [INFO] PluginManager:220 - loadIPPluginJar : add plateformsettings
2024-08-22 10:08:41,269 [INFO] IPUIPlugin:80 - create IPUIPlugin
2024-08-22 10:08:41,269 [INFO] PluginManager:220 - loadIPPluginJar : add quadspi
2024-08-22 10:08:41,269 [INFO] IPUIPlugin:80 - create IPUIPlugin
2024-08-22 10:08:41,269 [INFO] PluginManager:220 - loadIPPluginJar : add radio
2024-08-22 10:08:41,284 [INFO] IPUIPlugin:80 - create IPUIPlugin
2024-08-22 10:08:41,284 [INFO] PluginManager:220 - loadIPPluginJar : add resmgrutility
2024-08-22 10:08:41,284 [INFO] IPUIPlugin:80 - create IPUIPlugin
2024-08-22 10:08:41,284 [INFO] PluginManager:220 - loadIPPluginJar : add sai
2024-08-22 10:08:41,300 [INFO] IPUIPlugin:80 - create IPUIPlugin
2024-08-22 10:08:41,300 [INFO] PluginManager:220 - loadIPPluginJar : add spi
2024-08-22 10:08:41,307 [INFO] IPUIPlugin:80 - create IPUIPlugin
2024-08-22 10:08:41,307 [INFO] PluginManager:220 - loadIPPluginJar : add stm32_wpan
2024-08-22 10:08:41,316 [INFO] IPUIPlugin:80 - create IPUIPlugin
2024-08-22 10:08:41,316 [INFO] PluginManager:220 - loadIPPluginJar : add tim
2024-08-22 10:08:41,316 [INFO] IPUIPlugin:80 - create IPUIPlugin
2024-08-22 10:08:41,316 [INFO] PluginManager:220 - loadIPPluginJar : add touchsensing
2024-08-22 10:08:41,332 [INFO] IPUIPlugin:80 - create IPUIPlugin
2024-08-22 10:08:41,332 [INFO] PluginManager:220 - loadIPPluginJar : add tracer_emb
2024-08-22 10:08:41,332 [INFO] IPUIPlugin:80 - create IPUIPlugin
2024-08-22 10:08:41,332 [INFO] PluginManager:220 - loadIPPluginJar : add ts
2024-08-22 10:08:41,347 [INFO] IPUIPlugin:80 - create IPUIPlugin
2024-08-22 10:08:41,347 [INFO] PluginManager:220 - loadIPPluginJar : add tsc
2024-08-22 10:08:41,347 [INFO] IPUIPlugin:80 - create IPUIPlugin
2024-08-22 10:08:41,347 [INFO] PluginManager:220 - loadIPPluginJar : add ucpd
2024-08-22 10:08:41,347 [INFO] IPUIPlugin:80 - create IPUIPlugin
2024-08-22 10:08:41,347 [INFO] PluginManager:220 - loadIPPluginJar : add usart
2024-08-22 10:08:41,363 [INFO] IPUIPlugin:80 - create IPUIPlugin
2024-08-22 10:08:41,363 [INFO] PluginManager:220 - loadIPPluginJar : add usbx
2024-08-22 10:08:41,615 [INFO] CADModel:165 - CPN selected for project level
2024-08-22 10:08:41,615 [INFO] CADModel:114 - Register for checkConnection events
2024-08-22 10:08:41,615 [FATAL] Updater:334 - Updater called before beeing initialized
2024-08-22 10:08:41,615 [ERROR] CADModel:125 - Updater not yet initialized, retry later 
2024-08-22 10:08:41,978 [INFO] CADModel:165 - CPN selected for project level
2024-08-22 10:08:41,978 [INFO] CADModel:114 - Register for checkConnection events
2024-08-22 10:08:41,978 [FATAL] Updater:334 - Updater called before beeing initialized
2024-08-22 10:08:41,978 [ERROR] CADModel:125 - Updater not yet initialized, retry later 
2024-08-22 10:08:41,993 [FATAL] Updater:334 - Updater called before beeing initialized
2024-08-22 10:08:42,324 [FATAL] Updater:334 - Updater called before beeing initialized
2024-08-22 10:08:42,340 [INFO] DbMcusAds:53 - JSON generation date=Thu May 16 06:22:00 BRT 2024 (1715851320667)
2024-08-22 10:08:42,340 [FATAL] Updater:334 - Updater called before beeing initialized
2024-08-22 10:08:42,372 [ERROR] ConfigurationRetriever:142 - IOException on connection: Connect timed out
2024-08-22 10:08:42,451 [WARN] DetailPanel:346 - Failed to get advertising image, set to default
2024-08-22 10:08:42,483 [INFO] ThirdPartyUpdaterWithRetryManager:70 - Updater plugin not ready yet. [2/15]
2024-08-22 10:08:42,751 [FATAL] Updater:334 - Updater called before beeing initialized
2024-08-22 10:08:42,766 [FATAL] Updater:334 - Updater called before beeing initialized
2024-08-22 10:08:42,766 [FATAL] Updater:334 - Updater called before beeing initialized
2024-08-22 10:08:42,766 [WARN] DetailPanel:346 - Failed to get advertising image, set to default
2024-08-22 10:08:42,766 [FATAL] Updater:334 - Updater called before beeing initialized
2024-08-22 10:08:42,877 [ERROR] Updater:1164 - MainUpdater not yet initialized. External WinMGr cannot be set.
2024-08-22 10:08:42,893 [INFO] Updater:1100 - Updater Version found : 6.12.0
2024-08-22 10:08:42,925 [INFO] ApplicationProperties:184 - Using Application install path: C:\ST\STM32CubeIDE_1.16.0\STM32CubeIDE\plugins\com.st.stm32cube.common.mx_6.12.0.202406281431
2024-08-22 10:08:44,594 [ERROR] LogOutputStream:75 - [STDERR_REDIRECT] Aug 22, 2024 10:08:44 AM java.util.prefs.WindowsPreferences <init>
2024-08-22 10:08:44,594 [ERROR] LogOutputStream:75 - [STDERR_REDIRECT] WARNING: Could not open/create prefs root node Software\JavaSoft\Prefs at root 0xffffffff80000002. Windows RegCreateKeyEx(...) returned error code 5.
2024-08-22 10:08:44,594 [ERROR] LogOutputStream:75 - [STDERR_REDIRECT] 
2024-08-22 10:08:44,736 [INFO] MainUpdater:526 - Copy updater definitions from MX database
2024-08-22 10:08:45,492 [FATAL] Updater:334 - Updater called before beeing initialized
2024-08-22 10:08:45,492 [ERROR] IntegrityCheckThread:130 - Cannot retrieve database content from updater: error 21
2024-08-22 10:08:45,492 [INFO] ThirdParty:978 - Integrity check success = false
2024-08-22 10:08:45,492 [INFO] IntegrityCheckThread:100 - exiting critical section [integrity check]
2024-08-22 10:08:45,492 [INFO] IntegrityCheckThread:103 - End integrity checks thread
2024-08-22 10:08:47,382 [ERROR] ConfigurationRetriever:142 - IOException on connection: Connect timed out
2024-08-22 10:08:49,126 [WARN] CheckConnectionManager:291 - Warning during Server Connection :  timeout Connect to sw-center.st.com:443 [sw-center.st.com/201.63.94.96, sw-center.st.com/201.63.94.89] failed: Connect timed out
2024-08-22 10:08:52,390 [ERROR] ConfigurationRetriever:142 - IOException on connection: Connect timed out
2024-08-22 10:08:53,162 [WARN] CheckConnectionManager:291 - Warning during Server Connection :  timeout Connect to sw-center.st.com:443 [sw-center.st.com/201.63.94.96, sw-center.st.com/201.63.94.89] failed: Connect timed out
2024-08-22 10:08:53,162 [INFO] MainUpdater:2873 - connection check result : 22
2024-08-22 10:08:53,162 [INFO] MainUpdater:290 - Updater Check For Update Now.
2024-08-22 10:08:53,162 [INFO] MicroXplorer:498 - Change Database Version : DB.6.0.120
2024-08-22 10:08:53,178 [INFO] McuFinderGlobals:63 - Set McuFinder mode to 2 (CubeIDE integrated)
2024-08-22 10:08:53,193 [INFO] UserAuth:417 - Internet connection configuration mode: 2
2024-08-22 10:08:53,234 [INFO] UserAuth:417 - Internet connection configuration mode: 2
2024-08-22 10:08:53,446 [INFO] CheckServerUpdateThread:120 - End of CheckServer Thread
2024-08-22 10:11:54,015 [ERROR] ConfigurationRetriever:142 - IOException on connection: Connect timed out
2024-08-22 10:11:56,200 [ERROR] ConfigurationRetriever:142 - IOException on connection: Connect timed out
2024-08-22 10:11:58,205 [ERROR] ConfigurationRetriever:142 - IOException on connection: Connect timed out
2024-08-22 10:11:59,835 [ERROR] LogOutputStream:75 - [STDERR_REDIRECT] 
