2024-08-25 10:07:09,022 [INFO] Activator:176 - 


2024-08-25 10:07:09,035 [INFO] Activator:177 - !SESSION log4j initialized
2024-08-25 10:07:15,014 [INFO] LogOutputStream:77 - [STDOUT_REDIRECT] 
2024-08-25 10:07:16,361 [INFO] ApplicationProperties:184 - Using Application install path: C:\ST\STM32CubeIDE_1.16.0\STM32CubeIDE\plugins\com.st.stm32cube.common.mx_6.12.0.202406281431
2024-08-25 10:07:16,391 [INFO] DbMcusXml:78 - Set database path to: C:\ST\STM32CubeIDE_1.16.0\STM32CubeIDE\plugins\com.st.stm32cube.common.mx_6.12.0.202406281431\\db\/mcu/
2024-08-25 10:07:16,392 [INFO] ApiDb:274 - Set plugin database path to: C:\ST\STM32CubeIDE_1.16.0\STM32CubeIDE\plugins\com.st.stm32cube.common.mx_6.12.0.202406281431\\db\/plugins/boardmanager/
2024-08-25 10:07:16,393 [WARN] ApiDb:259 - Overriding images path with different value:  => C:\ST\STM32CubeIDE_1.16.0\STM32CubeIDE\plugins\com.st.stm32cube.common.mx_6.12.0.202406281431\\db\/plugins/mcufinder/images/
2024-08-25 10:07:16,406 [INFO] ApiDb:250 - Set database path to: C:\Users\lagoeirl\.stmcufinder\plugins\mcufinder//mcu/
2024-08-25 10:07:16,407 [INFO] DbMcusAds:125 - Set database path to: C:\Users\lagoeirl\.stmcufinder\plugins\mcufinder//mcu/
2024-08-25 10:07:16,411 [INFO] CrossReferenceDbSqlite:203 - Set database path to: C:\Users\lagoeirl\.stmcufinder\plugins\mcufinder//mcu/cs/
2024-08-25 10:07:16,569 [INFO] RulesReader:64 - Compatibility file has been processed (297 Rules)
2024-08-25 10:07:16,702 [INFO] DbMcusXml:78 - Set database path to: C:\ST\STM32CubeIDE_1.16.0\STM32CubeIDE\plugins\com.st.stm32cube.common.mx_6.12.0.202406281431\\db\/mcu/
2024-08-25 10:07:16,702 [INFO] ApiDb:274 - Set plugin database path to: C:\ST\STM32CubeIDE_1.16.0\STM32CubeIDE\plugins\com.st.stm32cube.common.mx_6.12.0.202406281431\\db\/plugins/boardmanager/
2024-08-25 10:07:16,702 [INFO] ApiDb:261 - Set plugin images path to: C:\ST\STM32CubeIDE_1.16.0\STM32CubeIDE\plugins\com.st.stm32cube.common.mx_6.12.0.202406281431\\db\/plugins/mcufinder/images/
2024-08-25 10:07:16,702 [WARN] DbFile:41 - Overriding database path with different value: C:\Users\lagoeirl\.stmcufinder\plugins\mcufinder/ => C:\Users\lagoeirl\.stmcufinder\plugins\mcufinder
2024-08-25 10:07:16,702 [INFO] ApiDb:250 - Set database path to: C:\Users\lagoeirl\.stmcufinder\plugins\mcufinder//mcu/
2024-08-25 10:07:16,703 [WARN] DbFile:41 - Overriding database path with different value: C:\Users\lagoeirl\.stmcufinder\plugins\mcufinder/ => C:\Users\lagoeirl\.stmcufinder\plugins\mcufinder
2024-08-25 10:07:16,703 [INFO] DbMcusAds:125 - Set database path to: C:\Users\lagoeirl\.stmcufinder\plugins\mcufinder//mcu/
2024-08-25 10:07:16,703 [WARN] DbFile:41 - Overriding database path with different value: C:\Users\lagoeirl\.stmcufinder\plugins\mcufinder/ => C:\Users\lagoeirl\.stmcufinder\plugins\mcufinder
2024-08-25 10:07:16,703 [WARN] DbFile:41 - Overriding database path with different value: C:\Users\lagoeirl\.stmcufinder\plugins\mcufinder/ => C:\Users\lagoeirl\.stmcufinder\plugins\mcufinder
2024-08-25 10:07:16,703 [INFO] CrossReferenceDbSqlite:203 - Set database path to: C:\Users\lagoeirl\.stmcufinder\plugins\mcufinder//mcu/cs/
2024-08-25 10:07:16,814 [INFO] MainPanel:268 - HeapMemory: 268435456
2024-08-25 10:07:16,945 [INFO] DbMcusXml:78 - Set database path to: C:\ST\STM32CubeIDE_1.16.0\STM32CubeIDE\plugins\com.st.stm32cube.common.mx_6.12.0.202406281431\\db\/mcu/
2024-08-25 10:07:16,945 [INFO] ApiDb:274 - Set plugin database path to: C:\ST\STM32CubeIDE_1.16.0\STM32CubeIDE\plugins\com.st.stm32cube.common.mx_6.12.0.202406281431\\db\/plugins/boardmanager/
2024-08-25 10:07:16,945 [INFO] ApiDb:261 - Set plugin images path to: C:\ST\STM32CubeIDE_1.16.0\STM32CubeIDE\plugins\com.st.stm32cube.common.mx_6.12.0.202406281431\\db\/plugins/mcufinder/images/
2024-08-25 10:07:16,946 [WARN] DbFile:41 - Overriding database path with different value: C:\Users\lagoeirl\.stmcufinder\plugins\mcufinder/ => C:\Users\lagoeirl\.stmcufinder\plugins\mcufinder
2024-08-25 10:07:16,946 [INFO] ApiDb:250 - Set database path to: C:\Users\lagoeirl\.stmcufinder\plugins\mcufinder//mcu/
2024-08-25 10:07:16,946 [WARN] DbFile:41 - Overriding database path with different value: C:\Users\lagoeirl\.stmcufinder\plugins\mcufinder/ => C:\Users\lagoeirl\.stmcufinder\plugins\mcufinder
2024-08-25 10:07:16,946 [INFO] DbMcusAds:125 - Set database path to: C:\Users\lagoeirl\.stmcufinder\plugins\mcufinder//mcu/
2024-08-25 10:07:16,946 [WARN] DbFile:41 - Overriding database path with different value: C:\Users\lagoeirl\.stmcufinder\plugins\mcufinder/ => C:\Users\lagoeirl\.stmcufinder\plugins\mcufinder
2024-08-25 10:07:16,947 [WARN] DbFile:41 - Overriding database path with different value: C:\Users\lagoeirl\.stmcufinder\plugins\mcufinder/ => C:\Users\lagoeirl\.stmcufinder\plugins\mcufinder
2024-08-25 10:07:16,947 [INFO] CrossReferenceDbSqlite:203 - Set database path to: C:\Users\lagoeirl\.stmcufinder\plugins\mcufinder//mcu/cs/
2024-08-25 10:07:16,969 [INFO] ApplicationProperties:184 - Using Application install path: C:\ST\STM32CubeIDE_1.16.0\STM32CubeIDE\plugins\com.st.stm32cube.common.mx_6.12.0.202406281431
2024-08-25 10:07:16,970 [INFO] PluginManage:196 - Search for loadable plugins [exclusion list=, ]
2024-08-25 10:07:16,972 [INFO] PluginManage:310 - Check plugin analytics
2024-08-25 10:07:17,137 [INFO] AnalyticsPlugin:253 - Accepted Software Licenses: STM32CubeMX.6.11.1
2024-08-25 10:07:17,137 [INFO] AnalyticsPlugin:255 - Accepted CMSIS Pack Licenses: 
2024-08-25 10:07:17,138 [INFO] AnalyticsPlugin:257 - Accepted Firmware Licenses: FW.H7.1.11.0,FW.L4.1.18.0
2024-08-25 10:07:17,140 [INFO] PluginManage:359 - Loaded plugin analytics (category:tool,tabindex:-1)
2024-08-25 10:07:17,142 [INFO] PluginManage:310 - Check plugin cadmodel
2024-08-25 10:07:17,148 [INFO] CADModel:105 - Init CAD model plugin
2024-08-25 10:07:17,148 [INFO] PluginManage:359 - Loaded plugin cadmodel (category:power,tabindex:5)
2024-08-25 10:07:17,148 [INFO] PluginManage:310 - Check plugin clock
2024-08-25 10:07:17,158 [INFO] PluginManage:359 - Loaded plugin clock (category:base,tabindex:2)
2024-08-25 10:07:17,158 [INFO] PluginManage:310 - Check plugin ddr
2024-08-25 10:07:17,160 [INFO] PluginManage:359 - Loaded plugin ddr (category:tool,tabindex:6)
2024-08-25 10:07:17,160 [INFO] PluginManage:310 - Check plugin filemanager
2024-08-25 10:07:17,347 [INFO] PluginManage:359 - Loaded plugin filemanager (category:base,tabindex:10)
2024-08-25 10:07:17,348 [INFO] PluginManage:310 - Check plugin ipmanager
2024-08-25 10:07:17,359 [INFO] PluginManage:359 - Loaded plugin ipmanager (category:base,tabindex:5)
2024-08-25 10:07:17,359 [INFO] PluginManage:310 - Check plugin lpbam
2024-08-25 10:07:17,369 [INFO] PluginManage:359 - Loaded plugin lpbam (category:base,tabindex:0)
2024-08-25 10:07:17,369 [INFO] PluginManage:310 - Check plugin memorymap
2024-08-25 10:07:17,387 [INFO] PluginManage:359 - Loaded plugin memorymap (category:base,tabindex:4)
2024-08-25 10:07:17,387 [INFO] PluginManage:310 - Check plugin pinoutandconfiguration
2024-08-25 10:07:17,398 [INFO] PluginManage:359 - Loaded plugin pinoutandconfiguration (category:base,tabindex:1)
2024-08-25 10:07:17,399 [INFO] PluginManage:310 - Check plugin pinoutconfig
2024-08-25 10:07:17,515 [WARN] SupportedApi:132 - Cannot load RTOS API schema: s4s-elt-must-match.1: The content of 'definitions' must match (annotation?, (simpleType | complexType)?, (unique | key | keyref)*)). A problem was found starting at: attribute.
2024-08-25 10:07:17,671 [INFO] PluginManage:359 - Loaded plugin pinoutconfig (category:base,tabindex:0)
2024-08-25 10:07:17,671 [INFO] PluginManage:310 - Check plugin power
2024-08-25 10:07:17,684 [INFO] PluginManage:359 - Loaded plugin power (category:power,tabindex:4)
2024-08-25 10:07:17,685 [INFO] PluginManage:310 - Check plugin projectmanager
2024-08-25 10:07:17,704 [INFO] PluginManage:359 - Loaded plugin projectmanager (category:projectmanager,tabindex:4)
2024-08-25 10:07:17,704 [INFO] PluginManage:310 - Check plugin rif
2024-08-25 10:07:17,714 [INFO] PluginManage:359 - Loaded plugin rif (category:base,tabindex:3)
2024-08-25 10:07:17,714 [INFO] PluginManage:310 - Check plugin thirdparty
2024-08-25 10:07:17,877 [INFO] PluginManage:359 - Loaded plugin thirdparty (category:base,tabindex:-1)
2024-08-25 10:07:17,877 [INFO] PluginManage:310 - Check plugin tools
2024-08-25 10:07:17,877 [WARN] IntegrityCheckThread:84 - waiting for thirdparty lock release [integrity check]
2024-08-25 10:07:17,878 [INFO] IntegrityCheckThread:86 - entering critical section [integrity check]
2024-08-25 10:07:17,878 [INFO] ThirdPartyUpdaterWithRetryManager:70 - Updater plugin not ready yet. [1/15]
2024-08-25 10:07:17,881 [INFO] PluginManage:359 - Loaded plugin tools (category:base,tabindex:7)
2024-08-25 10:07:17,881 [INFO] PluginManage:310 - Check plugin tutovideos
2024-08-25 10:07:18,071 [INFO] PluginManage:359 - Loaded plugin tutovideos (category:base,tabindex:-1)
2024-08-25 10:07:18,071 [INFO] PluginManage:310 - Check plugin updater
2024-08-25 10:07:18,092 [INFO] PluginManage:359 - Loaded plugin updater (category:base,tabindex:12)
2024-08-25 10:07:18,093 [INFO] PluginManage:310 - Check plugin userauth
2024-08-25 10:07:18,101 [INFO] UserAuth:113 - Init User Auth plugin
2024-08-25 10:07:18,101 [INFO] PluginManage:359 - Loaded plugin userauth (category:base,tabindex:14)
2024-08-25 10:07:18,102 [INFO] PluginManage:283 - PluginManage : Loaded plugins [18]
2024-08-25 10:07:18,377 [INFO] PinOutPanel:1561 - setPackage(No Configuration,No Configuration)
2024-08-25 10:07:18,508 [INFO] CADModel:165 - CPN selected for project level
2024-08-25 10:07:18,508 [INFO] CADModel:114 - Register for checkConnection events
2024-08-25 10:07:18,536 [INFO] IPUIPlugin:80 - create IPUIPlugin
2024-08-25 10:07:18,537 [INFO] PluginManager:220 - loadIPPluginJar : add adc
2024-08-25 10:07:18,540 [INFO] IPUIPlugin:80 - create IPUIPlugin
2024-08-25 10:07:18,540 [INFO] PluginManager:220 - loadIPPluginJar : add aes
2024-08-25 10:07:18,544 [INFO] IPUIPlugin:80 - create IPUIPlugin
2024-08-25 10:07:18,545 [INFO] PluginManager:220 - loadIPPluginJar : add can
2024-08-25 10:07:18,547 [INFO] IPUIPlugin:80 - create IPUIPlugin
2024-08-25 10:07:18,548 [INFO] PluginManager:220 - loadIPPluginJar : add comp
2024-08-25 10:07:18,552 [INFO] IPUIPlugin:80 - create IPUIPlugin
2024-08-25 10:07:18,553 [INFO] PluginManager:220 - loadIPPluginJar : add cryp
2024-08-25 10:07:18,557 [INFO] IPUIPlugin:80 - create IPUIPlugin
2024-08-25 10:07:18,557 [INFO] PluginManager:220 - loadIPPluginJar : add ddr_ctrl_phy
2024-08-25 10:07:18,562 [INFO] IPUIPlugin:80 - create IPUIPlugin
2024-08-25 10:07:18,562 [INFO] PluginManager:220 - loadIPPluginJar : add dfsdm
2024-08-25 10:07:18,570 [INFO] IPUIPlugin:80 - create IPUIPlugin
2024-08-25 10:07:18,570 [INFO] PluginManager:220 - loadIPPluginJar : add dma
2024-08-25 10:07:18,574 [INFO] IPUIPlugin:80 - create IPUIPlugin
2024-08-25 10:07:18,574 [INFO] PluginManager:220 - loadIPPluginJar : add dma3
2024-08-25 10:07:18,579 [INFO] IPUIPlugin:80 - create IPUIPlugin
2024-08-25 10:07:18,579 [INFO] PluginManager:220 - loadIPPluginJar : add extmemmanager
2024-08-25 10:07:18,581 [INFO] IPUIPlugin:80 - create IPUIPlugin
2024-08-25 10:07:18,581 [INFO] PluginManager:220 - loadIPPluginJar : add fatfs
2024-08-25 10:07:18,586 [INFO] IPUIPlugin:80 - create IPUIPlugin
2024-08-25 10:07:18,586 [INFO] PluginManager:220 - loadIPPluginJar : add fmc
2024-08-25 10:07:18,594 [INFO] IPUIPlugin:80 - create IPUIPlugin
2024-08-25 10:07:18,594 [INFO] PluginManager:220 - loadIPPluginJar : add freertos
2024-08-25 10:07:18,596 [INFO] IPUIPlugin:80 - create IPUIPlugin
2024-08-25 10:07:18,596 [INFO] PluginManager:220 - loadIPPluginJar : add genericplugin
2024-08-25 10:07:18,599 [INFO] IPUIPlugin:80 - create IPUIPlugin
2024-08-25 10:07:18,599 [INFO] PluginManager:220 - loadIPPluginJar : add gfxmmu
2024-08-25 10:07:18,605 [INFO] IPUIPlugin:80 - create IPUIPlugin
2024-08-25 10:07:18,605 [INFO] PluginManager:220 - loadIPPluginJar : add gic
2024-08-25 10:07:18,611 [INFO] IPUIPlugin:80 - create IPUIPlugin
2024-08-25 10:07:18,611 [INFO] PluginManager:220 - loadIPPluginJar : add gpio
2024-08-25 10:07:18,616 [INFO] IPUIPlugin:80 - create IPUIPlugin
2024-08-25 10:07:18,616 [INFO] PluginManager:220 - loadIPPluginJar : add gtzc
2024-08-25 10:07:18,618 [INFO] IPUIPlugin:80 - create IPUIPlugin
2024-08-25 10:07:18,620 [INFO] PluginManager:220 - loadIPPluginJar : add hash
2024-08-25 10:07:18,624 [INFO] IPUIPlugin:80 - create IPUIPlugin
2024-08-25 10:07:18,625 [INFO] PluginManager:220 - loadIPPluginJar : add i2c
2024-08-25 10:07:18,629 [INFO] IPUIPlugin:80 - create IPUIPlugin
2024-08-25 10:07:18,629 [INFO] PluginManager:220 - loadIPPluginJar : add i2s
2024-08-25 10:07:18,634 [INFO] IPUIPlugin:80 - create IPUIPlugin
2024-08-25 10:07:18,634 [INFO] PluginManager:220 - loadIPPluginJar : add i3c
2024-08-25 10:07:18,638 [INFO] IPUIPlugin:80 - create IPUIPlugin
2024-08-25 10:07:18,639 [INFO] PluginManager:220 - loadIPPluginJar : add ipddr
2024-08-25 10:07:18,646 [INFO] IPUIPlugin:80 - create IPUIPlugin
2024-08-25 10:07:18,646 [INFO] PluginManager:220 - loadIPPluginJar : add linkedlist
2024-08-25 10:07:18,649 [INFO] IPUIPlugin:80 - create IPUIPlugin
2024-08-25 10:07:18,650 [INFO] PluginManager:220 - loadIPPluginJar : add lorawan
2024-08-25 10:07:18,651 [INFO] IPUIPlugin:80 - create IPUIPlugin
2024-08-25 10:07:18,652 [INFO] PluginManager:220 - loadIPPluginJar : add ltdc
2024-08-25 10:07:18,657 [INFO] IPUIPlugin:80 - create IPUIPlugin
2024-08-25 10:07:18,658 [INFO] PluginManager:220 - loadIPPluginJar : add mdma
2024-08-25 10:07:18,662 [INFO] IPUIPlugin:80 - create IPUIPlugin
2024-08-25 10:07:18,662 [INFO] PluginManager:220 - loadIPPluginJar : add nvic
2024-08-25 10:07:18,667 [INFO] IPUIPlugin:80 - create IPUIPlugin
2024-08-25 10:07:18,667 [INFO] PluginManager:220 - loadIPPluginJar : add opamp
2024-08-25 10:07:18,670 [INFO] IPUIPlugin:80 - create IPUIPlugin
2024-08-25 10:07:18,670 [INFO] PluginManager:220 - loadIPPluginJar : add openamp
2024-08-25 10:07:18,674 [INFO] IPUIPlugin:80 - create IPUIPlugin
2024-08-25 10:07:18,674 [INFO] PluginManager:220 - loadIPPluginJar : add pdm2pcm
2024-08-25 10:07:18,681 [INFO] IPUIPlugin:80 - create IPUIPlugin
2024-08-25 10:07:18,683 [INFO] PluginManager:220 - loadIPPluginJar : add plateformsettings
2024-08-25 10:07:18,686 [INFO] IPUIPlugin:80 - create IPUIPlugin
2024-08-25 10:07:18,686 [INFO] PluginManager:220 - loadIPPluginJar : add quadspi
2024-08-25 10:07:18,689 [INFO] IPUIPlugin:80 - create IPUIPlugin
2024-08-25 10:07:18,689 [INFO] PluginManager:220 - loadIPPluginJar : add radio
2024-08-25 10:07:18,693 [INFO] IPUIPlugin:80 - create IPUIPlugin
2024-08-25 10:07:18,693 [INFO] PluginManager:220 - loadIPPluginJar : add resmgrutility
2024-08-25 10:07:18,698 [INFO] IPUIPlugin:80 - create IPUIPlugin
2024-08-25 10:07:18,698 [INFO] PluginManager:220 - loadIPPluginJar : add sai
2024-08-25 10:07:18,701 [INFO] IPUIPlugin:80 - create IPUIPlugin
2024-08-25 10:07:18,701 [INFO] PluginManager:220 - loadIPPluginJar : add spi
2024-08-25 10:07:18,708 [INFO] IPUIPlugin:80 - create IPUIPlugin
2024-08-25 10:07:18,708 [INFO] PluginManager:220 - loadIPPluginJar : add stm32_wpan
2024-08-25 10:07:18,712 [INFO] IPUIPlugin:80 - create IPUIPlugin
2024-08-25 10:07:18,712 [INFO] PluginManager:220 - loadIPPluginJar : add tim
2024-08-25 10:07:18,716 [INFO] IPUIPlugin:80 - create IPUIPlugin
2024-08-25 10:07:18,716 [INFO] PluginManager:220 - loadIPPluginJar : add touchsensing
2024-08-25 10:07:18,719 [INFO] IPUIPlugin:80 - create IPUIPlugin
2024-08-25 10:07:18,719 [INFO] PluginManager:220 - loadIPPluginJar : add tracer_emb
2024-08-25 10:07:18,722 [INFO] IPUIPlugin:80 - create IPUIPlugin
2024-08-25 10:07:18,723 [INFO] PluginManager:220 - loadIPPluginJar : add ts
2024-08-25 10:07:18,725 [INFO] IPUIPlugin:80 - create IPUIPlugin
2024-08-25 10:07:18,725 [INFO] PluginManager:220 - loadIPPluginJar : add tsc
2024-08-25 10:07:18,728 [INFO] IPUIPlugin:80 - create IPUIPlugin
2024-08-25 10:07:18,729 [INFO] PluginManager:220 - loadIPPluginJar : add ucpd
2024-08-25 10:07:18,732 [INFO] IPUIPlugin:80 - create IPUIPlugin
2024-08-25 10:07:18,732 [INFO] PluginManager:220 - loadIPPluginJar : add usart
2024-08-25 10:07:18,735 [INFO] IPUIPlugin:80 - create IPUIPlugin
2024-08-25 10:07:18,736 [INFO] PluginManager:220 - loadIPPluginJar : add usbx
2024-08-25 10:07:18,876 [INFO] CADModel:165 - CPN selected for project level
2024-08-25 10:07:18,876 [INFO] CADModel:114 - Register for checkConnection events
2024-08-25 10:07:18,876 [FATAL] Updater:334 - Updater called before beeing initialized
2024-08-25 10:07:18,877 [ERROR] CADModel:125 - Updater not yet initialized, retry later 
2024-08-25 10:07:19,033 [INFO] CADModel:165 - CPN selected for project level
2024-08-25 10:07:19,033 [INFO] CADModel:114 - Register for checkConnection events
2024-08-25 10:07:19,033 [FATAL] Updater:334 - Updater called before beeing initialized
2024-08-25 10:07:19,033 [ERROR] CADModel:125 - Updater not yet initialized, retry later 
2024-08-25 10:07:19,037 [FATAL] Updater:334 - Updater called before beeing initialized
2024-08-25 10:07:19,161 [FATAL] Updater:334 - Updater called before beeing initialized
2024-08-25 10:07:19,165 [INFO] DbMcusAds:53 - JSON generation date=Thu May 16 06:22:00 BRT 2024 (1715851320667)
2024-08-25 10:07:19,165 [FATAL] Updater:334 - Updater called before beeing initialized
2024-08-25 10:07:19,206 [WARN] DetailPanel:346 - Failed to get advertising image, set to default
2024-08-25 10:07:19,321 [FATAL] Updater:334 - Updater called before beeing initialized
2024-08-25 10:07:19,323 [FATAL] Updater:334 - Updater called before beeing initialized
2024-08-25 10:07:19,323 [FATAL] Updater:334 - Updater called before beeing initialized
2024-08-25 10:07:19,323 [WARN] DetailPanel:346 - Failed to get advertising image, set to default
2024-08-25 10:07:19,324 [FATAL] Updater:334 - Updater called before beeing initialized
2024-08-25 10:07:19,377 [ERROR] Updater:1164 - MainUpdater not yet initialized. External WinMGr cannot be set.
2024-08-25 10:07:19,380 [INFO] Updater:1100 - Updater Version found : 6.12.0
2024-08-25 10:07:19,404 [INFO] ApplicationProperties:184 - Using Application install path: C:\ST\STM32CubeIDE_1.16.0\STM32CubeIDE\plugins\com.st.stm32cube.common.mx_6.12.0.202406281431
2024-08-25 10:07:20,880 [INFO] ThirdPartyUpdaterWithRetryManager:70 - Updater plugin not ready yet. [2/15]
2024-08-25 10:07:20,998 [ERROR] LogOutputStream:75 - [STDERR_REDIRECT] Aug 25, 2024 10:07:20 AM java.util.prefs.WindowsPreferences <init>
2024-08-25 10:07:21,001 [ERROR] LogOutputStream:75 - [STDERR_REDIRECT] WARNING: Could not open/create prefs root node Software\JavaSoft\Prefs at root 0xffffffff80000002. Windows RegCreateKeyEx(...) returned error code 5.
2024-08-25 10:07:21,001 [ERROR] LogOutputStream:75 - [STDERR_REDIRECT] 
2024-08-25 10:07:21,418 [INFO] MainUpdater:2873 - connection check result : 10
2024-08-25 10:07:21,419 [INFO] MainUpdater:290 - Updater Check For Update Now.
2024-08-25 10:07:21,419 [INFO] MicroXplorer:498 - Change Database Version : DB.6.0.120
2024-08-25 10:07:21,426 [INFO] McuFinderGlobals:63 - Set McuFinder mode to 2 (CubeIDE integrated)
2024-08-25 10:07:21,428 [INFO] UserAuth:417 - Internet connection configuration mode: 1
2024-08-25 10:07:21,452 [INFO] JxBrowserEngine:152 - Initiate JxBrowser Engine with user profile folder
2024-08-25 10:07:21,610 [INFO] CheckServerUpdateThread:120 - End of CheckServer Thread
2024-08-25 10:07:22,938 [INFO] WebApp:167 - Instantiating new browser for Auth
2024-08-25 10:07:24,381 [WARN] PackLoader:240 - Cannot read IP mode file for STMicroelectronics.X-CUBE-SMBUS.2.1.0
2024-08-25 10:07:24,469 [WARN] PackLoader:240 - Cannot read IP mode file for STMicroelectronics.X-CUBE-AZRTOS-F7.1.1.0
2024-08-25 10:07:24,714 [WARN] PackLoader:240 - Cannot read IP mode file for STMicroelectronics.X-CUBE-MEMS1.11.0.0
2024-08-25 10:07:25,288 [WARN] PackLoader:240 - Cannot read IP mode file for STMicroelectronics.FP-SNS-FLIGHT1.5.0.2
2024-08-25 10:07:25,413 [WARN] PackLoader:240 - Cannot read IP mode file for STMicroelectronics.X-CUBE-DISPLAY.3.0.0
2024-08-25 10:07:25,562 [WARN] PackLoader:240 - Cannot read IP mode file for STMicroelectronics.X-CUBE-BLE1.7.0.0
2024-08-25 10:07:25,889 [WARN] PackLoader:240 - Cannot read IP mode file for emotas.I-CUBE-CANOPEN.1.3.0
2024-08-25 10:07:25,924 [WARN] PackLoader:240 - Cannot read IP mode file for STMicroelectronics.X-CUBE-BLEMGR.3.1.0
2024-08-25 10:07:25,942 [WARN] PackLoader:240 - Cannot read IP mode file for STMicroelectronics.FP-SNS-SMARTAG2.1.2.0
2024-08-25 10:07:25,959 [INFO] LogOutputStream:77 - [STDOUT_REDIRECT] 1 : Invalid condition id : UX_CORESTACK_Condition cause : null
2024-08-25 10:07:25,959 [INFO] LogOutputStream:77 - [STDOUT_REDIRECT] 1 : Invalid condition id : UX_CORESTACK_Condition cause : null
2024-08-25 10:07:25,962 [INFO] LogOutputStream:77 - [STDOUT_REDIRECT] 1 : Invalid condition id : UX_CORESTACK_Condition cause : null
2024-08-25 10:07:25,963 [INFO] LogOutputStream:77 - [STDOUT_REDIRECT] 1 : Invalid condition id : UX_CORESTACK_Condition cause : null
2024-08-25 10:07:25,964 [INFO] LogOutputStream:77 - [STDOUT_REDIRECT] 1 : Invalid condition id : UX_CORESTACK_Condition cause : null
2024-08-25 10:07:25,979 [WARN] PackLoader:240 - Cannot read IP mode file for STMicroelectronics.X-CUBE-AZRTOS-WL.2.0.0
2024-08-25 10:07:25,987 [INFO] WebApp:448 - Apply proxy settings
2024-08-25 10:07:25,989 [INFO] WebApp:533 - Chromium requires no authentication
2024-08-25 10:07:25,991 [WARN] PackLoader:240 - Cannot read IP mode file for wolfSSL.I-CUBE-wolfMQTT.1.19.0
2024-08-25 10:07:26,006 [INFO] WebApp:476 - Direct internet connection detected
2024-08-25 10:07:26,008 [WARN] PackLoader:240 - Cannot read IP mode file for WES.I-CUBE-Cesium.1.3.0
2024-08-25 10:07:26,018 [WARN] PackLoader:240 - Cannot read IP mode file for STMicroelectronics.X-CUBE-BLE2.3.3.0
2024-08-25 10:07:26,049 [WARN] PackLoader:240 - Cannot read IP mode file for STMicroelectronics.X-CUBE-AZRTOS-G0.1.1.0
2024-08-25 10:07:26,057 [INFO] WebApp:869 - Register for checkConnection events
2024-08-25 10:07:26,058 [INFO] WebApp:448 - Apply proxy settings
2024-08-25 10:07:26,058 [INFO] WebApp:533 - Chromium requires no authentication
2024-08-25 10:07:26,059 [INFO] WebApp:476 - Direct internet connection detected
2024-08-25 10:07:26,061 [WARN] PackLoader:240 - Cannot read IP mode file for STMicroelectronics.X-CUBE-NFC4.3.0.0
2024-08-25 10:07:26,080 [WARN] PackLoader:240 - Cannot read IP mode file for EmbeddedOffice.I-CUBE-FS-RTOS.1.0.1
2024-08-25 10:07:26,080 [ERROR] ConditionMgr:805 - Attr not supported : Dmpu
2024-08-25 10:07:26,080 [ERROR] ConditionMgr:805 - Attr not supported : Dmpu
2024-08-25 10:07:26,080 [ERROR] ConditionMgr:805 - Attr not supported : Dmpu
2024-08-25 10:07:26,080 [ERROR] ConditionMgr:805 - Attr not supported : Dmpu
2024-08-25 10:07:26,080 [ERROR] ConditionMgr:805 - Attr not supported : Dmpu
2024-08-25 10:07:26,080 [ERROR] ConditionMgr:805 - Attr not supported : Dmpu
2024-08-25 10:07:26,080 [ERROR] ConditionMgr:805 - Attr not supported : Dmpu
2024-08-25 10:07:26,081 [ERROR] ConditionMgr:805 - Attr not supported : Dmpu
2024-08-25 10:07:26,081 [ERROR] ConditionMgr:805 - Attr not supported : Dmpu
2024-08-25 10:07:26,081 [ERROR] ConditionMgr:805 - Attr not supported : Dmpu
2024-08-25 10:07:26,081 [ERROR] ConditionMgr:805 - Attr not supported : Dmpu
2024-08-25 10:07:26,081 [ERROR] ConditionMgr:805 - Attr not supported : Dmpu
2024-08-25 10:07:26,081 [ERROR] ConditionMgr:805 - Attr not supported : Dmpu
2024-08-25 10:07:26,081 [ERROR] ConditionMgr:805 - Attr not supported : Dmpu
2024-08-25 10:07:26,081 [ERROR] ConditionMgr:805 - Attr not supported : Dmpu
2024-08-25 10:07:26,081 [ERROR] ConditionMgr:805 - Attr not supported : Dmpu
2024-08-25 10:07:26,081 [ERROR] ConditionMgr:805 - Attr not supported : Dmpu
2024-08-25 10:07:26,081 [ERROR] ConditionMgr:805 - Attr not supported : Dmpu
2024-08-25 10:07:26,082 [ERROR] ConditionMgr:805 - Attr not supported : Dmpu
2024-08-25 10:07:26,082 [ERROR] ConditionMgr:805 - Attr not supported : Dmpu
2024-08-25 10:07:26,082 [ERROR] ConditionMgr:805 - Attr not supported : Dmpu
2024-08-25 10:07:26,082 [ERROR] ConditionMgr:805 - Attr not supported : Dmpu
2024-08-25 10:07:26,082 [ERROR] ConditionMgr:805 - Attr not supported : Dmpu
2024-08-25 10:07:26,082 [ERROR] ConditionMgr:805 - Attr not supported : Dmpu
2024-08-25 10:07:26,082 [ERROR] ConditionMgr:805 - Attr not supported : Dmpu
2024-08-25 10:07:26,082 [ERROR] ConditionMgr:805 - Attr not supported : Dmpu
2024-08-25 10:07:26,082 [ERROR] ConditionMgr:805 - Attr not supported : Dmpu
2024-08-25 10:07:26,082 [ERROR] ConditionMgr:805 - Attr not supported : Dmpu
2024-08-25 10:07:26,082 [ERROR] ConditionMgr:805 - Attr not supported : Dmpu
2024-08-25 10:07:26,082 [ERROR] ConditionMgr:805 - Attr not supported : Dmpu
2024-08-25 10:07:26,082 [ERROR] ConditionMgr:805 - Attr not supported : Dmpu
2024-08-25 10:07:26,082 [ERROR] ConditionMgr:805 - Attr not supported : Dmpu
2024-08-25 10:07:26,082 [ERROR] ConditionMgr:805 - Attr not supported : Dmpu
2024-08-25 10:07:26,083 [ERROR] ConditionMgr:805 - Attr not supported : Dmpu
2024-08-25 10:07:26,083 [ERROR] ConditionMgr:805 - Attr not supported : Dmpu
2024-08-25 10:07:26,083 [ERROR] ConditionMgr:805 - Attr not supported : Dmpu
2024-08-25 10:07:26,083 [ERROR] ConditionMgr:805 - Attr not supported : Dmpu
2024-08-25 10:07:26,083 [ERROR] ConditionMgr:805 - Attr not supported : Dmpu
2024-08-25 10:07:26,083 [ERROR] ConditionMgr:805 - Attr not supported : Dmpu
2024-08-25 10:07:26,083 [ERROR] ConditionMgr:805 - Attr not supported : Dmpu
2024-08-25 10:07:26,083 [ERROR] ConditionMgr:805 - Attr not supported : Dmpu
2024-08-25 10:07:26,083 [ERROR] ConditionMgr:805 - Attr not supported : Dmpu
2024-08-25 10:07:26,083 [ERROR] ConditionMgr:805 - Attr not supported : Dmpu
2024-08-25 10:07:26,084 [ERROR] ConditionMgr:805 - Attr not supported : Dmpu
2024-08-25 10:07:26,084 [ERROR] ConditionMgr:805 - Attr not supported : Dmpu
2024-08-25 10:07:26,084 [ERROR] ConditionMgr:805 - Attr not supported : Dmpu
2024-08-25 10:07:26,084 [ERROR] ConditionMgr:805 - Attr not supported : Dmpu
2024-08-25 10:07:26,084 [ERROR] ConditionMgr:805 - Attr not supported : Dmpu
2024-08-25 10:07:26,084 [ERROR] ConditionMgr:805 - Attr not supported : Dmpu
2024-08-25 10:07:26,084 [ERROR] ConditionMgr:805 - Attr not supported : Dmpu
2024-08-25 10:07:26,084 [ERROR] ConditionMgr:805 - Attr not supported : Dmpu
2024-08-25 10:07:26,084 [ERROR] ConditionMgr:805 - Attr not supported : Dmpu
2024-08-25 10:07:26,084 [ERROR] ConditionMgr:805 - Attr not supported : Dmpu
2024-08-25 10:07:26,084 [ERROR] ConditionMgr:805 - Attr not supported : Dmpu
2024-08-25 10:07:26,085 [ERROR] ConditionMgr:805 - Attr not supported : Dmpu
2024-08-25 10:07:26,085 [ERROR] ConditionMgr:805 - Attr not supported : Dmpu
2024-08-25 10:07:26,085 [ERROR] ConditionMgr:805 - Attr not supported : Dmpu
2024-08-25 10:07:26,085 [ERROR] ConditionMgr:805 - Attr not supported : Dmpu
2024-08-25 10:07:26,085 [ERROR] ConditionMgr:805 - Attr not supported : Dmpu
2024-08-25 10:07:26,085 [ERROR] ConditionMgr:805 - Attr not supported : Dmpu
2024-08-25 10:07:26,085 [ERROR] ConditionMgr:805 - Attr not supported : Dmpu
2024-08-25 10:07:26,085 [ERROR] ConditionMgr:805 - Attr not supported : Dmpu
2024-08-25 10:07:26,085 [ERROR] ConditionMgr:805 - Attr not supported : Dmpu
2024-08-25 10:07:26,085 [ERROR] ConditionMgr:805 - Attr not supported : Dmpu
2024-08-25 10:07:26,094 [WARN] PackLoader:240 - Cannot read IP mode file for RealThread.X-CUBE-RT-Thread_Nano.4.1.1
2024-08-25 10:07:26,101 [WARN] PackLoader:240 - Cannot read IP mode file for STMicroelectronics.FP-ATR-SIGFOX1.3.2.0
2024-08-25 10:07:26,111 [WARN] PackLoader:240 - Cannot read IP mode file for STMicroelectronics.X-CUBE-EEPRMA1.5.1.0
2024-08-25 10:07:26,125 [WARN] PackLoader:240 - Cannot read IP mode file for ITTIA_DB.I-CUBE-ITTIADB.8.9.0
2024-08-25 10:07:26,161 [WARN] PackLoader:240 - Cannot read IP mode file for SEGGER.I-CUBE-embOS.1.3.1
2024-08-25 10:07:26,211 [WARN] PackLoader:240 - Cannot read IP mode file for STMicroelectronics.X-CUBE-GNSS1.6.0.0
2024-08-25 10:07:26,232 [WARN] PackLoader:240 - Cannot read IP mode file for STMicroelectronics.X-CUBE-AZRTOS-F4.1.1.0
2024-08-25 10:07:26,259 [WARN] PackLoader:240 - Cannot read IP mode file for STMicroelectronics.X-CUBE-AZRTOS-L5.2.0.0
2024-08-25 10:07:26,272 [WARN] PackLoader:240 - Cannot read IP mode file for STMicroelectronics.X-CUBE-AI.9.0.0
2024-08-25 10:07:26,282 [WARN] PackLoader:240 - Cannot read IP mode file for STMicroelectronics.X-CUBE-NFC7.1.0.1
2024-08-25 10:07:26,290 [WARN] PackLoader:240 - Cannot read IP mode file for wolfSSL.I-CUBE-wolfTPM.3.2.0
2024-08-25 10:07:26,310 [WARN] ConditionMgr:438 - getConditionDescription Invalid condition id : LAN8742 Phy interface Condition cause : null
2024-08-25 10:07:26,311 [WARN] PackLoader:240 - Cannot read IP mode file for STMicroelectronics.X-CUBE-AZRTOS-L4.2.0.0
2024-08-25 10:07:26,313 [WARN] ConditionMgr:1039 - genDependencies : Invalid condition id : LAN8742 Phy interface Condition cause : null
2024-08-25 10:07:26,313 [WARN] ConditionMgr:1039 - genDependencies : Invalid condition id : LAN8742 Phy interface Condition cause : null
2024-08-25 10:07:26,314 [WARN] ConditionMgr:1039 - genDependencies : Invalid condition id : LAN8742 Phy interface Condition cause : null
2024-08-25 10:07:26,329 [WARN] PackLoader:240 - Cannot read IP mode file for STMicroelectronics.X-CUBE-SFXS2LP1.4.0.0
2024-08-25 10:07:26,355 [WARN] PackLoader:240 - Cannot read IP mode file for STMicroelectronics.X-CUBE-AZRTOS-H7.3.3.0
2024-08-25 10:07:26,371 [INFO] WebApp:220 - Starting web application
2024-08-25 10:07:26,372 [INFO] WebApp:578 - Web application path used C:\ST\STM32CubeIDE_1.16.0\STM32CubeIDE\plugins\com.st.stm32cube.common.mx_6.12.0.202406281431\db\plugins\mcufinder\reactClient1\index.html
2024-08-25 10:07:26,378 [WARN] ConditionMgr:438 - getConditionDescription Invalid condition id : UX DEVICE CLASS RTOS Condition cause : null
2024-08-25 10:07:26,378 [WARN] ConditionMgr:438 - getConditionDescription Invalid condition id : UX DEVICE CLASS RTOS Condition cause : null
2024-08-25 10:07:26,382 [WARN] PackLoader:240 - Cannot read IP mode file for STMicroelectronics.X-CUBE-AZRTOS-WB.2.0.0
2024-08-25 10:07:26,384 [WARN] ConditionMgr:1039 - genDependencies : Invalid condition id : UX DEVICE CLASS RTOS Condition cause : null
2024-08-25 10:07:26,384 [WARN] ConditionMgr:1039 - genDependencies : Invalid condition id : UX DEVICE CLASS RTOS Condition cause : null
2024-08-25 10:07:26,385 [WARN] ConditionMgr:1039 - genDependencies : Invalid condition id : UX DEVICE CLASS RTOS Condition cause : null
2024-08-25 10:07:26,385 [WARN] ConditionMgr:1039 - genDependencies : Invalid condition id : UX DEVICE CLASS RTOS Condition cause : null
2024-08-25 10:07:26,386 [WARN] ConditionMgr:1039 - genDependencies : Invalid condition id : UX DEVICE CLASS RTOS Condition cause : null
2024-08-25 10:07:26,407 [WARN] PackLoader:240 - Cannot read IP mode file for STMicroelectronics.X-CUBE-SUBG2.5.0.0
2024-08-25 10:07:26,424 [WARN] PackLoader:240 - Cannot read IP mode file for Cesanta.I-CUBE-Mongoose.7.13.0
2024-08-25 10:07:26,447 [WARN] PackLoader:240 - Cannot read IP mode file for STMicroelectronics.X-CUBE-AZRTOS-G4.2.0.0
2024-08-25 10:07:26,458 [WARN] PackLoader:240 - Cannot read IP mode file for STMicroelectronics.X-CUBE-ISPU.2.0.0
2024-08-25 10:07:26,516 [WARN] PackLoader:240 - Cannot read IP mode file for STMicroelectronics.X-CUBE-MEMS1.10.0.0
2024-08-25 10:07:26,589 [INFO] UserAuth:417 - Internet connection configuration mode: 1
2024-08-25 10:07:26,786 [WARN] PackLoader:240 - Cannot read IP mode file for portGmbH.I-Cube-SoM-uGOAL.1.1.0
2024-08-25 10:07:26,797 [WARN] PackLoader:240 - Cannot read IP mode file for STMicroelectronics.FP-ATR-ASTRA1.2.0.0
2024-08-25 10:07:26,838 [WARN] PackLoader:240 - Cannot read IP mode file for Infineon.AIROC-Wi-Fi-Bluetooth-STM32.1.6.1
2024-08-25 10:07:26,899 [WARN] PackLoader:240 - Cannot read IP mode file for STMicroelectronics.X-CUBE-AZRTOS-H7.3.2.0
2024-08-25 10:07:26,915 [WARN] PackLoader:240 - Cannot read IP mode file for wolfSSL.I-CUBE-wolfSSH.1.4.17
2024-08-25 10:07:26,918 [INFO] ThirdParty:978 - Integrity check success = true
2024-08-25 10:07:26,918 [INFO] IntegrityCheckThread:100 - exiting critical section [integrity check]
2024-08-25 10:07:26,918 [INFO] IntegrityCheckThread:103 - End integrity checks thread
2024-08-25 10:07:27,416 [INFO] WebApp:186 - Connection restablished
2024-08-25 11:30:48,344 [ERROR] LogOutputStream:75 - [STDERR_REDIRECT] 
2024-08-25 11:31:03,914 [INFO] Activator:176 - 


2024-08-25 11:31:03,917 [INFO] Activator:177 - !SESSION log4j initialized
2024-08-25 11:31:09,380 [INFO] LogOutputStream:77 - [STDOUT_REDIRECT] 
2024-08-25 11:31:10,647 [INFO] ApplicationProperties:184 - Using Application install path: C:\ST\STM32CubeIDE_1.16.0\STM32CubeIDE\plugins\com.st.stm32cube.common.mx_6.12.0.202406281431
2024-08-25 11:31:10,665 [INFO] DbMcusXml:78 - Set database path to: C:\ST\STM32CubeIDE_1.16.0\STM32CubeIDE\plugins\com.st.stm32cube.common.mx_6.12.0.202406281431\\db\/mcu/
2024-08-25 11:31:10,666 [INFO] ApiDb:274 - Set plugin database path to: C:\ST\STM32CubeIDE_1.16.0\STM32CubeIDE\plugins\com.st.stm32cube.common.mx_6.12.0.202406281431\\db\/plugins/boardmanager/
2024-08-25 11:31:10,666 [WARN] ApiDb:259 - Overriding images path with different value:  => C:\ST\STM32CubeIDE_1.16.0\STM32CubeIDE\plugins\com.st.stm32cube.common.mx_6.12.0.202406281431\\db\/plugins/mcufinder/images/
2024-08-25 11:31:10,676 [INFO] ApiDb:250 - Set database path to: C:\Users\lagoeirl\.stmcufinder\plugins\mcufinder//mcu/
2024-08-25 11:31:10,677 [INFO] DbMcusAds:125 - Set database path to: C:\Users\lagoeirl\.stmcufinder\plugins\mcufinder//mcu/
2024-08-25 11:31:10,679 [INFO] CrossReferenceDbSqlite:203 - Set database path to: C:\Users\lagoeirl\.stmcufinder\plugins\mcufinder//mcu/cs/
2024-08-25 11:31:10,769 [INFO] RulesReader:64 - Compatibility file has been processed (297 Rules)
2024-08-25 11:31:10,870 [INFO] DbMcusXml:78 - Set database path to: C:\ST\STM32CubeIDE_1.16.0\STM32CubeIDE\plugins\com.st.stm32cube.common.mx_6.12.0.202406281431\\db\/mcu/
2024-08-25 11:31:10,870 [INFO] ApiDb:274 - Set plugin database path to: C:\ST\STM32CubeIDE_1.16.0\STM32CubeIDE\plugins\com.st.stm32cube.common.mx_6.12.0.202406281431\\db\/plugins/boardmanager/
2024-08-25 11:31:10,870 [INFO] ApiDb:261 - Set plugin images path to: C:\ST\STM32CubeIDE_1.16.0\STM32CubeIDE\plugins\com.st.stm32cube.common.mx_6.12.0.202406281431\\db\/plugins/mcufinder/images/
2024-08-25 11:31:10,871 [WARN] DbFile:41 - Overriding database path with different value: C:\Users\lagoeirl\.stmcufinder\plugins\mcufinder/ => C:\Users\lagoeirl\.stmcufinder\plugins\mcufinder
2024-08-25 11:31:10,871 [INFO] ApiDb:250 - Set database path to: C:\Users\lagoeirl\.stmcufinder\plugins\mcufinder//mcu/
2024-08-25 11:31:10,871 [WARN] DbFile:41 - Overriding database path with different value: C:\Users\lagoeirl\.stmcufinder\plugins\mcufinder/ => C:\Users\lagoeirl\.stmcufinder\plugins\mcufinder
2024-08-25 11:31:10,871 [INFO] DbMcusAds:125 - Set database path to: C:\Users\lagoeirl\.stmcufinder\plugins\mcufinder//mcu/
2024-08-25 11:31:10,871 [WARN] DbFile:41 - Overriding database path with different value: C:\Users\lagoeirl\.stmcufinder\plugins\mcufinder/ => C:\Users\lagoeirl\.stmcufinder\plugins\mcufinder
2024-08-25 11:31:10,871 [WARN] DbFile:41 - Overriding database path with different value: C:\Users\lagoeirl\.stmcufinder\plugins\mcufinder/ => C:\Users\lagoeirl\.stmcufinder\plugins\mcufinder
2024-08-25 11:31:10,871 [INFO] CrossReferenceDbSqlite:203 - Set database path to: C:\Users\lagoeirl\.stmcufinder\plugins\mcufinder//mcu/cs/
2024-08-25 11:31:10,975 [INFO] MainPanel:268 - HeapMemory: 268435456
2024-08-25 11:31:11,105 [INFO] DbMcusXml:78 - Set database path to: C:\ST\STM32CubeIDE_1.16.0\STM32CubeIDE\plugins\com.st.stm32cube.common.mx_6.12.0.202406281431\\db\/mcu/
2024-08-25 11:31:11,105 [INFO] ApiDb:274 - Set plugin database path to: C:\ST\STM32CubeIDE_1.16.0\STM32CubeIDE\plugins\com.st.stm32cube.common.mx_6.12.0.202406281431\\db\/plugins/boardmanager/
2024-08-25 11:31:11,105 [INFO] ApiDb:261 - Set plugin images path to: C:\ST\STM32CubeIDE_1.16.0\STM32CubeIDE\plugins\com.st.stm32cube.common.mx_6.12.0.202406281431\\db\/plugins/mcufinder/images/
2024-08-25 11:31:11,105 [WARN] DbFile:41 - Overriding database path with different value: C:\Users\lagoeirl\.stmcufinder\plugins\mcufinder/ => C:\Users\lagoeirl\.stmcufinder\plugins\mcufinder
2024-08-25 11:31:11,105 [INFO] ApiDb:250 - Set database path to: C:\Users\lagoeirl\.stmcufinder\plugins\mcufinder//mcu/
2024-08-25 11:31:11,105 [WARN] DbFile:41 - Overriding database path with different value: C:\Users\lagoeirl\.stmcufinder\plugins\mcufinder/ => C:\Users\lagoeirl\.stmcufinder\plugins\mcufinder
2024-08-25 11:31:11,105 [INFO] DbMcusAds:125 - Set database path to: C:\Users\lagoeirl\.stmcufinder\plugins\mcufinder//mcu/
2024-08-25 11:31:11,106 [WARN] DbFile:41 - Overriding database path with different value: C:\Users\lagoeirl\.stmcufinder\plugins\mcufinder/ => C:\Users\lagoeirl\.stmcufinder\plugins\mcufinder
2024-08-25 11:31:11,106 [WARN] DbFile:41 - Overriding database path with different value: C:\Users\lagoeirl\.stmcufinder\plugins\mcufinder/ => C:\Users\lagoeirl\.stmcufinder\plugins\mcufinder
2024-08-25 11:31:11,106 [INFO] CrossReferenceDbSqlite:203 - Set database path to: C:\Users\lagoeirl\.stmcufinder\plugins\mcufinder//mcu/cs/
2024-08-25 11:31:11,128 [INFO] ApplicationProperties:184 - Using Application install path: C:\ST\STM32CubeIDE_1.16.0\STM32CubeIDE\plugins\com.st.stm32cube.common.mx_6.12.0.202406281431
2024-08-25 11:31:11,129 [INFO] PluginManage:196 - Search for loadable plugins [exclusion list=, ]
2024-08-25 11:31:11,131 [INFO] PluginManage:310 - Check plugin analytics
2024-08-25 11:31:11,284 [INFO] AnalyticsPlugin:253 - Accepted Software Licenses: STM32CubeMX.6.11.1
2024-08-25 11:31:11,284 [INFO] AnalyticsPlugin:255 - Accepted CMSIS Pack Licenses: 
2024-08-25 11:31:11,284 [INFO] AnalyticsPlugin:257 - Accepted Firmware Licenses: FW.H7.1.11.0,FW.L4.1.18.0
2024-08-25 11:31:11,287 [INFO] PluginManage:359 - Loaded plugin analytics (category:tool,tabindex:-1)
2024-08-25 11:31:11,287 [INFO] PluginManage:310 - Check plugin cadmodel
2024-08-25 11:31:11,293 [INFO] CADModel:105 - Init CAD model plugin
2024-08-25 11:31:11,293 [INFO] PluginManage:359 - Loaded plugin cadmodel (category:power,tabindex:5)
2024-08-25 11:31:11,293 [INFO] PluginManage:310 - Check plugin clock
2024-08-25 11:31:11,302 [INFO] PluginManage:359 - Loaded plugin clock (category:base,tabindex:2)
2024-08-25 11:31:11,302 [INFO] PluginManage:310 - Check plugin ddr
2024-08-25 11:31:11,305 [INFO] PluginManage:359 - Loaded plugin ddr (category:tool,tabindex:6)
2024-08-25 11:31:11,305 [INFO] PluginManage:310 - Check plugin filemanager
2024-08-25 11:31:11,440 [INFO] PluginManage:359 - Loaded plugin filemanager (category:base,tabindex:10)
2024-08-25 11:31:11,440 [INFO] PluginManage:310 - Check plugin ipmanager
2024-08-25 11:31:11,451 [INFO] PluginManage:359 - Loaded plugin ipmanager (category:base,tabindex:5)
2024-08-25 11:31:11,451 [INFO] PluginManage:310 - Check plugin lpbam
2024-08-25 11:31:11,460 [INFO] PluginManage:359 - Loaded plugin lpbam (category:base,tabindex:0)
2024-08-25 11:31:11,460 [INFO] PluginManage:310 - Check plugin memorymap
2024-08-25 11:31:11,475 [INFO] PluginManage:359 - Loaded plugin memorymap (category:base,tabindex:4)
2024-08-25 11:31:11,476 [INFO] PluginManage:310 - Check plugin pinoutandconfiguration
2024-08-25 11:31:11,485 [INFO] PluginManage:359 - Loaded plugin pinoutandconfiguration (category:base,tabindex:1)
2024-08-25 11:31:11,485 [INFO] PluginManage:310 - Check plugin pinoutconfig
2024-08-25 11:31:11,564 [WARN] SupportedApi:132 - Cannot load RTOS API schema: s4s-elt-must-match.1: The content of 'definitions' must match (annotation?, (simpleType | complexType)?, (unique | key | keyref)*)). A problem was found starting at: attribute.
2024-08-25 11:31:11,724 [INFO] PluginManage:359 - Loaded plugin pinoutconfig (category:base,tabindex:0)
2024-08-25 11:31:11,724 [INFO] PluginManage:310 - Check plugin power
2024-08-25 11:31:11,737 [INFO] PluginManage:359 - Loaded plugin power (category:power,tabindex:4)
2024-08-25 11:31:11,737 [INFO] PluginManage:310 - Check plugin projectmanager
2024-08-25 11:31:11,758 [INFO] PluginManage:359 - Loaded plugin projectmanager (category:projectmanager,tabindex:4)
2024-08-25 11:31:11,759 [INFO] PluginManage:310 - Check plugin rif
2024-08-25 11:31:11,767 [INFO] PluginManage:359 - Loaded plugin rif (category:base,tabindex:3)
2024-08-25 11:31:11,767 [INFO] PluginManage:310 - Check plugin thirdparty
2024-08-25 11:31:11,957 [INFO] PluginManage:359 - Loaded plugin thirdparty (category:base,tabindex:-1)
2024-08-25 11:31:11,957 [WARN] IntegrityCheckThread:84 - waiting for thirdparty lock release [integrity check]
2024-08-25 11:31:11,957 [INFO] PluginManage:310 - Check plugin tools
2024-08-25 11:31:11,957 [INFO] IntegrityCheckThread:86 - entering critical section [integrity check]
2024-08-25 11:31:11,959 [INFO] ThirdPartyUpdaterWithRetryManager:70 - Updater plugin not ready yet. [1/15]
2024-08-25 11:31:11,963 [INFO] PluginManage:359 - Loaded plugin tools (category:base,tabindex:7)
2024-08-25 11:31:11,963 [INFO] PluginManage:310 - Check plugin tutovideos
2024-08-25 11:31:12,166 [INFO] PluginManage:359 - Loaded plugin tutovideos (category:base,tabindex:-1)
2024-08-25 11:31:12,166 [INFO] PluginManage:310 - Check plugin updater
2024-08-25 11:31:12,184 [INFO] PluginManage:359 - Loaded plugin updater (category:base,tabindex:12)
2024-08-25 11:31:12,184 [INFO] PluginManage:310 - Check plugin userauth
2024-08-25 11:31:12,190 [INFO] UserAuth:113 - Init User Auth plugin
2024-08-25 11:31:12,191 [INFO] PluginManage:359 - Loaded plugin userauth (category:base,tabindex:14)
2024-08-25 11:31:12,191 [INFO] PluginManage:283 - PluginManage : Loaded plugins [18]
2024-08-25 11:31:12,430 [INFO] PinOutPanel:1561 - setPackage(No Configuration,No Configuration)
2024-08-25 11:31:12,531 [INFO] CADModel:165 - CPN selected for project level
2024-08-25 11:31:12,531 [INFO] CADModel:114 - Register for checkConnection events
2024-08-25 11:31:12,552 [INFO] IPUIPlugin:80 - create IPUIPlugin
2024-08-25 11:31:12,553 [INFO] PluginManager:220 - loadIPPluginJar : add adc
2024-08-25 11:31:12,555 [INFO] IPUIPlugin:80 - create IPUIPlugin
2024-08-25 11:31:12,555 [INFO] PluginManager:220 - loadIPPluginJar : add aes
2024-08-25 11:31:12,558 [INFO] IPUIPlugin:80 - create IPUIPlugin
2024-08-25 11:31:12,559 [INFO] PluginManager:220 - loadIPPluginJar : add can
2024-08-25 11:31:12,562 [INFO] IPUIPlugin:80 - create IPUIPlugin
2024-08-25 11:31:12,562 [INFO] PluginManager:220 - loadIPPluginJar : add comp
2024-08-25 11:31:12,564 [INFO] IPUIPlugin:80 - create IPUIPlugin
2024-08-25 11:31:12,564 [INFO] PluginManager:220 - loadIPPluginJar : add cryp
2024-08-25 11:31:12,567 [INFO] IPUIPlugin:80 - create IPUIPlugin
2024-08-25 11:31:12,567 [INFO] PluginManager:220 - loadIPPluginJar : add ddr_ctrl_phy
2024-08-25 11:31:12,569 [INFO] IPUIPlugin:80 - create IPUIPlugin
2024-08-25 11:31:12,569 [INFO] PluginManager:220 - loadIPPluginJar : add dfsdm
2024-08-25 11:31:12,574 [INFO] IPUIPlugin:80 - create IPUIPlugin
2024-08-25 11:31:12,574 [INFO] PluginManager:220 - loadIPPluginJar : add dma
2024-08-25 11:31:12,577 [INFO] IPUIPlugin:80 - create IPUIPlugin
2024-08-25 11:31:12,577 [INFO] PluginManager:220 - loadIPPluginJar : add dma3
2024-08-25 11:31:12,581 [INFO] IPUIPlugin:80 - create IPUIPlugin
2024-08-25 11:31:12,581 [INFO] PluginManager:220 - loadIPPluginJar : add extmemmanager
2024-08-25 11:31:12,582 [INFO] IPUIPlugin:80 - create IPUIPlugin
2024-08-25 11:31:12,582 [INFO] PluginManager:220 - loadIPPluginJar : add fatfs
2024-08-25 11:31:12,586 [INFO] IPUIPlugin:80 - create IPUIPlugin
2024-08-25 11:31:12,586 [INFO] PluginManager:220 - loadIPPluginJar : add fmc
2024-08-25 11:31:12,591 [INFO] IPUIPlugin:80 - create IPUIPlugin
2024-08-25 11:31:12,591 [INFO] PluginManager:220 - loadIPPluginJar : add freertos
2024-08-25 11:31:12,593 [INFO] IPUIPlugin:80 - create IPUIPlugin
2024-08-25 11:31:12,593 [INFO] PluginManager:220 - loadIPPluginJar : add genericplugin
2024-08-25 11:31:12,595 [INFO] IPUIPlugin:80 - create IPUIPlugin
2024-08-25 11:31:12,595 [INFO] PluginManager:220 - loadIPPluginJar : add gfxmmu
2024-08-25 11:31:12,600 [INFO] IPUIPlugin:80 - create IPUIPlugin
2024-08-25 11:31:12,600 [INFO] PluginManager:220 - loadIPPluginJar : add gic
2024-08-25 11:31:12,603 [INFO] IPUIPlugin:80 - create IPUIPlugin
2024-08-25 11:31:12,603 [INFO] PluginManager:220 - loadIPPluginJar : add gpio
2024-08-25 11:31:12,607 [INFO] IPUIPlugin:80 - create IPUIPlugin
2024-08-25 11:31:12,607 [INFO] PluginManager:220 - loadIPPluginJar : add gtzc
2024-08-25 11:31:12,609 [INFO] IPUIPlugin:80 - create IPUIPlugin
2024-08-25 11:31:12,609 [INFO] PluginManager:220 - loadIPPluginJar : add hash
2024-08-25 11:31:12,611 [INFO] IPUIPlugin:80 - create IPUIPlugin
2024-08-25 11:31:12,611 [INFO] PluginManager:220 - loadIPPluginJar : add i2c
2024-08-25 11:31:12,614 [INFO] IPUIPlugin:80 - create IPUIPlugin
2024-08-25 11:31:12,614 [INFO] PluginManager:220 - loadIPPluginJar : add i2s
2024-08-25 11:31:12,616 [INFO] IPUIPlugin:80 - create IPUIPlugin
2024-08-25 11:31:12,617 [INFO] PluginManager:220 - loadIPPluginJar : add i3c
2024-08-25 11:31:12,620 [INFO] IPUIPlugin:80 - create IPUIPlugin
2024-08-25 11:31:12,620 [INFO] PluginManager:220 - loadIPPluginJar : add ipddr
2024-08-25 11:31:12,627 [INFO] IPUIPlugin:80 - create IPUIPlugin
2024-08-25 11:31:12,627 [INFO] PluginManager:220 - loadIPPluginJar : add linkedlist
2024-08-25 11:31:12,629 [INFO] IPUIPlugin:80 - create IPUIPlugin
2024-08-25 11:31:12,629 [INFO] PluginManager:220 - loadIPPluginJar : add lorawan
2024-08-25 11:31:12,631 [INFO] IPUIPlugin:80 - create IPUIPlugin
2024-08-25 11:31:12,631 [INFO] PluginManager:220 - loadIPPluginJar : add ltdc
2024-08-25 11:31:12,636 [INFO] IPUIPlugin:80 - create IPUIPlugin
2024-08-25 11:31:12,636 [INFO] PluginManager:220 - loadIPPluginJar : add mdma
2024-08-25 11:31:12,641 [INFO] IPUIPlugin:80 - create IPUIPlugin
2024-08-25 11:31:12,642 [INFO] PluginManager:220 - loadIPPluginJar : add nvic
2024-08-25 11:31:12,645 [INFO] IPUIPlugin:80 - create IPUIPlugin
2024-08-25 11:31:12,645 [INFO] PluginManager:220 - loadIPPluginJar : add opamp
2024-08-25 11:31:12,648 [INFO] IPUIPlugin:80 - create IPUIPlugin
2024-08-25 11:31:12,648 [INFO] PluginManager:220 - loadIPPluginJar : add openamp
2024-08-25 11:31:12,651 [INFO] IPUIPlugin:80 - create IPUIPlugin
2024-08-25 11:31:12,651 [INFO] PluginManager:220 - loadIPPluginJar : add pdm2pcm
2024-08-25 11:31:12,659 [INFO] IPUIPlugin:80 - create IPUIPlugin
2024-08-25 11:31:12,661 [INFO] PluginManager:220 - loadIPPluginJar : add plateformsettings
2024-08-25 11:31:12,663 [INFO] IPUIPlugin:80 - create IPUIPlugin
2024-08-25 11:31:12,663 [INFO] PluginManager:220 - loadIPPluginJar : add quadspi
2024-08-25 11:31:12,665 [INFO] IPUIPlugin:80 - create IPUIPlugin
2024-08-25 11:31:12,666 [INFO] PluginManager:220 - loadIPPluginJar : add radio
2024-08-25 11:31:12,671 [INFO] IPUIPlugin:80 - create IPUIPlugin
2024-08-25 11:31:12,672 [INFO] PluginManager:220 - loadIPPluginJar : add resmgrutility
2024-08-25 11:31:12,675 [INFO] IPUIPlugin:80 - create IPUIPlugin
2024-08-25 11:31:12,675 [INFO] PluginManager:220 - loadIPPluginJar : add sai
2024-08-25 11:31:12,679 [INFO] IPUIPlugin:80 - create IPUIPlugin
2024-08-25 11:31:12,679 [INFO] PluginManager:220 - loadIPPluginJar : add spi
2024-08-25 11:31:12,684 [INFO] IPUIPlugin:80 - create IPUIPlugin
2024-08-25 11:31:12,684 [INFO] PluginManager:220 - loadIPPluginJar : add stm32_wpan
2024-08-25 11:31:12,687 [INFO] IPUIPlugin:80 - create IPUIPlugin
2024-08-25 11:31:12,687 [INFO] PluginManager:220 - loadIPPluginJar : add tim
2024-08-25 11:31:12,691 [INFO] IPUIPlugin:80 - create IPUIPlugin
2024-08-25 11:31:12,691 [INFO] PluginManager:220 - loadIPPluginJar : add touchsensing
2024-08-25 11:31:12,693 [INFO] IPUIPlugin:80 - create IPUIPlugin
2024-08-25 11:31:12,694 [INFO] PluginManager:220 - loadIPPluginJar : add tracer_emb
2024-08-25 11:31:12,696 [INFO] IPUIPlugin:80 - create IPUIPlugin
2024-08-25 11:31:12,696 [INFO] PluginManager:220 - loadIPPluginJar : add ts
2024-08-25 11:31:12,698 [INFO] IPUIPlugin:80 - create IPUIPlugin
2024-08-25 11:31:12,698 [INFO] PluginManager:220 - loadIPPluginJar : add tsc
2024-08-25 11:31:12,700 [INFO] IPUIPlugin:80 - create IPUIPlugin
2024-08-25 11:31:12,700 [INFO] PluginManager:220 - loadIPPluginJar : add ucpd
2024-08-25 11:31:12,702 [INFO] IPUIPlugin:80 - create IPUIPlugin
2024-08-25 11:31:12,702 [INFO] PluginManager:220 - loadIPPluginJar : add usart
2024-08-25 11:31:12,706 [INFO] IPUIPlugin:80 - create IPUIPlugin
2024-08-25 11:31:12,706 [INFO] PluginManager:220 - loadIPPluginJar : add usbx
2024-08-25 11:31:12,830 [INFO] CADModel:165 - CPN selected for project level
2024-08-25 11:31:12,831 [INFO] CADModel:114 - Register for checkConnection events
2024-08-25 11:31:12,831 [FATAL] Updater:334 - Updater called before beeing initialized
2024-08-25 11:31:12,831 [ERROR] CADModel:125 - Updater not yet initialized, retry later 
2024-08-25 11:31:12,969 [INFO] CADModel:165 - CPN selected for project level
2024-08-25 11:31:12,969 [INFO] CADModel:114 - Register for checkConnection events
2024-08-25 11:31:12,969 [FATAL] Updater:334 - Updater called before beeing initialized
2024-08-25 11:31:12,969 [ERROR] CADModel:125 - Updater not yet initialized, retry later 
2024-08-25 11:31:12,972 [FATAL] Updater:334 - Updater called before beeing initialized
2024-08-25 11:31:13,078 [FATAL] Updater:334 - Updater called before beeing initialized
2024-08-25 11:31:13,084 [INFO] DbMcusAds:53 - JSON generation date=Thu May 16 06:22:00 BRT 2024 (1715851320667)
2024-08-25 11:31:13,084 [FATAL] Updater:334 - Updater called before beeing initialized
2024-08-25 11:31:13,118 [WARN] DetailPanel:346 - Failed to get advertising image, set to default
2024-08-25 11:31:13,209 [FATAL] Updater:334 - Updater called before beeing initialized
2024-08-25 11:31:13,211 [FATAL] Updater:334 - Updater called before beeing initialized
2024-08-25 11:31:13,212 [FATAL] Updater:334 - Updater called before beeing initialized
2024-08-25 11:31:13,212 [WARN] DetailPanel:346 - Failed to get advertising image, set to default
2024-08-25 11:31:13,212 [FATAL] Updater:334 - Updater called before beeing initialized
2024-08-25 11:31:13,284 [ERROR] Updater:1164 - MainUpdater not yet initialized. External WinMGr cannot be set.
2024-08-25 11:31:13,288 [INFO] Updater:1100 - Updater Version found : 6.12.0
2024-08-25 11:31:13,309 [INFO] ApplicationProperties:184 - Using Application install path: C:\ST\STM32CubeIDE_1.16.0\STM32CubeIDE\plugins\com.st.stm32cube.common.mx_6.12.0.202406281431
2024-08-25 11:31:14,896 [ERROR] LogOutputStream:75 - [STDERR_REDIRECT] Aug 25, 2024 11:31:14 AM java.util.prefs.WindowsPreferences <init>
2024-08-25 11:31:14,897 [ERROR] LogOutputStream:75 - [STDERR_REDIRECT] WARNING: Could not open/create prefs root node Software\JavaSoft\Prefs at root 0xffffffff80000002. Windows RegCreateKeyEx(...) returned error code 5.
2024-08-25 11:31:14,897 [ERROR] LogOutputStream:75 - [STDERR_REDIRECT] 
2024-08-25 11:31:14,960 [INFO] ThirdPartyUpdaterWithRetryManager:70 - Updater plugin not ready yet. [2/15]
2024-08-25 11:31:15,234 [INFO] MainUpdater:2873 - connection check result : 10
2024-08-25 11:31:15,235 [INFO] MainUpdater:290 - Updater Check For Update Now.
2024-08-25 11:31:15,235 [INFO] MicroXplorer:498 - Change Database Version : DB.6.0.120
2024-08-25 11:31:15,243 [INFO] McuFinderGlobals:63 - Set McuFinder mode to 2 (CubeIDE integrated)
2024-08-25 11:31:15,245 [INFO] UserAuth:417 - Internet connection configuration mode: 1
2024-08-25 11:31:15,262 [INFO] JxBrowserEngine:152 - Initiate JxBrowser Engine with user profile folder
2024-08-25 11:31:15,409 [INFO] CheckServerUpdateThread:120 - End of CheckServer Thread
2024-08-25 11:31:17,619 [INFO] WebApp:167 - Instantiating new browser for Auth
2024-08-25 11:31:18,267 [WARN] PackLoader:240 - Cannot read IP mode file for STMicroelectronics.X-CUBE-SMBUS.2.1.0
2024-08-25 11:31:18,313 [WARN] PackLoader:240 - Cannot read IP mode file for STMicroelectronics.X-CUBE-AZRTOS-F7.1.1.0
2024-08-25 11:31:18,411 [WARN] PackLoader:240 - Cannot read IP mode file for STMicroelectronics.X-CUBE-MEMS1.11.0.0
2024-08-25 11:31:18,639 [WARN] PackLoader:240 - Cannot read IP mode file for STMicroelectronics.FP-SNS-FLIGHT1.5.0.2
2024-08-25 11:31:18,653 [WARN] PackLoader:240 - Cannot read IP mode file for STMicroelectronics.X-CUBE-DISPLAY.3.0.0
2024-08-25 11:31:18,667 [WARN] PackLoader:240 - Cannot read IP mode file for STMicroelectronics.X-CUBE-BLE1.7.0.0
2024-08-25 11:31:18,683 [WARN] PackLoader:240 - Cannot read IP mode file for emotas.I-CUBE-CANOPEN.1.3.0
2024-08-25 11:31:18,721 [WARN] PackLoader:240 - Cannot read IP mode file for STMicroelectronics.X-CUBE-BLEMGR.3.1.0
2024-08-25 11:31:18,813 [WARN] PackLoader:240 - Cannot read IP mode file for STMicroelectronics.FP-SNS-SMARTAG2.1.2.0
2024-08-25 11:31:18,833 [INFO] LogOutputStream:77 - [STDOUT_REDIRECT] 1 : Invalid condition id : UX_CORESTACK_Condition cause : null
2024-08-25 11:31:18,834 [INFO] LogOutputStream:77 - [STDOUT_REDIRECT] 1 : Invalid condition id : UX_CORESTACK_Condition cause : null
2024-08-25 11:31:18,835 [INFO] LogOutputStream:77 - [STDOUT_REDIRECT] 1 : Invalid condition id : UX_CORESTACK_Condition cause : null
2024-08-25 11:31:18,837 [INFO] LogOutputStream:77 - [STDOUT_REDIRECT] 1 : Invalid condition id : UX_CORESTACK_Condition cause : null
2024-08-25 11:31:18,839 [INFO] LogOutputStream:77 - [STDOUT_REDIRECT] 1 : Invalid condition id : UX_CORESTACK_Condition cause : null
2024-08-25 11:31:18,843 [WARN] PackLoader:240 - Cannot read IP mode file for STMicroelectronics.X-CUBE-AZRTOS-WL.2.0.0
2024-08-25 11:31:18,852 [WARN] PackLoader:240 - Cannot read IP mode file for wolfSSL.I-CUBE-wolfMQTT.1.19.0
2024-08-25 11:31:18,865 [WARN] PackLoader:240 - Cannot read IP mode file for WES.I-CUBE-Cesium.1.3.0
2024-08-25 11:31:18,873 [WARN] PackLoader:240 - Cannot read IP mode file for STMicroelectronics.X-CUBE-BLE2.3.3.0
2024-08-25 11:31:18,891 [WARN] PackLoader:240 - Cannot read IP mode file for STMicroelectronics.X-CUBE-AZRTOS-G0.1.1.0
2024-08-25 11:31:18,902 [WARN] PackLoader:240 - Cannot read IP mode file for STMicroelectronics.X-CUBE-NFC4.3.0.0
2024-08-25 11:31:18,918 [WARN] PackLoader:240 - Cannot read IP mode file for EmbeddedOffice.I-CUBE-FS-RTOS.1.0.1
2024-08-25 11:31:18,919 [ERROR] ConditionMgr:805 - Attr not supported : Dmpu
2024-08-25 11:31:18,919 [ERROR] ConditionMgr:805 - Attr not supported : Dmpu
2024-08-25 11:31:18,920 [ERROR] ConditionMgr:805 - Attr not supported : Dmpu
2024-08-25 11:31:18,920 [ERROR] ConditionMgr:805 - Attr not supported : Dmpu
2024-08-25 11:31:18,920 [ERROR] ConditionMgr:805 - Attr not supported : Dmpu
2024-08-25 11:31:18,920 [ERROR] ConditionMgr:805 - Attr not supported : Dmpu
2024-08-25 11:31:18,920 [ERROR] ConditionMgr:805 - Attr not supported : Dmpu
2024-08-25 11:31:18,920 [ERROR] ConditionMgr:805 - Attr not supported : Dmpu
2024-08-25 11:31:18,920 [ERROR] ConditionMgr:805 - Attr not supported : Dmpu
2024-08-25 11:31:18,920 [ERROR] ConditionMgr:805 - Attr not supported : Dmpu
2024-08-25 11:31:18,921 [ERROR] ConditionMgr:805 - Attr not supported : Dmpu
2024-08-25 11:31:18,921 [ERROR] ConditionMgr:805 - Attr not supported : Dmpu
2024-08-25 11:31:18,921 [ERROR] ConditionMgr:805 - Attr not supported : Dmpu
2024-08-25 11:31:18,921 [ERROR] ConditionMgr:805 - Attr not supported : Dmpu
2024-08-25 11:31:18,921 [ERROR] ConditionMgr:805 - Attr not supported : Dmpu
2024-08-25 11:31:18,921 [ERROR] ConditionMgr:805 - Attr not supported : Dmpu
2024-08-25 11:31:18,921 [ERROR] ConditionMgr:805 - Attr not supported : Dmpu
2024-08-25 11:31:18,921 [ERROR] ConditionMgr:805 - Attr not supported : Dmpu
2024-08-25 11:31:18,921 [ERROR] ConditionMgr:805 - Attr not supported : Dmpu
2024-08-25 11:31:18,921 [ERROR] ConditionMgr:805 - Attr not supported : Dmpu
2024-08-25 11:31:18,921 [ERROR] ConditionMgr:805 - Attr not supported : Dmpu
2024-08-25 11:31:18,921 [ERROR] ConditionMgr:805 - Attr not supported : Dmpu
2024-08-25 11:31:18,921 [ERROR] ConditionMgr:805 - Attr not supported : Dmpu
2024-08-25 11:31:18,921 [ERROR] ConditionMgr:805 - Attr not supported : Dmpu
2024-08-25 11:31:18,922 [ERROR] ConditionMgr:805 - Attr not supported : Dmpu
2024-08-25 11:31:18,922 [ERROR] ConditionMgr:805 - Attr not supported : Dmpu
2024-08-25 11:31:18,922 [ERROR] ConditionMgr:805 - Attr not supported : Dmpu
2024-08-25 11:31:18,922 [ERROR] ConditionMgr:805 - Attr not supported : Dmpu
2024-08-25 11:31:18,922 [ERROR] ConditionMgr:805 - Attr not supported : Dmpu
2024-08-25 11:31:18,922 [ERROR] ConditionMgr:805 - Attr not supported : Dmpu
2024-08-25 11:31:18,922 [ERROR] ConditionMgr:805 - Attr not supported : Dmpu
2024-08-25 11:31:18,922 [ERROR] ConditionMgr:805 - Attr not supported : Dmpu
2024-08-25 11:31:18,922 [ERROR] ConditionMgr:805 - Attr not supported : Dmpu
2024-08-25 11:31:18,922 [ERROR] ConditionMgr:805 - Attr not supported : Dmpu
2024-08-25 11:31:18,922 [ERROR] ConditionMgr:805 - Attr not supported : Dmpu
2024-08-25 11:31:18,922 [ERROR] ConditionMgr:805 - Attr not supported : Dmpu
2024-08-25 11:31:18,923 [ERROR] ConditionMgr:805 - Attr not supported : Dmpu
2024-08-25 11:31:18,923 [ERROR] ConditionMgr:805 - Attr not supported : Dmpu
2024-08-25 11:31:18,923 [ERROR] ConditionMgr:805 - Attr not supported : Dmpu
2024-08-25 11:31:18,923 [ERROR] ConditionMgr:805 - Attr not supported : Dmpu
2024-08-25 11:31:18,924 [ERROR] ConditionMgr:805 - Attr not supported : Dmpu
2024-08-25 11:31:18,924 [ERROR] ConditionMgr:805 - Attr not supported : Dmpu
2024-08-25 11:31:18,924 [ERROR] ConditionMgr:805 - Attr not supported : Dmpu
2024-08-25 11:31:18,924 [ERROR] ConditionMgr:805 - Attr not supported : Dmpu
2024-08-25 11:31:18,924 [ERROR] ConditionMgr:805 - Attr not supported : Dmpu
2024-08-25 11:31:18,924 [ERROR] ConditionMgr:805 - Attr not supported : Dmpu
2024-08-25 11:31:18,924 [ERROR] ConditionMgr:805 - Attr not supported : Dmpu
2024-08-25 11:31:18,924 [ERROR] ConditionMgr:805 - Attr not supported : Dmpu
2024-08-25 11:31:18,924 [ERROR] ConditionMgr:805 - Attr not supported : Dmpu
2024-08-25 11:31:18,925 [ERROR] ConditionMgr:805 - Attr not supported : Dmpu
2024-08-25 11:31:18,925 [ERROR] ConditionMgr:805 - Attr not supported : Dmpu
2024-08-25 11:31:18,925 [ERROR] ConditionMgr:805 - Attr not supported : Dmpu
2024-08-25 11:31:18,925 [ERROR] ConditionMgr:805 - Attr not supported : Dmpu
2024-08-25 11:31:18,925 [ERROR] ConditionMgr:805 - Attr not supported : Dmpu
2024-08-25 11:31:18,925 [ERROR] ConditionMgr:805 - Attr not supported : Dmpu
2024-08-25 11:31:18,925 [ERROR] ConditionMgr:805 - Attr not supported : Dmpu
2024-08-25 11:31:18,925 [ERROR] ConditionMgr:805 - Attr not supported : Dmpu
2024-08-25 11:31:18,925 [ERROR] ConditionMgr:805 - Attr not supported : Dmpu
2024-08-25 11:31:18,925 [ERROR] ConditionMgr:805 - Attr not supported : Dmpu
2024-08-25 11:31:18,926 [ERROR] ConditionMgr:805 - Attr not supported : Dmpu
2024-08-25 11:31:18,926 [ERROR] ConditionMgr:805 - Attr not supported : Dmpu
2024-08-25 11:31:18,926 [ERROR] ConditionMgr:805 - Attr not supported : Dmpu
2024-08-25 11:31:18,926 [ERROR] ConditionMgr:805 - Attr not supported : Dmpu
2024-08-25 11:31:18,926 [ERROR] ConditionMgr:805 - Attr not supported : Dmpu
2024-08-25 11:31:18,936 [WARN] PackLoader:240 - Cannot read IP mode file for RealThread.X-CUBE-RT-Thread_Nano.4.1.1
2024-08-25 11:31:18,944 [WARN] PackLoader:240 - Cannot read IP mode file for STMicroelectronics.FP-ATR-SIGFOX1.3.2.0
2024-08-25 11:31:18,952 [WARN] PackLoader:240 - Cannot read IP mode file for STMicroelectronics.X-CUBE-EEPRMA1.5.1.0
2024-08-25 11:31:18,965 [WARN] PackLoader:240 - Cannot read IP mode file for ITTIA_DB.I-CUBE-ITTIADB.8.9.0
2024-08-25 11:31:19,001 [WARN] PackLoader:240 - Cannot read IP mode file for SEGGER.I-CUBE-embOS.1.3.1
2024-08-25 11:31:19,053 [WARN] PackLoader:240 - Cannot read IP mode file for STMicroelectronics.X-CUBE-GNSS1.6.0.0
2024-08-25 11:31:19,079 [WARN] PackLoader:240 - Cannot read IP mode file for STMicroelectronics.X-CUBE-AZRTOS-F4.1.1.0
2024-08-25 11:31:19,112 [WARN] PackLoader:240 - Cannot read IP mode file for STMicroelectronics.X-CUBE-AZRTOS-L5.2.0.0
2024-08-25 11:31:19,123 [WARN] PackLoader:240 - Cannot read IP mode file for STMicroelectronics.X-CUBE-AI.9.0.0
2024-08-25 11:31:19,131 [WARN] PackLoader:240 - Cannot read IP mode file for STMicroelectronics.X-CUBE-NFC7.1.0.1
2024-08-25 11:31:19,139 [WARN] PackLoader:240 - Cannot read IP mode file for wolfSSL.I-CUBE-wolfTPM.3.2.0
2024-08-25 11:31:19,163 [WARN] ConditionMgr:438 - getConditionDescription Invalid condition id : LAN8742 Phy interface Condition cause : null
2024-08-25 11:31:19,164 [WARN] PackLoader:240 - Cannot read IP mode file for STMicroelectronics.X-CUBE-AZRTOS-L4.2.0.0
2024-08-25 11:31:19,166 [WARN] ConditionMgr:1039 - genDependencies : Invalid condition id : LAN8742 Phy interface Condition cause : null
2024-08-25 11:31:19,167 [WARN] ConditionMgr:1039 - genDependencies : Invalid condition id : LAN8742 Phy interface Condition cause : null
2024-08-25 11:31:19,167 [WARN] ConditionMgr:1039 - genDependencies : Invalid condition id : LAN8742 Phy interface Condition cause : null
2024-08-25 11:31:19,179 [WARN] PackLoader:240 - Cannot read IP mode file for STMicroelectronics.X-CUBE-SFXS2LP1.4.0.0
2024-08-25 11:31:19,206 [INFO] WebApp:448 - Apply proxy settings
2024-08-25 11:31:19,207 [WARN] PackLoader:240 - Cannot read IP mode file for STMicroelectronics.X-CUBE-AZRTOS-H7.3.3.0
2024-08-25 11:31:19,207 [INFO] WebApp:533 - Chromium requires no authentication
2024-08-25 11:31:19,225 [INFO] WebApp:476 - Direct internet connection detected
2024-08-25 11:31:19,227 [WARN] ConditionMgr:438 - getConditionDescription Invalid condition id : UX DEVICE CLASS RTOS Condition cause : null
2024-08-25 11:31:19,228 [WARN] ConditionMgr:438 - getConditionDescription Invalid condition id : UX DEVICE CLASS RTOS Condition cause : null
2024-08-25 11:31:19,231 [WARN] PackLoader:240 - Cannot read IP mode file for STMicroelectronics.X-CUBE-AZRTOS-WB.2.0.0
2024-08-25 11:31:19,231 [WARN] ConditionMgr:1039 - genDependencies : Invalid condition id : UX DEVICE CLASS RTOS Condition cause : null
2024-08-25 11:31:19,232 [WARN] ConditionMgr:1039 - genDependencies : Invalid condition id : UX DEVICE CLASS RTOS Condition cause : null
2024-08-25 11:31:19,232 [WARN] ConditionMgr:1039 - genDependencies : Invalid condition id : UX DEVICE CLASS RTOS Condition cause : null
2024-08-25 11:31:19,232 [WARN] ConditionMgr:1039 - genDependencies : Invalid condition id : UX DEVICE CLASS RTOS Condition cause : null
2024-08-25 11:31:19,233 [WARN] ConditionMgr:1039 - genDependencies : Invalid condition id : UX DEVICE CLASS RTOS Condition cause : null
2024-08-25 11:31:19,246 [WARN] PackLoader:240 - Cannot read IP mode file for STMicroelectronics.X-CUBE-SUBG2.5.0.0
2024-08-25 11:31:19,261 [WARN] PackLoader:240 - Cannot read IP mode file for Cesanta.I-CUBE-Mongoose.7.13.0
2024-08-25 11:31:19,270 [INFO] WebApp:869 - Register for checkConnection events
2024-08-25 11:31:19,271 [INFO] WebApp:448 - Apply proxy settings
2024-08-25 11:31:19,271 [INFO] WebApp:533 - Chromium requires no authentication
2024-08-25 11:31:19,272 [INFO] WebApp:476 - Direct internet connection detected
2024-08-25 11:31:19,280 [WARN] PackLoader:240 - Cannot read IP mode file for STMicroelectronics.X-CUBE-AZRTOS-G4.2.0.0
2024-08-25 11:31:19,289 [WARN] PackLoader:240 - Cannot read IP mode file for STMicroelectronics.X-CUBE-ISPU.2.0.0
2024-08-25 11:31:19,335 [WARN] PackLoader:240 - Cannot read IP mode file for STMicroelectronics.X-CUBE-MEMS1.10.0.0
2024-08-25 11:31:19,562 [WARN] PackLoader:240 - Cannot read IP mode file for portGmbH.I-Cube-SoM-uGOAL.1.1.0
2024-08-25 11:31:19,569 [WARN] PackLoader:240 - Cannot read IP mode file for STMicroelectronics.FP-ATR-ASTRA1.2.0.0
2024-08-25 11:31:19,600 [WARN] PackLoader:240 - Cannot read IP mode file for Infineon.AIROC-Wi-Fi-Bluetooth-STM32.1.6.1
2024-08-25 11:31:19,630 [WARN] PackLoader:240 - Cannot read IP mode file for STMicroelectronics.X-CUBE-AZRTOS-H7.3.2.0
2024-08-25 11:31:19,647 [WARN] PackLoader:240 - Cannot read IP mode file for wolfSSL.I-CUBE-wolfSSH.1.4.17
2024-08-25 11:31:19,648 [INFO] ThirdParty:978 - Integrity check success = true
2024-08-25 11:31:19,648 [INFO] IntegrityCheckThread:100 - exiting critical section [integrity check]
2024-08-25 11:31:19,648 [INFO] IntegrityCheckThread:103 - End integrity checks thread
2024-08-25 11:31:19,656 [INFO] WebApp:220 - Starting web application
2024-08-25 11:31:19,657 [INFO] WebApp:578 - Web application path used C:\ST\STM32CubeIDE_1.16.0\STM32CubeIDE\plugins\com.st.stm32cube.common.mx_6.12.0.202406281431\db\plugins\mcufinder\reactClient1\index.html
2024-08-25 11:31:19,864 [INFO] UserAuth:417 - Internet connection configuration mode: 1
2024-08-25 11:31:20,493 [INFO] WebApp:186 - Connection restablished
2024-08-25 11:33:36,765 [ERROR] LogOutputStream:75 - [STDERR_REDIRECT] 
