2024-07-10 08:33:37,187 [INFO] MainUpdater:2873 - connection check result : 22
2024-07-10 08:33:37,271 [INFO] MainUpdater:2873 - connection check result : 22
2024-07-10 08:33:52,637 [INFO] MicroXplorer:468 - Change Database Path : 
2024-07-10 08:33:52,639 [INFO] MicroXplorer:498 - Change Database Version : DB.6.0.111
2024-07-10 08:33:52,711 [ERROR] ProjectManagerView:394 - 
java.lang.NullPointerException: Cannot invoke "javax.swing.JTextField.getText()" because the return value of "java.util.List.get(int)" is null
	at com.st.microxplorer.plugins.projectmanager.gui.ProjectChoiceTab$10.caretUpdate(ProjectChoiceTab.java:2504) ~[filemanager.jar:?]
	at javax.swing.text.JTextComponent.fireCaretUpdate(JTextComponent.java:412) ~[?:?]
	at javax.swing.text.JTextComponent$MutableCaretEvent.fire(JTextComponent.java:4491) ~[?:?]
	at javax.swing.text.JTextComponent$MutableCaretEvent.stateChanged(JTextComponent.java:4513) ~[?:?]
	at javax.swing.text.DefaultCaret.fireStateChanged(DefaultCaret.java:842) ~[?:?]
	at javax.swing.text.DefaultCaret.changeCaretPosition(DefaultCaret.java:1313) ~[?:?]
	at javax.swing.text.DefaultCaret.handleSetDot(DefaultCaret.java:1212) ~[?:?]
	at javax.swing.text.DefaultCaret.setDot(DefaultCaret.java:1193) ~[?:?]
	at javax.swing.text.DefaultCaret$Handler.insertUpdate(DefaultCaret.java:1789) ~[?:?]
	at javax.swing.text.AbstractDocument.fireInsertUpdate(AbstractDocument.java:226) ~[?:?]
	at javax.swing.text.AbstractDocument.handleInsertString(AbstractDocument.java:780) ~[?:?]
	at javax.swing.text.AbstractDocument.insertString(AbstractDocument.java:739) ~[?:?]
	at javax.swing.text.PlainDocument.insertString(PlainDocument.java:131) ~[?:?]
	at javax.swing.text.AbstractDocument.replace(AbstractDocument.java:698) ~[?:?]
	at javax.swing.text.JTextComponent.setText(JTextComponent.java:1729) ~[?:?]
	at com.st.microxplorer.plugins.projectmanager.gui.ProjectChoiceTab.createHeapStackFields(ProjectChoiceTab.java:944) ~[filemanager.jar:?]
	at com.st.microxplorer.plugins.projectmanager.gui.ProjectChoiceTab.buildLinkSettingsPanel(ProjectChoiceTab.java:3475) ~[filemanager.jar:?]
	at com.st.microxplorer.plugins.projectmanager.gui.ProjectChoiceTab.defineWindowsFields(ProjectChoiceTab.java:1816) ~[filemanager.jar:?]
	at com.st.microxplorer.plugins.projectmanager.gui.ProjectChoiceTab.updateSettings(ProjectChoiceTab.java:544) ~[filemanager.jar:?]
	at com.st.microxplorer.plugins.projectmanager.gui.ProjectSettingsPanel.UpdateDialog(ProjectSettingsPanel.java:245) ~[filemanager.jar:?]
	at com.st.microxplorer.plugins.projectmanager.ProjectManagerView.propertyChange(ProjectManagerView.java:391) ~[filemanager.jar:?]
	at java.beans.PropertyChangeSupport.fire(PropertyChangeSupport.java:343) ~[?:?]
	at java.beans.PropertyChangeSupport.firePropertyChange(PropertyChangeSupport.java:335) ~[?:?]
	at java.beans.PropertyChangeSupport.firePropertyChange(PropertyChangeSupport.java:268) ~[?:?]
	at com.st.microxplorer.util.MXPropertyChangeSupport.firePropertyChange(MXPropertyChangeSupport.java:54) ~[STM32CubeMX.jar:?]
	at com.st.microxplorer.mxsystem.MxSystem.closeConfig(MxSystem.java:900) ~[STM32CubeMX.jar:?]
	at com.st.microxplorer.maingui.MainPanel.closeConfig(MainPanel.java:776) ~[STM32CubeMX.jar:?]
	at com.st.microxplorer.plugins.filemanager.engine.OpenFileManager.loadConfigurationFile(OpenFileManager.java:245) ~[filemanager.jar:?]
	at com.st.microxplorer.plugins.filemanager.engine.MainFileManager.userLoadConfig(MainFileManager.java:315) ~[filemanager.jar:?]
	at com.st.microxplorer.plugins.filemanager.engine.MainFileManager.userLoadConfig(MainFileManager.java:293) ~[filemanager.jar:?]
	at com.st.microxplorer.plugins.filemanager.FileManagerView.getSpecificTask(FileManagerView.java:247) ~[filemanager.jar:?]
	at com.st.stm32cube.common.mx.editor.CubeMxEditor.getMxTabbedPaneInstance(CubeMxEditor.java:1198) ~[com.st.stm32cube.common.mx_6.11.1.202404110753/:?]
	at com.st.stm32cube.common.mx.editor.CubeMxEditor$12$1.createSwingComponent(CubeMxEditor.java:1068) ~[com.st.stm32cube.common.mx_6.11.1.202404110753/:?]
	at com.st.stm32cube.common.mx.oss.core.awtswtbridge.EmbeddedSwingComposite.doComponentCreation(EmbeddedSwingComposite.java:492) ~[com.st.stm32cube.common.mx.oss_6.11.1.202404110753/:?]
	at com.st.stm32cube.common.mx.oss.core.awtswtbridge.EmbeddedSwingComposite$4.run(EmbeddedSwingComposite.java:291) ~[com.st.stm32cube.common.mx.oss_6.11.1.202404110753/:?]
	at com.st.stm32cube.common.mx.oss.core.awtswtbridge.AwtEnvironment$2.run(AwtEnvironment.java:166) ~[com.st.stm32cube.common.mx.oss_6.11.1.202404110753/:?]
	at java.awt.event.InvocationEvent.dispatch(InvocationEvent.java:318) ~[?:?]
	at java.awt.EventQueue.dispatchEventImpl(EventQueue.java:773) ~[?:?]
	at java.awt.EventQueue$4.run(EventQueue.java:720) ~[?:?]
	at java.awt.EventQueue$4.run(EventQueue.java:714) ~[?:?]
	at java.security.AccessController.doPrivileged(AccessController.java:399) ~[?:?]
	at java.security.ProtectionDomain$JavaSecurityAccessImpl.doIntersectionPrivilege(ProtectionDomain.java:86) ~[?:?]
	at java.awt.EventQueue.dispatchEvent(EventQueue.java:742) ~[?:?]
	at java.awt.EventDispatchThread.pumpOneEventForFilters(EventDispatchThread.java:203) ~[?:?]
	at java.awt.EventDispatchThread.pumpEventsForFilter(EventDispatchThread.java:124) ~[?:?]
	at java.awt.EventDispatchThread.pumpEventsForHierarchy(EventDispatchThread.java:113) ~[?:?]
	at java.awt.EventDispatchThread.pumpEvents(EventDispatchThread.java:109) ~[?:?]
	at java.awt.EventDispatchThread.pumpEvents(EventDispatchThread.java:101) ~[?:?]
	at java.awt.EventDispatchThread.run(EventDispatchThread.java:90) ~[?:?]
2024-07-10 08:33:52,750 [WARN] ThirdParty:871 - waiting for thirdparty lock release [close project]
2024-07-10 08:33:52,751 [INFO] ThirdParty:873 - entering critical section [close project]
2024-07-10 08:33:52,751 [INFO] ThirdParty:883 - exiting critical section [close project]
2024-07-10 08:33:52,761 [INFO] PinOutPanel:1561 - setPackage(No Configuration,No Configuration)
2024-07-10 08:33:52,812 [INFO] UtilMem:75 - Begin LoadConfig() Used Memory: 471337824 Bytes (783286272)
2024-07-10 08:33:52,815 [INFO] MicroXplorer:468 - Change Database Path : 
2024-07-10 08:33:52,815 [INFO] MicroXplorer:498 - Change Database Version : DB.6.0.111
2024-07-10 08:33:52,815 [INFO] OpenFileManager:312 - Change cursor
2024-07-10 08:33:52,846 [INFO] RulesReader:64 - Compatibility file has been processed (297 Rules)
2024-07-10 08:33:52,858 [INFO] Mcu:2021 - Initializing MCU STM32G070RBTx STM32G070RBTx STM32G070RBT6
2024-07-10 08:33:55,551 [INFO] Context:663 - Trying to add GPIOservice into a context  which must be forbidden
2024-07-10 08:33:56,230 [INFO] RtosManager:555 - Registered RTOS mode: class=CMSIS, group=RTOS, mode=CMSIS_V1, owner=FREERTOS
2024-07-10 08:33:56,230 [INFO] RtosManager:555 - Registered RTOS mode: class=CMSIS, group=RTOS2, mode=CMSIS_V2, owner=FREERTOS
2024-07-10 08:33:56,230 [INFO] RtosManager:555 - Registered RTOS mode: class=RTOS, group=Core, mode=CMSIS_V1, owner=FREERTOS
2024-07-10 08:33:56,230 [INFO] RtosManager:555 - Registered RTOS mode: class=RTOS, group=Core, mode=CMSIS_V2, owner=FREERTOS
2024-07-10 08:33:56,230 [WARN] ModelIntegratedComponent:184 - Missing modes for component STMicroelectronics:FreeRTOS:0.0.1:STMicroelectronics:RTOS:FreeRTOS:Core:::10.2.0:
2024-07-10 08:33:56,232 [WARN] ModelIntegratedComponent:63 - No mode defined for component null
2024-07-10 08:33:56,232 [WARN] ModelIntegratedComponent:63 - No mode defined for component null
2024-07-10 08:33:56,232 [WARN] ModelIntegratedComponent:63 - No mode defined for component null
2024-07-10 08:33:56,232 [WARN] ModelIntegratedComponent:63 - No mode defined for component null
2024-07-10 08:33:56,232 [WARN] ModelIntegratedComponent:63 - No mode defined for component null
2024-07-10 08:33:56,232 [WARN] ModelIntegratedComponent:63 - No mode defined for component null
2024-07-10 08:33:56,232 [WARN] ModelIntegratedComponent:63 - No mode defined for component null
2024-07-10 08:33:56,232 [WARN] ModelIntegratedComponent:63 - No mode defined for component null
2024-07-10 08:33:56,232 [WARN] ModelIntegratedComponent:63 - No mode defined for component null
2024-07-10 08:33:56,232 [WARN] ModelIntegratedComponent:63 - No mode defined for component null
2024-07-10 08:33:56,232 [WARN] ModelIntegratedComponent:63 - No mode defined for component null
2024-07-10 08:33:56,233 [WARN] ModelIntegratedComponent:63 - No mode defined for component null
2024-07-10 08:33:56,233 [WARN] ModelIntegratedComponent:63 - No mode defined for component null
2024-07-10 08:33:56,233 [WARN] ModelIntegratedComponent:63 - No mode defined for component null
2024-07-10 08:33:56,233 [WARN] ModelIntegratedComponent:63 - No mode defined for component null
2024-07-10 08:33:56,233 [WARN] ModelIntegratedComponent:63 - No mode defined for component null
2024-07-10 08:33:56,233 [WARN] ModelIntegratedComponent:63 - No mode defined for component null
2024-07-10 08:33:56,233 [WARN] ModelIntegratedComponent:63 - No mode defined for component null
2024-07-10 08:33:56,233 [WARN] ModelIntegratedComponent:63 - No mode defined for component null
2024-07-10 08:33:56,233 [WARN] ModelIntegratedComponent:63 - No mode defined for component null
2024-07-10 08:33:56,233 [WARN] ModelIntegratedComponent:63 - No mode defined for component null
2024-07-10 08:33:56,233 [WARN] ModelIntegratedComponent:63 - No mode defined for component null
2024-07-10 08:33:56,233 [WARN] ModelIntegratedComponent:63 - No mode defined for component null
2024-07-10 08:33:56,233 [WARN] ModelIntegratedComponent:63 - No mode defined for component null
2024-07-10 08:33:56,233 [WARN] ModelIntegratedComponent:63 - No mode defined for component null
2024-07-10 08:33:56,233 [WARN] ModelIntegratedComponent:63 - No mode defined for component null
2024-07-10 08:33:56,234 [WARN] ModelIntegratedComponent:63 - No mode defined for component null
2024-07-10 08:33:56,234 [WARN] ModelIntegratedComponent:63 - No mode defined for component null
2024-07-10 08:33:56,234 [WARN] ModelIntegratedComponent:63 - No mode defined for component null
2024-07-10 08:33:56,234 [WARN] ModelIntegratedComponent:63 - No mode defined for component null
2024-07-10 08:33:56,234 [WARN] ModelIntegratedComponent:63 - No mode defined for component null
2024-07-10 08:33:56,234 [WARN] ModelIntegratedComponent:63 - No mode defined for component null
2024-07-10 08:33:56,234 [WARN] ModelIntegratedComponent:63 - No mode defined for component null
2024-07-10 08:33:56,234 [WARN] ModelIntegratedComponent:63 - No mode defined for component null
2024-07-10 08:33:56,238 [INFO] ThirdPartyModel:298 - Start build external matchings
2024-07-10 08:33:56,239 [INFO] ThirdPartyModel:316 - End build external matchings
2024-07-10 08:33:56,248 [INFO] ImportTextPane:194 - (OptionalMessage_ERROR) IP (RCC) : Invalid parameter (FamilyName)
2024-07-10 08:33:56,249 [INFO] ImportTextPane:194 - (OptionalMessage_ERROR) IP (RCC) : Parameter (PLLPoutputFreq_Value) has invalid value (64000000)
2024-07-10 08:33:56,250 [INFO] ImportTextPane:194 - (OptionalMessage_ERROR) IP (RCC) : Parameter (PLLQoutputFreq_Value) has invalid value (64000000)
2024-07-10 08:33:56,250 [INFO] ImportTextPane:194 - (OptionalMessage_ERROR) IP (RCC) : Parameter (PLLRCLKFreq_Value) has invalid value (64000000)
2024-07-10 08:33:56,653 [INFO] UtilMem:75 - End LoadConfig() Used Memory: 286355568 Bytes (959447040)
2024-07-10 08:33:56,712 [WARN] ThirdParty:833 - waiting for thirdparty lock release [change project]
2024-07-10 08:33:56,718 [INFO] ThirdParty:835 - entering critical section [change project]
2024-07-10 08:33:56,719 [INFO] ThirdParty:1030 - CMSIS Pack Vendor :STMicroelectronics USBPD 4.1
2024-07-10 08:33:56,719 [INFO] ThirdParty:1030 - CMSIS Pack Vendor :STMicroelectronics ThreadX 1.0.0
2024-07-10 08:33:56,719 [INFO] ThirdParty:1030 - CMSIS Pack Vendor :STMicroelectronics USB_HOST 2.0.0
2024-07-10 08:33:56,719 [INFO] ThirdParty:1030 - CMSIS Pack Vendor :STMicroelectronics LIBJPEG 8.0.0
2024-07-10 08:33:56,719 [INFO] ThirdParty:1030 - CMSIS Pack Vendor :STMicroelectronics FreeRTOS 0.0.1
2024-07-10 08:33:56,719 [INFO] ThirdParty:1030 - CMSIS Pack Vendor :STMicroelectronics USB_DEVICE 1.0.0
2024-07-10 08:33:56,719 [INFO] ThirdParty:1030 - CMSIS Pack Vendor :STMicroelectronics STM32_WPAN 1.0.0
2024-07-10 08:33:56,719 [INFO] ThirdParty:1030 - CMSIS Pack Vendor :STMicroelectronics USB_DEVICE 3.0.0
2024-07-10 08:33:56,719 [INFO] ThirdParty:1030 - CMSIS Pack Vendor :STMicroelectronics HAL Drivers 0.0.0
2024-07-10 08:33:56,719 [INFO] ThirdParty:1030 - CMSIS Pack Vendor :STMicroelectronics MBEDTLS 2.16.2
2024-07-10 08:33:56,719 [INFO] ThirdParty:1030 - CMSIS Pack Vendor :STMicroelectronics ThreadX 0.0.2
2024-07-10 08:33:56,719 [INFO] ThirdParty:1030 - CMSIS Pack Vendor :STMicroelectronics lwIP 2.0.3
2024-07-10 08:33:56,719 [INFO] ThirdParty:1030 - CMSIS Pack Vendor :STMicroelectronics lwIP 2.1.2
2024-07-10 08:33:56,719 [INFO] ThirdParty:1030 - CMSIS Pack Vendor :STMicroelectronics MBEDTLS 2.14.1
2024-07-10 08:33:56,720 [INFO] ThirdParty:1030 - CMSIS Pack Vendor :STMicroelectronics USB_HOST 1.0.0
2024-07-10 08:33:56,720 [INFO] ThirdParty:1030 - CMSIS Pack Vendor :STMicroelectronics PDM2PCM 3.1.0
2024-07-10 08:33:56,720 [INFO] ThirdParty:1030 - CMSIS Pack Vendor :STMicroelectronics PDM2PCM 3.2.0
2024-07-10 08:33:56,720 [INFO] ThirdParty:1030 - CMSIS Pack Vendor :STMicroelectronics USB_DEVICE 2.0.0
2024-07-10 08:33:56,720 [INFO] ThirdParty:1030 - CMSIS Pack Vendor :STMicroelectronics PDM2PCM 3.3.0
2024-07-10 08:33:56,720 [INFO] ThirdParty:841 - exiting critical section [change project]
2024-07-10 08:33:56,971 [INFO] PinOutPanel:1561 - setPackage(No Configuration,No Configuration)
2024-07-10 08:33:56,977 [INFO] PinOutPanel:1561 - setPackage(STM32G070RBTx,LQFP64)
2024-07-10 08:33:57,313 [INFO] UtilMem:75 - Before build in PCC Used Memory: 295529600 Bytes (959447040)
2024-07-10 08:33:58,178 [INFO] UtilMem:75 - After build in PCC Used Memory: 366832768 Bytes (959447040)
2024-07-10 08:33:58,207 [INFO] IPUIPlugin:80 - create IPUIPlugin
2024-07-10 08:33:58,208 [INFO] IPUIPlugin:80 - create IPUIPlugin
2024-07-10 08:33:58,208 [INFO] IPUIPlugin:80 - create IPUIPlugin
2024-07-10 08:33:58,208 [INFO] IPUIPlugin:80 - create IPUIPlugin
2024-07-10 08:33:58,208 [INFO] IPUIPlugin:80 - create IPUIPlugin
2024-07-10 08:33:58,208 [INFO] IPUIPlugin:80 - create IPUIPlugin
2024-07-10 08:33:58,209 [INFO] IPUIPlugin:80 - create IPUIPlugin
2024-07-10 08:33:58,209 [INFO] IPUIPlugin:80 - create IPUIPlugin
2024-07-10 08:33:58,209 [INFO] IPUIPlugin:80 - create IPUIPlugin
2024-07-10 08:33:58,209 [INFO] IPUIPlugin:80 - create IPUIPlugin
2024-07-10 08:33:58,209 [INFO] IPUIPlugin:80 - create IPUIPlugin
2024-07-10 08:33:58,209 [INFO] IPUIPlugin:80 - create IPUIPlugin
2024-07-10 08:33:58,209 [INFO] IPUIPlugin:80 - create IPUIPlugin
2024-07-10 08:33:58,210 [INFO] IPUIPlugin:80 - create IPUIPlugin
2024-07-10 08:33:58,210 [INFO] IPUIPlugin:80 - create IPUIPlugin
2024-07-10 08:33:58,210 [INFO] IPUIPlugin:80 - create IPUIPlugin
2024-07-10 08:33:58,210 [INFO] IPUIPlugin:80 - create IPUIPlugin
2024-07-10 08:33:58,210 [INFO] IPUIPlugin:80 - create IPUIPlugin
2024-07-10 08:33:58,211 [INFO] IPUIPlugin:80 - create IPUIPlugin
2024-07-10 08:33:58,211 [INFO] IPUIPlugin:80 - create IPUIPlugin
2024-07-10 08:33:58,211 [INFO] IPUIPlugin:80 - create IPUIPlugin
2024-07-10 08:33:58,211 [INFO] IPUIPlugin:80 - create IPUIPlugin
2024-07-10 08:33:58,211 [INFO] IPUIPlugin:80 - create IPUIPlugin
2024-07-10 08:33:58,211 [INFO] IPUIPlugin:80 - create IPUIPlugin
2024-07-10 08:33:58,212 [INFO] IPUIPlugin:80 - create IPUIPlugin
2024-07-10 08:33:58,212 [INFO] IPUIPlugin:80 - create IPUIPlugin
2024-07-10 08:33:58,212 [INFO] IPUIPlugin:80 - create IPUIPlugin
2024-07-10 08:33:58,212 [INFO] IPUIPlugin:80 - create IPUIPlugin
2024-07-10 08:33:58,212 [INFO] IPUIPlugin:80 - create IPUIPlugin
2024-07-10 08:33:58,213 [INFO] IPUIPlugin:80 - create IPUIPlugin
2024-07-10 08:33:58,278 [INFO] CADModel:165 - CPN selected for project levelSTM32G070RBT6
2024-07-10 08:33:58,278 [INFO] CADModel:114 - Register for checkConnection events
2024-07-10 08:33:58,343 [INFO] OpenFileManager:343 - Restore cursor
2024-07-10 08:35:59,329 [INFO] Gpio:277 - dependency for GPIO [RCC, SYS, USART2]
2024-07-10 08:37:13,776 [INFO] NvicIntPanel:101 - NVIC parent = com.st.microxplorer.plugins.ip.nvic.MultiNvicIntPanel[,2,27,448x337,layout=javax.swing.BoxLayout,alignmentX=0.0,alignmentY=0.0,border=,flags=9,maximumSize=,minimumSize=,preferredSize=]
2024-07-10 08:38:08,843 [INFO] UtilMem:75 - End SaveConfig() Used Memory: 805453360 Bytes (997195776)
2024-07-10 08:38:08,937 [ERROR] ConfigurationRetriever:142 - IOException on connection: lps5.sgp.st.com
2024-07-10 08:38:08,938 [ERROR] ConfigurationRetriever:142 - IOException on connection: lps5.sgp.st.com
2024-07-10 08:38:08,938 [ERROR] ConfigurationRetriever:142 - IOException on connection: lps5.sgp.st.com
2024-07-10 08:38:09,713 [INFO] UtilMem:75 - End SaveConfig() Used Memory: 277357688 Bytes (817889280)
2024-07-10 08:38:09,844 [INFO] BlockDiagram:2759 - set Specific Code input for plugin: NVIC
2024-07-10 08:38:09,844 [INFO] BlockDiagram:2759 - set Specific Code input for plugin: USART
2024-07-10 08:38:09,844 [INFO] BlockDiagram:2759 - set Specific Code input for plugin: SYS
2024-07-10 08:38:09,844 [INFO] BlockDiagram:2759 - set Specific Code input for plugin: GPIO
2024-07-10 08:38:09,844 [INFO] BlockDiagram:2759 - set Specific Code input for plugin: RCC
2024-07-10 08:38:09,848 [INFO] CodeGenerator:807 - code generatio: config db path: C:\ST\STM32CubeIDE_1.15.1\STM32CubeIDE\plugins\com.st.stm32cube.common.mx_6.11.1.202404110753\\db\
2024-07-10 08:38:09,947 [INFO] CodeEngine:255 - oldGeneratedFile, C:\Users\lagoeirl\STM32CubeIDE\workspace_1.15.1\External_Interrupt\MXTmpFiles\license.tmp_save
2024-07-10 08:38:10,066 [INFO] CodeEngine:279 - Generated code: C:\Users\lagoeirl\STM32CubeIDE\workspace_1.15.1\External_Interrupt\MXTmpFiles\license.tmp
2024-07-10 08:38:10,125 [INFO] CodeEngine:255 - oldGeneratedFile, C:\Users\lagoeirl\STM32CubeIDE\workspace_1.15.1\External_Interrupt\MXTmpFiles\gpio.tmp_save
2024-07-10 08:38:10,215 [INFO] CodeEngine:279 - Generated code: C:\Users\lagoeirl\STM32CubeIDE\workspace_1.15.1\External_Interrupt\MXTmpFiles\gpio.tmp
2024-07-10 08:38:10,318 [INFO] CodeEngine:255 - oldGeneratedFile, C:\Users\lagoeirl\STM32CubeIDE\workspace_1.15.1\External_Interrupt\Core\Src\stm32g0xx_it.c_save
2024-07-10 08:38:10,480 [INFO] CodeEngine:279 - Generated code: C:\Users\lagoeirl\STM32CubeIDE\workspace_1.15.1\External_Interrupt\Core\Src\stm32g0xx_it.c
2024-07-10 08:38:10,494 [INFO] CodeEngine:255 - oldGeneratedFile, C:\Users\lagoeirl\STM32CubeIDE\workspace_1.15.1\External_Interrupt\Core\Inc\stm32g0xx_it.h_save
2024-07-10 08:38:10,558 [INFO] CodeEngine:279 - Generated code: C:\Users\lagoeirl\STM32CubeIDE\workspace_1.15.1\External_Interrupt\Core\Inc\stm32g0xx_it.h
2024-07-10 08:38:10,582 [INFO] CodeEngine:255 - oldGeneratedFile, C:\Users\lagoeirl\STM32CubeIDE\workspace_1.15.1\External_Interrupt\Core\Src\stm32g0xx_hal_msp.c_save
2024-07-10 08:38:10,682 [INFO] CodeEngine:279 - Generated code: C:\Users\lagoeirl\STM32CubeIDE\workspace_1.15.1\External_Interrupt\Core\Src\stm32g0xx_hal_msp.c
2024-07-10 08:38:10,692 [INFO] CodeEngine:255 - oldGeneratedFile, C:\Users\lagoeirl\STM32CubeIDE\workspace_1.15.1\External_Interrupt\MXTmpFiles\system.tmp_save
2024-07-10 08:38:10,743 [INFO] CodeEngine:279 - Generated code: C:\Users\lagoeirl\STM32CubeIDE\workspace_1.15.1\External_Interrupt\MXTmpFiles\system.tmp
2024-07-10 08:38:10,759 [INFO] CodeEngine:311 - oldGeneratedFile, C:\Users\lagoeirl\STM32CubeIDE\workspace_1.15.1\External_Interrupt\Core\Inc\stm32g0xx_hal_conf.h_save
2024-07-10 08:38:10,833 [INFO] CodeEngine:335 - Generated code: C:\Users\lagoeirl\STM32CubeIDE\workspace_1.15.1\External_Interrupt\Core\Inc\stm32g0xx_hal_conf.h
2024-07-10 08:38:10,863 [INFO] CodeEngine:255 - oldGeneratedFile, C:\Users\lagoeirl\STM32CubeIDE\workspace_1.15.1\External_Interrupt\Core\Inc\main.h_save
2024-07-10 08:38:10,923 [INFO] CodeEngine:279 - Generated code: C:\Users\lagoeirl\STM32CubeIDE\workspace_1.15.1\External_Interrupt\Core\Inc\main.h
2024-07-10 08:38:10,935 [INFO] CodeEngine:255 - oldGeneratedFile, C:\Users\lagoeirl\STM32CubeIDE\workspace_1.15.1\External_Interrupt\Core\Src\main.c_save
2024-07-10 08:38:11,028 [INFO] CodeEngine:279 - Generated code: C:\Users\lagoeirl\STM32CubeIDE\workspace_1.15.1\External_Interrupt\Core\Src\main.c
2024-07-10 08:38:11,427 [INFO] ProjectBuilder:3163 - Time for Copy HAL[1] : 262mS.
2024-07-10 08:38:11,433 [INFO] ProjectBuilder:4736 - Project Generator version: 4.3.0-B58
2024-07-10 08:38:11,494 [INFO] ConfigFileManager:1503 - The Die is : DIE460
2024-07-10 08:38:11,498 [INFO] ApiDbMcu:508 - Load IP Config File for FATFS
2024-07-10 08:38:11,502 [INFO] ApiDbMcu:508 - Load IP Config File for FREERTOS
2024-07-10 08:38:12,838 [INFO] ProjectBuilder:5002 - Time for Generating toolchain IDE Files: 1404mS.
2024-07-10 08:38:12,839 [INFO] ProjectBuilder:3034 - Time for Copy CMSIS : 1mS.
2024-07-10 08:38:12,844 [INFO] ProjectBuilder:3034 - Time for Copy CMSIS : 0mS.
