2024-07-30 08:21:46,232 [INFO] Activator:176 - 


2024-07-30 08:21:46,239 [INFO] Activator:177 - !SESSION log4j initialized
2024-07-30 08:21:48,671 [INFO] LogOutputStream:77 - [STDOUT_REDIRECT] 
2024-07-30 08:21:49,992 [ERROR] ConfigurationRetriever:142 - IOException on connection: sw-center.st.com
2024-07-30 08:21:49,995 [ERROR] ConfigurationRetriever:142 - IOException on connection: sw-center.st.com
2024-07-30 08:21:49,997 [ERROR] ConfigurationRetriever:142 - IOException on connection: sw-center.st.com
2024-07-30 08:21:51,408 [INFO] ApplicationProperties:184 - Using Application install path: C:\ST\STM32CubeIDE_1.15.1\STM32CubeIDE\plugins\com.st.stm32cube.common.mx_6.11.1.202404110753
2024-07-30 08:21:51,430 [INFO] DbMcusXml:78 - Set database path to: C:\ST\STM32CubeIDE_1.15.1\STM32CubeIDE\plugins\com.st.stm32cube.common.mx_6.11.1.202404110753\\db\/mcu/
2024-07-30 08:21:51,431 [INFO] ApiDb:274 - Set plugin database path to: C:\ST\STM32CubeIDE_1.15.1\STM32CubeIDE\plugins\com.st.stm32cube.common.mx_6.11.1.202404110753\\db\/plugins/boardmanager/
2024-07-30 08:21:51,431 [WARN] ApiDb:259 - Overriding images path with different value:  => C:\ST\STM32CubeIDE_1.15.1\STM32CubeIDE\plugins\com.st.stm32cube.common.mx_6.11.1.202404110753\\db\/plugins/mcufinder/images/
2024-07-30 08:21:51,445 [INFO] ApiDb:250 - Set database path to: C:\Users\lagoeirl\.stmcufinder\plugins\mcufinder//mcu/
2024-07-30 08:21:51,446 [INFO] DbMcusAds:125 - Set database path to: C:\Users\lagoeirl\.stmcufinder\plugins\mcufinder//mcu/
2024-07-30 08:21:51,648 [INFO] CrossReferenceDbSqlite:203 - Set database path to: C:\Users\lagoeirl\.stmcufinder\plugins\mcufinder//mcu/cs/
2024-07-30 08:21:51,747 [INFO] RulesReader:64 - Compatibility file has been processed (297 Rules)
2024-07-30 08:21:51,843 [INFO] DbMcusXml:78 - Set database path to: C:\ST\STM32CubeIDE_1.15.1\STM32CubeIDE\plugins\com.st.stm32cube.common.mx_6.11.1.202404110753\\db\/mcu/
2024-07-30 08:21:51,843 [INFO] ApiDb:274 - Set plugin database path to: C:\ST\STM32CubeIDE_1.15.1\STM32CubeIDE\plugins\com.st.stm32cube.common.mx_6.11.1.202404110753\\db\/plugins/boardmanager/
2024-07-30 08:21:51,843 [INFO] ApiDb:261 - Set plugin images path to: C:\ST\STM32CubeIDE_1.15.1\STM32CubeIDE\plugins\com.st.stm32cube.common.mx_6.11.1.202404110753\\db\/plugins/mcufinder/images/
2024-07-30 08:21:51,843 [WARN] DbFile:41 - Overriding database path with different value: C:\Users\lagoeirl\.stmcufinder\plugins\mcufinder/ => C:\Users\lagoeirl\.stmcufinder\plugins\mcufinder
2024-07-30 08:21:51,843 [INFO] ApiDb:250 - Set database path to: C:\Users\lagoeirl\.stmcufinder\plugins\mcufinder//mcu/
2024-07-30 08:21:51,843 [WARN] DbFile:41 - Overriding database path with different value: C:\Users\lagoeirl\.stmcufinder\plugins\mcufinder/ => C:\Users\lagoeirl\.stmcufinder\plugins\mcufinder
2024-07-30 08:21:51,844 [INFO] DbMcusAds:125 - Set database path to: C:\Users\lagoeirl\.stmcufinder\plugins\mcufinder//mcu/
2024-07-30 08:21:51,844 [WARN] DbFile:41 - Overriding database path with different value: C:\Users\lagoeirl\.stmcufinder\plugins\mcufinder/ => C:\Users\lagoeirl\.stmcufinder\plugins\mcufinder
2024-07-30 08:21:51,844 [WARN] DbFile:41 - Overriding database path with different value: C:\Users\lagoeirl\.stmcufinder\plugins\mcufinder/ => C:\Users\lagoeirl\.stmcufinder\plugins\mcufinder
2024-07-30 08:21:52,044 [INFO] CrossReferenceDbSqlite:203 - Set database path to: C:\Users\lagoeirl\.stmcufinder\plugins\mcufinder//mcu/cs/
2024-07-30 08:21:52,133 [INFO] MainPanel:264 - HeapMemory: 268435456
2024-07-30 08:21:52,310 [INFO] DbMcusXml:78 - Set database path to: C:\ST\STM32CubeIDE_1.15.1\STM32CubeIDE\plugins\com.st.stm32cube.common.mx_6.11.1.202404110753\\db\/mcu/
2024-07-30 08:21:52,310 [INFO] ApiDb:274 - Set plugin database path to: C:\ST\STM32CubeIDE_1.15.1\STM32CubeIDE\plugins\com.st.stm32cube.common.mx_6.11.1.202404110753\\db\/plugins/boardmanager/
2024-07-30 08:21:52,310 [INFO] ApiDb:261 - Set plugin images path to: C:\ST\STM32CubeIDE_1.15.1\STM32CubeIDE\plugins\com.st.stm32cube.common.mx_6.11.1.202404110753\\db\/plugins/mcufinder/images/
2024-07-30 08:21:52,311 [WARN] DbFile:41 - Overriding database path with different value: C:\Users\lagoeirl\.stmcufinder\plugins\mcufinder/ => C:\Users\lagoeirl\.stmcufinder\plugins\mcufinder
2024-07-30 08:21:52,311 [INFO] ApiDb:250 - Set database path to: C:\Users\lagoeirl\.stmcufinder\plugins\mcufinder//mcu/
2024-07-30 08:21:52,311 [WARN] DbFile:41 - Overriding database path with different value: C:\Users\lagoeirl\.stmcufinder\plugins\mcufinder/ => C:\Users\lagoeirl\.stmcufinder\plugins\mcufinder
2024-07-30 08:21:52,311 [INFO] DbMcusAds:125 - Set database path to: C:\Users\lagoeirl\.stmcufinder\plugins\mcufinder//mcu/
2024-07-30 08:21:52,311 [WARN] DbFile:41 - Overriding database path with different value: C:\Users\lagoeirl\.stmcufinder\plugins\mcufinder/ => C:\Users\lagoeirl\.stmcufinder\plugins\mcufinder
2024-07-30 08:21:52,311 [WARN] DbFile:41 - Overriding database path with different value: C:\Users\lagoeirl\.stmcufinder\plugins\mcufinder/ => C:\Users\lagoeirl\.stmcufinder\plugins\mcufinder
2024-07-30 08:21:52,513 [INFO] CrossReferenceDbSqlite:203 - Set database path to: C:\Users\lagoeirl\.stmcufinder\plugins\mcufinder//mcu/cs/
2024-07-30 08:21:52,549 [INFO] ApplicationProperties:184 - Using Application install path: C:\ST\STM32CubeIDE_1.15.1\STM32CubeIDE\plugins\com.st.stm32cube.common.mx_6.11.1.202404110753
2024-07-30 08:21:52,553 [INFO] PluginManage:196 - Search for loadable plugins [exclusion list=, ]
2024-07-30 08:21:52,555 [INFO] PluginManage:310 - Check plugin analytics
2024-07-30 08:21:52,986 [INFO] AnalyticsPlugin:253 - Accepted Software Licenses: STM32CubeMX.6.11.1
2024-07-30 08:21:52,986 [INFO] AnalyticsPlugin:255 - Accepted CMSIS Pack Licenses: 
2024-07-30 08:21:52,986 [INFO] AnalyticsPlugin:257 - Accepted Firmware Licenses: 
2024-07-30 08:21:52,988 [ERROR] ConfigurationRetriever:142 - IOException on connection: sw-center.st.com
2024-07-30 08:21:52,989 [ERROR] ConfigurationRetriever:142 - IOException on connection: sw-center.st.com
2024-07-30 08:21:52,989 [ERROR] ConfigurationRetriever:142 - IOException on connection: sw-center.st.com
2024-07-30 08:21:52,989 [INFO] PluginManage:359 - Loaded plugin analytics (category:tool,tabindex:-1)
2024-07-30 08:21:52,990 [INFO] PluginManage:310 - Check plugin cadmodel
2024-07-30 08:21:52,998 [INFO] CADModel:105 - Init CAD model plugin
2024-07-30 08:21:52,998 [INFO] PluginManage:359 - Loaded plugin cadmodel (category:power,tabindex:5)
2024-07-30 08:21:52,998 [INFO] PluginManage:310 - Check plugin clock
2024-07-30 08:21:53,012 [INFO] PluginManage:359 - Loaded plugin clock (category:base,tabindex:2)
2024-07-30 08:21:53,012 [INFO] PluginManage:310 - Check plugin ddr
2024-07-30 08:21:53,015 [INFO] PluginManage:359 - Loaded plugin ddr (category:tool,tabindex:6)
2024-07-30 08:21:53,015 [INFO] PluginManage:310 - Check plugin filemanager
2024-07-30 08:21:53,219 [INFO] PluginManage:359 - Loaded plugin filemanager (category:base,tabindex:10)
2024-07-30 08:21:53,219 [INFO] PluginManage:310 - Check plugin ipmanager
2024-07-30 08:21:53,232 [INFO] PluginManage:359 - Loaded plugin ipmanager (category:base,tabindex:5)
2024-07-30 08:21:53,232 [INFO] PluginManage:310 - Check plugin lpbam
2024-07-30 08:21:53,244 [INFO] PluginManage:359 - Loaded plugin lpbam (category:base,tabindex:0)
2024-07-30 08:21:53,244 [INFO] PluginManage:310 - Check plugin memorymap
2024-07-30 08:21:53,264 [INFO] PluginManage:359 - Loaded plugin memorymap (category:base,tabindex:4)
2024-07-30 08:21:53,265 [INFO] PluginManage:310 - Check plugin pinoutandconfiguration
2024-07-30 08:21:53,276 [INFO] PluginManage:359 - Loaded plugin pinoutandconfiguration (category:base,tabindex:1)
2024-07-30 08:21:53,276 [INFO] PluginManage:310 - Check plugin pinoutconfig
2024-07-30 08:21:53,409 [WARN] SupportedApi:132 - Cannot load RTOS API schema: s4s-elt-must-match.1: The content of 'definitions' must match (annotation?, (simpleType | complexType)?, (unique | key | keyref)*)). A problem was found starting at: attribute.
2024-07-30 08:21:53,623 [INFO] PluginManage:359 - Loaded plugin pinoutconfig (category:base,tabindex:0)
2024-07-30 08:21:53,624 [INFO] PluginManage:310 - Check plugin power
2024-07-30 08:21:53,654 [INFO] PluginManage:359 - Loaded plugin power (category:power,tabindex:4)
2024-07-30 08:21:53,654 [INFO] PluginManage:310 - Check plugin projectmanager
2024-07-30 08:21:53,676 [INFO] PluginManage:359 - Loaded plugin projectmanager (category:projectmanager,tabindex:3)
2024-07-30 08:21:53,676 [INFO] PluginManage:310 - Check plugin thirdparty
2024-07-30 08:21:53,906 [INFO] PluginManage:359 - Loaded plugin thirdparty (category:base,tabindex:-1)
2024-07-30 08:21:53,906 [WARN] IntegrityCheckThread:84 - waiting for thirdparty lock release [integrity check]
2024-07-30 08:21:53,907 [INFO] IntegrityCheckThread:86 - entering critical section [integrity check]
2024-07-30 08:21:53,907 [INFO] PluginManage:310 - Check plugin tools
2024-07-30 08:21:53,907 [INFO] ThirdPartyUpdaterWithRetryManager:70 - Updater plugin not ready yet. [1/15]
2024-07-30 08:21:53,910 [INFO] PluginManage:359 - Loaded plugin tools (category:base,tabindex:7)
2024-07-30 08:21:53,911 [INFO] PluginManage:310 - Check plugin tutovideos
2024-07-30 08:21:54,075 [INFO] PluginManage:359 - Loaded plugin tutovideos (category:base,tabindex:-1)
2024-07-30 08:21:54,075 [INFO] PluginManage:310 - Check plugin updater
2024-07-30 08:21:54,106 [INFO] PluginManage:359 - Loaded plugin updater (category:base,tabindex:12)
2024-07-30 08:21:54,106 [INFO] PluginManage:310 - Check plugin userauth
2024-07-30 08:21:54,113 [INFO] UserAuth:114 - Init User Auth plugin
2024-07-30 08:21:54,113 [INFO] PluginManage:359 - Loaded plugin userauth (category:base,tabindex:14)
2024-07-30 08:21:54,113 [INFO] PluginManage:283 - PluginManage : Loaded plugins [17]
2024-07-30 08:21:54,360 [INFO] PinOutPanel:1561 - setPackage(No Configuration,No Configuration)
2024-07-30 08:21:54,459 [INFO] CADModel:165 - CPN selected for project level
2024-07-30 08:21:54,460 [INFO] CADModel:114 - Register for checkConnection events
2024-07-30 08:21:54,483 [INFO] IPUIPlugin:80 - create IPUIPlugin
2024-07-30 08:21:54,483 [INFO] PluginManager:220 - loadIPPluginJar : add adc
2024-07-30 08:21:54,489 [INFO] IPUIPlugin:80 - create IPUIPlugin
2024-07-30 08:21:54,489 [INFO] PluginManager:220 - loadIPPluginJar : add aes
2024-07-30 08:21:54,494 [INFO] IPUIPlugin:80 - create IPUIPlugin
2024-07-30 08:21:54,494 [INFO] PluginManager:220 - loadIPPluginJar : add can
2024-07-30 08:21:54,499 [INFO] IPUIPlugin:80 - create IPUIPlugin
2024-07-30 08:21:54,499 [INFO] PluginManager:220 - loadIPPluginJar : add comp
2024-07-30 08:21:54,502 [INFO] IPUIPlugin:80 - create IPUIPlugin
2024-07-30 08:21:54,503 [INFO] PluginManager:220 - loadIPPluginJar : add cryp
2024-07-30 08:21:54,506 [INFO] IPUIPlugin:80 - create IPUIPlugin
2024-07-30 08:21:54,507 [INFO] PluginManager:220 - loadIPPluginJar : add dfsdm
2024-07-30 08:21:54,514 [INFO] IPUIPlugin:80 - create IPUIPlugin
2024-07-30 08:21:54,514 [INFO] PluginManager:220 - loadIPPluginJar : add dma
2024-07-30 08:21:54,518 [INFO] IPUIPlugin:80 - create IPUIPlugin
2024-07-30 08:21:54,518 [INFO] PluginManager:220 - loadIPPluginJar : add dma3
2024-07-30 08:21:54,521 [INFO] IPUIPlugin:80 - create IPUIPlugin
2024-07-30 08:21:54,521 [INFO] PluginManager:220 - loadIPPluginJar : add extmemmanager
2024-07-30 08:21:54,524 [INFO] IPUIPlugin:80 - create IPUIPlugin
2024-07-30 08:21:54,524 [INFO] PluginManager:220 - loadIPPluginJar : add fatfs
2024-07-30 08:21:54,529 [INFO] IPUIPlugin:80 - create IPUIPlugin
2024-07-30 08:21:54,529 [INFO] PluginManager:220 - loadIPPluginJar : add fmc
2024-07-30 08:21:54,538 [INFO] IPUIPlugin:80 - create IPUIPlugin
2024-07-30 08:21:54,538 [INFO] PluginManager:220 - loadIPPluginJar : add freertos
2024-07-30 08:21:54,543 [INFO] IPUIPlugin:80 - create IPUIPlugin
2024-07-30 08:21:54,543 [INFO] PluginManager:220 - loadIPPluginJar : add genericplugin
2024-07-30 08:21:54,547 [INFO] IPUIPlugin:80 - create IPUIPlugin
2024-07-30 08:21:54,547 [INFO] PluginManager:220 - loadIPPluginJar : add gfxmmu
2024-07-30 08:21:54,554 [INFO] IPUIPlugin:80 - create IPUIPlugin
2024-07-30 08:21:54,554 [INFO] PluginManager:220 - loadIPPluginJar : add gic
2024-07-30 08:21:54,559 [INFO] IPUIPlugin:80 - create IPUIPlugin
2024-07-30 08:21:54,559 [INFO] PluginManager:220 - loadIPPluginJar : add gpio
2024-07-30 08:21:54,562 [INFO] IPUIPlugin:80 - create IPUIPlugin
2024-07-30 08:21:54,562 [INFO] PluginManager:220 - loadIPPluginJar : add gtzc
2024-07-30 08:21:54,565 [INFO] IPUIPlugin:80 - create IPUIPlugin
2024-07-30 08:21:54,565 [INFO] PluginManager:220 - loadIPPluginJar : add hash
2024-07-30 08:21:54,569 [INFO] IPUIPlugin:80 - create IPUIPlugin
2024-07-30 08:21:54,570 [INFO] PluginManager:220 - loadIPPluginJar : add i2c
2024-07-30 08:21:54,573 [INFO] IPUIPlugin:80 - create IPUIPlugin
2024-07-30 08:21:54,573 [INFO] PluginManager:220 - loadIPPluginJar : add i2s
2024-07-30 08:21:54,577 [INFO] IPUIPlugin:80 - create IPUIPlugin
2024-07-30 08:21:54,577 [INFO] PluginManager:220 - loadIPPluginJar : add i3c
2024-07-30 08:21:54,582 [INFO] IPUIPlugin:80 - create IPUIPlugin
2024-07-30 08:21:54,582 [INFO] PluginManager:220 - loadIPPluginJar : add ipddr
2024-07-30 08:21:54,592 [INFO] IPUIPlugin:80 - create IPUIPlugin
2024-07-30 08:21:54,593 [INFO] PluginManager:220 - loadIPPluginJar : add linkedlist
2024-07-30 08:21:54,597 [INFO] IPUIPlugin:80 - create IPUIPlugin
2024-07-30 08:21:54,597 [INFO] PluginManager:220 - loadIPPluginJar : add lorawan
2024-07-30 08:21:54,600 [INFO] IPUIPlugin:80 - create IPUIPlugin
2024-07-30 08:21:54,600 [INFO] PluginManager:220 - loadIPPluginJar : add ltdc
2024-07-30 08:21:54,606 [INFO] IPUIPlugin:80 - create IPUIPlugin
2024-07-30 08:21:54,607 [INFO] PluginManager:220 - loadIPPluginJar : add mdma
2024-07-30 08:21:54,611 [INFO] IPUIPlugin:80 - create IPUIPlugin
2024-07-30 08:21:54,611 [INFO] PluginManager:220 - loadIPPluginJar : add nvic
2024-07-30 08:21:54,616 [INFO] IPUIPlugin:80 - create IPUIPlugin
2024-07-30 08:21:54,616 [INFO] PluginManager:220 - loadIPPluginJar : add opamp
2024-07-30 08:21:54,620 [INFO] IPUIPlugin:80 - create IPUIPlugin
2024-07-30 08:21:54,620 [INFO] PluginManager:220 - loadIPPluginJar : add openamp
2024-07-30 08:21:54,623 [INFO] IPUIPlugin:80 - create IPUIPlugin
2024-07-30 08:21:54,624 [INFO] PluginManager:220 - loadIPPluginJar : add pdm2pcm
2024-07-30 08:21:54,631 [INFO] IPUIPlugin:80 - create IPUIPlugin
2024-07-30 08:21:54,634 [INFO] PluginManager:220 - loadIPPluginJar : add plateformsettings
2024-07-30 08:21:54,637 [INFO] IPUIPlugin:80 - create IPUIPlugin
2024-07-30 08:21:54,637 [INFO] PluginManager:220 - loadIPPluginJar : add quadspi
2024-07-30 08:21:54,641 [INFO] IPUIPlugin:80 - create IPUIPlugin
2024-07-30 08:21:54,641 [INFO] PluginManager:220 - loadIPPluginJar : add resmgrutility
2024-07-30 08:21:54,645 [INFO] IPUIPlugin:80 - create IPUIPlugin
2024-07-30 08:21:54,645 [INFO] PluginManager:220 - loadIPPluginJar : add sai
2024-07-30 08:21:54,648 [INFO] IPUIPlugin:80 - create IPUIPlugin
2024-07-30 08:21:54,648 [INFO] PluginManager:220 - loadIPPluginJar : add spi
2024-07-30 08:21:54,653 [INFO] IPUIPlugin:80 - create IPUIPlugin
2024-07-30 08:21:54,654 [INFO] PluginManager:220 - loadIPPluginJar : add stm32_wpan
2024-07-30 08:21:54,656 [INFO] IPUIPlugin:80 - create IPUIPlugin
2024-07-30 08:21:54,656 [INFO] PluginManager:220 - loadIPPluginJar : add tim
2024-07-30 08:21:54,659 [INFO] IPUIPlugin:80 - create IPUIPlugin
2024-07-30 08:21:54,660 [INFO] PluginManager:220 - loadIPPluginJar : add touchsensing
2024-07-30 08:21:54,663 [INFO] IPUIPlugin:80 - create IPUIPlugin
2024-07-30 08:21:54,663 [INFO] PluginManager:220 - loadIPPluginJar : add tracer_emb
2024-07-30 08:21:54,665 [INFO] IPUIPlugin:80 - create IPUIPlugin
2024-07-30 08:21:54,665 [INFO] PluginManager:220 - loadIPPluginJar : add ts
2024-07-30 08:21:54,668 [INFO] IPUIPlugin:80 - create IPUIPlugin
2024-07-30 08:21:54,668 [INFO] PluginManager:220 - loadIPPluginJar : add tsc
2024-07-30 08:21:54,670 [INFO] IPUIPlugin:80 - create IPUIPlugin
2024-07-30 08:21:54,670 [INFO] PluginManager:220 - loadIPPluginJar : add ucpd
2024-07-30 08:21:54,673 [INFO] IPUIPlugin:80 - create IPUIPlugin
2024-07-30 08:21:54,674 [INFO] PluginManager:220 - loadIPPluginJar : add usart
2024-07-30 08:21:54,676 [INFO] IPUIPlugin:80 - create IPUIPlugin
2024-07-30 08:21:54,677 [INFO] PluginManager:220 - loadIPPluginJar : add usbx
2024-07-30 08:21:54,814 [INFO] CADModel:165 - CPN selected for project level
2024-07-30 08:21:54,814 [INFO] CADModel:114 - Register for checkConnection events
2024-07-30 08:21:54,815 [FATAL] Updater:308 - Updater called before beeing initialized
2024-07-30 08:21:54,815 [ERROR] CADModel:125 - Updater not yet initialized, retry later 
2024-07-30 08:21:55,022 [INFO] CADModel:165 - CPN selected for project level
2024-07-30 08:21:55,022 [INFO] CADModel:114 - Register for checkConnection events
2024-07-30 08:21:55,022 [FATAL] Updater:308 - Updater called before beeing initialized
2024-07-30 08:21:55,022 [ERROR] CADModel:125 - Updater not yet initialized, retry later 
2024-07-30 08:21:55,026 [FATAL] Updater:308 - Updater called before beeing initialized
2024-07-30 08:21:55,209 [FATAL] Updater:308 - Updater called before beeing initialized
2024-07-30 08:21:55,225 [INFO] DbMcusAds:53 - JSON generation date=Thu May 16 06:22:00 BRT 2024 (1715851320667)
2024-07-30 08:21:55,225 [FATAL] Updater:308 - Updater called before beeing initialized
2024-07-30 08:21:55,275 [WARN] DetailPanel:346 - Failed to get advertising image, set to default
2024-07-30 08:21:55,393 [FATAL] Updater:308 - Updater called before beeing initialized
2024-07-30 08:21:55,396 [FATAL] Updater:308 - Updater called before beeing initialized
2024-07-30 08:21:55,396 [FATAL] Updater:308 - Updater called before beeing initialized
2024-07-30 08:21:55,396 [WARN] DetailPanel:346 - Failed to get advertising image, set to default
2024-07-30 08:21:55,398 [FATAL] Updater:308 - Updater called before beeing initialized
2024-07-30 08:21:55,498 [ERROR] Updater:1120 - MainUpdater not yet initialized. External WinMGr cannot be set.
2024-07-30 08:21:55,504 [INFO] Updater:1056 - Updater Version found : 6.11.1
2024-07-30 08:21:55,531 [INFO] ApplicationProperties:184 - Using Application install path: C:\ST\STM32CubeIDE_1.15.1\STM32CubeIDE\plugins\com.st.stm32cube.common.mx_6.11.1.202404110753
2024-07-30 08:21:56,909 [INFO] ThirdPartyUpdaterWithRetryManager:70 - Updater plugin not ready yet. [2/15]
2024-07-30 08:21:57,132 [ERROR] LogOutputStream:75 - [STDERR_REDIRECT] Jul 30, 2024 8:21:57 AM java.util.prefs.WindowsPreferences <init>
2024-07-30 08:21:57,133 [ERROR] LogOutputStream:75 - [STDERR_REDIRECT] WARNING: Could not open/create prefs root node Software\JavaSoft\Prefs at root 0xffffffff80000002. Windows RegCreateKeyEx(...) returned error code 5.
2024-07-30 08:21:57,133 [ERROR] LogOutputStream:75 - [STDERR_REDIRECT] 
2024-07-30 08:21:59,755 [INFO] MainUpdater:2873 - connection check result : 10
2024-07-30 08:21:59,756 [INFO] MainUpdater:290 - Updater Check For Update Now.
2024-07-30 08:21:59,756 [INFO] MicroXplorer:498 - Change Database Version : DB.6.0.111
2024-07-30 08:21:59,762 [INFO] McuFinderGlobals:63 - Set McuFinder mode to 2 (CubeIDE integrated)
2024-07-30 08:21:59,762 [INFO] McuFinderGlobals:63 - Set McuFinder mode to 2 (CubeIDE integrated)
2024-07-30 08:21:59,769 [INFO] UserAuth:415 - Internet connection configuration mode: 1
2024-07-30 08:21:59,769 [INFO] UserAuth:415 - Internet connection configuration mode: 1
2024-07-30 08:21:59,787 [INFO] JxBrowserEngine:152 - Initiate JxBrowser Engine with user profile folder
2024-07-30 08:21:59,912 [WARN] MainUpdater:1194 - Updater busy. Cannot search thirdparties
2024-07-30 08:21:59,912 [INFO] ThirdPartyUpdaterWithRetryManager:96 - Updater plugin is busy. [1/15]
2024-07-30 08:21:59,947 [INFO] CheckServerUpdateThread:120 - End of CheckServer Thread
2024-07-30 08:22:00,832 [INFO] WebApp:161 - Instantiating new browser for Auth
2024-07-30 08:22:01,572 [INFO] WebApp:779 - Register for checkConnection events
2024-07-30 08:22:01,573 [INFO] WebApp:414 - Apply proxy settings
2024-07-30 08:22:01,574 [INFO] WebApp:459 - Chromium authenticates against Manually configured proxy
2024-07-30 08:22:01,582 [INFO] WebApp:467 - Username used for proxy authentication: lagoeirl
2024-07-30 08:22:01,773 [INFO] WebApp:192 - Starting web application
2024-07-30 08:22:01,774 [INFO] WebApp:544 - Web application path used C:\ST\STM32CubeIDE_1.15.1\STM32CubeIDE\plugins\com.st.stm32cube.common.mx_6.11.1.202404110753\db\plugins\mcufinder\reactClient1\index.html
2024-07-30 08:22:03,102 [WARN] PackLoader:240 - Cannot read IP mode file for STMicroelectronics.X-CUBE-SMBUS.2.1.0
2024-07-30 08:22:03,135 [WARN] PackLoader:240 - Cannot read IP mode file for STMicroelectronics.X-CUBE-AZRTOS-F7.1.1.0
2024-07-30 08:22:03,148 [WARN] PackLoader:240 - Cannot read IP mode file for STMicroelectronics.FP-SNS-FLIGHT1.5.0.2
2024-07-30 08:22:03,157 [WARN] PackLoader:240 - Cannot read IP mode file for STMicroelectronics.X-CUBE-DISPLAY.3.0.0
2024-07-30 08:22:03,171 [WARN] PackLoader:240 - Cannot read IP mode file for STMicroelectronics.X-CUBE-BLE1.7.0.0
2024-07-30 08:22:03,185 [WARN] PackLoader:240 - Cannot read IP mode file for STMicroelectronics.X-CUBE-BLEMGR.3.1.0
2024-07-30 08:22:03,195 [WARN] PackLoader:240 - Cannot read IP mode file for STMicroelectronics.FP-SNS-SMARTAG2.1.2.0
2024-07-30 08:22:03,212 [INFO] LogOutputStream:77 - [STDOUT_REDIRECT] 1 : Invalid condition id : UX_CORESTACK_Condition cause : null
2024-07-30 08:22:03,214 [INFO] LogOutputStream:77 - [STDOUT_REDIRECT] 1 : Invalid condition id : UX_CORESTACK_Condition cause : null
2024-07-30 08:22:03,215 [INFO] LogOutputStream:77 - [STDOUT_REDIRECT] 1 : Invalid condition id : UX_CORESTACK_Condition cause : null
2024-07-30 08:22:03,216 [INFO] LogOutputStream:77 - [STDOUT_REDIRECT] 1 : Invalid condition id : UX_CORESTACK_Condition cause : null
2024-07-30 08:22:03,217 [INFO] LogOutputStream:77 - [STDOUT_REDIRECT] 1 : Invalid condition id : UX_CORESTACK_Condition cause : null
2024-07-30 08:22:03,235 [WARN] PackLoader:240 - Cannot read IP mode file for STMicroelectronics.X-CUBE-AZRTOS-WL.2.0.0
2024-07-30 08:22:03,247 [WARN] PackLoader:240 - Cannot read IP mode file for STMicroelectronics.X-CUBE-BLE2.3.3.0
2024-07-30 08:22:03,274 [WARN] PackLoader:240 - Cannot read IP mode file for STMicroelectronics.X-CUBE-AZRTOS-G0.1.1.0
2024-07-30 08:22:03,286 [WARN] PackLoader:240 - Cannot read IP mode file for STMicroelectronics.X-CUBE-NFC4.3.0.0
2024-07-30 08:22:03,294 [WARN] PackLoader:240 - Cannot read IP mode file for STMicroelectronics.FP-ATR-SIGFOX1.3.2.0
2024-07-30 08:22:03,300 [WARN] PackLoader:240 - Cannot read IP mode file for STMicroelectronics.X-CUBE-EEPRMA1.5.1.0
2024-07-30 08:22:03,310 [WARN] PackLoader:240 - Cannot read IP mode file for STMicroelectronics.X-CUBE-GNSS1.6.0.0
2024-07-30 08:22:03,332 [WARN] PackLoader:240 - Cannot read IP mode file for STMicroelectronics.X-CUBE-AZRTOS-F4.1.1.0
2024-07-30 08:22:03,355 [WARN] PackLoader:240 - Cannot read IP mode file for STMicroelectronics.X-CUBE-AZRTOS-L5.2.0.0
2024-07-30 08:22:03,366 [WARN] PackLoader:240 - Cannot read IP mode file for STMicroelectronics.X-CUBE-NFC7.1.0.1
2024-07-30 08:22:03,391 [WARN] ConditionMgr:438 - getConditionDescription Invalid condition id : LAN8742 Phy interface Condition cause : null
2024-07-30 08:22:03,394 [WARN] PackLoader:240 - Cannot read IP mode file for STMicroelectronics.X-CUBE-AZRTOS-L4.2.0.0
2024-07-30 08:22:03,395 [WARN] ConditionMgr:1039 - genDependencies : Invalid condition id : LAN8742 Phy interface Condition cause : null
2024-07-30 08:22:03,395 [WARN] ConditionMgr:1039 - genDependencies : Invalid condition id : LAN8742 Phy interface Condition cause : null
2024-07-30 08:22:03,396 [WARN] ConditionMgr:1039 - genDependencies : Invalid condition id : LAN8742 Phy interface Condition cause : null
2024-07-30 08:22:03,405 [WARN] PackLoader:240 - Cannot read IP mode file for STMicroelectronics.X-CUBE-SFXS2LP1.4.0.0
2024-07-30 08:22:03,421 [WARN] ConditionMgr:438 - getConditionDescription Invalid condition id : UX DEVICE CLASS RTOS Condition cause : null
2024-07-30 08:22:03,421 [WARN] ConditionMgr:438 - getConditionDescription Invalid condition id : UX DEVICE CLASS RTOS Condition cause : null
2024-07-30 08:22:03,425 [WARN] PackLoader:240 - Cannot read IP mode file for STMicroelectronics.X-CUBE-AZRTOS-WB.2.0.0
2024-07-30 08:22:03,427 [WARN] ConditionMgr:1039 - genDependencies : Invalid condition id : UX DEVICE CLASS RTOS Condition cause : null
2024-07-30 08:22:03,427 [WARN] ConditionMgr:1039 - genDependencies : Invalid condition id : UX DEVICE CLASS RTOS Condition cause : null
2024-07-30 08:22:03,428 [WARN] ConditionMgr:1039 - genDependencies : Invalid condition id : UX DEVICE CLASS RTOS Condition cause : null
2024-07-30 08:22:03,428 [WARN] ConditionMgr:1039 - genDependencies : Invalid condition id : UX DEVICE CLASS RTOS Condition cause : null
2024-07-30 08:22:03,428 [WARN] ConditionMgr:1039 - genDependencies : Invalid condition id : UX DEVICE CLASS RTOS Condition cause : null
2024-07-30 08:22:03,439 [WARN] PackLoader:240 - Cannot read IP mode file for STMicroelectronics.X-CUBE-SUBG2.5.0.0
2024-07-30 08:22:03,464 [WARN] PackLoader:240 - Cannot read IP mode file for STMicroelectronics.X-CUBE-AZRTOS-G4.2.0.0
2024-07-30 08:22:03,471 [WARN] PackLoader:240 - Cannot read IP mode file for STMicroelectronics.X-CUBE-ISPU.2.0.0
2024-07-30 08:22:03,529 [WARN] PackLoader:240 - Cannot read IP mode file for STMicroelectronics.X-CUBE-MEMS1.10.0.0
2024-07-30 08:22:03,699 [WARN] PackLoader:240 - Cannot read IP mode file for STMicroelectronics.FP-ATR-ASTRA1.2.0.0
2024-07-30 08:22:03,716 [WARN] PackLoader:240 - Cannot read IP mode file for STMicroelectronics.X-CUBE-AZRTOS-H7.3.2.0
2024-07-30 08:22:03,725 [INFO] ThirdParty:978 - Integrity check success = true
2024-07-30 08:22:03,726 [INFO] IntegrityCheckThread:100 - exiting critical section [integrity check]
2024-07-30 08:22:03,726 [INFO] IntegrityCheckThread:103 - End integrity checks thread
2024-07-30 08:29:31,078 [INFO] McuFinderGlobals:63 - Set McuFinder mode to 2 (CubeIDE integrated)
2024-07-30 08:29:31,083 [INFO] MainUpdater:2873 - connection check result : 10
2024-07-30 08:29:31,089 [INFO] McuFinderGlobals:76 - Set McuFinderConnectedMode to true
2024-07-30 08:29:33,274 [INFO] ServerAccessManage:473 - Download File mcusAds.json._tmp_
2024-07-30 08:29:33,404 [INFO] LoadUrlFilesThread:156 - End of LoadUrlFiles Thread
2024-07-30 08:30:19,373 [WARN] ServerAccessManage:1168 - Warning during Server Connection :  timeout Read timed out
2024-07-30 08:30:21,674 [INFO] ServerAccessManage:473 - Download File cube-finder-db.zip
2024-07-30 08:35:31,833 [INFO] FileExtend:240 - Unzip File : cube-finder-db.zip
2024-07-30 08:35:31,834 [INFO] FileExtend:255 - Standard Zip Deflate
2024-07-30 08:35:32,683 [INFO] LoadUrlFilesThread:156 - End of LoadUrlFiles Thread
2024-07-30 08:35:34,884 [INFO] ServerAccessManage:473 - Download File crdb_full.zip
2024-07-30 08:35:56,787 [INFO] FileExtend:240 - Unzip File : crdb_full.zip
2024-07-30 08:35:56,788 [INFO] FileExtend:255 - Standard Zip Deflate
2024-07-30 08:35:56,952 [INFO] LoadUrlFilesThread:156 - End of LoadUrlFiles Thread
2024-07-30 08:35:58,083 [INFO] ServerAccessManage:473 - Download File tutoVideoDB.zip
2024-07-30 08:36:00,939 [INFO] FileExtend:240 - Unzip File : tutoVideoDB.zip
2024-07-30 08:36:00,940 [INFO] FileExtend:255 - Standard Zip Deflate
2024-07-30 08:36:01,049 [INFO] LoadUrlFilesThread:156 - End of LoadUrlFiles Thread
2024-07-30 08:36:01,050 [WARN] DbFile:41 - Overriding database path with different value: C:\Users\lagoeirl\.stmcufinder\plugins\mcufinder/ => C:\Users\lagoeirl\.stmcufinder\plugins\mcufinder
2024-07-30 08:36:01,485 [INFO] ServerAccessManage:473 - Download File api_config.json
2024-07-30 08:36:01,604 [INFO] LoadUrlFilesThread:156 - End of LoadUrlFiles Thread
2024-07-30 08:36:01,606 [INFO] DbMcusAds:53 - JSON generation date=Thu May 16 06:22:00 BRT 2024 (1715851320667)
2024-07-30 08:36:01,649 [INFO] LoadUrlFilesThread:185 - End of LoadServerUrlFiles without Thread
2024-07-30 08:36:01,649 [INFO] TargetSelectorAdapter:259 - Refresh data is successful
2024-07-30 08:36:01,828 [INFO] ApiDb:581 - Connected to CubeFinder SQLite database (C:\Users\lagoeirl\.stmcufinder\plugins\mcufinder\mcu\cube-finder-db.db)
2024-07-30 08:36:01,913 [INFO] ApiDb:668 - CubeFinder database Data Model version=2.1
2024-07-30 08:36:01,913 [INFO] ApiDb:669 - CubeFinder database Configuration version=3.0.39
2024-07-30 08:36:01,913 [INFO] ApiDb:670 - CubeFinder database generation date=2024-06-20 (1718880634)
2024-07-30 08:36:01,913 [INFO] ApiDb:671 - CubeFinder database FW Pack versions=[FP-ATR-ASTRA1_V2.0.0, FP-SNS-FLIGHT1_V5.0.2, FP-SNS-MOTENV1_V5.0.0, FP-SNS-MOTENVWB1_V1.4.0, FP-SNS-SMARTAG2_V1.2.0, STM32Cube_FW_C0_V1.2.0, STM32Cube_FW_F4_V1.28.0, STM32Cube_FW_F7_V1.17.2, STM32Cube_FW_G0_V1.6.2, STM32Cube_FW_G4_V1.6.0, STM32Cube_FW_H5_V1.3.0, STM32Cube_FW_H7RS_V1.1.0, STM32Cube_FW_H7_V1.11.2, STM32Cube_FW_L0_V1.12.2, STM32Cube_FW_L5_V1.5.1, STM32Cube_FW_U0_V1.1.0, STM32Cube_FW_U5_V1.6.0, STM32Cube_FW_WB0_V1.0.0, STM32Cube_FW_WBA_V1.4.0, STM32Cube_FW_WB_V1.20.0, STM32Cube_FW_WL_V1.3.0, X-CUBE-ALGOBUILD_V1.4.0, X-CUBE-ALS_V1.0.2, X-CUBE-AZRTOS-F4_V1.1.0, X-CUBE-AZRTOS-F7_V1.1.0, X-CUBE-AZRTOS-G0_V1.1.0, X-CUBE-AZRTOS-G4_V2.0.0, X-CUBE-AZRTOS-H7RS_V1.0.0, X-CUBE-AZRTOS-H7_V3.2.0, X-CUBE-AZRTOS-L4_V2.0.0, X-CUBE-AZRTOS-L5_V1.1.0, X-CUBE-AZRTOS-WB_V2.0.0, X-CUBE-AZRTOS-WL_V2.0.0, X-CUBE-BLE1_V7.0.0, X-CUBE-BLE2_V3.3.0, X-CUBE-BLEMGR_V3.1.0, X-CUBE-EEPRMA1_V5.1.0, X-CUBE-FREERTOS_V1.2.0, X-CUBE-GNSS1_V6.0.0, X-CUBE-MEMS1_V10.0.0, X-CUBE-NFC4_V3.0.0, X-CUBE-NFC7_V1.0.1, X-CUBE-SFXS2LP1_V4.0.0, X-CUBE-SUBG2_V5.0.0, X-CUBE-TOF1_V3.4.1]
2024-07-30 08:36:03,430 [INFO] ApiDb:240 - Found 483 in-development CPN: [B-G473E-ZEST1S, B-WB1M-WPAN1, B-WL5M-SUBG1, NUCLEO-C031C6, NUCLEO-H503RB, NUCLEO-H533RE, NUCLEO-H563ZI, NUCLEO-H7S3L8, NUCLEO-U031R8, NUCLEO-U083RC, NUCLEO-U545RE-Q, NUCLEO-U5A5ZJ-Q, NUCLEO-WBA52CG, NUCLEO-WBA55CG, STEVAL-PROTEUS1, STEVAL-SMARTAG2, STEVAL-STWINBX1, STM320518-EVAL, STM32C0116-DK, STM32C011D6Y3TR, STM32C011D6Y6TR, STM32C011F4P3, STM32C011F4P6, STM32C011F4U3, STM32C011F4U6TR, STM32C011F6P3, STM32C011F6P6, STM32C011F6U3, STM32C011F6U6TR, STM32C011J4M3, STM32C011J4M6, STM32C011J6M3, STM32C011J6M6, STM32C0316-DK, STM32C031C4T3, STM32C031C4T6, STM32C031C4U3, STM32C031C4U6, STM32C031C6T3, STM32C031C6T6, STM32C031C6U3, STM32C031C6U6, STM32C031F4P3, STM32C031F4P6, STM32C031F6P3, STM32C031F6P6, STM32C031G4U3, STM32C031G4U6, STM32C031G6U3, STM32C031G6U6, STM32C031K4T3, STM32C031K4T6, STM32C031K4U3, STM32C031K4U6, STM32C031K6T3, STM32C031K6T6, STM32C031K6U3, STM32C031K6U6, STM32G071K8TXN, STM32G071K8UXN, STM32G081GBU6N, STM32G081KBT6N, STM32G081KBUXN, STM32G0B1CCT6N, STM32G0B1KCT6, STM32G0B1NEY6TR, STM32G0B1RCT6N, STM32G0C1CCT6, STM32G0C1CCT6N, STM32G0C1CCU6N, STM32G0C1CET6N, STM32G0C1CEU6N, STM32G0C1KCT6, STM32G0C1NEY6TR, STM32G0C1RCI6N, STM32G0C1RCT6N, STM32G0C1REI6N, STM32G0C1RET6N, STM32G0C1VCI6, STM32G0C1VEI6, STM32G471CCT6, STM32G471CCU6, STM32G471CET3, STM32G471CET6, STM32G471CEU3, STM32G471CEU6, STM32G471MCT6, STM32G471MET3, STM32G471MET6, STM32G471MEY6TR, STM32G471QCT6, STM32G471QET3, STM32G471RCT6, STM32G471RET3, STM32G471RET6, STM32G471VCH6, STM32G471VCI6, STM32G471VCT6, STM32G471VEH3, STM32G471VEH6, STM32G471VEI3, STM32G471VEI6, STM32G471VET3, STM32G471VET6, STM32G474CCT6, STM32H503CBT6, STM32H503CBU6, STM32H503EBY6TR, STM32H503KBU6, STM32H503RBT6, STM32H523CCT6, STM32H523CCU6, STM32H523CET6, STM32H523CEU6, STM32H523HEY6TR, STM32H523RCT6, STM32H523RET6, STM32H523VCI6, STM32H523VCT6, STM32H523VEI6, STM32H523VET6, STM32H523ZCJ6, STM32H523ZCT6, STM32H523ZEJ6, STM32H523ZET6, STM32H533CET6, STM32H533CEU6, STM32H533HEY6TR, STM32H533RET6, STM32H533VEI6, STM32H533VET6, STM32H533ZEJ6, STM32H533ZET6, STM32H562AGI6, STM32H562AII6, STM32H562IGK6, STM32H562IGT6, STM32H562IIK6, STM32H562IIT6, STM32H562RGT6, STM32H562RGV6, STM32H562RIT6, STM32H562RIV6, STM32H562VGT6, STM32H562VIT6, STM32H562ZGT6, STM32H562ZIT6, STM32H563AGI6, STM32H563AII3Q, STM32H563AII6, STM32H563IGK6, STM32H563IGT6, STM32H563IIK3Q, STM32H563IIK6, STM32H563IIT3Q, STM32H563IIT6, STM32H563MIY3QTR, STM32H563RGT6, STM32H563RGV6, STM32H563RIT6, STM32H563RIV6, STM32H563VGT6, STM32H563VIT3Q, STM32H563VIT6, STM32H563ZGT6, STM32H563ZIT3Q, STM32H563ZIT6, STM32H573AII3Q, STM32H573AII6, STM32H573I-DK, STM32H573IIK3Q, STM32H573IIK6, STM32H573IIT3Q, STM32H573IIT6, STM32H573MIY3QTR, STM32H573RIT6, STM32H573RIV6, STM32H573VIT3Q, STM32H573VIT6, STM32H573ZIT3Q, STM32H573ZIT6, STM32H7R3A8I6, STM32H7R3I8K6, STM32H7R3I8T6, STM32H7R3L8H6, STM32H7R3L8H6H, STM32H7R3R8V6, STM32H7R3V8H6, STM32H7R3V8T6, STM32H7R3V8Y6, STM32H7R3Z8J6, STM32H7R3Z8T6, STM32H7R7A8I6, STM32H7R7I8K6, STM32H7R7I8T6, STM32H7R7L8H6, STM32H7R7L8H6H, STM32H7R7Z8J6, STM32H7S3A8I6, STM32H7S3I8K6, STM32H7S3I8T6, STM32H7S3L8H6, STM32H7S3L8H6H, STM32H7S3R8V6, STM32H7S3V8H6, STM32H7S3V8T6, STM32H7S3V8Y6, STM32H7S3Z8J6, STM32H7S3Z8T6, STM32H7S78-DK, STM32H7S7A8I6, STM32H7S7I8K6, STM32H7S7I8T6, STM32H7S7L8H6, STM32H7S7L8H6H, STM32H7S7Z8J6, STM32L4R5QGI6STR, STM32MP131AAE3, STM32MP131AAF3, STM32MP131AAG3, STM32MP131CAE3, STM32MP131CAF3, STM32MP131CAG3, STM32MP131DAE7, STM32MP131DAF7, STM32MP131DAG7, STM32MP131FAE7, STM32MP131FAF7, STM32MP131FAG7, STM32MP133AAE3, STM32MP133AAF3, STM32MP133AAG3, STM32MP133CAE3, STM32MP133CAF3, STM32MP133CAG3, STM32MP133DAE7, STM32MP133DAF7, STM32MP133DAG7, STM32MP133FAE7, STM32MP133FAF7, STM32MP133FAG7, STM32MP135AAE3, STM32MP135AAF3, STM32MP135AAG3, STM32MP135CAE3, STM32MP135CAF3, STM32MP135CAG3, STM32MP135DAE7, STM32MP135DAF7, STM32MP135DAG7, STM32MP135F-DK, STM32MP135FAE7, STM32MP135FAF7, STM32MP135FAF7T, STM32MP135FAF7U, STM32MP135FAG7, STM32U031C6T6, STM32U031C6U6, STM32U031C8T6, STM32U031C8U6, STM32U031F4P6, STM32U031F6P6, STM32U031F8P6, STM32U031G6Y6TR, STM32U031G8Y6TR, STM32U031K4U6, STM32U031K6U6, STM32U031K8U6, STM32U031R6I6, STM32U031R6T6, STM32U031R8I6, STM32U031R8T6, STM32U073C8T6, STM32U073C8U6, STM32U073CBT6, STM32U073CBU6, STM32U073CCT6, STM32U073CCU6, STM32U073H8Y6TR, STM32U073HBY6TR, STM32U073HCY6TR, STM32U073K8U6, STM32U073KBU6, STM32U073KCU6, STM32U073M8I6, STM32U073M8T6, STM32U073MBI6, STM32U073MBT6, STM32U073MCI6, STM32U073MCT6, STM32U073R8I6, STM32U073R8T6, STM32U073RBI6, STM32U073RBT6, STM32U073RCI6, STM32U073RCT6, STM32U083C-DK, STM32U083CCT6, STM32U083CCU6, STM32U083HCY6TR, STM32U083KCU6, STM32U083MCI6, STM32U083MCT6, STM32U083RCI6, STM32U083RCT6, STM32U535CBT6, STM32U535CBT6Q, STM32U535CBU6, STM32U535CBU6Q, STM32U535CCT6, STM32U535CCT6Q, STM32U535CCU6, STM32U535CCU6Q, STM32U535CET6, STM32U535CET6Q, STM32U535CEU6, STM32U535CEU6Q, STM32U535JEY6QTR, STM32U535NCY6QTR, STM32U535NEY6QTR, STM32U535RBI6, STM32U535RBI6Q, STM32U535RBT6, STM32U535RBT6Q, STM32U535RCI6, STM32U535RCI6Q, STM32U535RCT6, STM32U535RCT6Q, STM32U535REI6, STM32U535REI6Q, STM32U535RET6, STM32U535RET6Q, STM32U535VCI6, STM32U535VCI6Q, STM32U535VCT6, STM32U535VCT6Q, STM32U535VEI6, STM32U535VEI6Q, STM32U535VET6, STM32U535VET6Q, STM32U545CET6, STM32U545CET6Q, STM32U545CEU6, STM32U545CEU6Q, STM32U545JEY6QTR, STM32U545NEY6QTR, STM32U545REI6, STM32U545REI6Q, STM32U545RET6, STM32U545RET6Q, STM32U545VEI6, STM32U545VEI6Q, STM32U545VET6, STM32U545VET6Q, STM32U595AIH6, STM32U595AIH6Q, STM32U595AJH6, STM32U595AJH6Q, STM32U595QII6, STM32U595QII6Q, STM32U595QJI6, STM32U595QJI6Q, STM32U595RIT6, STM32U595RIT6Q, STM32U595RJT6, STM32U595RJT6Q, STM32U595VIT6, STM32U595VIT6Q, STM32U595VJT6, STM32U595VJT6Q, STM32U595ZIT6, STM32U595ZIT6Q, STM32U595ZIY6QTR, STM32U595ZJT6, STM32U595ZJT6Q, STM32U595ZJY6QTR, STM32U599BJY6QTR, STM32U599NIH6Q, STM32U599NJH6Q, STM32U599VIT6Q, STM32U599VJT6, STM32U599VJT6Q, STM32U599ZIT6Q, STM32U599ZIY6QTR, STM32U599ZJT6Q, STM32U599ZJY6QTR, STM32U5A5AJH6, STM32U5A5AJH6Q, STM32U5A5QII3Q , STM32U5A5QJI6, STM32U5A5QJI6Q, STM32U5A5RJT6, STM32U5A5RJT6Q, STM32U5A5VJT6, STM32U5A5VJT6Q, STM32U5A5ZJT6, STM32U5A5ZJT6Q, STM32U5A5ZJY6QTR, STM32U5A9BJY6QTR, STM32U5A9J-DK, STM32U5A9NJH6Q, STM32U5A9VJT6Q, STM32U5A9ZJT6Q, STM32U5A9ZJY6QTR, STM32U5F7VIT6, STM32U5F7VIT6Q, STM32U5F7VJT6, STM32U5F7VJT6Q, STM32U5F9BJY6QTR, STM32U5F9NJH6Q, STM32U5F9VIT6Q, STM32U5F9VJT6Q, STM32U5F9ZIJ6QTR, STM32U5F9ZIT6Q, STM32U5F9ZJJ6QTR, STM32U5F9ZJT6Q, STM32U5G7VJT6, STM32U5G7VJT6Q, STM32U5G9BJY6QTR, STM32U5G9J-DK1, STM32U5G9J-DK2, STM32U5G9NJH6Q, STM32U5G9VJT6Q, STM32U5G9ZJJ6QTR, STM32U5G9ZJT6Q, STM32WB1MMCH6, STM32WBA50KEU6, STM32WBA50KEU6TR, STM32WBA50KGU6, STM32WBA50KGU6TR, STM32WBA52CEU6, STM32WBA52CEU6TR, STM32WBA52CEU7, STM32WBA52CEU7TR, STM32WBA52CGU6, STM32WBA52CGU6TR, STM32WBA52CGU6U, STM32WBA52CGU7, STM32WBA52CGU7TR, STM32WBA52KEU6, STM32WBA52KEU6TR, STM32WBA52KGU6, STM32WBA52KGU6TR, STM32WBA54CEU6, STM32WBA54CEU6TR, STM32WBA54CEU7, STM32WBA54CEU7TR, STM32WBA54CGU6, STM32WBA54CGU6TR, STM32WBA54CGU7, STM32WBA54CGU7TR, STM32WBA54KEU6, STM32WBA54KEU6TR, STM32WBA54KEU7, STM32WBA54KEU7TR, STM32WBA54KGU6, STM32WBA54KGU6TR, STM32WBA54KGU7, STM32WBA54KGU7TR, STM32WBA55CEU6, STM32WBA55CEU6TR, STM32WBA55CEU7, STM32WBA55CEU7TR, STM32WBA55CGU6, STM32WBA55CGU6TR, STM32WBA55CGU6U, STM32WBA55CGU7, STM32WBA55CGU7TR, STM32WBA55G-DK1, STM32WBA55HEF6, STM32WBA55HEF7, STM32WBA55HGF6, STM32WBA55HGF7, STM32WBA55UEI6, STM32WBA55UEI6TR, STM32WBA55UEI7, STM32WBA55UEI7TR, STM32WBA55UGI6, STM32WBA55UGI6TR, STM32WBA55UGI7, STM32WBA55UGI7TR, STM32WL5MOCH6, STM32WL5MOCH6TR]
2024-07-30 08:36:03,439 [INFO] DbMcus:218 - Found 4203 MCUs, 4203 are supported
2024-07-30 08:36:03,441 [INFO] ApiDb:423 - Load user favorites file C:\Users\lagoeirl/.stm32cubeide/favorites.mcus.txt: 0 item(s)
2024-07-30 08:36:03,441 [INFO] ApiDb:427 - User favorites MCUs=[]
2024-07-30 08:36:03,441 [INFO] DbMcus:224 - Set 0 / 0 favorites MCUs
2024-07-30 08:36:03,714 [INFO] ApiDb:668 - CubeFinder database Data Model version=2.1
2024-07-30 08:36:03,715 [INFO] ApiDb:669 - CubeFinder database Configuration version=3.0.39
2024-07-30 08:36:03,715 [INFO] ApiDb:670 - CubeFinder database generation date=2024-06-20 (1718880634)
2024-07-30 08:36:03,715 [INFO] ApiDb:671 - CubeFinder database FW Pack versions=[FP-ATR-ASTRA1_V2.0.0, FP-SNS-FLIGHT1_V5.0.2, FP-SNS-MOTENV1_V5.0.0, FP-SNS-MOTENVWB1_V1.4.0, FP-SNS-SMARTAG2_V1.2.0, STM32Cube_FW_C0_V1.2.0, STM32Cube_FW_F4_V1.28.0, STM32Cube_FW_F7_V1.17.2, STM32Cube_FW_G0_V1.6.2, STM32Cube_FW_G4_V1.6.0, STM32Cube_FW_H5_V1.3.0, STM32Cube_FW_H7RS_V1.1.0, STM32Cube_FW_H7_V1.11.2, STM32Cube_FW_L0_V1.12.2, STM32Cube_FW_L5_V1.5.1, STM32Cube_FW_U0_V1.1.0, STM32Cube_FW_U5_V1.6.0, STM32Cube_FW_WB0_V1.0.0, STM32Cube_FW_WBA_V1.4.0, STM32Cube_FW_WB_V1.20.0, STM32Cube_FW_WL_V1.3.0, X-CUBE-ALGOBUILD_V1.4.0, X-CUBE-ALS_V1.0.2, X-CUBE-AZRTOS-F4_V1.1.0, X-CUBE-AZRTOS-F7_V1.1.0, X-CUBE-AZRTOS-G0_V1.1.0, X-CUBE-AZRTOS-G4_V2.0.0, X-CUBE-AZRTOS-H7RS_V1.0.0, X-CUBE-AZRTOS-H7_V3.2.0, X-CUBE-AZRTOS-L4_V2.0.0, X-CUBE-AZRTOS-L5_V1.1.0, X-CUBE-AZRTOS-WB_V2.0.0, X-CUBE-AZRTOS-WL_V2.0.0, X-CUBE-BLE1_V7.0.0, X-CUBE-BLE2_V3.3.0, X-CUBE-BLEMGR_V3.1.0, X-CUBE-EEPRMA1_V5.1.0, X-CUBE-FREERTOS_V1.2.0, X-CUBE-GNSS1_V6.0.0, X-CUBE-MEMS1_V10.0.0, X-CUBE-NFC4_V3.0.0, X-CUBE-NFC7_V1.0.1, X-CUBE-SFXS2LP1_V4.0.0, X-CUBE-SUBG2_V5.0.0, X-CUBE-TOF1_V3.4.1]
2024-07-30 08:36:03,762 [INFO] DbBoardsSqlite:226 - include board P-NUCLEO-WB55-NUCLEO as a kit item of type 'Nucleo-64'
2024-07-30 08:36:03,762 [INFO] DbBoardsSqlite:226 - include board P-NUCLEO-WB55-USBDONGLE as a kit item of type 'Nucleo USB Dongle'
2024-07-30 08:36:03,763 [INFO] DbBoardsSqlite:226 - include board STEVAL-IDP005V1 as a kit item of type 'Evaluation Board'
2024-07-30 08:36:03,763 [INFO] DbBoardsSqlite:226 - include board STEVAL-IDP005V2 as a kit item of type 'Evaluation Board'
2024-07-30 08:36:03,808 [INFO] ApiDb:240 - Found 483 in-development CPN: [B-G473E-ZEST1S, B-WB1M-WPAN1, B-WL5M-SUBG1, NUCLEO-C031C6, NUCLEO-H503RB, NUCLEO-H533RE, NUCLEO-H563ZI, NUCLEO-H7S3L8, NUCLEO-U031R8, NUCLEO-U083RC, NUCLEO-U545RE-Q, NUCLEO-U5A5ZJ-Q, NUCLEO-WBA52CG, NUCLEO-WBA55CG, STEVAL-PROTEUS1, STEVAL-SMARTAG2, STEVAL-STWINBX1, STM320518-EVAL, STM32C0116-DK, STM32C011D6Y3TR, STM32C011D6Y6TR, STM32C011F4P3, STM32C011F4P6, STM32C011F4U3, STM32C011F4U6TR, STM32C011F6P3, STM32C011F6P6, STM32C011F6U3, STM32C011F6U6TR, STM32C011J4M3, STM32C011J4M6, STM32C011J6M3, STM32C011J6M6, STM32C0316-DK, STM32C031C4T3, STM32C031C4T6, STM32C031C4U3, STM32C031C4U6, STM32C031C6T3, STM32C031C6T6, STM32C031C6U3, STM32C031C6U6, STM32C031F4P3, STM32C031F4P6, STM32C031F6P3, STM32C031F6P6, STM32C031G4U3, STM32C031G4U6, STM32C031G6U3, STM32C031G6U6, STM32C031K4T3, STM32C031K4T6, STM32C031K4U3, STM32C031K4U6, STM32C031K6T3, STM32C031K6T6, STM32C031K6U3, STM32C031K6U6, STM32G071K8TXN, STM32G071K8UXN, STM32G081GBU6N, STM32G081KBT6N, STM32G081KBUXN, STM32G0B1CCT6N, STM32G0B1KCT6, STM32G0B1NEY6TR, STM32G0B1RCT6N, STM32G0C1CCT6, STM32G0C1CCT6N, STM32G0C1CCU6N, STM32G0C1CET6N, STM32G0C1CEU6N, STM32G0C1KCT6, STM32G0C1NEY6TR, STM32G0C1RCI6N, STM32G0C1RCT6N, STM32G0C1REI6N, STM32G0C1RET6N, STM32G0C1VCI6, STM32G0C1VEI6, STM32G471CCT6, STM32G471CCU6, STM32G471CET3, STM32G471CET6, STM32G471CEU3, STM32G471CEU6, STM32G471MCT6, STM32G471MET3, STM32G471MET6, STM32G471MEY6TR, STM32G471QCT6, STM32G471QET3, STM32G471RCT6, STM32G471RET3, STM32G471RET6, STM32G471VCH6, STM32G471VCI6, STM32G471VCT6, STM32G471VEH3, STM32G471VEH6, STM32G471VEI3, STM32G471VEI6, STM32G471VET3, STM32G471VET6, STM32G474CCT6, STM32H503CBT6, STM32H503CBU6, STM32H503EBY6TR, STM32H503KBU6, STM32H503RBT6, STM32H523CCT6, STM32H523CCU6, STM32H523CET6, STM32H523CEU6, STM32H523HEY6TR, STM32H523RCT6, STM32H523RET6, STM32H523VCI6, STM32H523VCT6, STM32H523VEI6, STM32H523VET6, STM32H523ZCJ6, STM32H523ZCT6, STM32H523ZEJ6, STM32H523ZET6, STM32H533CET6, STM32H533CEU6, STM32H533HEY6TR, STM32H533RET6, STM32H533VEI6, STM32H533VET6, STM32H533ZEJ6, STM32H533ZET6, STM32H562AGI6, STM32H562AII6, STM32H562IGK6, STM32H562IGT6, STM32H562IIK6, STM32H562IIT6, STM32H562RGT6, STM32H562RGV6, STM32H562RIT6, STM32H562RIV6, STM32H562VGT6, STM32H562VIT6, STM32H562ZGT6, STM32H562ZIT6, STM32H563AGI6, STM32H563AII3Q, STM32H563AII6, STM32H563IGK6, STM32H563IGT6, STM32H563IIK3Q, STM32H563IIK6, STM32H563IIT3Q, STM32H563IIT6, STM32H563MIY3QTR, STM32H563RGT6, STM32H563RGV6, STM32H563RIT6, STM32H563RIV6, STM32H563VGT6, STM32H563VIT3Q, STM32H563VIT6, STM32H563ZGT6, STM32H563ZIT3Q, STM32H563ZIT6, STM32H573AII3Q, STM32H573AII6, STM32H573I-DK, STM32H573IIK3Q, STM32H573IIK6, STM32H573IIT3Q, STM32H573IIT6, STM32H573MIY3QTR, STM32H573RIT6, STM32H573RIV6, STM32H573VIT3Q, STM32H573VIT6, STM32H573ZIT3Q, STM32H573ZIT6, STM32H7R3A8I6, STM32H7R3I8K6, STM32H7R3I8T6, STM32H7R3L8H6, STM32H7R3L8H6H, STM32H7R3R8V6, STM32H7R3V8H6, STM32H7R3V8T6, STM32H7R3V8Y6, STM32H7R3Z8J6, STM32H7R3Z8T6, STM32H7R7A8I6, STM32H7R7I8K6, STM32H7R7I8T6, STM32H7R7L8H6, STM32H7R7L8H6H, STM32H7R7Z8J6, STM32H7S3A8I6, STM32H7S3I8K6, STM32H7S3I8T6, STM32H7S3L8H6, STM32H7S3L8H6H, STM32H7S3R8V6, STM32H7S3V8H6, STM32H7S3V8T6, STM32H7S3V8Y6, STM32H7S3Z8J6, STM32H7S3Z8T6, STM32H7S78-DK, STM32H7S7A8I6, STM32H7S7I8K6, STM32H7S7I8T6, STM32H7S7L8H6, STM32H7S7L8H6H, STM32H7S7Z8J6, STM32L4R5QGI6STR, STM32MP131AAE3, STM32MP131AAF3, STM32MP131AAG3, STM32MP131CAE3, STM32MP131CAF3, STM32MP131CAG3, STM32MP131DAE7, STM32MP131DAF7, STM32MP131DAG7, STM32MP131FAE7, STM32MP131FAF7, STM32MP131FAG7, STM32MP133AAE3, STM32MP133AAF3, STM32MP133AAG3, STM32MP133CAE3, STM32MP133CAF3, STM32MP133CAG3, STM32MP133DAE7, STM32MP133DAF7, STM32MP133DAG7, STM32MP133FAE7, STM32MP133FAF7, STM32MP133FAG7, STM32MP135AAE3, STM32MP135AAF3, STM32MP135AAG3, STM32MP135CAE3, STM32MP135CAF3, STM32MP135CAG3, STM32MP135DAE7, STM32MP135DAF7, STM32MP135DAG7, STM32MP135F-DK, STM32MP135FAE7, STM32MP135FAF7, STM32MP135FAF7T, STM32MP135FAF7U, STM32MP135FAG7, STM32U031C6T6, STM32U031C6U6, STM32U031C8T6, STM32U031C8U6, STM32U031F4P6, STM32U031F6P6, STM32U031F8P6, STM32U031G6Y6TR, STM32U031G8Y6TR, STM32U031K4U6, STM32U031K6U6, STM32U031K8U6, STM32U031R6I6, STM32U031R6T6, STM32U031R8I6, STM32U031R8T6, STM32U073C8T6, STM32U073C8U6, STM32U073CBT6, STM32U073CBU6, STM32U073CCT6, STM32U073CCU6, STM32U073H8Y6TR, STM32U073HBY6TR, STM32U073HCY6TR, STM32U073K8U6, STM32U073KBU6, STM32U073KCU6, STM32U073M8I6, STM32U073M8T6, STM32U073MBI6, STM32U073MBT6, STM32U073MCI6, STM32U073MCT6, STM32U073R8I6, STM32U073R8T6, STM32U073RBI6, STM32U073RBT6, STM32U073RCI6, STM32U073RCT6, STM32U083C-DK, STM32U083CCT6, STM32U083CCU6, STM32U083HCY6TR, STM32U083KCU6, STM32U083MCI6, STM32U083MCT6, STM32U083RCI6, STM32U083RCT6, STM32U535CBT6, STM32U535CBT6Q, STM32U535CBU6, STM32U535CBU6Q, STM32U535CCT6, STM32U535CCT6Q, STM32U535CCU6, STM32U535CCU6Q, STM32U535CET6, STM32U535CET6Q, STM32U535CEU6, STM32U535CEU6Q, STM32U535JEY6QTR, STM32U535NCY6QTR, STM32U535NEY6QTR, STM32U535RBI6, STM32U535RBI6Q, STM32U535RBT6, STM32U535RBT6Q, STM32U535RCI6, STM32U535RCI6Q, STM32U535RCT6, STM32U535RCT6Q, STM32U535REI6, STM32U535REI6Q, STM32U535RET6, STM32U535RET6Q, STM32U535VCI6, STM32U535VCI6Q, STM32U535VCT6, STM32U535VCT6Q, STM32U535VEI6, STM32U535VEI6Q, STM32U535VET6, STM32U535VET6Q, STM32U545CET6, STM32U545CET6Q, STM32U545CEU6, STM32U545CEU6Q, STM32U545JEY6QTR, STM32U545NEY6QTR, STM32U545REI6, STM32U545REI6Q, STM32U545RET6, STM32U545RET6Q, STM32U545VEI6, STM32U545VEI6Q, STM32U545VET6, STM32U545VET6Q, STM32U595AIH6, STM32U595AIH6Q, STM32U595AJH6, STM32U595AJH6Q, STM32U595QII6, STM32U595QII6Q, STM32U595QJI6, STM32U595QJI6Q, STM32U595RIT6, STM32U595RIT6Q, STM32U595RJT6, STM32U595RJT6Q, STM32U595VIT6, STM32U595VIT6Q, STM32U595VJT6, STM32U595VJT6Q, STM32U595ZIT6, STM32U595ZIT6Q, STM32U595ZIY6QTR, STM32U595ZJT6, STM32U595ZJT6Q, STM32U595ZJY6QTR, STM32U599BJY6QTR, STM32U599NIH6Q, STM32U599NJH6Q, STM32U599VIT6Q, STM32U599VJT6, STM32U599VJT6Q, STM32U599ZIT6Q, STM32U599ZIY6QTR, STM32U599ZJT6Q, STM32U599ZJY6QTR, STM32U5A5AJH6, STM32U5A5AJH6Q, STM32U5A5QII3Q , STM32U5A5QJI6, STM32U5A5QJI6Q, STM32U5A5RJT6, STM32U5A5RJT6Q, STM32U5A5VJT6, STM32U5A5VJT6Q, STM32U5A5ZJT6, STM32U5A5ZJT6Q, STM32U5A5ZJY6QTR, STM32U5A9BJY6QTR, STM32U5A9J-DK, STM32U5A9NJH6Q, STM32U5A9VJT6Q, STM32U5A9ZJT6Q, STM32U5A9ZJY6QTR, STM32U5F7VIT6, STM32U5F7VIT6Q, STM32U5F7VJT6, STM32U5F7VJT6Q, STM32U5F9BJY6QTR, STM32U5F9NJH6Q, STM32U5F9VIT6Q, STM32U5F9VJT6Q, STM32U5F9ZIJ6QTR, STM32U5F9ZIT6Q, STM32U5F9ZJJ6QTR, STM32U5F9ZJT6Q, STM32U5G7VJT6, STM32U5G7VJT6Q, STM32U5G9BJY6QTR, STM32U5G9J-DK1, STM32U5G9J-DK2, STM32U5G9NJH6Q, STM32U5G9VJT6Q, STM32U5G9ZJJ6QTR, STM32U5G9ZJT6Q, STM32WB1MMCH6, STM32WBA50KEU6, STM32WBA50KEU6TR, STM32WBA50KGU6, STM32WBA50KGU6TR, STM32WBA52CEU6, STM32WBA52CEU6TR, STM32WBA52CEU7, STM32WBA52CEU7TR, STM32WBA52CGU6, STM32WBA52CGU6TR, STM32WBA52CGU6U, STM32WBA52CGU7, STM32WBA52CGU7TR, STM32WBA52KEU6, STM32WBA52KEU6TR, STM32WBA52KGU6, STM32WBA52KGU6TR, STM32WBA54CEU6, STM32WBA54CEU6TR, STM32WBA54CEU7, STM32WBA54CEU7TR, STM32WBA54CGU6, STM32WBA54CGU6TR, STM32WBA54CGU7, STM32WBA54CGU7TR, STM32WBA54KEU6, STM32WBA54KEU6TR, STM32WBA54KEU7, STM32WBA54KEU7TR, STM32WBA54KGU6, STM32WBA54KGU6TR, STM32WBA54KGU7, STM32WBA54KGU7TR, STM32WBA55CEU6, STM32WBA55CEU6TR, STM32WBA55CEU7, STM32WBA55CEU7TR, STM32WBA55CGU6, STM32WBA55CGU6TR, STM32WBA55CGU6U, STM32WBA55CGU7, STM32WBA55CGU7TR, STM32WBA55G-DK1, STM32WBA55HEF6, STM32WBA55HEF7, STM32WBA55HGF6, STM32WBA55HGF7, STM32WBA55UEI6, STM32WBA55UEI6TR, STM32WBA55UEI7, STM32WBA55UEI7TR, STM32WBA55UGI6, STM32WBA55UGI6TR, STM32WBA55UGI7, STM32WBA55UGI7TR, STM32WL5MOCH6, STM32WL5MOCH6TR]
2024-07-30 08:36:04,023 [INFO] BoardInfo:889 - No configuration file found for board P-NUCLEO-WB55
2024-07-30 08:36:04,023 [INFO] DbBoards:161 - Kit is not supported: P-NUCLEO-WB55
2024-07-30 08:36:04,028 [INFO] BoardInfo:889 - No configuration file found for board STEVAL-BFA001V1B
2024-07-30 08:36:04,028 [INFO] DbBoards:161 - Kit is not supported: STEVAL-BFA001V1B
2024-07-30 08:36:04,029 [INFO] BoardInfo:889 - No configuration file found for board STEVAL-BFA001V2B
2024-07-30 08:36:04,030 [INFO] DbBoards:161 - Kit is not supported: STEVAL-BFA001V2B
2024-07-30 08:36:04,190 [INFO] DbBoards:168 - Found 195 boards, 192 are supported
2024-07-30 08:36:04,190 [INFO] DbBoards:169 - Found 195 boards, 8 of them is supported for  Bsp
2024-07-30 08:36:04,193 [INFO] ApiDb:423 - Load user favorites file C:\Users\lagoeirl/.stm32cubeide/favorites.boards.txt: 1 item(s)
2024-07-30 08:36:04,193 [INFO] ApiDb:427 - User favorites Boards=[NUCLEO-G070RB]
2024-07-30 08:36:04,193 [INFO] DbBoards:198 - Set 1 / 1 favorites Boards
2024-07-30 08:36:04,195 [INFO] ApiDb:668 - CubeFinder database Data Model version=2.1
2024-07-30 08:36:04,195 [INFO] ApiDb:669 - CubeFinder database Configuration version=3.0.39
2024-07-30 08:36:04,195 [INFO] ApiDb:670 - CubeFinder database generation date=2024-06-20 (1718880634)
2024-07-30 08:36:04,195 [INFO] ApiDb:671 - CubeFinder database FW Pack versions=[FP-ATR-ASTRA1_V2.0.0, FP-SNS-FLIGHT1_V5.0.2, FP-SNS-MOTENV1_V5.0.0, FP-SNS-MOTENVWB1_V1.4.0, FP-SNS-SMARTAG2_V1.2.0, STM32Cube_FW_C0_V1.2.0, STM32Cube_FW_F4_V1.28.0, STM32Cube_FW_F7_V1.17.2, STM32Cube_FW_G0_V1.6.2, STM32Cube_FW_G4_V1.6.0, STM32Cube_FW_H5_V1.3.0, STM32Cube_FW_H7RS_V1.1.0, STM32Cube_FW_H7_V1.11.2, STM32Cube_FW_L0_V1.12.2, STM32Cube_FW_L5_V1.5.1, STM32Cube_FW_U0_V1.1.0, STM32Cube_FW_U5_V1.6.0, STM32Cube_FW_WB0_V1.0.0, STM32Cube_FW_WBA_V1.4.0, STM32Cube_FW_WB_V1.20.0, STM32Cube_FW_WL_V1.3.0, X-CUBE-ALGOBUILD_V1.4.0, X-CUBE-ALS_V1.0.2, X-CUBE-AZRTOS-F4_V1.1.0, X-CUBE-AZRTOS-F7_V1.1.0, X-CUBE-AZRTOS-G0_V1.1.0, X-CUBE-AZRTOS-G4_V2.0.0, X-CUBE-AZRTOS-H7RS_V1.0.0, X-CUBE-AZRTOS-H7_V3.2.0, X-CUBE-AZRTOS-L4_V2.0.0, X-CUBE-AZRTOS-L5_V1.1.0, X-CUBE-AZRTOS-WB_V2.0.0, X-CUBE-AZRTOS-WL_V2.0.0, X-CUBE-BLE1_V7.0.0, X-CUBE-BLE2_V3.3.0, X-CUBE-BLEMGR_V3.1.0, X-CUBE-EEPRMA1_V5.1.0, X-CUBE-FREERTOS_V1.2.0, X-CUBE-GNSS1_V6.0.0, X-CUBE-MEMS1_V10.0.0, X-CUBE-NFC4_V3.0.0, X-CUBE-NFC7_V1.0.1, X-CUBE-SFXS2LP1_V4.0.0, X-CUBE-SUBG2_V5.0.0, X-CUBE-TOF1_V3.4.1]
2024-07-30 08:36:04,803 [ERROR] DbExamplesSqlite:437 - Missing JSON key: board_cpn
2024-07-30 08:36:04,804 [ERROR] DbExamplesSqlite:437 - Missing JSON key: board_cpn
2024-07-30 08:36:04,804 [ERROR] DbExamplesSqlite:437 - Missing JSON key: board_cpn
2024-07-30 08:36:04,804 [ERROR] DbExamplesSqlite:437 - Missing JSON key: board_cpn
2024-07-30 08:36:04,953 [INFO] DbExamplesSqlite:395 - Ignored 28 examples not supported by CubeIDE
2024-07-30 08:36:04,954 [INFO] DbExamplesSqlite:396 - Found 8590 examples active
2024-07-30 08:36:04,954 [INFO] DbExamplesSqlite:397 - Found 0 examples obsolete
2024-07-30 08:36:04,954 [INFO] DbExamplesSqlite:398 - Found 0 examples under development
2024-07-30 08:36:04,955 [INFO] DbExamplesSqlite:399 - Found 10 examples not building
2024-07-30 08:36:04,957 [INFO] DbExamples:125 - Found 8572 examples
2024-07-30 08:36:05,146 [ERROR] DbExamples:208 - Found 308 examples with invalid data (board or MCU)
2024-07-30 08:36:05,146 [INFO] DbExamples:222 - Found 102 boards with related examples
2024-07-30 08:36:05,147 [INFO] DbExamples:235 - Found 86 MCUs with related examples
2024-07-30 08:36:05,172 [INFO] ApiDb:414 - User favorites file not found: C:\Users\lagoeirl/.stm32cubeide/favorites.examples.txt
2024-07-30 08:36:05,172 [INFO] DbExamples:250 - Set 0 / 0 favorites Examples
2024-07-30 08:36:05,462 [INFO] McuFinderGlobals:76 - Set McuFinderConnectedMode to true
2024-07-30 08:36:05,486 [INFO] MultiScanPanel:200 - Auto-refresh data requested => check proxy status ongoing
2024-07-30 08:36:05,491 [INFO] FinderPluginLoader:95 - Searching for filters in installed packs
2024-07-30 08:36:07,111 [INFO] LoadUrlFilesThread:185 - End of LoadServerUrlFiles without Thread
2024-07-30 08:36:07,124 [INFO] DetailPanel:341 - Set advertising image to C:/Users/lagoeirl/STM32Cube/Repository/\en.prom-stm32h7rs-mcu-finder.jpg
2024-07-30 08:38:02,138 [INFO] MultiScanPanel:200 - Auto-refresh data requested => check proxy status ongoing
2024-07-30 08:38:02,326 [INFO] LoadUrlFilesThread:185 - End of LoadServerUrlFiles without Thread
2024-07-30 08:38:02,326 [INFO] DetailPanel:341 - Set advertising image to C:/Users/lagoeirl/STM32Cube/Repository/\en.prom-stm32h7rs-mcu-finder.jpg
2024-07-30 08:38:02,341 [INFO] DbBoards:642 - Loading board mini-images...
2024-07-30 08:38:04,691 [INFO] DbBoards:665 - Loaded 195 board mini-images
2024-07-30 08:39:18,451 [INFO] McuFinderGlobals:76 - Set McuFinderConnectedMode to true
2024-07-30 08:39:18,545 [INFO] ApiDb:448 - Save user favorites file C:\Users\lagoeirl/.stm32cubeide/favorites.mcus.txt: 0 item(s)
2024-07-30 08:39:18,546 [INFO] ApiDb:452 - User favorites MCUs=[]
2024-07-30 08:39:18,552 [INFO] ApiDb:448 - Save user favorites file C:\Users\lagoeirl/.stm32cubeide/favorites.boards.txt: 1 item(s)
2024-07-30 08:39:18,553 [INFO] ApiDb:452 - User favorites Boards=[NUCLEO-G070RB]
2024-07-30 08:40:24,301 [ERROR] ConfigurationRetriever:142 - IOException on connection: Read timed out
2024-07-30 08:40:30,143 [ERROR] LogOutputStream:75 - [STDERR_REDIRECT] 
2024-07-30 08:40:45,843 [INFO] Activator:176 - 


2024-07-30 08:40:45,845 [INFO] Activator:177 - !SESSION log4j initialized
2024-07-30 08:40:48,872 [INFO] LogOutputStream:77 - [STDOUT_REDIRECT] 
2024-07-30 08:40:49,712 [ERROR] ConfigurationRetriever:142 - IOException on connection: sw-center.st.com
2024-07-30 08:40:49,712 [ERROR] ConfigurationRetriever:142 - IOException on connection: sw-center.st.com
2024-07-30 08:40:49,713 [ERROR] ConfigurationRetriever:142 - IOException on connection: sw-center.st.com
2024-07-30 08:40:51,237 [INFO] ApplicationProperties:184 - Using Application install path: C:\ST\STM32CubeIDE_1.15.1\STM32CubeIDE\plugins\com.st.stm32cube.common.mx_6.11.1.202404110753
2024-07-30 08:40:51,257 [INFO] DbMcusXml:78 - Set database path to: C:\ST\STM32CubeIDE_1.15.1\STM32CubeIDE\plugins\com.st.stm32cube.common.mx_6.11.1.202404110753\\db\/mcu/
2024-07-30 08:40:51,257 [INFO] ApiDb:274 - Set plugin database path to: C:\ST\STM32CubeIDE_1.15.1\STM32CubeIDE\plugins\com.st.stm32cube.common.mx_6.11.1.202404110753\\db\/plugins/boardmanager/
2024-07-30 08:40:51,257 [WARN] ApiDb:259 - Overriding images path with different value:  => C:\ST\STM32CubeIDE_1.15.1\STM32CubeIDE\plugins\com.st.stm32cube.common.mx_6.11.1.202404110753\\db\/plugins/mcufinder/images/
2024-07-30 08:40:51,263 [INFO] ApiDb:250 - Set database path to: C:\Users\lagoeirl\.stmcufinder\plugins\mcufinder//mcu/
2024-07-30 08:40:51,266 [INFO] DbMcusAds:125 - Set database path to: C:\Users\lagoeirl\.stmcufinder\plugins\mcufinder//mcu/
2024-07-30 08:40:51,461 [INFO] CrossReferenceDbSqlite:203 - Set database path to: C:\Users\lagoeirl\.stmcufinder\plugins\mcufinder//mcu/cs/
2024-07-30 08:40:51,562 [INFO] RulesReader:64 - Compatibility file has been processed (297 Rules)
2024-07-30 08:40:51,673 [INFO] DbMcusXml:78 - Set database path to: C:\ST\STM32CubeIDE_1.15.1\STM32CubeIDE\plugins\com.st.stm32cube.common.mx_6.11.1.202404110753\\db\/mcu/
2024-07-30 08:40:51,673 [INFO] ApiDb:274 - Set plugin database path to: C:\ST\STM32CubeIDE_1.15.1\STM32CubeIDE\plugins\com.st.stm32cube.common.mx_6.11.1.202404110753\\db\/plugins/boardmanager/
2024-07-30 08:40:51,674 [INFO] ApiDb:261 - Set plugin images path to: C:\ST\STM32CubeIDE_1.15.1\STM32CubeIDE\plugins\com.st.stm32cube.common.mx_6.11.1.202404110753\\db\/plugins/mcufinder/images/
2024-07-30 08:40:51,674 [WARN] DbFile:41 - Overriding database path with different value: C:\Users\lagoeirl\.stmcufinder\plugins\mcufinder/ => C:\Users\lagoeirl\.stmcufinder\plugins\mcufinder
2024-07-30 08:40:51,674 [INFO] ApiDb:250 - Set database path to: C:\Users\lagoeirl\.stmcufinder\plugins\mcufinder//mcu/
2024-07-30 08:40:51,674 [WARN] DbFile:41 - Overriding database path with different value: C:\Users\lagoeirl\.stmcufinder\plugins\mcufinder/ => C:\Users\lagoeirl\.stmcufinder\plugins\mcufinder
2024-07-30 08:40:51,674 [INFO] DbMcusAds:125 - Set database path to: C:\Users\lagoeirl\.stmcufinder\plugins\mcufinder//mcu/
2024-07-30 08:40:51,674 [WARN] DbFile:41 - Overriding database path with different value: C:\Users\lagoeirl\.stmcufinder\plugins\mcufinder/ => C:\Users\lagoeirl\.stmcufinder\plugins\mcufinder
2024-07-30 08:40:51,674 [WARN] DbFile:41 - Overriding database path with different value: C:\Users\lagoeirl\.stmcufinder\plugins\mcufinder/ => C:\Users\lagoeirl\.stmcufinder\plugins\mcufinder
2024-07-30 08:40:51,869 [INFO] CrossReferenceDbSqlite:203 - Set database path to: C:\Users\lagoeirl\.stmcufinder\plugins\mcufinder//mcu/cs/
2024-07-30 08:40:51,959 [INFO] MainPanel:264 - HeapMemory: 268435456
2024-07-30 08:40:52,066 [INFO] DbMcusXml:78 - Set database path to: C:\ST\STM32CubeIDE_1.15.1\STM32CubeIDE\plugins\com.st.stm32cube.common.mx_6.11.1.202404110753\\db\/mcu/
2024-07-30 08:40:52,066 [INFO] ApiDb:274 - Set plugin database path to: C:\ST\STM32CubeIDE_1.15.1\STM32CubeIDE\plugins\com.st.stm32cube.common.mx_6.11.1.202404110753\\db\/plugins/boardmanager/
2024-07-30 08:40:52,066 [INFO] ApiDb:261 - Set plugin images path to: C:\ST\STM32CubeIDE_1.15.1\STM32CubeIDE\plugins\com.st.stm32cube.common.mx_6.11.1.202404110753\\db\/plugins/mcufinder/images/
2024-07-30 08:40:52,066 [WARN] DbFile:41 - Overriding database path with different value: C:\Users\lagoeirl\.stmcufinder\plugins\mcufinder/ => C:\Users\lagoeirl\.stmcufinder\plugins\mcufinder
2024-07-30 08:40:52,067 [INFO] ApiDb:250 - Set database path to: C:\Users\lagoeirl\.stmcufinder\plugins\mcufinder//mcu/
2024-07-30 08:40:52,067 [WARN] DbFile:41 - Overriding database path with different value: C:\Users\lagoeirl\.stmcufinder\plugins\mcufinder/ => C:\Users\lagoeirl\.stmcufinder\plugins\mcufinder
2024-07-30 08:40:52,067 [INFO] DbMcusAds:125 - Set database path to: C:\Users\lagoeirl\.stmcufinder\plugins\mcufinder//mcu/
2024-07-30 08:40:52,067 [WARN] DbFile:41 - Overriding database path with different value: C:\Users\lagoeirl\.stmcufinder\plugins\mcufinder/ => C:\Users\lagoeirl\.stmcufinder\plugins\mcufinder
2024-07-30 08:40:52,067 [WARN] DbFile:41 - Overriding database path with different value: C:\Users\lagoeirl\.stmcufinder\plugins\mcufinder/ => C:\Users\lagoeirl\.stmcufinder\plugins\mcufinder
2024-07-30 08:40:52,262 [INFO] CrossReferenceDbSqlite:203 - Set database path to: C:\Users\lagoeirl\.stmcufinder\plugins\mcufinder//mcu/cs/
2024-07-30 08:40:52,290 [INFO] ApplicationProperties:184 - Using Application install path: C:\ST\STM32CubeIDE_1.15.1\STM32CubeIDE\plugins\com.st.stm32cube.common.mx_6.11.1.202404110753
2024-07-30 08:40:52,293 [INFO] PluginManage:196 - Search for loadable plugins [exclusion list=, ]
2024-07-30 08:40:52,294 [INFO] PluginManage:310 - Check plugin analytics
2024-07-30 08:40:52,642 [INFO] AnalyticsPlugin:253 - Accepted Software Licenses: STM32CubeMX.6.11.1
2024-07-30 08:40:52,642 [INFO] AnalyticsPlugin:255 - Accepted CMSIS Pack Licenses: 
2024-07-30 08:40:52,643 [INFO] AnalyticsPlugin:257 - Accepted Firmware Licenses: 
2024-07-30 08:40:52,646 [INFO] PluginManage:359 - Loaded plugin analytics (category:tool,tabindex:-1)
2024-07-30 08:40:52,647 [INFO] PluginManage:310 - Check plugin cadmodel
2024-07-30 08:40:52,647 [ERROR] ConfigurationRetriever:142 - IOException on connection: sw-center.st.com
2024-07-30 08:40:52,649 [ERROR] ConfigurationRetriever:142 - IOException on connection: sw-center.st.com
2024-07-30 08:40:52,650 [ERROR] ConfigurationRetriever:142 - IOException on connection: sw-center.st.com
2024-07-30 08:40:52,653 [INFO] CADModel:105 - Init CAD model plugin
2024-07-30 08:40:52,653 [INFO] PluginManage:359 - Loaded plugin cadmodel (category:power,tabindex:5)
2024-07-30 08:40:52,653 [INFO] PluginManage:310 - Check plugin clock
2024-07-30 08:40:52,661 [INFO] PluginManage:359 - Loaded plugin clock (category:base,tabindex:2)
2024-07-30 08:40:52,661 [INFO] PluginManage:310 - Check plugin ddr
2024-07-30 08:40:52,664 [INFO] PluginManage:359 - Loaded plugin ddr (category:tool,tabindex:6)
2024-07-30 08:40:52,664 [INFO] PluginManage:310 - Check plugin filemanager
2024-07-30 08:40:52,823 [INFO] PluginManage:359 - Loaded plugin filemanager (category:base,tabindex:10)
2024-07-30 08:40:52,823 [INFO] PluginManage:310 - Check plugin ipmanager
2024-07-30 08:40:52,833 [INFO] PluginManage:359 - Loaded plugin ipmanager (category:base,tabindex:5)
2024-07-30 08:40:52,834 [INFO] PluginManage:310 - Check plugin lpbam
2024-07-30 08:40:52,841 [INFO] PluginManage:359 - Loaded plugin lpbam (category:base,tabindex:0)
2024-07-30 08:40:52,841 [INFO] PluginManage:310 - Check plugin memorymap
2024-07-30 08:40:52,857 [INFO] PluginManage:359 - Loaded plugin memorymap (category:base,tabindex:4)
2024-07-30 08:40:52,857 [INFO] PluginManage:310 - Check plugin pinoutandconfiguration
2024-07-30 08:40:52,863 [INFO] PluginManage:359 - Loaded plugin pinoutandconfiguration (category:base,tabindex:1)
2024-07-30 08:40:52,864 [INFO] PluginManage:310 - Check plugin pinoutconfig
2024-07-30 08:40:52,950 [WARN] SupportedApi:132 - Cannot load RTOS API schema: s4s-elt-must-match.1: The content of 'definitions' must match (annotation?, (simpleType | complexType)?, (unique | key | keyref)*)). A problem was found starting at: attribute.
2024-07-30 08:40:53,157 [INFO] PluginManage:359 - Loaded plugin pinoutconfig (category:base,tabindex:0)
2024-07-30 08:40:53,157 [INFO] PluginManage:310 - Check plugin power
2024-07-30 08:40:53,170 [INFO] PluginManage:359 - Loaded plugin power (category:power,tabindex:4)
2024-07-30 08:40:53,170 [INFO] PluginManage:310 - Check plugin projectmanager
2024-07-30 08:40:53,192 [INFO] PluginManage:359 - Loaded plugin projectmanager (category:projectmanager,tabindex:3)
2024-07-30 08:40:53,192 [INFO] PluginManage:310 - Check plugin thirdparty
2024-07-30 08:40:53,329 [INFO] PluginManage:359 - Loaded plugin thirdparty (category:base,tabindex:-1)
2024-07-30 08:40:53,329 [WARN] IntegrityCheckThread:84 - waiting for thirdparty lock release [integrity check]
2024-07-30 08:40:53,329 [INFO] PluginManage:310 - Check plugin tools
2024-07-30 08:40:53,329 [INFO] IntegrityCheckThread:86 - entering critical section [integrity check]
2024-07-30 08:40:53,330 [INFO] ThirdPartyUpdaterWithRetryManager:70 - Updater plugin not ready yet. [1/15]
2024-07-30 08:40:53,332 [INFO] PluginManage:359 - Loaded plugin tools (category:base,tabindex:7)
2024-07-30 08:40:53,332 [INFO] PluginManage:310 - Check plugin tutovideos
2024-07-30 08:40:53,542 [INFO] PluginManage:359 - Loaded plugin tutovideos (category:base,tabindex:-1)
2024-07-30 08:40:53,543 [INFO] PluginManage:310 - Check plugin updater
2024-07-30 08:40:53,566 [INFO] PluginManage:359 - Loaded plugin updater (category:base,tabindex:12)
2024-07-30 08:40:53,566 [INFO] PluginManage:310 - Check plugin userauth
2024-07-30 08:40:53,575 [INFO] UserAuth:114 - Init User Auth plugin
2024-07-30 08:40:53,575 [INFO] PluginManage:359 - Loaded plugin userauth (category:base,tabindex:14)
2024-07-30 08:40:53,575 [INFO] PluginManage:283 - PluginManage : Loaded plugins [17]
2024-07-30 08:40:53,875 [INFO] PinOutPanel:1561 - setPackage(No Configuration,No Configuration)
2024-07-30 08:40:53,975 [INFO] CADModel:165 - CPN selected for project level
2024-07-30 08:40:53,976 [INFO] CADModel:114 - Register for checkConnection events
2024-07-30 08:40:53,994 [INFO] IPUIPlugin:80 - create IPUIPlugin
2024-07-30 08:40:53,995 [INFO] PluginManager:220 - loadIPPluginJar : add adc
2024-07-30 08:40:53,998 [INFO] IPUIPlugin:80 - create IPUIPlugin
2024-07-30 08:40:53,998 [INFO] PluginManager:220 - loadIPPluginJar : add aes
2024-07-30 08:40:54,001 [INFO] IPUIPlugin:80 - create IPUIPlugin
2024-07-30 08:40:54,002 [INFO] PluginManager:220 - loadIPPluginJar : add can
2024-07-30 08:40:54,004 [INFO] IPUIPlugin:80 - create IPUIPlugin
2024-07-30 08:40:54,004 [INFO] PluginManager:220 - loadIPPluginJar : add comp
2024-07-30 08:40:54,007 [INFO] IPUIPlugin:80 - create IPUIPlugin
2024-07-30 08:40:54,007 [INFO] PluginManager:220 - loadIPPluginJar : add cryp
2024-07-30 08:40:54,009 [INFO] IPUIPlugin:80 - create IPUIPlugin
2024-07-30 08:40:54,010 [INFO] PluginManager:220 - loadIPPluginJar : add dfsdm
2024-07-30 08:40:54,017 [INFO] IPUIPlugin:80 - create IPUIPlugin
2024-07-30 08:40:54,017 [INFO] PluginManager:220 - loadIPPluginJar : add dma
2024-07-30 08:40:54,020 [INFO] IPUIPlugin:80 - create IPUIPlugin
2024-07-30 08:40:54,020 [INFO] PluginManager:220 - loadIPPluginJar : add dma3
2024-07-30 08:40:54,023 [INFO] IPUIPlugin:80 - create IPUIPlugin
2024-07-30 08:40:54,023 [INFO] PluginManager:220 - loadIPPluginJar : add extmemmanager
2024-07-30 08:40:54,025 [INFO] IPUIPlugin:80 - create IPUIPlugin
2024-07-30 08:40:54,025 [INFO] PluginManager:220 - loadIPPluginJar : add fatfs
2024-07-30 08:40:54,029 [INFO] IPUIPlugin:80 - create IPUIPlugin
2024-07-30 08:40:54,029 [INFO] PluginManager:220 - loadIPPluginJar : add fmc
2024-07-30 08:40:54,035 [INFO] IPUIPlugin:80 - create IPUIPlugin
2024-07-30 08:40:54,035 [INFO] PluginManager:220 - loadIPPluginJar : add freertos
2024-07-30 08:40:54,038 [INFO] IPUIPlugin:80 - create IPUIPlugin
2024-07-30 08:40:54,038 [INFO] PluginManager:220 - loadIPPluginJar : add genericplugin
2024-07-30 08:40:54,040 [INFO] IPUIPlugin:80 - create IPUIPlugin
2024-07-30 08:40:54,040 [INFO] PluginManager:220 - loadIPPluginJar : add gfxmmu
2024-07-30 08:40:54,044 [INFO] IPUIPlugin:80 - create IPUIPlugin
2024-07-30 08:40:54,044 [INFO] PluginManager:220 - loadIPPluginJar : add gic
2024-07-30 08:40:54,050 [INFO] IPUIPlugin:80 - create IPUIPlugin
2024-07-30 08:40:54,050 [INFO] PluginManager:220 - loadIPPluginJar : add gpio
2024-07-30 08:40:54,053 [INFO] IPUIPlugin:80 - create IPUIPlugin
2024-07-30 08:40:54,053 [INFO] PluginManager:220 - loadIPPluginJar : add gtzc
2024-07-30 08:40:54,055 [INFO] IPUIPlugin:80 - create IPUIPlugin
2024-07-30 08:40:54,055 [INFO] PluginManager:220 - loadIPPluginJar : add hash
2024-07-30 08:40:54,057 [INFO] IPUIPlugin:80 - create IPUIPlugin
2024-07-30 08:40:54,057 [INFO] PluginManager:220 - loadIPPluginJar : add i2c
2024-07-30 08:40:54,060 [INFO] IPUIPlugin:80 - create IPUIPlugin
2024-07-30 08:40:54,060 [INFO] PluginManager:220 - loadIPPluginJar : add i2s
2024-07-30 08:40:54,062 [INFO] IPUIPlugin:80 - create IPUIPlugin
2024-07-30 08:40:54,062 [INFO] PluginManager:220 - loadIPPluginJar : add i3c
2024-07-30 08:40:54,067 [INFO] IPUIPlugin:80 - create IPUIPlugin
2024-07-30 08:40:54,067 [INFO] PluginManager:220 - loadIPPluginJar : add ipddr
2024-07-30 08:40:54,074 [INFO] IPUIPlugin:80 - create IPUIPlugin
2024-07-30 08:40:54,074 [INFO] PluginManager:220 - loadIPPluginJar : add linkedlist
2024-07-30 08:40:54,077 [INFO] IPUIPlugin:80 - create IPUIPlugin
2024-07-30 08:40:54,077 [INFO] PluginManager:220 - loadIPPluginJar : add lorawan
2024-07-30 08:40:54,080 [INFO] IPUIPlugin:80 - create IPUIPlugin
2024-07-30 08:40:54,080 [INFO] PluginManager:220 - loadIPPluginJar : add ltdc
2024-07-30 08:40:54,085 [INFO] IPUIPlugin:80 - create IPUIPlugin
2024-07-30 08:40:54,086 [INFO] PluginManager:220 - loadIPPluginJar : add mdma
2024-07-30 08:40:54,089 [INFO] IPUIPlugin:80 - create IPUIPlugin
2024-07-30 08:40:54,090 [INFO] PluginManager:220 - loadIPPluginJar : add nvic
2024-07-30 08:40:54,093 [INFO] IPUIPlugin:80 - create IPUIPlugin
2024-07-30 08:40:54,093 [INFO] PluginManager:220 - loadIPPluginJar : add opamp
2024-07-30 08:40:54,097 [INFO] IPUIPlugin:80 - create IPUIPlugin
2024-07-30 08:40:54,097 [INFO] PluginManager:220 - loadIPPluginJar : add openamp
2024-07-30 08:40:54,101 [INFO] IPUIPlugin:80 - create IPUIPlugin
2024-07-30 08:40:54,102 [INFO] PluginManager:220 - loadIPPluginJar : add pdm2pcm
2024-07-30 08:40:54,107 [INFO] IPUIPlugin:80 - create IPUIPlugin
2024-07-30 08:40:54,110 [INFO] PluginManager:220 - loadIPPluginJar : add plateformsettings
2024-07-30 08:40:54,112 [INFO] IPUIPlugin:80 - create IPUIPlugin
2024-07-30 08:40:54,112 [INFO] PluginManager:220 - loadIPPluginJar : add quadspi
2024-07-30 08:40:54,117 [INFO] IPUIPlugin:80 - create IPUIPlugin
2024-07-30 08:40:54,117 [INFO] PluginManager:220 - loadIPPluginJar : add resmgrutility
2024-07-30 08:40:54,120 [INFO] IPUIPlugin:80 - create IPUIPlugin
2024-07-30 08:40:54,120 [INFO] PluginManager:220 - loadIPPluginJar : add sai
2024-07-30 08:40:54,123 [INFO] IPUIPlugin:80 - create IPUIPlugin
2024-07-30 08:40:54,123 [INFO] PluginManager:220 - loadIPPluginJar : add spi
2024-07-30 08:40:54,129 [INFO] IPUIPlugin:80 - create IPUIPlugin
2024-07-30 08:40:54,130 [INFO] PluginManager:220 - loadIPPluginJar : add stm32_wpan
2024-07-30 08:40:54,133 [INFO] IPUIPlugin:80 - create IPUIPlugin
2024-07-30 08:40:54,133 [INFO] PluginManager:220 - loadIPPluginJar : add tim
2024-07-30 08:40:54,138 [INFO] IPUIPlugin:80 - create IPUIPlugin
2024-07-30 08:40:54,138 [INFO] PluginManager:220 - loadIPPluginJar : add touchsensing
2024-07-30 08:40:54,141 [INFO] IPUIPlugin:80 - create IPUIPlugin
2024-07-30 08:40:54,141 [INFO] PluginManager:220 - loadIPPluginJar : add tracer_emb
2024-07-30 08:40:54,143 [INFO] IPUIPlugin:80 - create IPUIPlugin
2024-07-30 08:40:54,143 [INFO] PluginManager:220 - loadIPPluginJar : add ts
2024-07-30 08:40:54,145 [INFO] IPUIPlugin:80 - create IPUIPlugin
2024-07-30 08:40:54,146 [INFO] PluginManager:220 - loadIPPluginJar : add tsc
2024-07-30 08:40:54,149 [INFO] IPUIPlugin:80 - create IPUIPlugin
2024-07-30 08:40:54,149 [INFO] PluginManager:220 - loadIPPluginJar : add ucpd
2024-07-30 08:40:54,152 [INFO] IPUIPlugin:80 - create IPUIPlugin
2024-07-30 08:40:54,152 [INFO] PluginManager:220 - loadIPPluginJar : add usart
2024-07-30 08:40:54,154 [INFO] IPUIPlugin:80 - create IPUIPlugin
2024-07-30 08:40:54,155 [INFO] PluginManager:220 - loadIPPluginJar : add usbx
2024-07-30 08:40:54,291 [INFO] CADModel:165 - CPN selected for project level
2024-07-30 08:40:54,291 [INFO] CADModel:114 - Register for checkConnection events
2024-07-30 08:40:54,292 [FATAL] Updater:308 - Updater called before beeing initialized
2024-07-30 08:40:54,292 [ERROR] CADModel:125 - Updater not yet initialized, retry later 
2024-07-30 08:40:54,444 [INFO] CADModel:165 - CPN selected for project level
2024-07-30 08:40:54,444 [INFO] CADModel:114 - Register for checkConnection events
2024-07-30 08:40:54,444 [FATAL] Updater:308 - Updater called before beeing initialized
2024-07-30 08:40:54,444 [ERROR] CADModel:125 - Updater not yet initialized, retry later 
2024-07-30 08:40:54,449 [FATAL] Updater:308 - Updater called before beeing initialized
2024-07-30 08:40:54,584 [FATAL] Updater:308 - Updater called before beeing initialized
2024-07-30 08:40:54,589 [INFO] DbMcusAds:53 - JSON generation date=Thu May 16 06:22:00 BRT 2024 (1715851320667)
2024-07-30 08:40:54,589 [FATAL] Updater:308 - Updater called before beeing initialized
2024-07-30 08:40:54,649 [WARN] DetailPanel:346 - Failed to get advertising image, set to default
2024-07-30 08:40:54,763 [FATAL] Updater:308 - Updater called before beeing initialized
2024-07-30 08:40:54,766 [FATAL] Updater:308 - Updater called before beeing initialized
2024-07-30 08:40:54,767 [FATAL] Updater:308 - Updater called before beeing initialized
2024-07-30 08:40:54,767 [WARN] DetailPanel:346 - Failed to get advertising image, set to default
2024-07-30 08:40:54,768 [FATAL] Updater:308 - Updater called before beeing initialized
2024-07-30 08:40:54,832 [ERROR] Updater:1120 - MainUpdater not yet initialized. External WinMGr cannot be set.
2024-07-30 08:40:54,839 [INFO] Updater:1056 - Updater Version found : 6.11.1
2024-07-30 08:40:54,867 [INFO] ApplicationProperties:184 - Using Application install path: C:\ST\STM32CubeIDE_1.15.1\STM32CubeIDE\plugins\com.st.stm32cube.common.mx_6.11.1.202404110753
2024-07-30 08:40:56,331 [INFO] ThirdPartyUpdaterWithRetryManager:70 - Updater plugin not ready yet. [2/15]
2024-07-30 08:40:56,453 [ERROR] LogOutputStream:75 - [STDERR_REDIRECT] Jul 30, 2024 8:40:56 AM java.util.prefs.WindowsPreferences <init>
2024-07-30 08:40:56,453 [ERROR] LogOutputStream:75 - [STDERR_REDIRECT] WARNING: Could not open/create prefs root node Software\JavaSoft\Prefs at root 0xffffffff80000002. Windows RegCreateKeyEx(...) returned error code 5.
2024-07-30 08:40:56,454 [ERROR] LogOutputStream:75 - [STDERR_REDIRECT] 
2024-07-30 08:40:58,438 [INFO] MainUpdater:2873 - connection check result : 10
2024-07-30 08:40:58,439 [INFO] MainUpdater:290 - Updater Check For Update Now.
2024-07-30 08:40:58,440 [INFO] MicroXplorer:498 - Change Database Version : DB.6.0.111
2024-07-30 08:40:58,446 [INFO] McuFinderGlobals:63 - Set McuFinder mode to 2 (CubeIDE integrated)
2024-07-30 08:40:58,453 [INFO] UserAuth:415 - Internet connection configuration mode: 1
2024-07-30 08:40:58,491 [INFO] JxBrowserEngine:152 - Initiate JxBrowser Engine with user profile folder
2024-07-30 08:40:58,667 [INFO] CheckServerUpdateThread:120 - End of CheckServer Thread
2024-07-30 08:40:59,490 [INFO] WebApp:161 - Instantiating new browser for Auth
2024-07-30 08:40:59,651 [WARN] PackLoader:240 - Cannot read IP mode file for STMicroelectronics.X-CUBE-SMBUS.2.1.0
2024-07-30 08:40:59,714 [WARN] PackLoader:240 - Cannot read IP mode file for STMicroelectronics.X-CUBE-AZRTOS-F7.1.1.0
2024-07-30 08:40:59,744 [WARN] PackLoader:240 - Cannot read IP mode file for STMicroelectronics.FP-SNS-FLIGHT1.5.0.2
2024-07-30 08:40:59,767 [WARN] PackLoader:240 - Cannot read IP mode file for STMicroelectronics.X-CUBE-DISPLAY.3.0.0
2024-07-30 08:40:59,825 [WARN] PackLoader:240 - Cannot read IP mode file for STMicroelectronics.X-CUBE-BLE1.7.0.0
2024-07-30 08:40:59,859 [WARN] PackLoader:240 - Cannot read IP mode file for STMicroelectronics.X-CUBE-BLEMGR.3.1.0
2024-07-30 08:40:59,901 [WARN] PackLoader:240 - Cannot read IP mode file for STMicroelectronics.FP-SNS-SMARTAG2.1.2.0
2024-07-30 08:40:59,919 [INFO] LogOutputStream:77 - [STDOUT_REDIRECT] 1 : Invalid condition id : UX_CORESTACK_Condition cause : null
2024-07-30 08:40:59,920 [INFO] LogOutputStream:77 - [STDOUT_REDIRECT] 1 : Invalid condition id : UX_CORESTACK_Condition cause : null
2024-07-30 08:40:59,922 [INFO] LogOutputStream:77 - [STDOUT_REDIRECT] 1 : Invalid condition id : UX_CORESTACK_Condition cause : null
2024-07-30 08:40:59,923 [INFO] LogOutputStream:77 - [STDOUT_REDIRECT] 1 : Invalid condition id : UX_CORESTACK_Condition cause : null
2024-07-30 08:40:59,925 [INFO] LogOutputStream:77 - [STDOUT_REDIRECT] 1 : Invalid condition id : UX_CORESTACK_Condition cause : null
2024-07-30 08:40:59,934 [WARN] PackLoader:240 - Cannot read IP mode file for STMicroelectronics.X-CUBE-AZRTOS-WL.2.0.0
2024-07-30 08:40:59,951 [WARN] PackLoader:240 - Cannot read IP mode file for STMicroelectronics.X-CUBE-BLE2.3.3.0
2024-07-30 08:40:59,995 [WARN] PackLoader:240 - Cannot read IP mode file for STMicroelectronics.X-CUBE-AZRTOS-G0.1.1.0
2024-07-30 08:41:00,011 [WARN] PackLoader:240 - Cannot read IP mode file for STMicroelectronics.X-CUBE-NFC4.3.0.0
2024-07-30 08:41:00,024 [WARN] PackLoader:240 - Cannot read IP mode file for STMicroelectronics.FP-ATR-SIGFOX1.3.2.0
2024-07-30 08:41:00,036 [WARN] PackLoader:240 - Cannot read IP mode file for STMicroelectronics.X-CUBE-EEPRMA1.5.1.0
2024-07-30 08:41:00,057 [WARN] PackLoader:240 - Cannot read IP mode file for STMicroelectronics.X-CUBE-GNSS1.6.0.0
2024-07-30 08:41:00,094 [WARN] PackLoader:240 - Cannot read IP mode file for STMicroelectronics.X-CUBE-AZRTOS-F4.1.1.0
2024-07-30 08:41:00,126 [WARN] PackLoader:240 - Cannot read IP mode file for STMicroelectronics.X-CUBE-AZRTOS-L5.2.0.0
2024-07-30 08:41:00,142 [WARN] PackLoader:240 - Cannot read IP mode file for STMicroelectronics.X-CUBE-NFC7.1.0.1
2024-07-30 08:41:00,174 [WARN] ConditionMgr:438 - getConditionDescription Invalid condition id : LAN8742 Phy interface Condition cause : null
2024-07-30 08:41:00,175 [WARN] PackLoader:240 - Cannot read IP mode file for STMicroelectronics.X-CUBE-AZRTOS-L4.2.0.0
2024-07-30 08:41:00,178 [WARN] ConditionMgr:1039 - genDependencies : Invalid condition id : LAN8742 Phy interface Condition cause : null
2024-07-30 08:41:00,179 [WARN] ConditionMgr:1039 - genDependencies : Invalid condition id : LAN8742 Phy interface Condition cause : null
2024-07-30 08:41:00,180 [WARN] ConditionMgr:1039 - genDependencies : Invalid condition id : LAN8742 Phy interface Condition cause : null
2024-07-30 08:41:00,195 [WARN] PackLoader:240 - Cannot read IP mode file for STMicroelectronics.X-CUBE-SFXS2LP1.4.0.0
2024-07-30 08:41:00,220 [WARN] ConditionMgr:438 - getConditionDescription Invalid condition id : UX DEVICE CLASS RTOS Condition cause : null
2024-07-30 08:41:00,221 [WARN] ConditionMgr:438 - getConditionDescription Invalid condition id : UX DEVICE CLASS RTOS Condition cause : null
2024-07-30 08:41:00,224 [WARN] PackLoader:240 - Cannot read IP mode file for STMicroelectronics.X-CUBE-AZRTOS-WB.2.0.0
2024-07-30 08:41:00,225 [WARN] ConditionMgr:1039 - genDependencies : Invalid condition id : UX DEVICE CLASS RTOS Condition cause : null
2024-07-30 08:41:00,225 [WARN] ConditionMgr:1039 - genDependencies : Invalid condition id : UX DEVICE CLASS RTOS Condition cause : null
2024-07-30 08:41:00,225 [WARN] ConditionMgr:1039 - genDependencies : Invalid condition id : UX DEVICE CLASS RTOS Condition cause : null
2024-07-30 08:41:00,226 [WARN] ConditionMgr:1039 - genDependencies : Invalid condition id : UX DEVICE CLASS RTOS Condition cause : null
2024-07-30 08:41:00,226 [WARN] ConditionMgr:1039 - genDependencies : Invalid condition id : UX DEVICE CLASS RTOS Condition cause : null
2024-07-30 08:41:00,246 [WARN] PackLoader:240 - Cannot read IP mode file for STMicroelectronics.X-CUBE-SUBG2.5.0.0
2024-07-30 08:41:00,279 [WARN] PackLoader:240 - Cannot read IP mode file for STMicroelectronics.X-CUBE-AZRTOS-G4.2.0.0
2024-07-30 08:41:00,292 [WARN] PackLoader:240 - Cannot read IP mode file for STMicroelectronics.X-CUBE-ISPU.2.0.0
2024-07-30 08:41:00,366 [WARN] PackLoader:240 - Cannot read IP mode file for STMicroelectronics.X-CUBE-MEMS1.10.0.0
2024-07-30 08:41:00,657 [WARN] PackLoader:240 - Cannot read IP mode file for STMicroelectronics.FP-ATR-ASTRA1.2.0.0
2024-07-30 08:41:00,691 [WARN] PackLoader:240 - Cannot read IP mode file for STMicroelectronics.X-CUBE-AZRTOS-H7.3.2.0
2024-07-30 08:41:00,698 [INFO] ThirdParty:978 - Integrity check success = true
2024-07-30 08:41:00,698 [INFO] IntegrityCheckThread:100 - exiting critical section [integrity check]
2024-07-30 08:41:00,699 [INFO] IntegrityCheckThread:103 - End integrity checks thread
2024-07-30 08:41:01,035 [INFO] WebApp:779 - Register for checkConnection events
2024-07-30 08:41:01,035 [INFO] WebApp:414 - Apply proxy settings
2024-07-30 08:41:01,038 [INFO] WebApp:459 - Chromium authenticates against Manually configured proxy
2024-07-30 08:41:01,055 [INFO] WebApp:467 - Username used for proxy authentication: lagoeirl
2024-07-30 08:41:01,425 [INFO] WebApp:192 - Starting web application
2024-07-30 08:41:01,426 [INFO] WebApp:544 - Web application path used C:\ST\STM32CubeIDE_1.15.1\STM32CubeIDE\plugins\com.st.stm32cube.common.mx_6.11.1.202404110753\db\plugins\mcufinder\reactClient1\index.html
2024-07-30 08:42:16,590 [ERROR] LogOutputStream:75 - [STDERR_REDIRECT] 
2024-07-30 08:42:16,591 [ERROR] LogOutputStream:75 - [STDERR_REDIRECT] 
