2024-08-08 08:13:39,789 [INFO] Activator:176 - 


2024-08-08 08:13:39,803 [INFO] Activator:177 - !SESSION log4j initialized
2024-08-08 08:13:48,427 [INFO] LogOutputStream:77 - [STDOUT_REDIRECT] 
2024-08-08 08:13:49,946 [ERROR] ConfigurationRetriever:142 - IOException on connection: sw-center.st.com
2024-08-08 08:13:49,948 [ERROR] ConfigurationRetriever:142 - IOException on connection: sw-center.st.com
2024-08-08 08:13:49,948 [ERROR] ConfigurationRetriever:142 - IOException on connection: sw-center.st.com
2024-08-08 08:13:51,700 [INFO] ApplicationProperties:184 - Using Application install path: C:\ST\STM32CubeIDE_1.15.1\STM32CubeIDE\plugins\com.st.stm32cube.common.mx_6.11.1.202404110753
2024-08-08 08:13:51,731 [INFO] DbMcusXml:78 - Set database path to: C:\ST\STM32CubeIDE_1.15.1\STM32CubeIDE\plugins\com.st.stm32cube.common.mx_6.11.1.202404110753\\db\/mcu/
2024-08-08 08:13:51,731 [INFO] ApiDb:274 - Set plugin database path to: C:\ST\STM32CubeIDE_1.15.1\STM32CubeIDE\plugins\com.st.stm32cube.common.mx_6.11.1.202404110753\\db\/plugins/boardmanager/
2024-08-08 08:13:51,732 [WARN] ApiDb:259 - Overriding images path with different value:  => C:\ST\STM32CubeIDE_1.15.1\STM32CubeIDE\plugins\com.st.stm32cube.common.mx_6.11.1.202404110753\\db\/plugins/mcufinder/images/
2024-08-08 08:13:51,748 [INFO] ApiDb:250 - Set database path to: C:\Users\lagoeirl\.stmcufinder\plugins\mcufinder//mcu/
2024-08-08 08:13:51,750 [INFO] DbMcusAds:125 - Set database path to: C:\Users\lagoeirl\.stmcufinder\plugins\mcufinder//mcu/
2024-08-08 08:13:52,628 [INFO] CrossReferenceDbSqlite:203 - Set database path to: C:\Users\lagoeirl\.stmcufinder\plugins\mcufinder//mcu/cs/
2024-08-08 08:13:52,755 [INFO] RulesReader:64 - Compatibility file has been processed (297 Rules)
2024-08-08 08:13:52,891 [INFO] DbMcusXml:78 - Set database path to: C:\ST\STM32CubeIDE_1.15.1\STM32CubeIDE\plugins\com.st.stm32cube.common.mx_6.11.1.202404110753\\db\/mcu/
2024-08-08 08:13:52,891 [INFO] ApiDb:274 - Set plugin database path to: C:\ST\STM32CubeIDE_1.15.1\STM32CubeIDE\plugins\com.st.stm32cube.common.mx_6.11.1.202404110753\\db\/plugins/boardmanager/
2024-08-08 08:13:52,891 [INFO] ApiDb:261 - Set plugin images path to: C:\ST\STM32CubeIDE_1.15.1\STM32CubeIDE\plugins\com.st.stm32cube.common.mx_6.11.1.202404110753\\db\/plugins/mcufinder/images/
2024-08-08 08:13:52,891 [WARN] DbFile:41 - Overriding database path with different value: C:\Users\lagoeirl\.stmcufinder\plugins\mcufinder/ => C:\Users\lagoeirl\.stmcufinder\plugins\mcufinder
2024-08-08 08:13:52,891 [INFO] ApiDb:250 - Set database path to: C:\Users\lagoeirl\.stmcufinder\plugins\mcufinder//mcu/
2024-08-08 08:13:52,891 [WARN] DbFile:41 - Overriding database path with different value: C:\Users\lagoeirl\.stmcufinder\plugins\mcufinder/ => C:\Users\lagoeirl\.stmcufinder\plugins\mcufinder
2024-08-08 08:13:52,891 [INFO] DbMcusAds:125 - Set database path to: C:\Users\lagoeirl\.stmcufinder\plugins\mcufinder//mcu/
2024-08-08 08:13:52,891 [WARN] DbFile:41 - Overriding database path with different value: C:\Users\lagoeirl\.stmcufinder\plugins\mcufinder/ => C:\Users\lagoeirl\.stmcufinder\plugins\mcufinder
2024-08-08 08:13:52,891 [WARN] DbFile:41 - Overriding database path with different value: C:\Users\lagoeirl\.stmcufinder\plugins\mcufinder/ => C:\Users\lagoeirl\.stmcufinder\plugins\mcufinder
2024-08-08 08:13:53,148 [INFO] CrossReferenceDbSqlite:203 - Set database path to: C:\Users\lagoeirl\.stmcufinder\plugins\mcufinder//mcu/cs/
2024-08-08 08:13:53,291 [INFO] MainPanel:264 - HeapMemory: 268435456
2024-08-08 08:13:53,421 [INFO] DbMcusXml:78 - Set database path to: C:\ST\STM32CubeIDE_1.15.1\STM32CubeIDE\plugins\com.st.stm32cube.common.mx_6.11.1.202404110753\\db\/mcu/
2024-08-08 08:13:53,421 [INFO] ApiDb:274 - Set plugin database path to: C:\ST\STM32CubeIDE_1.15.1\STM32CubeIDE\plugins\com.st.stm32cube.common.mx_6.11.1.202404110753\\db\/plugins/boardmanager/
2024-08-08 08:13:53,421 [INFO] ApiDb:261 - Set plugin images path to: C:\ST\STM32CubeIDE_1.15.1\STM32CubeIDE\plugins\com.st.stm32cube.common.mx_6.11.1.202404110753\\db\/plugins/mcufinder/images/
2024-08-08 08:13:53,421 [WARN] DbFile:41 - Overriding database path with different value: C:\Users\lagoeirl\.stmcufinder\plugins\mcufinder/ => C:\Users\lagoeirl\.stmcufinder\plugins\mcufinder
2024-08-08 08:13:53,421 [INFO] ApiDb:250 - Set database path to: C:\Users\lagoeirl\.stmcufinder\plugins\mcufinder//mcu/
2024-08-08 08:13:53,421 [WARN] DbFile:41 - Overriding database path with different value: C:\Users\lagoeirl\.stmcufinder\plugins\mcufinder/ => C:\Users\lagoeirl\.stmcufinder\plugins\mcufinder
2024-08-08 08:13:53,422 [INFO] DbMcusAds:125 - Set database path to: C:\Users\lagoeirl\.stmcufinder\plugins\mcufinder//mcu/
2024-08-08 08:13:53,422 [WARN] DbFile:41 - Overriding database path with different value: C:\Users\lagoeirl\.stmcufinder\plugins\mcufinder/ => C:\Users\lagoeirl\.stmcufinder\plugins\mcufinder
2024-08-08 08:13:53,422 [WARN] DbFile:41 - Overriding database path with different value: C:\Users\lagoeirl\.stmcufinder\plugins\mcufinder/ => C:\Users\lagoeirl\.stmcufinder\plugins\mcufinder
2024-08-08 08:13:53,635 [INFO] CrossReferenceDbSqlite:203 - Set database path to: C:\Users\lagoeirl\.stmcufinder\plugins\mcufinder//mcu/cs/
2024-08-08 08:13:53,658 [INFO] ApplicationProperties:184 - Using Application install path: C:\ST\STM32CubeIDE_1.15.1\STM32CubeIDE\plugins\com.st.stm32cube.common.mx_6.11.1.202404110753
2024-08-08 08:13:53,659 [INFO] PluginManage:196 - Search for loadable plugins [exclusion list=, ]
2024-08-08 08:13:53,661 [INFO] PluginManage:310 - Check plugin analytics
2024-08-08 08:13:54,097 [INFO] AnalyticsPlugin:253 - Accepted Software Licenses: STM32CubeMX.6.11.1
2024-08-08 08:13:54,098 [INFO] AnalyticsPlugin:255 - Accepted CMSIS Pack Licenses: 
2024-08-08 08:13:54,098 [INFO] AnalyticsPlugin:257 - Accepted Firmware Licenses: FW.H7.1.11.0,FW.L4.1.18.0
2024-08-08 08:13:54,102 [INFO] PluginManage:359 - Loaded plugin analytics (category:tool,tabindex:-1)
2024-08-08 08:13:54,102 [ERROR] ConfigurationRetriever:142 - IOException on connection: sw-center.st.com
2024-08-08 08:13:54,103 [INFO] PluginManage:310 - Check plugin cadmodel
2024-08-08 08:13:54,103 [ERROR] ConfigurationRetriever:142 - IOException on connection: sw-center.st.com
2024-08-08 08:13:54,104 [ERROR] ConfigurationRetriever:142 - IOException on connection: sw-center.st.com
2024-08-08 08:13:54,110 [INFO] CADModel:105 - Init CAD model plugin
2024-08-08 08:13:54,111 [INFO] PluginManage:359 - Loaded plugin cadmodel (category:power,tabindex:5)
2024-08-08 08:13:54,111 [INFO] PluginManage:310 - Check plugin clock
2024-08-08 08:13:54,126 [INFO] PluginManage:359 - Loaded plugin clock (category:base,tabindex:2)
2024-08-08 08:13:54,126 [INFO] PluginManage:310 - Check plugin ddr
2024-08-08 08:13:54,130 [INFO] PluginManage:359 - Loaded plugin ddr (category:tool,tabindex:6)
2024-08-08 08:13:54,130 [INFO] PluginManage:310 - Check plugin filemanager
2024-08-08 08:13:54,380 [INFO] PluginManage:359 - Loaded plugin filemanager (category:base,tabindex:10)
2024-08-08 08:13:54,380 [INFO] PluginManage:310 - Check plugin ipmanager
2024-08-08 08:13:54,395 [INFO] PluginManage:359 - Loaded plugin ipmanager (category:base,tabindex:5)
2024-08-08 08:13:54,395 [INFO] PluginManage:310 - Check plugin lpbam
2024-08-08 08:13:54,410 [INFO] PluginManage:359 - Loaded plugin lpbam (category:base,tabindex:0)
2024-08-08 08:13:54,410 [INFO] PluginManage:310 - Check plugin memorymap
2024-08-08 08:13:54,436 [INFO] PluginManage:359 - Loaded plugin memorymap (category:base,tabindex:4)
2024-08-08 08:13:54,437 [INFO] PluginManage:310 - Check plugin pinoutandconfiguration
2024-08-08 08:13:54,450 [INFO] PluginManage:359 - Loaded plugin pinoutandconfiguration (category:base,tabindex:1)
2024-08-08 08:13:54,451 [INFO] PluginManage:310 - Check plugin pinoutconfig
2024-08-08 08:13:54,622 [WARN] SupportedApi:132 - Cannot load RTOS API schema: s4s-elt-must-match.1: The content of 'definitions' must match (annotation?, (simpleType | complexType)?, (unique | key | keyref)*)). A problem was found starting at: attribute.
2024-08-08 08:13:54,847 [INFO] PluginManage:359 - Loaded plugin pinoutconfig (category:base,tabindex:0)
2024-08-08 08:13:54,848 [INFO] PluginManage:310 - Check plugin power
2024-08-08 08:13:54,865 [INFO] PluginManage:359 - Loaded plugin power (category:power,tabindex:4)
2024-08-08 08:13:54,866 [INFO] PluginManage:310 - Check plugin projectmanager
2024-08-08 08:13:54,903 [INFO] PluginManage:359 - Loaded plugin projectmanager (category:projectmanager,tabindex:3)
2024-08-08 08:13:54,903 [INFO] PluginManage:310 - Check plugin thirdparty
2024-08-08 08:13:55,122 [INFO] PluginManage:359 - Loaded plugin thirdparty (category:base,tabindex:-1)
2024-08-08 08:13:55,122 [INFO] PluginManage:310 - Check plugin tools
2024-08-08 08:13:55,122 [WARN] IntegrityCheckThread:84 - waiting for thirdparty lock release [integrity check]
2024-08-08 08:13:55,123 [INFO] IntegrityCheckThread:86 - entering critical section [integrity check]
2024-08-08 08:13:55,124 [INFO] ThirdPartyUpdaterWithRetryManager:70 - Updater plugin not ready yet. [1/15]
2024-08-08 08:13:55,128 [INFO] PluginManage:359 - Loaded plugin tools (category:base,tabindex:7)
2024-08-08 08:13:55,129 [INFO] PluginManage:310 - Check plugin tutovideos
2024-08-08 08:13:55,494 [INFO] PluginManage:359 - Loaded plugin tutovideos (category:base,tabindex:-1)
2024-08-08 08:13:55,494 [INFO] PluginManage:310 - Check plugin updater
2024-08-08 08:13:55,511 [INFO] PluginManage:359 - Loaded plugin updater (category:base,tabindex:12)
2024-08-08 08:13:55,511 [INFO] PluginManage:310 - Check plugin userauth
2024-08-08 08:13:55,524 [INFO] UserAuth:114 - Init User Auth plugin
2024-08-08 08:13:55,524 [INFO] PluginManage:359 - Loaded plugin userauth (category:base,tabindex:14)
2024-08-08 08:13:55,525 [INFO] PluginManage:283 - PluginManage : Loaded plugins [17]
2024-08-08 08:13:55,978 [INFO] PinOutPanel:1561 - setPackage(No Configuration,No Configuration)
2024-08-08 08:13:56,149 [INFO] CADModel:165 - CPN selected for project level
2024-08-08 08:13:56,149 [INFO] CADModel:114 - Register for checkConnection events
2024-08-08 08:13:56,180 [INFO] IPUIPlugin:80 - create IPUIPlugin
2024-08-08 08:13:56,180 [INFO] PluginManager:220 - loadIPPluginJar : add adc
2024-08-08 08:13:56,187 [INFO] IPUIPlugin:80 - create IPUIPlugin
2024-08-08 08:13:56,187 [INFO] PluginManager:220 - loadIPPluginJar : add aes
2024-08-08 08:13:56,192 [INFO] IPUIPlugin:80 - create IPUIPlugin
2024-08-08 08:13:56,192 [INFO] PluginManager:220 - loadIPPluginJar : add can
2024-08-08 08:13:56,195 [INFO] IPUIPlugin:80 - create IPUIPlugin
2024-08-08 08:13:56,195 [INFO] PluginManager:220 - loadIPPluginJar : add comp
2024-08-08 08:13:56,201 [INFO] IPUIPlugin:80 - create IPUIPlugin
2024-08-08 08:13:56,201 [INFO] PluginManager:220 - loadIPPluginJar : add cryp
2024-08-08 08:13:56,210 [INFO] IPUIPlugin:80 - create IPUIPlugin
2024-08-08 08:13:56,210 [INFO] PluginManager:220 - loadIPPluginJar : add dfsdm
2024-08-08 08:13:56,220 [INFO] IPUIPlugin:80 - create IPUIPlugin
2024-08-08 08:13:56,221 [INFO] PluginManager:220 - loadIPPluginJar : add dma
2024-08-08 08:13:56,225 [INFO] IPUIPlugin:80 - create IPUIPlugin
2024-08-08 08:13:56,226 [INFO] PluginManager:220 - loadIPPluginJar : add dma3
2024-08-08 08:13:56,231 [INFO] IPUIPlugin:80 - create IPUIPlugin
2024-08-08 08:13:56,231 [INFO] PluginManager:220 - loadIPPluginJar : add extmemmanager
2024-08-08 08:13:56,235 [INFO] IPUIPlugin:80 - create IPUIPlugin
2024-08-08 08:13:56,235 [INFO] PluginManager:220 - loadIPPluginJar : add fatfs
2024-08-08 08:13:56,243 [INFO] IPUIPlugin:80 - create IPUIPlugin
2024-08-08 08:13:56,243 [INFO] PluginManager:220 - loadIPPluginJar : add fmc
2024-08-08 08:13:56,252 [INFO] IPUIPlugin:80 - create IPUIPlugin
2024-08-08 08:13:56,252 [INFO] PluginManager:220 - loadIPPluginJar : add freertos
2024-08-08 08:13:56,255 [INFO] IPUIPlugin:80 - create IPUIPlugin
2024-08-08 08:13:56,255 [INFO] PluginManager:220 - loadIPPluginJar : add genericplugin
2024-08-08 08:13:56,262 [INFO] IPUIPlugin:80 - create IPUIPlugin
2024-08-08 08:13:56,263 [INFO] PluginManager:220 - loadIPPluginJar : add gfxmmu
2024-08-08 08:13:56,272 [INFO] IPUIPlugin:80 - create IPUIPlugin
2024-08-08 08:13:56,273 [INFO] PluginManager:220 - loadIPPluginJar : add gic
2024-08-08 08:13:56,280 [INFO] IPUIPlugin:80 - create IPUIPlugin
2024-08-08 08:13:56,281 [INFO] PluginManager:220 - loadIPPluginJar : add gpio
2024-08-08 08:13:56,286 [INFO] IPUIPlugin:80 - create IPUIPlugin
2024-08-08 08:13:56,287 [INFO] PluginManager:220 - loadIPPluginJar : add gtzc
2024-08-08 08:13:56,289 [INFO] IPUIPlugin:80 - create IPUIPlugin
2024-08-08 08:13:56,290 [INFO] PluginManager:220 - loadIPPluginJar : add hash
2024-08-08 08:13:56,293 [INFO] IPUIPlugin:80 - create IPUIPlugin
2024-08-08 08:13:56,294 [INFO] PluginManager:220 - loadIPPluginJar : add i2c
2024-08-08 08:13:56,297 [INFO] IPUIPlugin:80 - create IPUIPlugin
2024-08-08 08:13:56,297 [INFO] PluginManager:220 - loadIPPluginJar : add i2s
2024-08-08 08:13:56,300 [INFO] IPUIPlugin:80 - create IPUIPlugin
2024-08-08 08:13:56,300 [INFO] PluginManager:220 - loadIPPluginJar : add i3c
2024-08-08 08:13:56,304 [INFO] IPUIPlugin:80 - create IPUIPlugin
2024-08-08 08:13:56,305 [INFO] PluginManager:220 - loadIPPluginJar : add ipddr
2024-08-08 08:13:56,315 [INFO] IPUIPlugin:80 - create IPUIPlugin
2024-08-08 08:13:56,315 [INFO] PluginManager:220 - loadIPPluginJar : add linkedlist
2024-08-08 08:13:56,318 [INFO] IPUIPlugin:80 - create IPUIPlugin
2024-08-08 08:13:56,318 [INFO] PluginManager:220 - loadIPPluginJar : add lorawan
2024-08-08 08:13:56,321 [INFO] IPUIPlugin:80 - create IPUIPlugin
2024-08-08 08:13:56,321 [INFO] PluginManager:220 - loadIPPluginJar : add ltdc
2024-08-08 08:13:56,330 [INFO] IPUIPlugin:80 - create IPUIPlugin
2024-08-08 08:13:56,330 [INFO] PluginManager:220 - loadIPPluginJar : add mdma
2024-08-08 08:13:56,340 [INFO] IPUIPlugin:80 - create IPUIPlugin
2024-08-08 08:13:56,341 [INFO] PluginManager:220 - loadIPPluginJar : add nvic
2024-08-08 08:13:56,347 [INFO] IPUIPlugin:80 - create IPUIPlugin
2024-08-08 08:13:56,347 [INFO] PluginManager:220 - loadIPPluginJar : add opamp
2024-08-08 08:13:56,352 [INFO] IPUIPlugin:80 - create IPUIPlugin
2024-08-08 08:13:56,352 [INFO] PluginManager:220 - loadIPPluginJar : add openamp
2024-08-08 08:13:56,358 [INFO] IPUIPlugin:80 - create IPUIPlugin
2024-08-08 08:13:56,359 [INFO] PluginManager:220 - loadIPPluginJar : add pdm2pcm
2024-08-08 08:13:56,367 [INFO] IPUIPlugin:80 - create IPUIPlugin
2024-08-08 08:13:56,370 [INFO] PluginManager:220 - loadIPPluginJar : add plateformsettings
2024-08-08 08:13:56,375 [INFO] IPUIPlugin:80 - create IPUIPlugin
2024-08-08 08:13:56,375 [INFO] PluginManager:220 - loadIPPluginJar : add quadspi
2024-08-08 08:13:56,382 [INFO] IPUIPlugin:80 - create IPUIPlugin
2024-08-08 08:13:56,383 [INFO] PluginManager:220 - loadIPPluginJar : add resmgrutility
2024-08-08 08:13:56,390 [INFO] IPUIPlugin:80 - create IPUIPlugin
2024-08-08 08:13:56,390 [INFO] PluginManager:220 - loadIPPluginJar : add sai
2024-08-08 08:13:56,396 [INFO] IPUIPlugin:80 - create IPUIPlugin
2024-08-08 08:13:56,396 [INFO] PluginManager:220 - loadIPPluginJar : add spi
2024-08-08 08:13:56,402 [INFO] IPUIPlugin:80 - create IPUIPlugin
2024-08-08 08:13:56,402 [INFO] PluginManager:220 - loadIPPluginJar : add stm32_wpan
2024-08-08 08:13:56,404 [INFO] IPUIPlugin:80 - create IPUIPlugin
2024-08-08 08:13:56,404 [INFO] PluginManager:220 - loadIPPluginJar : add tim
2024-08-08 08:13:56,410 [INFO] IPUIPlugin:80 - create IPUIPlugin
2024-08-08 08:13:56,410 [INFO] PluginManager:220 - loadIPPluginJar : add touchsensing
2024-08-08 08:13:56,415 [INFO] IPUIPlugin:80 - create IPUIPlugin
2024-08-08 08:13:56,415 [INFO] PluginManager:220 - loadIPPluginJar : add tracer_emb
2024-08-08 08:13:56,418 [INFO] IPUIPlugin:80 - create IPUIPlugin
2024-08-08 08:13:56,418 [INFO] PluginManager:220 - loadIPPluginJar : add ts
2024-08-08 08:13:56,421 [INFO] IPUIPlugin:80 - create IPUIPlugin
2024-08-08 08:13:56,421 [INFO] PluginManager:220 - loadIPPluginJar : add tsc
2024-08-08 08:13:56,423 [INFO] IPUIPlugin:80 - create IPUIPlugin
2024-08-08 08:13:56,423 [INFO] PluginManager:220 - loadIPPluginJar : add ucpd
2024-08-08 08:13:56,427 [INFO] IPUIPlugin:80 - create IPUIPlugin
2024-08-08 08:13:56,427 [INFO] PluginManager:220 - loadIPPluginJar : add usart
2024-08-08 08:13:56,431 [INFO] IPUIPlugin:80 - create IPUIPlugin
2024-08-08 08:13:56,431 [INFO] PluginManager:220 - loadIPPluginJar : add usbx
2024-08-08 08:13:56,595 [INFO] CADModel:165 - CPN selected for project level
2024-08-08 08:13:56,595 [INFO] CADModel:114 - Register for checkConnection events
2024-08-08 08:13:56,596 [FATAL] Updater:308 - Updater called before beeing initialized
2024-08-08 08:13:56,596 [ERROR] CADModel:125 - Updater not yet initialized, retry later 
2024-08-08 08:13:56,770 [INFO] CADModel:165 - CPN selected for project level
2024-08-08 08:13:56,770 [INFO] CADModel:114 - Register for checkConnection events
2024-08-08 08:13:56,770 [FATAL] Updater:308 - Updater called before beeing initialized
2024-08-08 08:13:56,770 [ERROR] CADModel:125 - Updater not yet initialized, retry later 
2024-08-08 08:13:56,774 [FATAL] Updater:308 - Updater called before beeing initialized
2024-08-08 08:13:56,956 [FATAL] Updater:308 - Updater called before beeing initialized
2024-08-08 08:13:56,967 [INFO] DbMcusAds:53 - JSON generation date=Thu May 16 06:22:00 BRT 2024 (1715851320667)
2024-08-08 08:13:56,967 [FATAL] Updater:308 - Updater called before beeing initialized
2024-08-08 08:13:57,019 [WARN] DetailPanel:346 - Failed to get advertising image, set to default
2024-08-08 08:13:57,184 [FATAL] Updater:308 - Updater called before beeing initialized
2024-08-08 08:13:57,187 [FATAL] Updater:308 - Updater called before beeing initialized
2024-08-08 08:13:57,187 [FATAL] Updater:308 - Updater called before beeing initialized
2024-08-08 08:13:57,187 [WARN] DetailPanel:346 - Failed to get advertising image, set to default
2024-08-08 08:13:57,188 [FATAL] Updater:308 - Updater called before beeing initialized
2024-08-08 08:13:57,264 [ERROR] Updater:1120 - MainUpdater not yet initialized. External WinMGr cannot be set.
2024-08-08 08:13:57,269 [INFO] Updater:1056 - Updater Version found : 6.11.1
2024-08-08 08:13:57,299 [INFO] ApplicationProperties:184 - Using Application install path: C:\ST\STM32CubeIDE_1.15.1\STM32CubeIDE\plugins\com.st.stm32cube.common.mx_6.11.1.202404110753
2024-08-08 08:13:58,125 [INFO] ThirdPartyUpdaterWithRetryManager:70 - Updater plugin not ready yet. [2/15]
2024-08-08 08:13:58,905 [ERROR] LogOutputStream:75 - [STDERR_REDIRECT] Aug 08, 2024 8:13:58 AM java.util.prefs.WindowsPreferences <init>
2024-08-08 08:13:58,907 [ERROR] LogOutputStream:75 - [STDERR_REDIRECT] WARNING: Could not open/create prefs root node Software\JavaSoft\Prefs at root 0xffffffff80000002. Windows RegCreateKeyEx(...) returned error code 5.
2024-08-08 08:13:58,907 [ERROR] LogOutputStream:75 - [STDERR_REDIRECT] 
2024-08-08 08:14:01,127 [FATAL] Updater:308 - Updater called before beeing initialized
2024-08-08 08:14:01,129 [ERROR] IntegrityCheckThread:130 - Cannot retrieve database content from updater: error 21
2024-08-08 08:14:01,129 [INFO] ThirdParty:978 - Integrity check success = false
2024-08-08 08:14:01,129 [INFO] IntegrityCheckThread:100 - exiting critical section [integrity check]
2024-08-08 08:14:01,129 [INFO] IntegrityCheckThread:103 - End integrity checks thread
2024-08-08 08:14:01,708 [INFO] MainUpdater:2873 - connection check result : 10
2024-08-08 08:14:01,708 [INFO] MainUpdater:3567 - Updater definition file requires update
2024-08-08 08:14:01,710 [INFO] MainUpdater:290 - Updater Check For Update Now.
2024-08-08 08:14:01,711 [INFO] MicroXplorer:498 - Change Database Version : DB.6.0.111
2024-08-08 08:14:01,746 [INFO] McuFinderGlobals:63 - Set McuFinder mode to 2 (CubeIDE integrated)
2024-08-08 08:14:01,754 [INFO] UserAuth:415 - Internet connection configuration mode: 1
2024-08-08 08:14:01,771 [INFO] JxBrowserEngine:152 - Initiate JxBrowser Engine with user profile folder
2024-08-08 08:14:02,842 [INFO] WebApp:161 - Instantiating new browser for Auth
2024-08-08 08:14:03,746 [INFO] WebApp:779 - Register for checkConnection events
2024-08-08 08:14:03,746 [INFO] WebApp:414 - Apply proxy settings
2024-08-08 08:14:03,748 [INFO] WebApp:459 - Chromium authenticates against Manually configured proxy
2024-08-08 08:14:03,755 [INFO] WebApp:467 - Username used for proxy authentication: lagoeirl
2024-08-08 08:14:03,786 [INFO] ServerAccessManage:473 - Download File updaters.zip
2024-08-08 08:14:04,019 [INFO] WebApp:192 - Starting web application
2024-08-08 08:14:04,021 [INFO] WebApp:544 - Web application path used C:\ST\STM32CubeIDE_1.15.1\STM32CubeIDE\plugins\com.st.stm32cube.common.mx_6.11.1.202404110753\db\plugins\mcufinder\reactClient1\index.html
2024-08-08 08:14:05,284 [INFO] FileExtend:240 - Unzip File : updaters.zip
2024-08-08 08:14:05,285 [INFO] FileExtend:255 - Standard Zip Deflate
2024-08-08 08:14:07,566 [INFO] ServerAccessManage:473 - Download File PacksControlFlags.xml
2024-08-08 08:14:08,707 [INFO] ServerAccessManage:473 - Download File cubemx.pidx
2024-08-08 08:14:08,929 [INFO] LoadServerUpdatesThread:375 - End of LoadServerUpdate Thread
2024-08-08 08:14:09,140 [INFO] CheckServerUpdateThread:120 - End of CheckServer Thread
2024-08-08 10:01:34,076 [ERROR] LogOutputStream:75 - [STDERR_REDIRECT] 
